<?xml version="1.0" encoding="UTF-8"?>
<testsuite name="com.mushopl.daos.ProductDAOTest" tests="1" skipped="0" failures="0" errors="0" timestamp="2017-06-20T17:39:38" hostname="ROBERTO" time="0.761">
  <properties/>
  <testcase name="shouldSumEveryPriceByBookType" classname="com.mushopl.daos.ProductDAOTest" time="0.761"/>
  <system-out><![CDATA[14:39:37.478 [Test worker] DEBUG org.springframework.test.context.junit4.SpringJUnit4ClassRunner - SpringJUnit4ClassRunner constructor called with [class com.mushopl.daos.ProductDAOTest].
14:39:37.478 [Test worker] DEBUG org.springframework.test.context.BootstrapUtils - Instantiating TestContextBootstrapper from class [org.springframework.test.context.support.DefaultTestContextBootstrapper]
14:39:37.484 [Test worker] DEBUG org.springframework.test.context.support.AbstractDelegatingSmartContextLoader - Delegating to AnnotationConfigContextLoader to process context configuration [ContextConfigurationAttributes@58aeb04d declaringClass = 'com.mushopl.daos.ProductDAOTest', classes = '{class com.mushopl.config.JPAConfiguration, class com.mushopl.daos.ProductDAO, class com.mushopl.conf.DataSourceConfigurationTest}', locations = '{}', inheritLocations = true, initializers = '{}', inheritInitializers = true, name = [null], contextLoaderClass = 'org.springframework.test.context.ContextLoader'].
14:39:37.484 [Test worker] DEBUG org.springframework.test.context.support.DefaultTestContextBootstrapper - @TestExecutionListeners is not present for class [com.mushopl.daos.ProductDAOTest]: using defaults.
14:39:37.491 [Test worker] INFO org.springframework.test.context.support.DefaultTestContextBootstrapper - Loaded default TestExecutionListener class names from location [META-INF/spring.factories]: [org.springframework.security.test.context.support.WithSecurityContextTestExecutionListener, org.springframework.test.context.web.ServletTestExecutionListener, org.springframework.test.context.support.DependencyInjectionTestExecutionListener, org.springframework.test.context.support.DirtiesContextTestExecutionListener, org.springframework.test.context.transaction.TransactionalTestExecutionListener, org.springframework.test.context.jdbc.SqlScriptsTestExecutionListener, org.springframework.boot.test.mock.mockito.MockitoTestExecutionListener, org.springframework.boot.test.mock.mockito.ResetMocksTestExecutionListener, org.springframework.boot.test.autoconfigure.restdocs.RestDocsTestExecutionListener, org.springframework.boot.test.autoconfigure.web.client.MockRestServiceServerResetTestExecutionListener, org.springframework.boot.test.autoconfigure.web.servlet.MockMvcPrintOnlyOnFailureTestExecutionListener, org.springframework.boot.test.autoconfigure.web.servlet.WebDriverTestExecutionListener]
14:39:37.491 [Test worker] INFO org.springframework.test.context.support.DefaultTestContextBootstrapper - Using TestExecutionListeners: [org.springframework.test.context.web.ServletTestExecutionListener@197946f4, org.springframework.test.context.support.DependencyInjectionTestExecutionListener@1a5ee44f, org.springframework.test.context.support.DirtiesContextTestExecutionListener@25e9edf0, org.springframework.test.context.transaction.TransactionalTestExecutionListener@3e6af17f, org.springframework.test.context.jdbc.SqlScriptsTestExecutionListener@6d774ea0, org.springframework.security.test.context.support.WithSecurityContextTestExecutionListener@e6b3dd, org.springframework.boot.test.autoconfigure.web.servlet.MockMvcPrintOnlyOnFailureTestExecutionListener@6a0a585c, org.springframework.boot.test.autoconfigure.web.client.MockRestServiceServerResetTestExecutionListener@302bd6b, org.springframework.boot.test.mock.mockito.ResetMocksTestExecutionListener@5457e1e5, org.springframework.boot.test.autoconfigure.restdocs.RestDocsTestExecutionListener@611ad8e9, org.springframework.boot.test.autoconfigure.web.servlet.WebDriverTestExecutionListener@59eab42e, org.springframework.boot.test.mock.mockito.MockitoTestExecutionListener@4f95a39d]
14:39:37.491 [Test worker] DEBUG org.springframework.test.annotation.ProfileValueUtils - Retrieved @ProfileValueSourceConfiguration [null] for test class [com.mushopl.daos.ProductDAOTest]
14:39:37.491 [Test worker] DEBUG org.springframework.test.annotation.ProfileValueUtils - Retrieved ProfileValueSource type [class org.springframework.test.annotation.SystemProfileValueSource] for class [com.mushopl.daos.ProductDAOTest]
14:39:37.492 [Test worker] DEBUG org.springframework.test.annotation.ProfileValueUtils - Retrieved @ProfileValueSourceConfiguration [null] for test class [com.mushopl.daos.ProductDAOTest]
14:39:37.492 [Test worker] DEBUG org.springframework.test.annotation.ProfileValueUtils - Retrieved ProfileValueSource type [class org.springframework.test.annotation.SystemProfileValueSource] for class [com.mushopl.daos.ProductDAOTest]
14:39:37.494 [Test worker] DEBUG org.springframework.test.annotation.ProfileValueUtils - Retrieved @ProfileValueSourceConfiguration [null] for test class [com.mushopl.daos.ProductDAOTest]
14:39:37.494 [Test worker] DEBUG org.springframework.test.annotation.ProfileValueUtils - Retrieved ProfileValueSource type [class org.springframework.test.annotation.SystemProfileValueSource] for class [com.mushopl.daos.ProductDAOTest]
14:39:37.495 [Test worker] DEBUG org.springframework.test.context.support.DependencyInjectionTestExecutionListener - Performing dependency injection for test context [[DefaultTestContext@24a63b43 testClass = ProductDAOTest, testInstance = com.mushopl.daos.ProductDAOTest@134c72ae, testMethod = [null], testException = [null], mergedContextConfiguration = [MergedContextConfiguration@1f8bff2d testClass = ProductDAOTest, locations = '{}', classes = '{class com.mushopl.config.JPAConfiguration, class com.mushopl.daos.ProductDAO, class com.mushopl.conf.DataSourceConfigurationTest}', contextInitializerClasses = '[]', activeProfiles = '{test}', propertySourceLocations = '{}', propertySourceProperties = '{}', contextLoader = 'org.springframework.test.context.support.DelegatingSmartContextLoader', parent = [null]]]].
14:39:37.495 [Test worker] DEBUG org.springframework.test.context.support.AbstractDelegatingSmartContextLoader - Delegating to AnnotationConfigContextLoader to load context from [MergedContextConfiguration@1f8bff2d testClass = ProductDAOTest, locations = '{}', classes = '{class com.mushopl.config.JPAConfiguration, class com.mushopl.daos.ProductDAO, class com.mushopl.conf.DataSourceConfigurationTest}', contextInitializerClasses = '[]', activeProfiles = '{test}', propertySourceLocations = '{}', propertySourceProperties = '{}', contextLoader = 'org.springframework.test.context.support.DelegatingSmartContextLoader', parent = [null]].
14:39:37.495 [Test worker] DEBUG org.springframework.test.context.support.AbstractGenericContextLoader - Loading ApplicationContext for merged context configuration [[MergedContextConfiguration@1f8bff2d testClass = ProductDAOTest, locations = '{}', classes = '{class com.mushopl.config.JPAConfiguration, class com.mushopl.daos.ProductDAO, class com.mushopl.conf.DataSourceConfigurationTest}', contextInitializerClasses = '[]', activeProfiles = '{test}', propertySourceLocations = '{}', propertySourceProperties = '{}', contextLoader = 'org.springframework.test.context.support.DelegatingSmartContextLoader', parent = [null]]].
14:39:37.495 [Test worker] DEBUG org.springframework.core.env.StandardEnvironment - Adding [systemProperties] PropertySource with lowest search precedence
14:39:37.495 [Test worker] DEBUG org.springframework.core.env.StandardEnvironment - Adding [systemEnvironment] PropertySource with lowest search precedence
14:39:37.495 [Test worker] DEBUG org.springframework.core.env.StandardEnvironment - Initialized StandardEnvironment with PropertySources [systemProperties,systemEnvironment]
14:39:37.495 [Test worker] DEBUG org.springframework.test.context.support.AnnotationConfigContextLoader - Registering annotated classes: {class com.mushopl.config.JPAConfiguration, class com.mushopl.daos.ProductDAO, class com.mushopl.conf.DataSourceConfigurationTest}
14:39:37.499 [Test worker] INFO org.springframework.context.support.GenericApplicationContext - Refreshing org.springframework.context.support.GenericApplicationContext@7de02e0a: startup date [Tue Jun 20 14:39:37 BRT 2017]; root of context hierarchy
14:39:37.499 [Test worker] DEBUG org.springframework.context.support.GenericApplicationContext - Bean factory for org.springframework.context.support.GenericApplicationContext@7de02e0a: org.springframework.beans.factory.support.DefaultListableBeanFactory@68897ed6: defining beans [org.springframework.context.annotation.internalConfigurationAnnotationProcessor,org.springframework.context.annotation.internalAutowiredAnnotationProcessor,org.springframework.context.annotation.internalRequiredAnnotationProcessor,org.springframework.context.annotation.internalCommonAnnotationProcessor,org.springframework.context.annotation.internalPersistenceAnnotationProcessor,org.springframework.context.event.internalEventListenerProcessor,org.springframework.context.event.internalEventListenerFactory,JPAConfiguration,productDAO,dataSourceConfigurationTest]; root of factory hierarchy
14:39:37.500 [Test worker] DEBUG org.springframework.beans.factory.support.DefaultListableBeanFactory - Creating shared instance of singleton bean 'org.springframework.context.annotation.internalConfigurationAnnotationProcessor'
14:39:37.500 [Test worker] DEBUG org.springframework.beans.factory.support.DefaultListableBeanFactory - Creating instance of bean 'org.springframework.context.annotation.internalConfigurationAnnotationProcessor'
14:39:37.500 [Test worker] DEBUG org.springframework.beans.factory.support.DefaultListableBeanFactory - Eagerly caching bean 'org.springframework.context.annotation.internalConfigurationAnnotationProcessor' to allow for resolving potential circular references
14:39:37.500 [Test worker] DEBUG org.springframework.beans.factory.support.DefaultListableBeanFactory - Finished creating instance of bean 'org.springframework.context.annotation.internalConfigurationAnnotationProcessor'
14:39:37.552 [Test worker] DEBUG org.springframework.context.annotation.ConfigurationClassBeanDefinitionReader - Registered bean definition for imported class 'org.springframework.transaction.annotation.ProxyTransactionManagementConfiguration'
14:39:37.553 [Test worker] DEBUG org.springframework.context.annotation.ConfigurationClassBeanDefinitionReader - Registering bean definition for @Bean method org.springframework.transaction.annotation.ProxyTransactionManagementConfiguration.org.springframework.transaction.config.internalTransactionAdvisor()
14:39:37.555 [Test worker] DEBUG org.springframework.context.annotation.ConfigurationClassBeanDefinitionReader - Registering bean definition for @Bean method org.springframework.transaction.annotation.ProxyTransactionManagementConfiguration.transactionAttributeSource()
14:39:37.559 [Test worker] DEBUG org.springframework.context.annotation.ConfigurationClassBeanDefinitionReader - Registering bean definition for @Bean method org.springframework.transaction.annotation.ProxyTransactionManagementConfiguration.transactionInterceptor()
14:39:37.560 [Test worker] DEBUG org.springframework.context.annotation.ConfigurationClassBeanDefinitionReader - Registering bean definition for @Bean method org.springframework.transaction.annotation.ProxyTransactionManagementConfiguration.org.springframework.transaction.config.internalTransactionalEventListenerFactory()
14:39:37.561 [Test worker] DEBUG org.springframework.context.annotation.ConfigurationClassBeanDefinitionReader - Registering bean definition for @Bean method com.mushopl.config.JPAConfiguration.entityManagerFactory()
14:39:37.562 [Test worker] DEBUG org.springframework.context.annotation.ConfigurationClassBeanDefinitionReader - Registering bean definition for @Bean method com.mushopl.config.JPAConfiguration.transactionManager()
14:39:37.562 [Test worker] DEBUG org.springframework.context.annotation.ConfigurationClassBeanDefinitionReader - Registering bean definition for @Bean method com.mushopl.conf.DataSourceConfigurationTest.dataSource()
14:39:37.564 [Test worker] DEBUG org.springframework.context.annotation.ConfigurationClassEnhancer - Successfully enhanced com.mushopl.config.JPAConfiguration; enhanced class name is: com.mushopl.config.JPAConfiguration$$EnhancerBySpringCGLIB$$4cab9239
14:39:37.565 [Test worker] DEBUG org.springframework.context.annotation.ConfigurationClassPostProcessor - Replacing bean definition 'JPAConfiguration' existing class 'com.mushopl.config.JPAConfiguration' with enhanced class 'com.mushopl.config.JPAConfiguration$$EnhancerBySpringCGLIB$$4cab9239'
14:39:37.565 [Test worker] DEBUG org.springframework.context.annotation.ConfigurationClassEnhancer - Successfully enhanced org.springframework.transaction.annotation.ProxyTransactionManagementConfiguration; enhanced class name is: org.springframework.transaction.annotation.ProxyTransactionManagementConfiguration$$EnhancerBySpringCGLIB$$f24db63a
14:39:37.566 [Test worker] DEBUG org.springframework.context.annotation.ConfigurationClassPostProcessor - Replacing bean definition 'org.springframework.transaction.annotation.ProxyTransactionManagementConfiguration' existing class 'org.springframework.transaction.annotation.ProxyTransactionManagementConfiguration' with enhanced class 'org.springframework.transaction.annotation.ProxyTransactionManagementConfiguration$$EnhancerBySpringCGLIB$$f24db63a'
14:39:37.567 [Test worker] DEBUG org.springframework.beans.factory.support.DefaultListableBeanFactory - Creating shared instance of singleton bean 'org.springframework.context.annotation.internalAutowiredAnnotationProcessor'
14:39:37.567 [Test worker] DEBUG org.springframework.beans.factory.support.DefaultListableBeanFactory - Creating instance of bean 'org.springframework.context.annotation.internalAutowiredAnnotationProcessor'
14:39:37.569 [Test worker] DEBUG org.springframework.beans.factory.support.DefaultListableBeanFactory - Eagerly caching bean 'org.springframework.context.annotation.internalAutowiredAnnotationProcessor' to allow for resolving potential circular references
14:39:37.577 [Test worker] DEBUG org.springframework.beans.factory.support.DefaultListableBeanFactory - Finished creating instance of bean 'org.springframework.context.annotation.internalAutowiredAnnotationProcessor'
14:39:37.577 [Test worker] DEBUG org.springframework.beans.factory.support.DefaultListableBeanFactory - Creating shared instance of singleton bean 'org.springframework.context.annotation.internalRequiredAnnotationProcessor'
14:39:37.578 [Test worker] DEBUG org.springframework.beans.factory.support.DefaultListableBeanFactory - Creating instance of bean 'org.springframework.context.annotation.internalRequiredAnnotationProcessor'
14:39:37.578 [Test worker] DEBUG org.springframework.beans.factory.support.DefaultListableBeanFactory - Eagerly caching bean 'org.springframework.context.annotation.internalRequiredAnnotationProcessor' to allow for resolving potential circular references
14:39:37.583 [Test worker] DEBUG org.springframework.beans.factory.support.DefaultListableBeanFactory - Finished creating instance of bean 'org.springframework.context.annotation.internalRequiredAnnotationProcessor'
14:39:37.584 [Test worker] DEBUG org.springframework.beans.factory.support.DefaultListableBeanFactory - Creating shared instance of singleton bean 'org.springframework.context.annotation.internalCommonAnnotationProcessor'
14:39:37.584 [Test worker] DEBUG org.springframework.beans.factory.support.DefaultListableBeanFactory - Creating instance of bean 'org.springframework.context.annotation.internalCommonAnnotationProcessor'
14:39:37.585 [Test worker] DEBUG org.springframework.beans.factory.support.DefaultListableBeanFactory - Eagerly caching bean 'org.springframework.context.annotation.internalCommonAnnotationProcessor' to allow for resolving potential circular references
14:39:37.592 [Test worker] DEBUG org.springframework.beans.factory.support.DefaultListableBeanFactory - Finished creating instance of bean 'org.springframework.context.annotation.internalCommonAnnotationProcessor'
14:39:37.593 [Test worker] DEBUG org.springframework.beans.factory.support.DefaultListableBeanFactory - Creating shared instance of singleton bean 'org.springframework.context.annotation.internalPersistenceAnnotationProcessor'
14:39:37.594 [Test worker] DEBUG org.springframework.beans.factory.support.DefaultListableBeanFactory - Creating instance of bean 'org.springframework.context.annotation.internalPersistenceAnnotationProcessor'
14:39:37.595 [Test worker] DEBUG org.springframework.beans.factory.support.DefaultListableBeanFactory - Eagerly caching bean 'org.springframework.context.annotation.internalPersistenceAnnotationProcessor' to allow for resolving potential circular references
14:39:37.740 [Test worker] DEBUG org.springframework.beans.factory.support.DefaultListableBeanFactory - Finished creating instance of bean 'org.springframework.context.annotation.internalPersistenceAnnotationProcessor'
14:39:37.741 [Test worker] DEBUG org.springframework.beans.factory.support.DefaultListableBeanFactory - Creating shared instance of singleton bean 'org.springframework.aop.config.internalAutoProxyCreator'
14:39:37.741 [Test worker] DEBUG org.springframework.beans.factory.support.DefaultListableBeanFactory - Creating instance of bean 'org.springframework.aop.config.internalAutoProxyCreator'
14:39:37.742 [Test worker] DEBUG org.springframework.beans.factory.support.DefaultListableBeanFactory - Eagerly caching bean 'org.springframework.aop.config.internalAutoProxyCreator' to allow for resolving potential circular references
14:39:37.764 [Test worker] DEBUG org.springframework.beans.factory.support.DefaultListableBeanFactory - Finished creating instance of bean 'org.springframework.aop.config.internalAutoProxyCreator'
14:39:37.765 [Test worker] DEBUG org.springframework.context.support.GenericApplicationContext - Unable to locate MessageSource with name 'messageSource': using default [org.springframework.context.support.DelegatingMessageSource@3b295907]
14:39:37.766 [Test worker] DEBUG org.springframework.context.support.GenericApplicationContext - Unable to locate ApplicationEventMulticaster with name 'applicationEventMulticaster': using default [org.springframework.context.event.SimpleApplicationEventMulticaster@4c28ccf2]
14:39:37.767 [Test worker] DEBUG org.springframework.beans.factory.support.DefaultListableBeanFactory - Creating shared instance of singleton bean 'entityManagerFactory'
14:39:37.768 [Test worker] DEBUG org.springframework.beans.factory.support.DefaultListableBeanFactory - Creating instance of bean 'entityManagerFactory'
14:39:37.768 [Test worker] DEBUG org.springframework.beans.factory.support.DefaultListableBeanFactory - Creating shared instance of singleton bean 'JPAConfiguration'
14:39:37.768 [Test worker] DEBUG org.springframework.beans.factory.support.DefaultListableBeanFactory - Creating instance of bean 'JPAConfiguration'
14:39:37.769 [Test worker] DEBUG org.springframework.beans.factory.support.DefaultListableBeanFactory - Eagerly caching bean 'JPAConfiguration' to allow for resolving potential circular references
14:39:37.771 [Test worker] DEBUG org.springframework.beans.factory.support.DefaultListableBeanFactory - Creating shared instance of singleton bean 'org.springframework.transaction.config.internalTransactionAdvisor'
14:39:37.771 [Test worker] DEBUG org.springframework.beans.factory.support.DefaultListableBeanFactory - Creating instance of bean 'org.springframework.transaction.config.internalTransactionAdvisor'
14:39:37.772 [Test worker] DEBUG org.springframework.beans.factory.support.DefaultListableBeanFactory - Creating shared instance of singleton bean 'org.springframework.transaction.annotation.ProxyTransactionManagementConfiguration'
14:39:37.772 [Test worker] DEBUG org.springframework.beans.factory.support.DefaultListableBeanFactory - Creating instance of bean 'org.springframework.transaction.annotation.ProxyTransactionManagementConfiguration'
14:39:37.775 [Test worker] DEBUG org.springframework.beans.factory.annotation.InjectionMetadata - Registered injected element on class [org.springframework.transaction.annotation.ProxyTransactionManagementConfiguration$$EnhancerBySpringCGLIB$$f24db63a]: AutowiredMethodElement for void org.springframework.transaction.annotation.AbstractTransactionManagementConfiguration.setConfigurers(java.util.Collection)
14:39:37.775 [Test worker] DEBUG org.springframework.beans.factory.support.DefaultListableBeanFactory - Eagerly caching bean 'org.springframework.transaction.annotation.ProxyTransactionManagementConfiguration' to allow for resolving potential circular references
14:39:37.777 [Test worker] DEBUG org.springframework.beans.factory.annotation.InjectionMetadata - Processing injected element of bean 'org.springframework.transaction.annotation.ProxyTransactionManagementConfiguration': AutowiredMethodElement for void org.springframework.transaction.annotation.AbstractTransactionManagementConfiguration.setConfigurers(java.util.Collection)
14:39:37.778 [Test worker] DEBUG org.springframework.beans.factory.support.DefaultListableBeanFactory - Returning cached instance of singleton bean 'org.springframework.context.annotation.ConfigurationClassPostProcessor.importRegistry'
14:39:37.778 [Test worker] DEBUG org.springframework.aop.framework.autoproxy.BeanFactoryAdvisorRetrievalHelper - Skipping currently created advisor 'org.springframework.transaction.config.internalTransactionAdvisor'
14:39:37.779 [Test worker] DEBUG org.springframework.beans.factory.support.DefaultListableBeanFactory - Finished creating instance of bean 'org.springframework.transaction.annotation.ProxyTransactionManagementConfiguration'
14:39:37.780 [Test worker] DEBUG org.springframework.beans.factory.support.DefaultListableBeanFactory - Creating shared instance of singleton bean 'transactionAttributeSource'
14:39:37.780 [Test worker] DEBUG org.springframework.beans.factory.support.DefaultListableBeanFactory - Creating instance of bean 'transactionAttributeSource'
14:39:37.780 [Test worker] DEBUG org.springframework.beans.factory.support.DefaultListableBeanFactory - Returning cached instance of singleton bean 'org.springframework.transaction.annotation.ProxyTransactionManagementConfiguration'
14:39:37.781 [Test worker] DEBUG org.springframework.beans.factory.support.DefaultListableBeanFactory - Eagerly caching bean 'transactionAttributeSource' to allow for resolving potential circular references
14:39:37.783 [Test worker] DEBUG org.springframework.aop.framework.autoproxy.BeanFactoryAdvisorRetrievalHelper - Skipping currently created advisor 'org.springframework.transaction.config.internalTransactionAdvisor'
14:39:37.783 [Test worker] DEBUG org.springframework.beans.factory.support.DefaultListableBeanFactory - Finished creating instance of bean 'transactionAttributeSource'
14:39:37.784 [Test worker] DEBUG org.springframework.beans.factory.support.DefaultListableBeanFactory - Creating shared instance of singleton bean 'transactionInterceptor'
14:39:37.784 [Test worker] DEBUG org.springframework.beans.factory.support.DefaultListableBeanFactory - Creating instance of bean 'transactionInterceptor'
14:39:37.784 [Test worker] DEBUG org.springframework.beans.factory.support.DefaultListableBeanFactory - Returning cached instance of singleton bean 'org.springframework.transaction.annotation.ProxyTransactionManagementConfiguration'
14:39:37.785 [Test worker] DEBUG org.springframework.beans.factory.support.DefaultListableBeanFactory - Returning cached instance of singleton bean 'transactionAttributeSource'
14:39:37.785 [Test worker] DEBUG org.springframework.beans.factory.support.DefaultListableBeanFactory - Eagerly caching bean 'transactionInterceptor' to allow for resolving potential circular references
14:39:37.790 [Test worker] DEBUG org.springframework.beans.factory.support.DefaultListableBeanFactory - Invoking afterPropertiesSet() on bean with name 'transactionInterceptor'
14:39:37.791 [Test worker] DEBUG org.springframework.beans.factory.support.DefaultListableBeanFactory - Finished creating instance of bean 'transactionInterceptor'
14:39:37.792 [Test worker] DEBUG org.springframework.beans.factory.support.DefaultListableBeanFactory - Eagerly caching bean 'org.springframework.transaction.config.internalTransactionAdvisor' to allow for resolving potential circular references
14:39:37.805 [Test worker] DEBUG org.springframework.beans.factory.support.DefaultListableBeanFactory - Finished creating instance of bean 'org.springframework.transaction.config.internalTransactionAdvisor'
14:39:37.807 [Test worker] DEBUG org.springframework.beans.factory.support.DefaultListableBeanFactory - Finished creating instance of bean 'JPAConfiguration'
14:39:37.813 [Test worker] DEBUG org.springframework.beans.factory.support.DefaultListableBeanFactory - Creating shared instance of singleton bean 'dataSource'
14:39:37.814 [Test worker] DEBUG org.springframework.beans.factory.support.DefaultListableBeanFactory - Creating instance of bean 'dataSource'
14:39:37.814 [Test worker] DEBUG org.springframework.beans.factory.support.DefaultListableBeanFactory - Creating shared instance of singleton bean 'dataSourceConfigurationTest'
14:39:37.815 [Test worker] DEBUG org.springframework.beans.factory.support.DefaultListableBeanFactory - Creating instance of bean 'dataSourceConfigurationTest'
14:39:37.815 [Test worker] DEBUG org.springframework.beans.factory.support.DefaultListableBeanFactory - Eagerly caching bean 'dataSourceConfigurationTest' to allow for resolving potential circular references
14:39:37.816 [Test worker] DEBUG org.springframework.beans.factory.support.DefaultListableBeanFactory - Returning cached instance of singleton bean 'org.springframework.transaction.config.internalTransactionAdvisor'
14:39:37.816 [Test worker] DEBUG org.springframework.beans.factory.support.DefaultListableBeanFactory - Finished creating instance of bean 'dataSourceConfigurationTest'
14:39:37.817 [Test worker] INFO org.springframework.jdbc.datasource.DriverManagerDataSource - Loaded JDBC driver: org.h2.Driver
14:39:37.817 [Test worker] DEBUG org.springframework.beans.factory.support.DefaultListableBeanFactory - Eagerly caching bean 'dataSource' to allow for resolving potential circular references
14:39:37.818 [Test worker] DEBUG org.springframework.beans.factory.support.DefaultListableBeanFactory - Returning cached instance of singleton bean 'org.springframework.transaction.config.internalTransactionAdvisor'
14:39:37.819 [Test worker] DEBUG org.springframework.beans.factory.support.DefaultListableBeanFactory - Finished creating instance of bean 'dataSource'
14:39:37.819 [Test worker] DEBUG org.springframework.beans.factory.support.DefaultListableBeanFactory - Autowiring by type from bean name 'entityManagerFactory' via factory method to bean named 'dataSource'
14:39:37.820 [Test worker] DEBUG org.springframework.beans.factory.support.DefaultListableBeanFactory - Eagerly caching bean 'entityManagerFactory' to allow for resolving potential circular references
14:39:37.840 [Test worker] DEBUG org.springframework.beans.factory.support.DefaultListableBeanFactory - Invoking afterPropertiesSet() on bean with name 'entityManagerFactory'
14:39:37.841 [Test worker] DEBUG org.springframework.core.io.support.PathMatchingResourcePatternResolver - Resolved classpath location [META-INF/persistence.xml] to resources []
14:39:37.843 [Test worker] DEBUG org.springframework.core.io.support.PathMatchingResourcePatternResolver - Resolved classpath location [com/mushopl/models/] to resources [URL [file:/C:/Users/Monitora/Documents/workspace/rebalancing/build/classes/main/com/mushopl/models/]]
14:39:37.844 [Test worker] DEBUG org.springframework.core.io.support.PathMatchingResourcePatternResolver - Looking for matching resources in directory tree [C:\Users\Monitora\Documents\workspace\rebalancing\build\classes\main\com\mushopl\models]
14:39:37.844 [Test worker] DEBUG org.springframework.core.io.support.PathMatchingResourcePatternResolver - Searching directory [C:\Users\Monitora\Documents\workspace\rebalancing\build\classes\main\com\mushopl\models] for files matching pattern [C:/Users/Monitora/Documents/workspace/rebalancing/build/classes/main/com/mushopl/models/**/*.class]
14:39:37.847 [Test worker] DEBUG org.springframework.core.io.support.PathMatchingResourcePatternResolver - Resolved location pattern [classpath*:com/mushopl/models/**/*.class] to resources [file [C:\Users\Monitora\Documents\workspace\rebalancing\build\classes\main\com\mushopl\models\BlogPost.class], file [C:\Users\Monitora\Documents\workspace\rebalancing\build\classes\main\com\mushopl\models\CartItem.class], file [C:\Users\Monitora\Documents\workspace\rebalancing\build\classes\main\com\mushopl\models\PaymentData.class], file [C:\Users\Monitora\Documents\workspace\rebalancing\build\classes\main\com\mushopl\models\Price.class], file [C:\Users\Monitora\Documents\workspace\rebalancing\build\classes\main\com\mushopl\models\Product.class], file [C:\Users\Monitora\Documents\workspace\rebalancing\build\classes\main\com\mushopl\models\Role.class], file [C:\Users\Monitora\Documents\workspace\rebalancing\build\classes\main\com\mushopl\models\ShoppingCart.class], file [C:\Users\Monitora\Documents\workspace\rebalancing\build\classes\main\com\mushopl\models\TypePrice.class], file [C:\Users\Monitora\Documents\workspace\rebalancing\build\classes\main\com\mushopl\models\User.class]]
14:39:37.856 [Test worker] INFO org.springframework.orm.jpa.LocalContainerEntityManagerFactoryBean - Building JPA container EntityManagerFactory for persistence unit 'default'
14:39:37.856 [Test worker] DEBUG org.hibernate.jpa.internal.util.LogHelper - PersistenceUnitInfo [
	name: default
	persistence provider classname: null
	classloader: sun.misc.Launcher$AppClassLoader@73d16e93
	excludeUnlistedClasses: true
	JTA datasource: null
	Non JTA datasource: org.springframework.jdbc.datasource.DriverManagerDataSource@4e0899dc
	Transaction type: RESOURCE_LOCAL
	PU root URL: file:/C:/Users/Monitora/Documents/workspace/rebalancing/build/classes/test/
	Shared Cache Mode: UNSPECIFIED
	Validation Mode: AUTO
	Jar files URLs []
	Managed classes names [
		com.mushopl.models.BlogPost
		com.mushopl.models.CartItem
		com.mushopl.models.Price
		com.mushopl.models.Product
		com.mushopl.models.Role
		com.mushopl.models.ShoppingCart
		com.mushopl.models.User]
	Mapping files names []
	Properties []
14:39:38.040 [Test worker] DEBUG org.hibernate.integrator.internal.IntegratorServiceImpl - Adding Integrator [org.hibernate.cfg.beanvalidation.BeanValidationIntegrator].
14:39:38.040 [Test worker] DEBUG org.hibernate.integrator.internal.IntegratorServiceImpl - Adding Integrator [org.hibernate.secure.spi.JaccIntegrator].
14:39:38.041 [Test worker] DEBUG org.hibernate.integrator.internal.IntegratorServiceImpl - Adding Integrator [org.hibernate.cache.internal.CollectionCacheInvalidator].
14:39:38.041 [Test worker] DEBUG org.hibernate.integrator.internal.IntegratorServiceImpl - Adding Integrator [org.hibernate.jpa.event.spi.JpaIntegrator].
14:39:38.175 [Test worker] DEBUG org.hibernate.service.spi.ServiceBinding - Overriding existing service binding [org.hibernate.secure.spi.JaccService]
14:39:38.178 [Test worker] DEBUG org.hibernate.cache.internal.RegionFactoryInitiator - Cache region factory : org.hibernate.cache.internal.NoCachingRegionFactory
14:39:38.191 [Test worker] DEBUG org.hibernate.type.BasicTypeRegistry - Adding type registration boolean -> org.hibernate.type.BooleanType@4718bfd
14:39:38.191 [Test worker] DEBUG org.hibernate.type.BasicTypeRegistry - Adding type registration boolean -> org.hibernate.type.BooleanType@4718bfd
14:39:38.192 [Test worker] DEBUG org.hibernate.type.BasicTypeRegistry - Adding type registration java.lang.Boolean -> org.hibernate.type.BooleanType@4718bfd
14:39:38.192 [Test worker] DEBUG org.hibernate.type.BasicTypeRegistry - Adding type registration numeric_boolean -> org.hibernate.type.NumericBooleanType@7d7fa823
14:39:38.192 [Test worker] DEBUG org.hibernate.type.BasicTypeRegistry - Adding type registration true_false -> org.hibernate.type.TrueFalseType@6c051494
14:39:38.192 [Test worker] DEBUG org.hibernate.type.BasicTypeRegistry - Adding type registration yes_no -> org.hibernate.type.YesNoType@4a0c8600
14:39:38.192 [Test worker] DEBUG org.hibernate.type.BasicTypeRegistry - Adding type registration byte -> org.hibernate.type.ByteType@19621c2e
14:39:38.193 [Test worker] DEBUG org.hibernate.type.BasicTypeRegistry - Adding type registration byte -> org.hibernate.type.ByteType@19621c2e
14:39:38.193 [Test worker] DEBUG org.hibernate.type.BasicTypeRegistry - Adding type registration java.lang.Byte -> org.hibernate.type.ByteType@19621c2e
14:39:38.193 [Test worker] DEBUG org.hibernate.type.BasicTypeRegistry - Adding type registration character -> org.hibernate.type.CharacterType@a26a203
14:39:38.193 [Test worker] DEBUG org.hibernate.type.BasicTypeRegistry - Adding type registration char -> org.hibernate.type.CharacterType@a26a203
14:39:38.193 [Test worker] DEBUG org.hibernate.type.BasicTypeRegistry - Adding type registration java.lang.Character -> org.hibernate.type.CharacterType@a26a203
14:39:38.193 [Test worker] DEBUG org.hibernate.type.BasicTypeRegistry - Adding type registration short -> org.hibernate.type.ShortType@7369ca11
14:39:38.193 [Test worker] DEBUG org.hibernate.type.BasicTypeRegistry - Adding type registration short -> org.hibernate.type.ShortType@7369ca11
14:39:38.193 [Test worker] DEBUG org.hibernate.type.BasicTypeRegistry - Adding type registration java.lang.Short -> org.hibernate.type.ShortType@7369ca11
14:39:38.193 [Test worker] DEBUG org.hibernate.type.BasicTypeRegistry - Adding type registration integer -> org.hibernate.type.IntegerType@477ab583
14:39:38.193 [Test worker] DEBUG org.hibernate.type.BasicTypeRegistry - Adding type registration int -> org.hibernate.type.IntegerType@477ab583
14:39:38.194 [Test worker] DEBUG org.hibernate.type.BasicTypeRegistry - Adding type registration java.lang.Integer -> org.hibernate.type.IntegerType@477ab583
14:39:38.194 [Test worker] DEBUG org.hibernate.type.BasicTypeRegistry - Adding type registration long -> org.hibernate.type.LongType@4e16ea7f
14:39:38.194 [Test worker] DEBUG org.hibernate.type.BasicTypeRegistry - Adding type registration long -> org.hibernate.type.LongType@4e16ea7f
14:39:38.194 [Test worker] DEBUG org.hibernate.type.BasicTypeRegistry - Adding type registration java.lang.Long -> org.hibernate.type.LongType@4e16ea7f
14:39:38.194 [Test worker] DEBUG org.hibernate.type.BasicTypeRegistry - Adding type registration float -> org.hibernate.type.FloatType@40be31c9
14:39:38.194 [Test worker] DEBUG org.hibernate.type.BasicTypeRegistry - Adding type registration float -> org.hibernate.type.FloatType@40be31c9
14:39:38.194 [Test worker] DEBUG org.hibernate.type.BasicTypeRegistry - Adding type registration java.lang.Float -> org.hibernate.type.FloatType@40be31c9
14:39:38.194 [Test worker] DEBUG org.hibernate.type.BasicTypeRegistry - Adding type registration double -> org.hibernate.type.DoubleType@55dfdc5c
14:39:38.194 [Test worker] DEBUG org.hibernate.type.BasicTypeRegistry - Adding type registration double -> org.hibernate.type.DoubleType@55dfdc5c
14:39:38.194 [Test worker] DEBUG org.hibernate.type.BasicTypeRegistry - Adding type registration java.lang.Double -> org.hibernate.type.DoubleType@55dfdc5c
14:39:38.194 [Test worker] DEBUG org.hibernate.type.BasicTypeRegistry - Adding type registration big_decimal -> org.hibernate.type.BigDecimalType@6dc676fe
14:39:38.194 [Test worker] DEBUG org.hibernate.type.BasicTypeRegistry - Adding type registration java.math.BigDecimal -> org.hibernate.type.BigDecimalType@6dc676fe
14:39:38.195 [Test worker] DEBUG org.hibernate.type.BasicTypeRegistry - Adding type registration big_integer -> org.hibernate.type.BigIntegerType@597ffafe
14:39:38.195 [Test worker] DEBUG org.hibernate.type.BasicTypeRegistry - Adding type registration java.math.BigInteger -> org.hibernate.type.BigIntegerType@597ffafe
14:39:38.195 [Test worker] DEBUG org.hibernate.type.BasicTypeRegistry - Adding type registration string -> org.hibernate.type.StringType@5be5671f
14:39:38.195 [Test worker] DEBUG org.hibernate.type.BasicTypeRegistry - Adding type registration java.lang.String -> org.hibernate.type.StringType@5be5671f
14:39:38.195 [Test worker] DEBUG org.hibernate.type.BasicTypeRegistry - Adding type registration nstring -> org.hibernate.type.StringNVarcharType@35922da7
14:39:38.195 [Test worker] DEBUG org.hibernate.type.BasicTypeRegistry - Adding type registration ncharacter -> org.hibernate.type.CharacterNCharType@24165ffd
14:39:38.195 [Test worker] DEBUG org.hibernate.type.BasicTypeRegistry - Adding type registration url -> org.hibernate.type.UrlType@4b29396a
14:39:38.195 [Test worker] DEBUG org.hibernate.type.BasicTypeRegistry - Adding type registration java.net.URL -> org.hibernate.type.UrlType@4b29396a
14:39:38.195 [Test worker] DEBUG org.hibernate.type.BasicTypeRegistry - Adding type registration date -> org.hibernate.type.DateType@1b7af1bf
14:39:38.196 [Test worker] DEBUG org.hibernate.type.BasicTypeRegistry - Adding type registration java.sql.Date -> org.hibernate.type.DateType@1b7af1bf
14:39:38.196 [Test worker] DEBUG org.hibernate.type.BasicTypeRegistry - Adding type registration time -> org.hibernate.type.TimeType@35083bc6
14:39:38.196 [Test worker] DEBUG org.hibernate.type.BasicTypeRegistry - Adding type registration java.sql.Time -> org.hibernate.type.TimeType@35083bc6
14:39:38.196 [Test worker] DEBUG org.hibernate.type.BasicTypeRegistry - Adding type registration timestamp -> org.hibernate.type.TimestampType@2157426b
14:39:38.196 [Test worker] DEBUG org.hibernate.type.BasicTypeRegistry - Adding type registration java.sql.Timestamp -> org.hibernate.type.TimestampType@2157426b
14:39:38.197 [Test worker] DEBUG org.hibernate.type.BasicTypeRegistry - Adding type registration java.util.Date -> org.hibernate.type.TimestampType@2157426b
14:39:38.197 [Test worker] DEBUG org.hibernate.type.BasicTypeRegistry - Adding type registration dbtimestamp -> org.hibernate.type.DbTimestampType@2f45f1c4
14:39:38.197 [Test worker] DEBUG org.hibernate.type.BasicTypeRegistry - Adding type registration calendar -> org.hibernate.type.CalendarType@947b622
14:39:38.197 [Test worker] DEBUG org.hibernate.type.BasicTypeRegistry - Adding type registration java.util.Calendar -> org.hibernate.type.CalendarType@947b622
14:39:38.197 [Test worker] DEBUG org.hibernate.type.BasicTypeRegistry - Adding type registration java.util.GregorianCalendar -> org.hibernate.type.CalendarType@947b622
14:39:38.197 [Test worker] DEBUG org.hibernate.type.BasicTypeRegistry - Adding type registration calendar_date -> org.hibernate.type.CalendarDateType@58eee88
14:39:38.198 [Test worker] DEBUG org.hibernate.type.BasicTypeRegistry - Adding type registration locale -> org.hibernate.type.LocaleType@7b192053
14:39:38.198 [Test worker] DEBUG org.hibernate.type.BasicTypeRegistry - Adding type registration java.util.Locale -> org.hibernate.type.LocaleType@7b192053
14:39:38.199 [Test worker] DEBUG org.hibernate.type.BasicTypeRegistry - Adding type registration currency -> org.hibernate.type.CurrencyType@7dd63c4f
14:39:38.199 [Test worker] DEBUG org.hibernate.type.BasicTypeRegistry - Adding type registration java.util.Currency -> org.hibernate.type.CurrencyType@7dd63c4f
14:39:38.199 [Test worker] DEBUG org.hibernate.type.BasicTypeRegistry - Adding type registration timezone -> org.hibernate.type.TimeZoneType@23f8e43c
14:39:38.199 [Test worker] DEBUG org.hibernate.type.BasicTypeRegistry - Adding type registration java.util.TimeZone -> org.hibernate.type.TimeZoneType@23f8e43c
14:39:38.199 [Test worker] DEBUG org.hibernate.type.BasicTypeRegistry - Adding type registration class -> org.hibernate.type.ClassType@36b49568
14:39:38.199 [Test worker] DEBUG org.hibernate.type.BasicTypeRegistry - Adding type registration java.lang.Class -> org.hibernate.type.ClassType@36b49568
14:39:38.200 [Test worker] DEBUG org.hibernate.type.BasicTypeRegistry - Adding type registration uuid-binary -> org.hibernate.type.UUIDBinaryType@6d986355
14:39:38.200 [Test worker] DEBUG org.hibernate.type.BasicTypeRegistry - Adding type registration java.util.UUID -> org.hibernate.type.UUIDBinaryType@6d986355
14:39:38.200 [Test worker] DEBUG org.hibernate.type.BasicTypeRegistry - Adding type registration uuid-char -> org.hibernate.type.UUIDCharType@6cd67d9f
14:39:38.200 [Test worker] DEBUG org.hibernate.type.BasicTypeRegistry - Adding type registration binary -> org.hibernate.type.BinaryType@22b85727
14:39:38.201 [Test worker] DEBUG org.hibernate.type.BasicTypeRegistry - Adding type registration byte[] -> org.hibernate.type.BinaryType@22b85727
14:39:38.201 [Test worker] DEBUG org.hibernate.type.BasicTypeRegistry - Adding type registration [B -> org.hibernate.type.BinaryType@22b85727
14:39:38.201 [Test worker] DEBUG org.hibernate.type.BasicTypeRegistry - Adding type registration wrapper-binary -> org.hibernate.type.WrapperBinaryType@29097953
14:39:38.201 [Test worker] DEBUG org.hibernate.type.BasicTypeRegistry - Adding type registration Byte[] -> org.hibernate.type.WrapperBinaryType@29097953
14:39:38.201 [Test worker] DEBUG org.hibernate.type.BasicTypeRegistry - Adding type registration [Ljava.lang.Byte; -> org.hibernate.type.WrapperBinaryType@29097953
14:39:38.201 [Test worker] DEBUG org.hibernate.type.BasicTypeRegistry - Adding type registration row_version -> org.hibernate.type.RowVersionType@128eb40e
14:39:38.201 [Test worker] DEBUG org.hibernate.type.BasicTypeRegistry - Adding type registration image -> org.hibernate.type.ImageType@2e53db9e
14:39:38.201 [Test worker] DEBUG org.hibernate.type.BasicTypeRegistry - Adding type registration characters -> org.hibernate.type.CharArrayType@5b9c5a97
14:39:38.201 [Test worker] DEBUG org.hibernate.type.BasicTypeRegistry - Adding type registration char[] -> org.hibernate.type.CharArrayType@5b9c5a97
14:39:38.201 [Test worker] DEBUG org.hibernate.type.BasicTypeRegistry - Adding type registration [C -> org.hibernate.type.CharArrayType@5b9c5a97
14:39:38.201 [Test worker] DEBUG org.hibernate.type.BasicTypeRegistry - Adding type registration wrapper-characters -> org.hibernate.type.CharacterArrayType@32488807
14:39:38.201 [Test worker] DEBUG org.hibernate.type.BasicTypeRegistry - Adding type registration [Ljava.lang.Character; -> org.hibernate.type.CharacterArrayType@32488807
14:39:38.202 [Test worker] DEBUG org.hibernate.type.BasicTypeRegistry - Adding type registration Character[] -> org.hibernate.type.CharacterArrayType@32488807
14:39:38.202 [Test worker] DEBUG org.hibernate.type.BasicTypeRegistry - Adding type registration text -> org.hibernate.type.TextType@2ef21218
14:39:38.202 [Test worker] DEBUG org.hibernate.type.BasicTypeRegistry - Adding type registration ntext -> org.hibernate.type.NTextType@23044b2a
14:39:38.202 [Test worker] DEBUG org.hibernate.type.BasicTypeRegistry - Adding type registration blob -> org.hibernate.type.BlobType@2594998e
14:39:38.202 [Test worker] DEBUG org.hibernate.type.BasicTypeRegistry - Adding type registration java.sql.Blob -> org.hibernate.type.BlobType@2594998e
14:39:38.202 [Test worker] DEBUG org.hibernate.type.BasicTypeRegistry - Adding type registration materialized_blob -> org.hibernate.type.MaterializedBlobType@5e10e868
14:39:38.202 [Test worker] DEBUG org.hibernate.type.BasicTypeRegistry - Adding type registration clob -> org.hibernate.type.ClobType@452685c4
14:39:38.202 [Test worker] DEBUG org.hibernate.type.BasicTypeRegistry - Adding type registration java.sql.Clob -> org.hibernate.type.ClobType@452685c4
14:39:38.202 [Test worker] DEBUG org.hibernate.type.BasicTypeRegistry - Adding type registration nclob -> org.hibernate.type.NClobType@be4e2a
14:39:38.202 [Test worker] DEBUG org.hibernate.type.BasicTypeRegistry - Adding type registration java.sql.NClob -> org.hibernate.type.NClobType@be4e2a
14:39:38.202 [Test worker] DEBUG org.hibernate.type.BasicTypeRegistry - Adding type registration materialized_clob -> org.hibernate.type.MaterializedClobType@7c0ea0bc
14:39:38.203 [Test worker] DEBUG org.hibernate.type.BasicTypeRegistry - Adding type registration materialized_nclob -> org.hibernate.type.MaterializedNClobType@47c6f1cb
14:39:38.203 [Test worker] DEBUG org.hibernate.type.BasicTypeRegistry - Adding type registration serializable -> org.hibernate.type.SerializableType@46d53cc2
14:39:38.203 [Test worker] DEBUG org.hibernate.type.BasicTypeRegistry - Adding type registration object -> org.hibernate.type.ObjectType@671722bf
14:39:38.203 [Test worker] DEBUG org.hibernate.type.BasicTypeRegistry - Adding type registration java.lang.Object -> org.hibernate.type.ObjectType@671722bf
14:39:38.203 [Test worker] DEBUG org.hibernate.type.BasicTypeRegistry - Adding type registration imm_date -> org.hibernate.type.AdaptedImmutableType@493a2486
14:39:38.203 [Test worker] DEBUG org.hibernate.type.BasicTypeRegistry - Adding type registration imm_time -> org.hibernate.type.AdaptedImmutableType@7bcd2a3c
14:39:38.204 [Test worker] DEBUG org.hibernate.type.BasicTypeRegistry - Adding type registration imm_timestamp -> org.hibernate.type.AdaptedImmutableType@264bae8d
14:39:38.204 [Test worker] DEBUG org.hibernate.type.BasicTypeRegistry - Adding type registration imm_dbtimestamp -> org.hibernate.type.AdaptedImmutableType@478da7d2
14:39:38.204 [Test worker] DEBUG org.hibernate.type.BasicTypeRegistry - Adding type registration imm_calendar -> org.hibernate.type.AdaptedImmutableType@5f0ba5b1
14:39:38.204 [Test worker] DEBUG org.hibernate.type.BasicTypeRegistry - Adding type registration imm_calendar_date -> org.hibernate.type.AdaptedImmutableType@4d05e8a6
14:39:38.204 [Test worker] DEBUG org.hibernate.type.BasicTypeRegistry - Adding type registration imm_binary -> org.hibernate.type.AdaptedImmutableType@36c1184d
14:39:38.205 [Test worker] DEBUG org.hibernate.type.BasicTypeRegistry - Adding type registration imm_serializable -> org.hibernate.type.AdaptedImmutableType@1c588a70
14:39:38.205 [Test worker] DEBUG org.springframework.jdbc.datasource.DriverManagerDataSource - Creating new JDBC DriverManager Connection to [jdbc:h2:mem:dev;MVCC=TRUE;LOCK_TIMEOUT=10000;DB_CLOSE_DELAY=-1;DATABASE_TO_UPPER=false]
14:39:38.206 [Test worker] DEBUG org.hibernate.engine.jdbc.env.internal.JdbcEnvironmentInitiator - Database ->
       name : H2
    version : 1.4.194 (2017-03-10)
      major : 1
      minor : 4
14:39:38.206 [Test worker] DEBUG org.hibernate.engine.jdbc.env.internal.JdbcEnvironmentInitiator - Driver ->
       name : H2 JDBC Driver
    version : 1.4.194 (2017-03-10)
      major : 1
      minor : 4
14:39:38.206 [Test worker] DEBUG org.hibernate.engine.jdbc.env.internal.JdbcEnvironmentInitiator - JDBC version : 4.0
14:39:38.207 [Test worker] INFO org.hibernate.dialect.Dialect - HHH000400: Using dialect: org.hibernate.dialect.H2Dialect
14:39:38.214 [Test worker] DEBUG org.hibernate.id.factory.internal.DefaultIdentifierGeneratorFactory - Registering IdentifierGenerator strategy [uuid2] -> [org.hibernate.id.UUIDGenerator]
14:39:38.214 [Test worker] DEBUG org.hibernate.id.factory.internal.DefaultIdentifierGeneratorFactory - Registering IdentifierGenerator strategy [guid] -> [org.hibernate.id.GUIDGenerator]
14:39:38.215 [Test worker] DEBUG org.hibernate.id.factory.internal.DefaultIdentifierGeneratorFactory - Registering IdentifierGenerator strategy [uuid] -> [org.hibernate.id.UUIDHexGenerator]
14:39:38.215 [Test worker] DEBUG org.hibernate.id.factory.internal.DefaultIdentifierGeneratorFactory - Registering IdentifierGenerator strategy [uuid.hex] -> [org.hibernate.id.UUIDHexGenerator]
14:39:38.215 [Test worker] DEBUG org.hibernate.id.factory.internal.DefaultIdentifierGeneratorFactory - Registering IdentifierGenerator strategy [assigned] -> [org.hibernate.id.Assigned]
14:39:38.216 [Test worker] DEBUG org.hibernate.id.factory.internal.DefaultIdentifierGeneratorFactory - Registering IdentifierGenerator strategy [identity] -> [org.hibernate.id.IdentityGenerator]
14:39:38.216 [Test worker] DEBUG org.hibernate.id.factory.internal.DefaultIdentifierGeneratorFactory - Registering IdentifierGenerator strategy [select] -> [org.hibernate.id.SelectGenerator]
14:39:38.216 [Test worker] DEBUG org.hibernate.id.factory.internal.DefaultIdentifierGeneratorFactory - Registering IdentifierGenerator strategy [sequence] -> [org.hibernate.id.enhanced.SequenceStyleGenerator]
14:39:38.216 [Test worker] DEBUG org.hibernate.id.factory.internal.DefaultIdentifierGeneratorFactory - Registering IdentifierGenerator strategy [seqhilo] -> [org.hibernate.id.SequenceHiLoGenerator]
14:39:38.217 [Test worker] DEBUG org.hibernate.id.factory.internal.DefaultIdentifierGeneratorFactory - Registering IdentifierGenerator strategy [increment] -> [org.hibernate.id.IncrementGenerator]
14:39:38.217 [Test worker] DEBUG org.hibernate.id.factory.internal.DefaultIdentifierGeneratorFactory - Registering IdentifierGenerator strategy [foreign] -> [org.hibernate.id.ForeignGenerator]
14:39:38.217 [Test worker] DEBUG org.hibernate.id.factory.internal.DefaultIdentifierGeneratorFactory - Registering IdentifierGenerator strategy [sequence-identity] -> [org.hibernate.id.SequenceIdentityGenerator]
14:39:38.217 [Test worker] DEBUG org.hibernate.id.factory.internal.DefaultIdentifierGeneratorFactory - Registering IdentifierGenerator strategy [enhanced-sequence] -> [org.hibernate.id.enhanced.SequenceStyleGenerator]
14:39:38.217 [Test worker] DEBUG org.hibernate.id.factory.internal.DefaultIdentifierGeneratorFactory - Registering IdentifierGenerator strategy [enhanced-table] -> [org.hibernate.id.enhanced.TableGenerator]
14:39:38.218 [Test worker] DEBUG org.hibernate.boot.model.relational.Namespace - Created database namespace [logicalName=Name{catalog=null, schema=null}, physicalName=Name{catalog=null, schema=null}]
14:39:38.219 [Test worker] DEBUG org.hibernate.boot.model.source.internal.annotations.AnnotationMetadataSourceProcessorImpl - Encountered a non-categorized annotated class [com.mushopl.models.Price]; ignoring
14:39:38.220 [Test worker] DEBUG org.hibernate.cfg.AnnotationBinder - Binding entity from annotated class: com.mushopl.models.BlogPost
14:39:38.220 [Test worker] DEBUG org.hibernate.cfg.Ejb3Column - Binding column: Ejb3DiscriminatorColumn{logicalColumnName'DTYPE', discriminatorTypeName='string'}
14:39:38.220 [Test worker] DEBUG org.hibernate.cfg.annotations.EntityBinder - Import with entity name BlogPost
14:39:38.220 [Test worker] DEBUG org.hibernate.cfg.annotations.EntityBinder - Bind entity com.mushopl.models.BlogPost on table blogposts
14:39:38.223 [Test worker] DEBUG org.hibernate.cfg.Ejb3Column - Binding column: Ejb3Column{table=org.hibernate.mapping.Table(blogposts), mappingColumn=id, insertable=true, updatable=true, unique=false}
14:39:38.224 [Test worker] DEBUG org.hibernate.cfg.annotations.PropertyBinder - MetadataSourceProcessor property id with lazy=false
14:39:38.224 [Test worker] DEBUG org.hibernate.cfg.AbstractPropertyHolder - Attempting to locate auto-apply AttributeConverter for property [com.mushopl.models.BlogPost:id]
14:39:38.224 [Test worker] DEBUG org.hibernate.cfg.annotations.SimpleValueBinder - building SimpleValue for id
14:39:38.225 [Test worker] DEBUG org.hibernate.cfg.annotations.PropertyBinder - Building property id
14:39:38.226 [Test worker] DEBUG org.hibernate.cfg.Ejb3Column - Binding column: Ejb3Column{table=org.hibernate.mapping.Table(blogposts), mappingColumn=date, insertable=true, updatable=true, unique=false}
14:39:38.226 [Test worker] DEBUG org.hibernate.cfg.annotations.PropertyBinder - MetadataSourceProcessor property date with lazy=false
14:39:38.227 [Test worker] DEBUG org.hibernate.cfg.AbstractPropertyHolder - Attempting to locate auto-apply AttributeConverter for property [com.mushopl.models.BlogPost:date]
14:39:38.227 [Test worker] DEBUG org.hibernate.cfg.annotations.SimpleValueBinder - building SimpleValue for date
14:39:38.227 [Test worker] DEBUG org.hibernate.cfg.annotations.PropertyBinder - Building property date
14:39:38.228 [Test worker] DEBUG org.hibernate.cfg.Ejb3Column - Binding column: Ejb3Column{table=org.hibernate.mapping.Table(blogposts), mappingColumn=description, insertable=true, updatable=true, unique=false}
14:39:38.228 [Test worker] DEBUG org.hibernate.cfg.annotations.PropertyBinder - MetadataSourceProcessor property description with lazy=false
14:39:38.228 [Test worker] DEBUG org.hibernate.cfg.AbstractPropertyHolder - Attempting to locate auto-apply AttributeConverter for property [com.mushopl.models.BlogPost:description]
14:39:38.228 [Test worker] DEBUG org.hibernate.cfg.annotations.SimpleValueBinder - building SimpleValue for description
14:39:38.229 [Test worker] DEBUG org.hibernate.cfg.annotations.PropertyBinder - Building property description
14:39:38.229 [Test worker] DEBUG org.hibernate.cfg.Ejb3Column - Binding column: Ejb3Column{table=org.hibernate.mapping.Table(blogposts), mappingColumn=image, insertable=true, updatable=true, unique=false}
14:39:38.230 [Test worker] DEBUG org.hibernate.cfg.annotations.PropertyBinder - MetadataSourceProcessor property image with lazy=false
14:39:38.230 [Test worker] DEBUG org.hibernate.cfg.AbstractPropertyHolder - Attempting to locate auto-apply AttributeConverter for property [com.mushopl.models.BlogPost:image]
14:39:38.230 [Test worker] DEBUG org.hibernate.cfg.annotations.SimpleValueBinder - building SimpleValue for image
14:39:38.230 [Test worker] DEBUG org.hibernate.cfg.annotations.PropertyBinder - Building property image
14:39:38.230 [Test worker] DEBUG org.hibernate.cfg.Ejb3Column - Binding column: Ejb3Column{table=org.hibernate.mapping.Table(blogposts), mappingColumn=title, insertable=true, updatable=true, unique=false}
14:39:38.231 [Test worker] DEBUG org.hibernate.cfg.annotations.PropertyBinder - MetadataSourceProcessor property title with lazy=false
14:39:38.231 [Test worker] DEBUG org.hibernate.cfg.AbstractPropertyHolder - Attempting to locate auto-apply AttributeConverter for property [com.mushopl.models.BlogPost:title]
14:39:38.232 [Test worker] DEBUG org.hibernate.cfg.annotations.SimpleValueBinder - building SimpleValue for title
14:39:38.232 [Test worker] DEBUG org.hibernate.cfg.annotations.PropertyBinder - Building property title
14:39:38.233 [Test worker] DEBUG org.hibernate.cfg.AnnotationBinder - Binding entity from annotated class: com.mushopl.models.CartItem
14:39:38.233 [Test worker] DEBUG org.hibernate.cfg.Ejb3Column - Binding column: Ejb3DiscriminatorColumn{logicalColumnName'DTYPE', discriminatorTypeName='string'}
14:39:38.233 [Test worker] DEBUG org.hibernate.cfg.annotations.EntityBinder - Import with entity name CartItem
14:39:38.234 [Test worker] DEBUG org.hibernate.cfg.annotations.EntityBinder - Bind entity com.mushopl.models.CartItem on table CartItem
14:39:38.236 [Test worker] DEBUG org.hibernate.cfg.Ejb3Column - Binding column: Ejb3Column{table=org.hibernate.mapping.Table(CartItem), mappingColumn=id, insertable=true, updatable=true, unique=true}
14:39:38.236 [Test worker] DEBUG org.hibernate.cfg.annotations.PropertyBinder - MetadataSourceProcessor property id with lazy=false
14:39:38.236 [Test worker] DEBUG org.hibernate.cfg.AbstractPropertyHolder - Attempting to locate auto-apply AttributeConverter for property [com.mushopl.models.CartItem:id]
14:39:38.236 [Test worker] DEBUG org.hibernate.cfg.annotations.SimpleValueBinder - building SimpleValue for id
14:39:38.236 [Test worker] DEBUG org.hibernate.cfg.annotations.PropertyBinder - Building property id
14:39:38.237 [Test worker] DEBUG org.hibernate.cfg.Ejb3Column - Binding column: Ejb3JoinColumn{logicalColumnName='null', referencedColumn='null', mappedBy='null'}
14:39:38.237 [Test worker] DEBUG org.hibernate.cfg.Ejb3Column - Binding column: Ejb3Column{table=org.hibernate.mapping.Table(CartItem), mappingColumn=product, insertable=true, updatable=true, unique=false}
14:39:38.238 [Test worker] DEBUG org.hibernate.cfg.annotations.PropertyBinder - Building property product
14:39:38.238 [Test worker] DEBUG org.hibernate.cfg.Ejb3Column - Binding column: Ejb3Column{table=org.hibernate.mapping.Table(CartItem), mappingColumn=typePrice, insertable=true, updatable=true, unique=false}
14:39:38.238 [Test worker] DEBUG org.hibernate.cfg.annotations.PropertyBinder - MetadataSourceProcessor property typePrice with lazy=false
14:39:38.238 [Test worker] DEBUG org.hibernate.cfg.AbstractPropertyHolder - Attempting to locate auto-apply AttributeConverter for property [com.mushopl.models.CartItem:typePrice]
14:39:38.239 [Test worker] DEBUG org.hibernate.cfg.annotations.SimpleValueBinder - building SimpleValue for typePrice
14:39:38.239 [Test worker] DEBUG org.hibernate.cfg.annotations.PropertyBinder - Building property typePrice
14:39:38.239 [Test worker] DEBUG org.hibernate.cfg.AnnotationBinder - Binding entity from annotated class: com.mushopl.models.Product
14:39:38.239 [Test worker] DEBUG org.hibernate.cfg.Ejb3Column - Binding column: Ejb3DiscriminatorColumn{logicalColumnName'DTYPE', discriminatorTypeName='string'}
14:39:38.240 [Test worker] DEBUG org.hibernate.cfg.annotations.EntityBinder - Import with entity name Product
14:39:38.240 [Test worker] DEBUG org.hibernate.cfg.annotations.EntityBinder - Bind entity com.mushopl.models.Product on table products
14:39:38.241 [Test worker] DEBUG org.hibernate.cfg.Ejb3Column - Binding column: Ejb3Column{table=org.hibernate.mapping.Table(products), mappingColumn=id, insertable=true, updatable=true, unique=false}
14:39:38.243 [Test worker] DEBUG org.hibernate.cfg.annotations.PropertyBinder - MetadataSourceProcessor property id with lazy=false
14:39:38.243 [Test worker] DEBUG org.hibernate.cfg.AbstractPropertyHolder - Attempting to locate auto-apply AttributeConverter for property [com.mushopl.models.Product:id]
14:39:38.244 [Test worker] DEBUG org.hibernate.cfg.annotations.SimpleValueBinder - building SimpleValue for id
14:39:38.244 [Test worker] DEBUG org.hibernate.cfg.annotations.PropertyBinder - Building property id
14:39:38.244 [Test worker] DEBUG org.hibernate.cfg.Ejb3Column - Binding column: Ejb3Column{table=org.hibernate.mapping.Table(products), mappingColumn=description, insertable=true, updatable=true, unique=false}
14:39:38.244 [Test worker] DEBUG org.hibernate.cfg.annotations.PropertyBinder - MetadataSourceProcessor property description with lazy=false
14:39:38.244 [Test worker] DEBUG org.hibernate.cfg.AbstractPropertyHolder - Attempting to locate auto-apply AttributeConverter for property [com.mushopl.models.Product:description]
14:39:38.244 [Test worker] DEBUG org.hibernate.cfg.annotations.SimpleValueBinder - building SimpleValue for description
14:39:38.245 [Test worker] DEBUG org.hibernate.cfg.annotations.PropertyBinder - Building property description
14:39:38.245 [Test worker] DEBUG org.hibernate.cfg.Ejb3Column - Binding column: Ejb3Column{table=org.hibernate.mapping.Table(products), mappingColumn=pages, insertable=true, updatable=true, unique=false}
14:39:38.245 [Test worker] DEBUG org.hibernate.cfg.annotations.PropertyBinder - MetadataSourceProcessor property pages with lazy=false
14:39:38.245 [Test worker] DEBUG org.hibernate.cfg.AbstractPropertyHolder - Attempting to locate auto-apply AttributeConverter for property [com.mushopl.models.Product:pages]
14:39:38.245 [Test worker] DEBUG org.hibernate.cfg.annotations.SimpleValueBinder - building SimpleValue for pages
14:39:38.245 [Test worker] DEBUG org.hibernate.cfg.annotations.PropertyBinder - Building property pages
14:39:38.246 [Test worker] DEBUG org.hibernate.cfg.Ejb3Column - Binding column: Ejb3JoinColumn{logicalColumnName='null', referencedColumn='null', mappedBy=''}
14:39:38.246 [Test worker] DEBUG org.hibernate.cfg.Ejb3Column - Binding column: Ejb3Column{table=org.hibernate.mapping.Table(products), mappingColumn=prices, insertable=true, updatable=true, unique=false}
14:39:38.246 [Test worker] DEBUG org.hibernate.cfg.Ejb3Column - Binding column: Ejb3Column{table=org.hibernate.mapping.Table(products), mappingColumn=null, insertable=true, updatable=true, unique=false}
14:39:38.246 [Test worker] DEBUG org.hibernate.cfg.Ejb3Column - Binding column: Ejb3Column{table=org.hibernate.mapping.Table(products), mappingColumn=prices, insertable=true, updatable=true, unique=false}
14:39:38.247 [Test worker] DEBUG org.hibernate.cfg.Ejb3Column - Binding column: Ejb3Column{table=org.hibernate.mapping.Table(products), mappingColumn=prices_KEY, insertable=true, updatable=true, unique=false}
14:39:38.247 [Test worker] DEBUG org.hibernate.cfg.Ejb3Column - Binding column: Ejb3JoinColumn{logicalColumnName='prices_KEY', referencedColumn='null', mappedBy='null'}
14:39:38.247 [Test worker] DEBUG org.hibernate.cfg.Ejb3Column - Binding column: Ejb3JoinColumn{logicalColumnName='null', referencedColumn='null', mappedBy=''}
14:39:38.247 [Test worker] DEBUG org.hibernate.cfg.Ejb3Column - Binding column: Ejb3JoinColumn{logicalColumnName='null', referencedColumn='null', mappedBy=''}
14:39:38.247 [Test worker] DEBUG org.hibernate.cfg.annotations.CollectionBinder - Collection role: com.mushopl.models.Product.prices
14:39:38.247 [Test worker] DEBUG org.hibernate.cfg.annotations.PropertyBinder - Building property prices
14:39:38.248 [Test worker] DEBUG org.hibernate.cfg.Ejb3Column - Binding column: Ejb3Column{table=org.hibernate.mapping.Table(products), mappingColumn=title, insertable=true, updatable=true, unique=false}
14:39:38.248 [Test worker] DEBUG org.hibernate.cfg.annotations.PropertyBinder - MetadataSourceProcessor property title with lazy=false
14:39:38.248 [Test worker] DEBUG org.hibernate.cfg.AbstractPropertyHolder - Attempting to locate auto-apply AttributeConverter for property [com.mushopl.models.Product:title]
14:39:38.248 [Test worker] DEBUG org.hibernate.cfg.annotations.SimpleValueBinder - building SimpleValue for title
14:39:38.248 [Test worker] DEBUG org.hibernate.cfg.annotations.PropertyBinder - Building property title
14:39:38.248 [Test worker] DEBUG org.hibernate.cfg.AnnotationBinder - Binding entity from annotated class: com.mushopl.models.Role
14:39:38.248 [Test worker] DEBUG org.hibernate.cfg.Ejb3Column - Binding column: Ejb3DiscriminatorColumn{logicalColumnName'DTYPE', discriminatorTypeName='string'}
14:39:38.249 [Test worker] DEBUG org.hibernate.cfg.annotations.EntityBinder - Import with entity name Role
14:39:38.249 [Test worker] DEBUG org.hibernate.cfg.annotations.EntityBinder - Bind entity com.mushopl.models.Role on table roles
14:39:38.250 [Test worker] DEBUG org.hibernate.cfg.Ejb3Column - Binding column: Ejb3JoinColumn{logicalColumnName='username', referencedColumn='', mappedBy=''}
14:39:38.250 [Test worker] DEBUG org.hibernate.cfg.Ejb3Column - Binding column: Ejb3Column{table=org.hibernate.mapping.Table(roles), mappingColumn=user, insertable=true, updatable=true, unique=false}
14:39:38.251 [Test worker] DEBUG org.hibernate.cfg.annotations.PropertyBinder - Building property user
14:39:38.251 [Test worker] DEBUG org.hibernate.cfg.Ejb3Column - Binding column: Ejb3Column{table=org.hibernate.mapping.Table(roles), mappingColumn=name, insertable=true, updatable=true, unique=false}
14:39:38.251 [Test worker] DEBUG org.hibernate.cfg.annotations.PropertyBinder - MetadataSourceProcessor property name with lazy=false
14:39:38.251 [Test worker] DEBUG org.hibernate.cfg.AbstractPropertyHolder - Attempting to locate auto-apply AttributeConverter for property [com.mushopl.models.Role:name]
14:39:38.251 [Test worker] DEBUG org.hibernate.cfg.annotations.SimpleValueBinder - building SimpleValue for name
14:39:38.251 [Test worker] DEBUG org.hibernate.cfg.annotations.PropertyBinder - Building property name
14:39:38.252 [Test worker] DEBUG org.hibernate.cfg.AnnotationBinder - Binding entity from annotated class: com.mushopl.models.ShoppingCart
14:39:38.252 [Test worker] DEBUG org.hibernate.cfg.Ejb3Column - Binding column: Ejb3DiscriminatorColumn{logicalColumnName'DTYPE', discriminatorTypeName='string'}
14:39:38.252 [Test worker] DEBUG org.hibernate.cfg.annotations.EntityBinder - Import with entity name ShoppingCart
14:39:38.252 [Test worker] DEBUG org.hibernate.cfg.annotations.EntityBinder - Bind entity com.mushopl.models.ShoppingCart on table shopping_cart
14:39:38.253 [Test worker] DEBUG org.hibernate.cfg.Ejb3Column - Binding column: Ejb3Column{table=org.hibernate.mapping.Table(shopping_cart), mappingColumn=id, insertable=true, updatable=true, unique=true}
14:39:38.254 [Test worker] DEBUG org.hibernate.cfg.annotations.PropertyBinder - MetadataSourceProcessor property id with lazy=false
14:39:38.254 [Test worker] DEBUG org.hibernate.cfg.AbstractPropertyHolder - Attempting to locate auto-apply AttributeConverter for property [com.mushopl.models.ShoppingCart:id]
14:39:38.254 [Test worker] DEBUG org.hibernate.cfg.annotations.SimpleValueBinder - building SimpleValue for id
14:39:38.254 [Test worker] DEBUG org.hibernate.cfg.annotations.PropertyBinder - Building property id
14:39:38.255 [Test worker] DEBUG org.hibernate.cfg.Ejb3Column - Binding column: Ejb3JoinColumn{logicalColumnName='id', referencedColumn='id', mappedBy=''}
14:39:38.255 [Test worker] DEBUG org.hibernate.cfg.Ejb3Column - Binding column: Ejb3Column{table=org.hibernate.mapping.Table(shopping_cart), mappingColumn=null, insertable=true, updatable=true, unique=false}
14:39:38.255 [Test worker] DEBUG org.hibernate.cfg.Ejb3Column - Binding column: Ejb3Column{table=org.hibernate.mapping.Table(shopping_cart), mappingColumn=element, insertable=true, updatable=true, unique=false}
14:39:38.255 [Test worker] DEBUG org.hibernate.cfg.Ejb3Column - Binding column: Ejb3Column{table=org.hibernate.mapping.Table(shopping_cart), mappingColumn=items_KEY, insertable=true, updatable=true, unique=false}
14:39:38.256 [Test worker] DEBUG org.hibernate.cfg.Ejb3Column - Binding column: Ejb3JoinColumn{logicalColumnName='items_KEY', referencedColumn='null', mappedBy='null'}
14:39:38.256 [Test worker] DEBUG org.hibernate.cfg.Ejb3Column - Binding column: Ejb3JoinColumn{logicalColumnName='null', referencedColumn='null', mappedBy=''}
14:39:38.256 [Test worker] DEBUG org.hibernate.cfg.Ejb3Column - Binding column: Ejb3JoinColumn{logicalColumnName='null', referencedColumn='null', mappedBy=''}
14:39:38.256 [Test worker] DEBUG org.hibernate.cfg.annotations.CollectionBinder - Collection role: com.mushopl.models.ShoppingCart.items
14:39:38.256 [Test worker] DEBUG org.hibernate.cfg.annotations.PropertyBinder - Building property items
14:39:38.256 [Test worker] DEBUG org.hibernate.cfg.Ejb3Column - Binding column: Ejb3Column{table=org.hibernate.mapping.Table(shopping_cart), mappingColumn=total, insertable=true, updatable=true, unique=false}
14:39:38.256 [Test worker] DEBUG org.hibernate.cfg.annotations.PropertyBinder - MetadataSourceProcessor property total with lazy=false
14:39:38.256 [Test worker] DEBUG org.hibernate.cfg.AbstractPropertyHolder - Attempting to locate auto-apply AttributeConverter for property [com.mushopl.models.ShoppingCart:total]
14:39:38.256 [Test worker] DEBUG org.hibernate.cfg.annotations.SimpleValueBinder - building SimpleValue for total
14:39:38.257 [Test worker] DEBUG org.hibernate.cfg.annotations.PropertyBinder - Building property total
14:39:38.257 [Test worker] DEBUG org.hibernate.cfg.Ejb3Column - Binding column: Ejb3JoinColumn{logicalColumnName='username', referencedColumn='username', mappedBy=''}
14:39:38.257 [Test worker] DEBUG org.hibernate.cfg.Ejb3Column - Binding column: Ejb3Column{table=org.hibernate.mapping.Table(shopping_cart), mappingColumn=user, insertable=true, updatable=true, unique=false}
14:39:38.257 [Test worker] DEBUG org.hibernate.cfg.annotations.PropertyBinder - Building property user
14:39:38.257 [Test worker] DEBUG org.hibernate.cfg.AnnotationBinder - Binding entity from annotated class: com.mushopl.models.User
14:39:38.258 [Test worker] DEBUG org.hibernate.cfg.Ejb3Column - Binding column: Ejb3DiscriminatorColumn{logicalColumnName'DTYPE', discriminatorTypeName='string'}
14:39:38.258 [Test worker] DEBUG org.hibernate.cfg.annotations.EntityBinder - Import with entity name User
14:39:38.259 [Test worker] DEBUG org.hibernate.cfg.annotations.EntityBinder - Bind entity com.mushopl.models.User on table users
14:39:38.261 [Test worker] DEBUG org.hibernate.cfg.Ejb3Column - Binding column: Ejb3Column{table=org.hibernate.mapping.Table(users), mappingColumn=username, insertable=true, updatable=true, unique=false}
14:39:38.261 [Test worker] DEBUG org.hibernate.cfg.annotations.PropertyBinder - MetadataSourceProcessor property username with lazy=false
14:39:38.262 [Test worker] DEBUG org.hibernate.cfg.AbstractPropertyHolder - Attempting to locate auto-apply AttributeConverter for property [com.mushopl.models.User:username]
14:39:38.262 [Test worker] DEBUG org.hibernate.cfg.annotations.SimpleValueBinder - building SimpleValue for username
14:39:38.265 [Test worker] DEBUG org.hibernate.cfg.annotations.PropertyBinder - Building property username
14:39:38.267 [Test worker] DEBUG org.hibernate.cfg.Ejb3Column - Binding column: Ejb3Column{table=org.hibernate.mapping.Table(users), mappingColumn=name, insertable=true, updatable=true, unique=false}
14:39:38.267 [Test worker] DEBUG org.hibernate.cfg.annotations.PropertyBinder - MetadataSourceProcessor property name with lazy=false
14:39:38.267 [Test worker] DEBUG org.hibernate.cfg.AbstractPropertyHolder - Attempting to locate auto-apply AttributeConverter for property [com.mushopl.models.User:name]
14:39:38.267 [Test worker] DEBUG org.hibernate.cfg.annotations.SimpleValueBinder - building SimpleValue for name
14:39:38.268 [Test worker] DEBUG org.hibernate.cfg.annotations.PropertyBinder - Building property name
14:39:38.268 [Test worker] DEBUG org.hibernate.cfg.Ejb3Column - Binding column: Ejb3Column{table=org.hibernate.mapping.Table(users), mappingColumn=pass, insertable=true, updatable=true, unique=false}
14:39:38.268 [Test worker] DEBUG org.hibernate.cfg.annotations.PropertyBinder - MetadataSourceProcessor property pass with lazy=false
14:39:38.268 [Test worker] DEBUG org.hibernate.cfg.AbstractPropertyHolder - Attempting to locate auto-apply AttributeConverter for property [com.mushopl.models.User:pass]
14:39:38.268 [Test worker] DEBUG org.hibernate.cfg.annotations.SimpleValueBinder - building SimpleValue for pass
14:39:38.268 [Test worker] DEBUG org.hibernate.cfg.annotations.PropertyBinder - Building property pass
14:39:38.269 [Test worker] DEBUG org.hibernate.cfg.Ejb3Column - Binding column: Ejb3JoinColumn{logicalColumnName='null', referencedColumn='null', mappedBy='user'}
14:39:38.269 [Test worker] DEBUG org.hibernate.cfg.Ejb3Column - Binding column: Ejb3Column{table=org.hibernate.mapping.Table(users), mappingColumn=roles, insertable=true, updatable=true, unique=false}
14:39:38.269 [Test worker] DEBUG org.hibernate.cfg.Ejb3Column - Binding column: Ejb3Column{table=org.hibernate.mapping.Table(users), mappingColumn=null, insertable=true, updatable=true, unique=false}
14:39:38.270 [Test worker] DEBUG org.hibernate.cfg.Ejb3Column - Binding column: Ejb3Column{table=org.hibernate.mapping.Table(users), mappingColumn=element, insertable=true, updatable=true, unique=false}
14:39:38.270 [Test worker] DEBUG org.hibernate.cfg.Ejb3Column - Binding column: Ejb3Column{table=org.hibernate.mapping.Table(users), mappingColumn=roles_KEY, insertable=true, updatable=true, unique=false}
14:39:38.270 [Test worker] DEBUG org.hibernate.cfg.Ejb3Column - Binding column: Ejb3JoinColumn{logicalColumnName='roles_KEY', referencedColumn='null', mappedBy='null'}
14:39:38.270 [Test worker] DEBUG org.hibernate.cfg.Ejb3Column - Binding column: Ejb3JoinColumn{logicalColumnName='null', referencedColumn='null', mappedBy='user'}
14:39:38.270 [Test worker] DEBUG org.hibernate.cfg.Ejb3Column - Binding column: Ejb3JoinColumn{logicalColumnName='null', referencedColumn='null', mappedBy='user'}
14:39:38.270 [Test worker] DEBUG org.hibernate.cfg.annotations.CollectionBinder - Collection role: com.mushopl.models.User.roles
14:39:38.271 [Test worker] DEBUG org.hibernate.cfg.annotations.PropertyBinder - Building property roles
14:39:38.271 [Test worker] DEBUG org.hibernate.cfg.annotations.SimpleValueBinder - Starting fillSimpleValue for id
14:39:38.271 [Test worker] DEBUG org.hibernate.cfg.annotations.SimpleValueBinder - Starting fillSimpleValue for date
14:39:38.271 [Test worker] DEBUG org.hibernate.cfg.annotations.SimpleValueBinder - Starting fillSimpleValue for description
14:39:38.271 [Test worker] DEBUG org.hibernate.cfg.annotations.SimpleValueBinder - Starting fillSimpleValue for image
14:39:38.272 [Test worker] DEBUG org.hibernate.cfg.annotations.SimpleValueBinder - Starting fillSimpleValue for title
14:39:38.272 [Test worker] DEBUG org.hibernate.cfg.annotations.SimpleValueBinder - Starting fillSimpleValue for id
14:39:38.272 [Test worker] DEBUG org.hibernate.cfg.annotations.SimpleValueBinder - Starting fillSimpleValue for typePrice
14:39:38.272 [Test worker] DEBUG org.hibernate.cfg.annotations.SimpleValueBinder - Starting fillSimpleValue for id
14:39:38.272 [Test worker] DEBUG org.hibernate.cfg.annotations.SimpleValueBinder - Starting fillSimpleValue for description
14:39:38.272 [Test worker] DEBUG org.hibernate.cfg.annotations.SimpleValueBinder - Starting fillSimpleValue for pages
14:39:38.272 [Test worker] DEBUG org.hibernate.cfg.annotations.SimpleValueBinder - Starting fillSimpleValue for title
14:39:38.272 [Test worker] DEBUG org.hibernate.cfg.annotations.SimpleValueBinder - Starting fillSimpleValue for name
14:39:38.272 [Test worker] DEBUG org.hibernate.cfg.annotations.SimpleValueBinder - Starting fillSimpleValue for id
14:39:38.272 [Test worker] DEBUG org.hibernate.cfg.annotations.SimpleValueBinder - Starting fillSimpleValue for total
14:39:38.272 [Test worker] DEBUG org.hibernate.cfg.annotations.SimpleValueBinder - Starting fillSimpleValue for username
14:39:38.272 [Test worker] DEBUG org.hibernate.cfg.annotations.SimpleValueBinder - Starting fillSimpleValue for name
14:39:38.272 [Test worker] DEBUG org.hibernate.cfg.annotations.SimpleValueBinder - Starting fillSimpleValue for pass
14:39:38.273 [Test worker] DEBUG org.hibernate.mapping.PrimaryKey - Forcing column [id] to be non-null as it is part of the primary key for table [blogposts]
14:39:38.273 [Test worker] DEBUG org.hibernate.mapping.PrimaryKey - Forcing column [id] to be non-null as it is part of the primary key for table [cartitem]
14:39:38.273 [Test worker] DEBUG org.hibernate.mapping.PrimaryKey - Forcing column [id] to be non-null as it is part of the primary key for table [products]
14:39:38.273 [Test worker] DEBUG org.hibernate.mapping.PrimaryKey - Forcing column [username] to be non-null as it is part of the primary key for table [roles]
14:39:38.273 [Test worker] DEBUG org.hibernate.mapping.PrimaryKey - Forcing column [name] to be non-null as it is part of the primary key for table [roles]
14:39:38.273 [Test worker] DEBUG org.hibernate.mapping.PrimaryKey - Forcing column [id] to be non-null as it is part of the primary key for table [shopping_cart]
14:39:38.273 [Test worker] DEBUG org.hibernate.mapping.PrimaryKey - Forcing column [username] to be non-null as it is part of the primary key for table [users]
14:39:38.273 [Test worker] DEBUG org.hibernate.cfg.CollectionSecondPass - Second pass for collection: com.mushopl.models.ShoppingCart.items
14:39:38.274 [Test worker] DEBUG org.hibernate.cfg.annotations.CollectionBinder - Binding as ManyToMany: com.mushopl.models.ShoppingCart.items
14:39:38.274 [Test worker] DEBUG org.hibernate.cfg.CollectionSecondPass - Mapped collection key: ShoppingCart_id, element: items_id
14:39:38.274 [Test worker] DEBUG org.hibernate.cfg.CollectionSecondPass - Second pass for collection: com.mushopl.models.Product.prices
14:39:38.275 [Test worker] DEBUG org.hibernate.cfg.annotations.CollectionBinder - Binding a collection of element: com.mushopl.models.Product.prices
14:39:38.278 [Test worker] DEBUG org.hibernate.cfg.Ejb3Column - Binding column: Ejb3Column{table=org.hibernate.mapping.Table(Product_prices), mappingColumn=type, insertable=true, updatable=true, unique=false}
14:39:38.278 [Test worker] DEBUG org.hibernate.cfg.annotations.PropertyBinder - MetadataSourceProcessor property type with lazy=false
14:39:38.278 [Test worker] DEBUG org.hibernate.cfg.AbstractPropertyHolder - Attempting to locate auto-apply AttributeConverter for property [com.mushopl.models.Product.prices.collection&&element:type]
14:39:38.278 [Test worker] DEBUG org.hibernate.cfg.annotations.SimpleValueBinder - building SimpleValue for type
14:39:38.279 [Test worker] DEBUG org.hibernate.cfg.annotations.SimpleValueBinder - Starting fillSimpleValue for type
14:39:38.279 [Test worker] DEBUG org.hibernate.cfg.annotations.PropertyBinder - Building property type
14:39:38.279 [Test worker] DEBUG org.hibernate.cfg.Ejb3Column - Binding column: Ejb3Column{table=org.hibernate.mapping.Table(Product_prices), mappingColumn=value, insertable=true, updatable=true, unique=false}
14:39:38.279 [Test worker] DEBUG org.hibernate.cfg.annotations.PropertyBinder - MetadataSourceProcessor property value with lazy=false
14:39:38.279 [Test worker] DEBUG org.hibernate.cfg.AbstractPropertyHolder - Attempting to locate auto-apply AttributeConverter for property [com.mushopl.models.Product.prices.collection&&element:value]
14:39:38.280 [Test worker] DEBUG org.hibernate.cfg.annotations.SimpleValueBinder - building SimpleValue for value
14:39:38.280 [Test worker] DEBUG org.hibernate.cfg.annotations.SimpleValueBinder - Starting fillSimpleValue for value
14:39:38.280 [Test worker] DEBUG org.hibernate.cfg.annotations.PropertyBinder - Building property value
14:39:38.280 [Test worker] DEBUG org.hibernate.cfg.CollectionSecondPass - Mapped collection key: Product_id, element: type, value
14:39:38.280 [Test worker] DEBUG org.hibernate.cfg.CollectionSecondPass - Second pass for collection: com.mushopl.models.User.roles
14:39:38.280 [Test worker] DEBUG org.hibernate.cfg.annotations.CollectionBinder - Binding a OneToMany: com.mushopl.models.User.roles through a foreign key
14:39:38.280 [Test worker] DEBUG org.hibernate.cfg.annotations.CollectionBinder - Mapping collection: com.mushopl.models.User.roles -> roles
14:39:38.280 [Test worker] DEBUG org.hibernate.cfg.annotations.TableBinder - Retrieving property com.mushopl.models.Role.user
14:39:38.281 [Test worker] DEBUG org.hibernate.cfg.CollectionSecondPass - Mapped collection key: username, one-to-many: com.mushopl.models.Role
14:39:38.281 [Test worker] DEBUG org.hibernate.boot.internal.InFlightMetadataCollectorImpl - Resolving reference to class: com.mushopl.models.Product
14:39:38.281 [Test worker] DEBUG org.hibernate.boot.internal.InFlightMetadataCollectorImpl - Resolving reference to class: com.mushopl.models.Product
14:39:38.281 [Test worker] DEBUG org.hibernate.boot.internal.InFlightMetadataCollectorImpl - Resolving reference to class: com.mushopl.models.User
14:39:38.282 [Test worker] DEBUG org.hibernate.boot.internal.InFlightMetadataCollectorImpl - Resolving reference to class: com.mushopl.models.User
14:39:38.282 [Test worker] DEBUG org.hibernate.boot.internal.InFlightMetadataCollectorImpl - Resolving reference to class: com.mushopl.models.CartItem
14:39:38.283 [Test worker] DEBUG org.hibernate.boot.internal.InFlightMetadataCollectorImpl - Resolving reference to class: com.mushopl.models.ShoppingCart
14:39:38.284 [Test worker] DEBUG org.hibernate.boot.internal.InFlightMetadataCollectorImpl - Resolving reference to class: com.mushopl.models.Product
14:39:38.285 [Test worker] DEBUG org.hibernate.boot.internal.InFlightMetadataCollectorImpl - Resolving reference to class: com.mushopl.models.Product
14:39:38.285 [Test worker] DEBUG org.hibernate.boot.internal.InFlightMetadataCollectorImpl - Resolving reference to class: com.mushopl.models.User
14:39:38.285 [Test worker] DEBUG org.hibernate.boot.internal.InFlightMetadataCollectorImpl - Resolving reference to class: com.mushopl.models.User
14:39:38.285 [Test worker] DEBUG org.hibernate.boot.internal.InFlightMetadataCollectorImpl - Resolving reference to class: com.mushopl.models.CartItem
14:39:38.285 [Test worker] DEBUG org.hibernate.boot.internal.InFlightMetadataCollectorImpl - Resolving reference to class: com.mushopl.models.ShoppingCart
14:39:38.285 [Test worker] DEBUG org.hibernate.boot.internal.ClassLoaderAccessImpl - Not known whether passed class name [com.mushopl.models.Role] is safe
14:39:38.285 [Test worker] DEBUG org.hibernate.boot.internal.ClassLoaderAccessImpl - No temp ClassLoader provided; using live ClassLoader for loading potentially unsafe class : com.mushopl.models.Role
14:39:38.287 [Test worker] WARN org.hibernate.mapping.RootClass - HHH000038: Composite-id class does not override equals(): com.mushopl.models.Role
14:39:38.287 [Test worker] WARN org.hibernate.mapping.RootClass - HHH000039: Composite-id class does not override hashCode(): com.mushopl.models.Role
14:39:38.287 [Test worker] DEBUG org.hibernate.internal.SessionFactoryImpl - Building session factory
14:39:38.287 [Test worker] DEBUG org.hibernate.cfg.Settings - SessionFactory name : null
14:39:38.287 [Test worker] DEBUG org.hibernate.cfg.Settings - Automatic flush during beforeCompletion(): disabled
14:39:38.287 [Test worker] DEBUG org.hibernate.cfg.Settings - Automatic session close at end of transaction: disabled
14:39:38.287 [Test worker] DEBUG org.hibernate.cfg.Settings - Statistics: disabled
14:39:38.288 [Test worker] DEBUG org.hibernate.cfg.Settings - Deleted entity synthetic identifier rollback: disabled
14:39:38.288 [Test worker] DEBUG org.hibernate.cfg.Settings - Default entity-mode: pojo
14:39:38.288 [Test worker] DEBUG org.hibernate.cfg.Settings - Check Nullability in Core (should be disabled when Bean Validation is on): enabled
14:39:38.288 [Test worker] DEBUG org.hibernate.cfg.Settings - Allow initialization of lazy state outside session : disabled
14:39:38.288 [Test worker] DEBUG org.hibernate.cfg.Settings - Using BatchFetchStyle : LEGACY
14:39:38.288 [Test worker] DEBUG org.hibernate.cfg.Settings - Default batch fetch size: -1
14:39:38.288 [Test worker] DEBUG org.hibernate.cfg.Settings - Maximum outer join fetch depth: null
14:39:38.288 [Test worker] DEBUG org.hibernate.cfg.Settings - Default null ordering: NONE
14:39:38.288 [Test worker] DEBUG org.hibernate.cfg.Settings - Order SQL updates by primary key: disabled
14:39:38.288 [Test worker] DEBUG org.hibernate.cfg.Settings - Order SQL inserts for batching: disabled
14:39:38.288 [Test worker] DEBUG org.hibernate.cfg.Settings - multi-tenancy strategy : NONE
14:39:38.288 [Test worker] DEBUG org.hibernate.cfg.Settings - JTA Track by Thread: enabled
14:39:38.288 [Test worker] DEBUG org.hibernate.cfg.Settings - Query language substitutions: {}
14:39:38.288 [Test worker] DEBUG org.hibernate.cfg.Settings - JPA query language strict compliance: disabled
14:39:38.288 [Test worker] DEBUG org.hibernate.cfg.Settings - Named query checking : enabled
14:39:38.288 [Test worker] DEBUG org.hibernate.cfg.Settings - Second-level cache: enabled
14:39:38.288 [Test worker] DEBUG org.hibernate.cfg.Settings - Second-level query cache: disabled
14:39:38.288 [Test worker] DEBUG org.hibernate.cfg.Settings - Second-level query cache factory: org.hibernate.cache.internal.StandardQueryCacheFactory@366acbf3
14:39:38.288 [Test worker] DEBUG org.hibernate.cfg.Settings - Second-level cache region prefix: null
14:39:38.288 [Test worker] DEBUG org.hibernate.cfg.Settings - Optimize second-level cache for minimal puts: disabled
14:39:38.288 [Test worker] DEBUG org.hibernate.cfg.Settings - Structured second-level cache entries: disabled
14:39:38.288 [Test worker] DEBUG org.hibernate.cfg.Settings - Second-level cache direct-reference entries: disabled
14:39:38.288 [Test worker] DEBUG org.hibernate.cfg.Settings - Automatic eviction of collection cache: disabled
14:39:38.288 [Test worker] DEBUG org.hibernate.cfg.Settings - JDBC batch size: 15
14:39:38.288 [Test worker] DEBUG org.hibernate.cfg.Settings - JDBC batch updates for versioned data: enabled
14:39:38.288 [Test worker] DEBUG org.hibernate.cfg.Settings - Scrollable result sets: enabled
14:39:38.288 [Test worker] DEBUG org.hibernate.cfg.Settings - Wrap result sets: disabled
14:39:38.288 [Test worker] DEBUG org.hibernate.cfg.Settings - JDBC3 getGeneratedKeys(): enabled
14:39:38.288 [Test worker] DEBUG org.hibernate.cfg.Settings - JDBC result set fetch size: null
14:39:38.288 [Test worker] DEBUG org.hibernate.cfg.Settings - Connection release mode: ON_CLOSE
14:39:38.288 [Test worker] DEBUG org.hibernate.cfg.Settings - Generate SQL with comments: disabled
14:39:38.289 [Test worker] DEBUG org.hibernate.internal.SessionFactoryImpl - Returning a Reference to the SessionFactory
14:39:38.289 [Test worker] DEBUG org.hibernate.internal.SessionFactoryImpl - Session factory constructed with filter configurations : {}
14:39:38.289 [Test worker] DEBUG org.hibernate.internal.SessionFactoryImpl - Instantiating session factory with properties: {java.runtime.name=Java(TM) SE Runtime Environment, java.vm.version=25.111-b14, sun.boot.library.path=D:\Program Files\Java\jdk1.8.0_111\jre\bin, hibernate.boot.CfgXmlAccessService.key=org.hibernate.boot.cfgxml.spi.LoadedConfig@5d6db9da, java.vm.vendor=Oracle Corporation, java.vendor.url=http://java.oracle.com/, path.separator=;, java.vm.name=Java HotSpot(TM) 64-Bit Server VM, file.encoding.pkg=sun.io, sun.os.patch.level=, user.script=, user.country=BR, sun.java.launcher=SUN_STANDARD, java.vm.specification.name=Java Virtual Machine Specification, user.dir=C:\Users\Monitora\Documents\workspace\rebalancing, java.runtime.version=1.8.0_111-b14, javax.persistence.sharedCache.mode=UNSPECIFIED, java.awt.graphicsenv=sun.awt.Win32GraphicsEnvironment, os.arch=amd64, java.endorsed.dirs=D:\Program Files\Java\jdk1.8.0_111\jre\lib\endorsed, java.io.tmpdir=C:\Users\Monitora\AppData\Local\Temp\, line.separator=
, java.vm.specification.vendor=Oracle Corporation, user.variant=, os.name=Windows 10, hibernate.transaction.coordinator_class=class org.hibernate.resource.transaction.backend.jdbc.internal.JdbcResourceLocalTransactionCoordinatorBuilderImpl, sun.jnu.encoding=Cp1252, hibernate.connection.datasource=org.springframework.jdbc.datasource.DriverManagerDataSource@4e0899dc, java.library.path=D:\Program Files\Java\jdk1.8.0_111\bin;C:\Windows\Sun\Java\bin;C:\Windows\system32;C:\Windows;C:\ProgramData\Oracle\Java\javapath;C:\app\oracle_services2\product\12.1.0\dbhome_1\bin;C:\Windows\system32;C:\Windows;C:\Windows\System32\Wbem;C:\Windows\System32\WindowsPowerShell\v1.0\;C:\Program Files (x86)\NVIDIA Corporation\PhysX\Common;C:\Program Files\Git\cmd;C:\Python27\;C:\Python27\Scripts;C:\Python27;C:\GTK\bin;C:\Program Files\nodejs\;C:\Users\Monitora\workspace\activator-1.3.10-minimal\bin\;C:\Program Files (x86)\Skype\Phone\;C:\Dev\gradle-3.5\bin;D:\Program Files\Java\jdk1.8.0_111\bin;D:\Program Files\Java\jdk1.8.0_111\bin;C:\Dev\apache-maven-3.1.1\bin;C:\Users\Monitora\AppData\Roaming\npm;C:\Program Files (x86)\Microsoft VS Code\bin;., java.class.version=52.0, hibernate.ejb.persistenceUnitName=default, java.specification.name=Java Platform API Specification, sun.management.compiler=HotSpot 64-Bit Tiered Compilers, os.version=10.0, user.home=C:\Users\Monitora, user.timezone=America/Sao_Paulo, java.awt.printerjob=sun.awt.windows.WPrinterJob, file.encoding=windows-1252, java.specification.version=1.8, hibernate.format_sql=true, user.name=Monitora, java.class.path=C:\Users\Monitora\Documents\workspace\rebalancing\build\classes\test;C:\Users\Monitora\Documents\workspace\rebalancing\build\resources\test;C:\Users\Monitora\Documents\workspace\rebalancing\build\classes\main;C:\Users\Monitora\Documents\workspace\rebalancing\build\resources\main;C:\Users\Monitora\.gradle\caches\modules-2\files-2.1\org.springframework.boot\spring-boot-starter\1.5.3.RELEASE\3b966d5e3d422474b7af2e73ae0d371ae02718b\spring-boot-starter-1.5.3.RELEASE.jar;C:\Users\Monitora\.gradle\caches\modules-2\files-2.1\org.springframework.boot\spring-boot-starter-actuator\1.5.3.RELEASE\f7e3a01f09675d19c53eb60ac48d78d1ff62e5cc\spring-boot-starter-actuator-1.5.3.RELEASE.jar;C:\Users\Monitora\.gradle\caches\modules-2\files-2.1\org.springframework.boot\spring-boot-starter-security\1.5.3.RELEASE\f814211730a1925389ffa5c033d30d249435fc99\spring-boot-starter-security-1.5.3.RELEASE.jar;C:\Users\Monitora\.gradle\caches\modules-2\files-2.1\org.springframework.boot\spring-boot-starter-data-jpa\1.5.3.RELEASE\67f1d0cc0fdeb20595c54ce3340f048fe3b6f67f\spring-boot-starter-data-jpa-1.5.3.RELEASE.jar;C:\Users\Monitora\.gradle\caches\modules-2\files-2.1\org.springframework\spring-context-support\4.1.4.RELEASE\4ec9b2b9957273d84ac5fdaad29e4eb9716db71e\spring-context-support-4.1.4.RELEASE.jar;C:\Users\Monitora\.gradle\caches\modules-2\files-2.1\org.springframework.security\spring-security-taglibs\4.1.4.RELEASE\78de7638730c0c85437e6c00b1cb60b1ef04027e\spring-security-taglibs-4.1.4.RELEASE.jar;C:\Users\Monitora\.gradle\caches\modules-2\files-2.1\org.springframework.boot\spring-boot-starter-aop\1.4.1.RELEASE\bf53ddc99497712ac4636cc2128717bcaa805ee4\spring-boot-starter-aop-1.4.1.RELEASE.jar;C:\Users\Monitora\.gradle\caches\modules-2\files-2.1\org.springframework.security\spring-security-test\4.0.0.RELEASE\185ecf4ec270840beee767a0c4c278d79eb9c89d\spring-security-test-4.0.0.RELEASE.jar;C:\Users\Monitora\.gradle\caches\modules-2\files-2.1\org.springframework\spring-test\4.1.0.RELEASE\8ce6a6500063c2398b61ef659fef3c8bf192e0b2\spring-test-4.1.0.RELEASE.jar;C:\Users\Monitora\.gradle\caches\modules-2\files-2.1\com.h2database\h2\1.4.194\a180e95af52ad8116d52beb5f1d28596dcafa9d8\h2-1.4.194.jar;C:\Users\Monitora\.gradle\caches\modules-2\files-2.1\com.google.guava\guava\22.0\3564ef3803de51fb0530a8377ec6100b33b0d073\guava-22.0.jar;C:\Users\Monitora\.gradle\caches\modules-2\files-2.1\javax.servlet\jstl\1.2\74aca283cd4f4b4f3e425f5820cda58f44409547\jstl-1.2.jar;C:\Users\Monitora\.gradle\caches\modules-2\files-2.1\junit\junit\4.12\2973d150c0dc1fefe998f834810d68f278ea58ec\junit-4.12.jar;C:\Users\Monitora\.gradle\caches\modules-2\files-2.1\org.springframework.boot\spring-boot-starter-web\1.5.3.RELEASE\37469baf2a75a9d2230391a5038f49d4018d2bcc\spring-boot-starter-web-1.5.3.RELEASE.jar;C:\Users\Monitora\.gradle\caches\modules-2\files-2.1\org.apache.tomcat.embed\tomcat-embed-jasper\8.5.14\1dcc328e2ad396677af2db55a603a464d09d3480\tomcat-embed-jasper-8.5.14.jar;C:\Users\Monitora\.gradle\caches\modules-2\files-2.1\com.google.code.findbugs\jsr305\3.0.1\f7be08ec23c21485b9b5a1cf1654c2ec8c58168d\jsr305-3.0.1.jar;C:\Users\Monitora\.gradle\caches\modules-2\files-2.1\org.springframework.boot\spring-boot-starter-test\1.5.3.RELEASE\c04072c6637e9a7798ef152dc04581d2644b56ed\spring-boot-starter-test-1.5.3.RELEASE.jar;C:\Users\Monitora\.gradle\caches\modules-2\files-2.1\org.springframework.boot\spring-boot\1.5.3.RELEASE\5fedde3489afd5dbd82f9122aaec4c9f6da3d564\spring-boot-1.5.3.RELEASE.jar;C:\Users\Monitora\.gradle\caches\modules-2\files-2.1\org.springframework.boot\spring-boot-autoconfigure\1.5.3.RELEASE\b2b4d4a704f039bf22787cc412b1dd34741821fc\spring-boot-autoconfigure-1.5.3.RELEASE.jar;C:\Users\Monitora\.gradle\caches\modules-2\files-2.1\org.springframework.boot\spring-boot-starter-logging\1.5.3.RELEASE\ae7f1d938755553b228dd7a7f98aebb0a683c099\spring-boot-starter-logging-1.5.3.RELEASE.jar;C:\Users\Monitora\.gradle\caches\modules-2\files-2.1\org.springframework\spring-core\4.3.8.RELEASE\cce6c251249e48f0a86aa578c2a0e262efa5a1e0\spring-core-4.3.8.RELEASE.jar;C:\Users\Monitora\.gradle\caches\modules-2\files-2.1\org.yaml\snakeyaml\1.17\7a27ea250c5130b2922b86dea63cbb1cc10a660c\snakeyaml-1.17.jar;C:\Users\Monitora\.gradle\caches\modules-2\files-2.1\org.springframework.boot\spring-boot-actuator\1.5.3.RELEASE\8c5ac2ccbdfb9a286b37b6c2b8df3d222bffce01\spring-boot-actuator-1.5.3.RELEASE.jar;C:\Users\Monitora\.gradle\caches\modules-2\files-2.1\org.springframework\spring-aop\4.3.8.RELEASE\2ee7e60f8838bff13c5def48fab571ab10553e5d\spring-aop-4.3.8.RELEASE.jar;C:\Users\Monitora\.gradle\caches\modules-2\files-2.1\org.springframework.security\spring-security-config\4.2.2.RELEASE\1129e18946a6af408f96e4e0c42c4313f6e191b4\spring-security-config-4.2.2.RELEASE.jar;C:\Users\Monitora\.gradle\caches\modules-2\files-2.1\org.springframework.security\spring-security-web\4.2.2.RELEASE\632c66fc1c826748f64867689c6688765db593c9\spring-security-web-4.2.2.RELEASE.jar;C:\Users\Monitora\.gradle\caches\modules-2\files-2.1\org.springframework.boot\spring-boot-starter-jdbc\1.5.3.RELEASE\8f1cdf7364558dd808e575c5815dd1ceaa99bcc5\spring-boot-starter-jdbc-1.5.3.RELEASE.jar;C:\Users\Monitora\.gradle\caches\modules-2\files-2.1\org.hibernate\hibernate-core\5.0.12.Final\e58bf1c660e6706d8e2cbb53bae110f574366102\hibernate-core-5.0.12.Final.jar;C:\Users\Monitora\.gradle\caches\modules-2\files-2.1\org.hibernate\hibernate-entitymanager\5.0.12.Final\302a526f5058290e9cbd719a5caf9f248d344719\hibernate-entitymanager-5.0.12.Final.jar;C:\Users\Monitora\.gradle\caches\modules-2\files-2.1\javax.transaction\javax.transaction-api\1.2\d81aff979d603edd90dcd8db2abc1f4ce6479e3e\javax.transaction-api-1.2.jar;C:\Users\Monitora\.gradle\caches\modules-2\files-2.1\org.springframework.data\spring-data-jpa\1.11.3.RELEASE\32394b68dd3eb580ace408c0c8b886601cc88288\spring-data-jpa-1.11.3.RELEASE.jar;C:\Users\Monitora\.gradle\caches\modules-2\files-2.1\org.springframework\spring-aspects\4.3.8.RELEASE\3db6b9e840cebde1edc08069d7edc6d03e7e682c\spring-aspects-4.3.8.RELEASE.jar;C:\Users\Monitora\.gradle\caches\modules-2\files-2.1\org.springframework\spring-beans\4.3.8.RELEASE\9d39133bb80e13d643bfefd731fe86cab3aa2bd7\spring-beans-4.3.8.RELEASE.jar;C:\Users\Monitora\.gradle\caches\modules-2\files-2.1\org.springframework\spring-context\4.3.8.RELEASE\944073ac58ab78b78a7694d2c53d4ae9f634c815\spring-context-4.3.8.RELEASE.jar;C:\Users\Monitora\.gradle\caches\modules-2\files-2.1\org.springframework.security\spring-security-acl\4.2.2.RELEASE\d2f2c272d9295e80d12be9b26d8c7d1f1b4bc6e\spring-security-acl-4.2.2.RELEASE.jar;C:\Users\Monitora\.gradle\caches\modules-2\files-2.1\org.springframework.security\spring-security-core\4.2.2.RELEASE\b4797b71d9f7d1a4b76b5d095ac20868369a8c31\spring-security-core-4.2.2.RELEASE.jar;C:\Users\Monitora\.gradle\caches\modules-2\files-2.1\org.springframework\spring-expression\4.3.8.RELEASE\204f7e241f42f46b16baa3d190752703efd7797\spring-expression-4.3.8.RELEASE.jar;C:\Users\Monitora\.gradle\caches\modules-2\files-2.1\org.springframework\spring-web\4.3.8.RELEASE\ec1b675c2e234b0c776d36ed56c691520030026f\spring-web-4.3.8.RELEASE.jar;C:\Users\Monitora\.gradle\caches\modules-2\files-2.1\org.aspectj\aspectjweaver\1.8.10\e198c5fee28988c355f74e06461614eae36b2032\aspectjweaver-1.8.10.jar;C:\Users\Monitora\.gradle\caches\modules-2\files-2.1\com.google.errorprone\error_prone_annotations\2.0.18\5f65affce1684999e2f4024983835efc3504012e\error_prone_annotations-2.0.18.jar;C:\Users\Monitora\.gradle\caches\modules-2\files-2.1\com.google.j2objc\j2objc-annotations\1.1\ed28ded51a8b1c6b112568def5f4b455e6809019\j2objc-annotations-1.1.jar;C:\Users\Monitora\.gradle\caches\modules-2\files-2.1\org.codehaus.mojo\animal-sniffer-annotations\1.14\775b7e22fb10026eed3f86e8dc556dfafe35f2d5\animal-sniffer-annotations-1.14.jar;C:\Users\Monitora\.gradle\caches\modules-2\files-2.1\org.hamcrest\hamcrest-core\1.3\42a25dc3219429f0e5d060061f71acb49bf010a0\hamcrest-core-1.3.jar;C:\Users\Monitora\.gradle\caches\modules-2\files-2.1\org.springframework.boot\spring-boot-starter-tomcat\1.5.3.RELEASE\1b71416805e0bbf6885ee65aae440adbad0afe60\spring-boot-starter-tomcat-1.5.3.RELEASE.jar;C:\Users\Monitora\.gradle\caches\modules-2\files-2.1\org.hibernate\hibernate-validator\5.3.5.Final\622a9bcef2eed6d41b5b8e0662c36212009e375\hibernate-validator-5.3.5.Final.jar;C:\Users\Monitora\.gradle\caches\modules-2\files-2.1\com.fasterxml.jackson.core\jackson-databind\2.8.8\bf88c7b27e95cbadce4e7c316a56c3efffda8026\jackson-databind-2.8.8.jar;C:\Users\Monitora\.gradle\caches\modules-2\files-2.1\org.springframework\spring-webmvc\4.3.8.RELEASE\7a00452c350de0fb80ecbcecfb8ce0145c46141e\spring-webmvc-4.3.8.RELEASE.jar;C:\Users\Monitora\.gradle\caches\modules-2\files-2.1\org.apache.tomcat.embed\tomcat-embed-core\8.5.14\7ce577af04cadd7ab4b36f71503fc688d5d52ccf\tomcat-embed-core-8.5.14.jar;C:\Users\Monitora\.gradle\caches\modules-2\files-2.1\org.apache.tomcat.embed\tomcat-embed-el\8.5.14\9e8a7cd67420d9857dbc62f84a3082c2a4b4b3eb\tomcat-embed-el-8.5.14.jar;C:\Users\Monitora\.gradle\caches\modules-2\files-2.1\org.eclipse.jdt.core.compiler\ecj\4.6.1\5555607add54eb79c5a0729134e663fe2e6300c2\ecj-4.6.1.jar;C:\Users\Monitora\.gradle\caches\modules-2\files-2.1\org.springframework.boot\spring-boot-test\1.5.3.RELEASE\ad57d8bacb4fc147ded7c99806f8693855f5fe29\spring-boot-test-1.5.3.RELEASE.jar;C:\Users\Monitora\.gradle\caches\modules-2\files-2.1\org.springframework.boot\spring-boot-test-autoconfigure\1.5.3.RELEASE\b0469a036d8c23f1d48e1a5bf9c0443ef2aa0fc3\spring-boot-test-autoconfigure-1.5.3.RELEASE.jar;C:\Users\Monitora\.gradle\caches\modules-2\files-2.1\com.jayway.jsonpath\json-path\2.2.0\22290d17944bd239fabf5ac69005a60a7ecbbbcb\json-path-2.2.0.jar;C:\Users\Monitora\.gradle\caches\modules-2\files-2.1\org.assertj\assertj-core\2.6.0\b532c3fc4f66bcfee4989a3514f1cd56203a33ad\assertj-core-2.6.0.jar;C:\Users\Monitora\.gradle\caches\modules-2\files-2.1\org.mockito\mockito-core\1.10.19\e8546f5bef4e061d8dd73895b4e8f40e3fe6effe\mockito-core-1.10.19.jar;C:\Users\Monitora\.gradle\caches\modules-2\files-2.1\org.hamcrest\hamcrest-library\1.3\4785a3c21320980282f9f33d0d1264a69040538f\hamcrest-library-1.3.jar;C:\Users\Monitora\.gradle\caches\modules-2\files-2.1\org.skyscreamer\jsonassert\1.4.0\9cdbb373a06f6513e51e8c545ee6a5e981463edb\jsonassert-1.4.0.jar;C:\Users\Monitora\.gradle\caches\modules-2\files-2.1\ch.qos.logback\logback-classic\1.1.11\ccedfbacef4a6515d2983e3f89ed753d5d4fb665\logback-classic-1.1.11.jar;C:\Users\Monitora\.gradle\caches\modules-2\files-2.1\org.slf4j\jcl-over-slf4j\1.7.25\f8c32b13ff142a513eeb5b6330b1588dcb2c0461\jcl-over-slf4j-1.7.25.jar;C:\Users\Monitora\.gradle\caches\modules-2\files-2.1\org.slf4j\jul-to-slf4j\1.7.25\af5364cd6679bfffb114f0dec8a157aaa283b76\jul-to-slf4j-1.7.25.jar;C:\Users\Monitora\.gradle\caches\modules-2\files-2.1\org.slf4j\log4j-over-slf4j\1.7.25\a87bb47468f47ee7aabbd54f93e133d4215769c3\log4j-over-slf4j-1.7.25.jar;C:\Users\Monitora\.gradle\caches\modules-2\files-2.1\aopalliance\aopalliance\1.0\235ba8b489512805ac13a8f9ea77a1ca5ebe3e8\aopalliance-1.0.jar;C:\Users\Monitora\.gradle\caches\modules-2\files-2.1\org.apache.tomcat\tomcat-jdbc\8.5.14\1303e59a4b69dd126454132cf6f6bc2d0fbd90ec\tomcat-jdbc-8.5.14.jar;C:\Users\Monitora\.gradle\caches\modules-2\files-2.1\org.springframework\spring-jdbc\4.3.8.RELEASE\55b84eaa488b3659dae971573aad35fe6f549011\spring-jdbc-4.3.8.RELEASE.jar;C:\Users\Monitora\.gradle\caches\modules-2\files-2.1\org.jboss.logging\jboss-logging\3.3.1.Final\c46217ab74b532568c0ed31dc599db3048bd1b67\jboss-logging-3.3.1.Final.jar;C:\Users\Monitora\.gradle\caches\modules-2\files-2.1\org.hibernate.javax.persistence\hibernate-jpa-2.1-api\1.0.0.Final\5e731d961297e5a07290bfaf3db1fbc8bbbf405a\hibernate-jpa-2.1-api-1.0.0.Final.jar;C:\Users\Monitora\.gradle\caches\modules-2\files-2.1\org.javassist\javassist\3.21.0-GA\598244f595db5c5fb713731eddbb1c91a58d959b\javassist-3.21.0-GA.jar;C:\Users\Monitora\.gradle\caches\modules-2\files-2.1\antlr\antlr\2.7.7\83cd2cd674a217ade95a4bb83a8a14f351f48bd0\antlr-2.7.7.jar;C:\Users\Monitora\.gradle\caches\modules-2\files-2.1\org.jboss\jandex\2.0.0.Final\3e899258936f94649c777193e1be846387ed54b3\jandex-2.0.0.Final.jar;C:\Users\Monitora\.gradle\caches\modules-2\files-2.1\dom4j\dom4j\1.6.1\5d3ccc056b6f056dbf0dddfdf43894b9065a8f94\dom4j-1.6.1.jar;C:\Users\Monitora\.gradle\caches\modules-2\files-2.1\org.hibernate.common\hibernate-commons-annotations\5.0.1.Final\71e1cff3fcb20d3b3af4f3363c3ddb24d33c6879\hibernate-commons-annotations-5.0.1.Final.jar;C:\Users\Monitora\.gradle\caches\modules-2\files-2.1\org.springframework.data\spring-data-commons\1.13.3.RELEASE\f8be49f9564b7b8736d8f1ebb55bbf4997c29514\spring-data-commons-1.13.3.RELEASE.jar;C:\Users\Monitora\.gradle\caches\modules-2\files-2.1\org.springframework\spring-orm\4.3.8.RELEASE\347119fc607f2a6261abb253a41c85caf4cef8ad\spring-orm-4.3.8.RELEASE.jar;C:\Users\Monitora\.gradle\caches\modules-2\files-2.1\org.springframework\spring-tx\4.3.8.RELEASE\7d84a40ac7eb8548aa67b8a3ae89baa8a5eb39a0\spring-tx-4.3.8.RELEASE.jar;C:\Users\Monitora\.gradle\caches\modules-2\files-2.1\org.slf4j\slf4j-api\1.7.25\da76ca59f6a57ee3102f8f9bd9cee742973efa8a\slf4j-api-1.7.25.jar;C:\Users\Monitora\.gradle\caches\modules-2\files-2.1\org.apache.tomcat.embed\tomcat-embed-websocket\8.5.14\254667b21d391dac7b1bc241c24be271d772caf7\tomcat-embed-websocket-8.5.14.jar;C:\Users\Monitora\.gradle\caches\modules-2\files-2.1\javax.validation\validation-api\1.1.0.Final\8613ae82954779d518631e05daa73a6a954817d5\validation-api-1.1.0.Final.jar;C:\Users\Monitora\.gradle\caches\modules-2\files-2.1\com.fasterxml\classmate\1.3.3\864c8e370a691e343210cc7c532fc198cee460d8\classmate-1.3.3.jar;C:\Users\Monitora\.gradle\caches\modules-2\files-2.1\com.fasterxml.jackson.core\jackson-annotations\2.8.0\45b426f7796b741035581a176744d91090e2e6fb\jackson-annotations-2.8.0.jar;C:\Users\Monitora\.gradle\caches\modules-2\files-2.1\com.fasterxml.jackson.core\jackson-core\2.8.8\d478fb6de45a7c3d2cad07c8ad70c7f0a797a020\jackson-core-2.8.8.jar;C:\Users\Monitora\.gradle\caches\modules-2\files-2.1\net.minidev\json-smart\2.2.1\5b9e5df7a62d1279b70dc882b041d249c4f0b002\json-smart-2.2.1.jar;C:\Users\Monitora\.gradle\caches\modules-2\files-2.1\org.objenesis\objenesis\2.1\87c0ea803b69252868d09308b4618f766f135a96\objenesis-2.1.jar;C:\Users\Monitora\.gradle\caches\modules-2\files-2.1\com.vaadin.external.google\android-json\0.0.20131108.vaadin1\fa26d351fe62a6a17f5cda1287c1c6110dec413f\android-json-0.0.20131108.vaadin1.jar;C:\Users\Monitora\.gradle\caches\modules-2\files-2.1\ch.qos.logback\logback-core\1.1.11\88b8df40340eed549fb07e2613879bf6b006704d\logback-core-1.1.11.jar;C:\Users\Monitora\.gradle\caches\modules-2\files-2.1\org.apache.tomcat\tomcat-juli\8.5.14\dbd351147d692d88107a780a932646af2258fc5d\tomcat-juli-8.5.14.jar;C:\Users\Monitora\.gradle\caches\modules-2\files-2.1\net.minidev\accessors-smart\1.1\a527213f2fea112a04c9bdf0ec0264e34104cd08\accessors-smart-1.1.jar;C:\Users\Monitora\.gradle\caches\modules-2\files-2.1\org.ow2.asm\asm\5.0.3\dcc2193db20e19e1feca8b1240dbbc4e190824fa\asm-5.0.3.jar, hibernate.bytecode.use_reflection_optimizer=false, hibernate.show_sql=true, javax.persistence.validation.mode=AUTO, java.vm.specification.version=1.8, sun.arch.data.model=64, sun.java.command=worker.org.gradle.process.internal.worker.GradleWorkerMain 'Gradle Test Executor 1', java.home=D:\Program Files\Java\jdk1.8.0_111\jre, hibernate.dialect=org.hibernate.dialect.H2Dialect, user.language=pt, java.specification.vendor=Oracle Corporation, hibernate.ddl-auto=create-drop, awt.toolkit=sun.awt.windows.WToolkit, java.vm.info=mixed mode, java.version=1.8.0_111, java.ext.dirs=D:\Program Files\Java\jdk1.8.0_111\jre\lib\ext;C:\Windows\Sun\Java\lib\ext, sun.boot.class.path=D:\Program Files\Java\jdk1.8.0_111\jre\lib\resources.jar;D:\Program Files\Java\jdk1.8.0_111\jre\lib\rt.jar;D:\Program Files\Java\jdk1.8.0_111\jre\lib\sunrsasign.jar;D:\Program Files\Java\jdk1.8.0_111\jre\lib\jsse.jar;D:\Program Files\Java\jdk1.8.0_111\jre\lib\jce.jar;D:\Program Files\Java\jdk1.8.0_111\jre\lib\charsets.jar;D:\Program Files\Java\jdk1.8.0_111\jre\lib\jfr.jar;D:\Program Files\Java\jdk1.8.0_111\jre\classes, java.vendor=Oracle Corporation, org.gradle.test.worker=1, file.separator=\, java.vendor.url.bug=http://bugreport.sun.com/bugreport/, hibernate.hbm2ddl.auto=create, sun.io.unicode.encoding=UnicodeLittle, sun.cpu.endian=little, sun.desktop=windows, sun.cpu.isalist=amd64}
14:39:38.290 [Test worker] DEBUG org.hibernate.validator.internal.engine.resolver.DefaultTraversableResolver - Found javax.persistence.Persistence on classpath containing 'getPersistenceUtil'. Assuming JPA 2 environment. Trying to instantiate JPA aware TraversableResolver
14:39:38.290 [Test worker] DEBUG org.hibernate.validator.internal.engine.resolver.DefaultTraversableResolver - Instantiated JPA aware TraversableResolver of type org.hibernate.validator.internal.engine.resolver.JPATraversableResolver.
14:39:38.290 [Test worker] DEBUG org.hibernate.validator.internal.xml.ValidationXmlParser - Trying to load META-INF/validation.xml for XML based Validator configuration.
14:39:38.290 [Test worker] DEBUG org.hibernate.validator.internal.xml.ResourceLoaderHelper - Trying to load META-INF/validation.xml via TCCL
14:39:38.291 [Test worker] DEBUG org.hibernate.validator.internal.xml.ResourceLoaderHelper - Trying to load META-INF/validation.xml via Hibernate Validator's class loader
14:39:38.291 [Test worker] DEBUG org.hibernate.validator.internal.xml.ValidationXmlParser - No META-INF/validation.xml found. Using annotation based configuration only.
14:39:38.295 [Test worker] DEBUG org.hibernate.boot.internal.ClassLoaderAccessImpl - Not known whether passed class name [com.mushopl.models.Role] is safe
14:39:38.295 [Test worker] DEBUG org.hibernate.boot.internal.ClassLoaderAccessImpl - No temp ClassLoader provided; using live ClassLoader for loading potentially unsafe class : com.mushopl.models.Role
14:39:38.303 [Test worker] DEBUG org.hibernate.boot.internal.ClassLoaderAccessImpl - Not known whether passed class name [com.mushopl.models.CartItem] is safe
14:39:38.303 [Test worker] DEBUG org.hibernate.boot.internal.ClassLoaderAccessImpl - No temp ClassLoader provided; using live ClassLoader for loading potentially unsafe class : com.mushopl.models.CartItem
14:39:38.307 [Test worker] DEBUG org.hibernate.boot.internal.ClassLoaderAccessImpl - Not known whether passed class name [com.mushopl.models.BlogPost] is safe
14:39:38.307 [Test worker] DEBUG org.hibernate.boot.internal.ClassLoaderAccessImpl - No temp ClassLoader provided; using live ClassLoader for loading potentially unsafe class : com.mushopl.models.BlogPost
14:39:38.310 [Test worker] DEBUG org.hibernate.boot.internal.ClassLoaderAccessImpl - Not known whether passed class name [com.mushopl.models.Product] is safe
14:39:38.310 [Test worker] DEBUG org.hibernate.boot.internal.ClassLoaderAccessImpl - No temp ClassLoader provided; using live ClassLoader for loading potentially unsafe class : com.mushopl.models.Product
14:39:38.314 [Test worker] DEBUG org.hibernate.boot.internal.ClassLoaderAccessImpl - Not known whether passed class name [com.mushopl.models.User] is safe
14:39:38.314 [Test worker] DEBUG org.hibernate.boot.internal.ClassLoaderAccessImpl - No temp ClassLoader provided; using live ClassLoader for loading potentially unsafe class : com.mushopl.models.User
14:39:38.318 [Test worker] DEBUG org.hibernate.boot.internal.ClassLoaderAccessImpl - Not known whether passed class name [com.mushopl.models.ShoppingCart] is safe
14:39:38.319 [Test worker] DEBUG org.hibernate.boot.internal.ClassLoaderAccessImpl - No temp ClassLoader provided; using live ClassLoader for loading potentially unsafe class : com.mushopl.models.ShoppingCart
14:39:38.323 [Test worker] DEBUG org.hibernate.secure.spi.JaccIntegrator - Skipping JACC integration as it was not enabled
14:39:38.323 [Test worker] DEBUG org.hibernate.engine.spi.CascadeStyles - External cascade style regsitration [persist : STYLE_PERSIST_SKIPLAZY] overrode base registration [STYLE_PERSIST_SKIPLAZY]
14:39:38.327 [Test worker] DEBUG org.hibernate.boot.internal.ClassLoaderAccessImpl - Not known whether passed class name [com.mushopl.models.Role] is safe
14:39:38.327 [Test worker] DEBUG org.hibernate.boot.internal.ClassLoaderAccessImpl - No temp ClassLoader provided; using live ClassLoader for loading potentially unsafe class : com.mushopl.models.Role
14:39:38.329 [Test worker] DEBUG org.hibernate.boot.internal.ClassLoaderAccessImpl - Not known whether passed class name [com.mushopl.models.CartItem] is safe
14:39:38.329 [Test worker] DEBUG org.hibernate.boot.internal.ClassLoaderAccessImpl - No temp ClassLoader provided; using live ClassLoader for loading potentially unsafe class : com.mushopl.models.CartItem
14:39:38.329 [Test worker] DEBUG org.hibernate.boot.internal.ClassLoaderAccessImpl - Not known whether passed class name [com.mushopl.models.CartItem] is safe
14:39:38.329 [Test worker] DEBUG org.hibernate.boot.internal.ClassLoaderAccessImpl - No temp ClassLoader provided; using live ClassLoader for loading potentially unsafe class : com.mushopl.models.CartItem
14:39:38.330 [Test worker] DEBUG org.hibernate.boot.internal.ClassLoaderAccessImpl - Not known whether passed class name [com.mushopl.models.BlogPost] is safe
14:39:38.330 [Test worker] DEBUG org.hibernate.boot.internal.ClassLoaderAccessImpl - No temp ClassLoader provided; using live ClassLoader for loading potentially unsafe class : com.mushopl.models.BlogPost
14:39:38.331 [Test worker] DEBUG org.hibernate.boot.internal.ClassLoaderAccessImpl - Not known whether passed class name [com.mushopl.models.BlogPost] is safe
14:39:38.331 [Test worker] DEBUG org.hibernate.boot.internal.ClassLoaderAccessImpl - No temp ClassLoader provided; using live ClassLoader for loading potentially unsafe class : com.mushopl.models.BlogPost
14:39:38.332 [Test worker] DEBUG org.hibernate.boot.internal.ClassLoaderAccessImpl - Not known whether passed class name [com.mushopl.models.Product] is safe
14:39:38.332 [Test worker] DEBUG org.hibernate.boot.internal.ClassLoaderAccessImpl - No temp ClassLoader provided; using live ClassLoader for loading potentially unsafe class : com.mushopl.models.Product
14:39:38.333 [Test worker] DEBUG org.hibernate.boot.internal.ClassLoaderAccessImpl - Not known whether passed class name [com.mushopl.models.Product] is safe
14:39:38.333 [Test worker] DEBUG org.hibernate.boot.internal.ClassLoaderAccessImpl - No temp ClassLoader provided; using live ClassLoader for loading potentially unsafe class : com.mushopl.models.Product
14:39:38.335 [Test worker] DEBUG org.hibernate.boot.internal.ClassLoaderAccessImpl - Not known whether passed class name [com.mushopl.models.User] is safe
14:39:38.336 [Test worker] DEBUG org.hibernate.boot.internal.ClassLoaderAccessImpl - No temp ClassLoader provided; using live ClassLoader for loading potentially unsafe class : com.mushopl.models.User
14:39:38.336 [Test worker] DEBUG org.hibernate.boot.internal.ClassLoaderAccessImpl - Not known whether passed class name [com.mushopl.models.User] is safe
14:39:38.336 [Test worker] DEBUG org.hibernate.boot.internal.ClassLoaderAccessImpl - No temp ClassLoader provided; using live ClassLoader for loading potentially unsafe class : com.mushopl.models.User
14:39:38.337 [Test worker] DEBUG org.hibernate.boot.internal.ClassLoaderAccessImpl - Not known whether passed class name [com.mushopl.models.ShoppingCart] is safe
14:39:38.337 [Test worker] DEBUG org.hibernate.boot.internal.ClassLoaderAccessImpl - No temp ClassLoader provided; using live ClassLoader for loading potentially unsafe class : com.mushopl.models.ShoppingCart
14:39:38.338 [Test worker] DEBUG org.hibernate.boot.internal.ClassLoaderAccessImpl - Not known whether passed class name [com.mushopl.models.ShoppingCart] is safe
14:39:38.338 [Test worker] DEBUG org.hibernate.boot.internal.ClassLoaderAccessImpl - No temp ClassLoader provided; using live ClassLoader for loading potentially unsafe class : com.mushopl.models.ShoppingCart
14:39:38.340 [Test worker] DEBUG org.hibernate.persister.collection.AbstractCollectionPersister - Static SQL for collection: com.mushopl.models.Product.prices
14:39:38.340 [Test worker] DEBUG org.hibernate.persister.collection.AbstractCollectionPersister -  Row insert: insert into Product_prices (Product_id, type, value) values (?, ?, ?)
14:39:38.340 [Test worker] DEBUG org.hibernate.persister.collection.AbstractCollectionPersister -  Row update: update Product_prices set type=?, value=? where Product_id=? and type=? and value=?
14:39:38.340 [Test worker] DEBUG org.hibernate.persister.collection.AbstractCollectionPersister -  Row delete: delete from Product_prices where Product_id=? and type=? and value=?
14:39:38.340 [Test worker] DEBUG org.hibernate.persister.collection.AbstractCollectionPersister -  One-shot delete: delete from Product_prices where Product_id=?
14:39:38.340 [Test worker] DEBUG org.hibernate.persister.collection.AbstractCollectionPersister - Static SQL for collection: com.mushopl.models.ShoppingCart.items
14:39:38.340 [Test worker] DEBUG org.hibernate.persister.collection.AbstractCollectionPersister -  Row insert: insert into shopping_cart_CartItem (ShoppingCart_id, items_id) values (?, ?)
14:39:38.340 [Test worker] DEBUG org.hibernate.persister.collection.AbstractCollectionPersister -  Row update: update shopping_cart_CartItem set items_id=? where ShoppingCart_id=? and items_id=?
14:39:38.340 [Test worker] DEBUG org.hibernate.persister.collection.AbstractCollectionPersister -  Row delete: delete from shopping_cart_CartItem where ShoppingCart_id=? and items_id=?
14:39:38.340 [Test worker] DEBUG org.hibernate.persister.collection.AbstractCollectionPersister -  One-shot delete: delete from shopping_cart_CartItem where ShoppingCart_id=?
14:39:38.341 [Test worker] DEBUG org.hibernate.persister.collection.AbstractCollectionPersister - Static SQL for collection: com.mushopl.models.User.roles
14:39:38.341 [Test worker] DEBUG org.hibernate.persister.collection.AbstractCollectionPersister -  Row insert: update roles set username=? where username=? and name=?
14:39:38.341 [Test worker] DEBUG org.hibernate.persister.collection.AbstractCollectionPersister -  Row update: update roles set  where username=? and name=?
14:39:38.341 [Test worker] DEBUG org.hibernate.persister.collection.AbstractCollectionPersister -  Row delete: update roles set username=null where username=? and name=?
14:39:38.341 [Test worker] DEBUG org.hibernate.persister.collection.AbstractCollectionPersister -  One-shot delete: update roles set username=null where username=?
14:39:38.342 [Test worker] DEBUG org.hibernate.persister.entity.AbstractEntityPersister - Static SQL for entity: com.mushopl.models.Role
14:39:38.342 [Test worker] DEBUG org.hibernate.persister.entity.AbstractEntityPersister -  Version select: select username, name from roles where username =? and name =?
14:39:38.342 [Test worker] DEBUG org.hibernate.persister.entity.AbstractEntityPersister -  Snapshot select: select role_.username, role_.name from roles role_ where role_.username=? and role_.name=?
14:39:38.342 [Test worker] DEBUG org.hibernate.persister.entity.AbstractEntityPersister -  Insert 0: insert into roles (username, name) values (?, ?)
14:39:38.342 [Test worker] DEBUG org.hibernate.persister.entity.AbstractEntityPersister -  Update 0: null
14:39:38.342 [Test worker] DEBUG org.hibernate.persister.entity.AbstractEntityPersister -  Delete 0: delete from roles where username=? and name=?
14:39:38.342 [Test worker] DEBUG org.hibernate.loader.plan.build.internal.spaces.QuerySpacesImpl - Adding QuerySpace : uid = <gen:0> -> org.hibernate.loader.plan.build.internal.spaces.EntityQuerySpaceImpl@47474fa9]
14:39:38.342 [Test worker] DEBUG org.hibernate.loader.plan.build.internal.spaces.QuerySpacesImpl - Adding QuerySpace : uid = <gen:0>-id -> org.hibernate.loader.plan.build.internal.spaces.CompositeQuerySpaceImpl@436fef9d]
14:39:38.342 [Test worker] DEBUG org.hibernate.persister.walking.spi.MetamodelGraphWalker - Visiting attribute path : user
14:39:38.342 [Test worker] DEBUG org.hibernate.loader.plan.build.internal.spaces.QuerySpacesImpl - Adding QuerySpace : uid = <gen:1> -> org.hibernate.loader.plan.build.internal.spaces.EntityQuerySpaceImpl@28bf09b]
14:39:38.342 [Test worker] DEBUG org.hibernate.persister.walking.spi.MetamodelGraphWalker - Visiting attribute path : user.name
14:39:38.342 [Test worker] DEBUG org.hibernate.persister.walking.spi.MetamodelGraphWalker - Visiting attribute path : user.pass
14:39:38.342 [Test worker] DEBUG org.hibernate.persister.walking.spi.MetamodelGraphWalker - Visiting attribute path : user.roles
14:39:38.342 [Test worker] DEBUG org.hibernate.persister.walking.spi.MetamodelGraphWalker - Property path deemed to be circular : user.roles
14:39:38.343 [Test worker] DEBUG org.hibernate.persister.walking.spi.MetamodelGraphWalker - Visiting attribute path : name
14:39:38.343 [Test worker] DEBUG org.hibernate.loader.plan.build.internal.FetchStyleLoadPlanBuildingAssociationVisitationStrategy - Building LoadPlan...
14:39:38.343 [Test worker] DEBUG org.hibernate.loader.plan.exec.internal.LoadQueryJoinAndFetchProcessor - processing queryspace <gen:0>
14:39:38.343 [Test worker] DEBUG org.hibernate.loader.plan.build.spi.LoadPlanTreePrinter - LoadPlan(entity=com.mushopl.models.Role)
    - Returns
       - EntityReturnImpl(entity=com.mushopl.models.Role, querySpaceUid=<gen:0>, path=com.mushopl.models.Role)
          - (entity id) 
             - EntityAttributeFetchImpl(entity=com.mushopl.models.User, querySpaceUid=<gen:1>, path=com.mushopl.models.Role.id.user)
    - QuerySpaces
       - EntityQuerySpaceImpl(uid=<gen:0>, entity=com.mushopl.models.Role)
          - SQL table alias mapping - role0_
          - alias suffix - 0_
          - suffixed key columns - {username2_4_0_, name1_4_0_}
          - JOIN (JoinDefinedByMetadata(id)) : <gen:0> -> <gen:0>-id
             - CompositeQuerySpaceImpl(uid=<gen:0>-id)
                - SQL table alias mapping - role0_
                - JOIN (JoinDefinedByMetadata(user)) : <gen:0>-id -> <gen:1>
                   - EntityQuerySpaceImpl(uid=<gen:1>, entity=com.mushopl.models.User)
                      - SQL table alias mapping - user1_
                      - alias suffix - 1_
                      - suffixed key columns - {username1_7_1_}

14:39:38.344 [Test worker] DEBUG org.hibernate.loader.entity.plan.EntityLoader - Static select for entity com.mushopl.models.Role [NONE]: select role0_.username as username2_4_0_, role0_.name as name1_4_0_, user1_.username as username1_7_1_, user1_.name as name2_7_1_, user1_.pass as pass3_7_1_ from roles role0_ inner join users user1_ on role0_.username=user1_.username where role0_.username=? and role0_.name=?
14:39:38.344 [Test worker] DEBUG org.hibernate.loader.plan.build.internal.spaces.QuerySpacesImpl - Adding QuerySpace : uid = <gen:0> -> org.hibernate.loader.plan.build.internal.spaces.EntityQuerySpaceImpl@5829e846]
14:39:38.344 [Test worker] DEBUG org.hibernate.loader.plan.build.internal.spaces.QuerySpacesImpl - Adding QuerySpace : uid = <gen:0>-id -> org.hibernate.loader.plan.build.internal.spaces.CompositeQuerySpaceImpl@416a1bad]
14:39:38.344 [Test worker] DEBUG org.hibernate.persister.walking.spi.MetamodelGraphWalker - Visiting attribute path : user
14:39:38.344 [Test worker] DEBUG org.hibernate.loader.plan.build.internal.spaces.QuerySpacesImpl - Adding QuerySpace : uid = <gen:1> -> org.hibernate.loader.plan.build.internal.spaces.EntityQuerySpaceImpl@125bf6aa]
14:39:38.344 [Test worker] DEBUG org.hibernate.persister.walking.spi.MetamodelGraphWalker - Visiting attribute path : user.name
14:39:38.344 [Test worker] DEBUG org.hibernate.persister.walking.spi.MetamodelGraphWalker - Visiting attribute path : user.pass
14:39:38.344 [Test worker] DEBUG org.hibernate.persister.walking.spi.MetamodelGraphWalker - Visiting attribute path : user.roles
14:39:38.344 [Test worker] DEBUG org.hibernate.persister.walking.spi.MetamodelGraphWalker - Property path deemed to be circular : user.roles
14:39:38.344 [Test worker] DEBUG org.hibernate.persister.walking.spi.MetamodelGraphWalker - Visiting attribute path : name
14:39:38.344 [Test worker] DEBUG org.hibernate.loader.plan.build.internal.FetchStyleLoadPlanBuildingAssociationVisitationStrategy - Building LoadPlan...
14:39:38.344 [Test worker] DEBUG org.hibernate.loader.plan.exec.internal.LoadQueryJoinAndFetchProcessor - processing queryspace <gen:0>
14:39:38.345 [Test worker] DEBUG org.hibernate.loader.plan.build.spi.LoadPlanTreePrinter - LoadPlan(entity=com.mushopl.models.Role)
    - Returns
       - EntityReturnImpl(entity=com.mushopl.models.Role, querySpaceUid=<gen:0>, path=com.mushopl.models.Role)
          - (entity id) 
             - EntityAttributeFetchImpl(entity=com.mushopl.models.User, querySpaceUid=<gen:1>, path=com.mushopl.models.Role.id.user)
    - QuerySpaces
       - EntityQuerySpaceImpl(uid=<gen:0>, entity=com.mushopl.models.Role)
          - SQL table alias mapping - role0_
          - alias suffix - 0_
          - suffixed key columns - {username2_4_0_, name1_4_0_}
          - JOIN (JoinDefinedByMetadata(id)) : <gen:0> -> <gen:0>-id
             - CompositeQuerySpaceImpl(uid=<gen:0>-id)
                - SQL table alias mapping - role0_
                - JOIN (JoinDefinedByMetadata(user)) : <gen:0>-id -> <gen:1>
                   - EntityQuerySpaceImpl(uid=<gen:1>, entity=com.mushopl.models.User)
                      - SQL table alias mapping - user1_
                      - alias suffix - 1_
                      - suffixed key columns - {username1_7_1_}

14:39:38.345 [Test worker] DEBUG org.hibernate.loader.entity.plan.EntityLoader - Static select for entity com.mushopl.models.Role [READ]: select role0_.username as username2_4_0_, role0_.name as name1_4_0_, user1_.username as username1_7_1_, user1_.name as name2_7_1_, user1_.pass as pass3_7_1_ from roles role0_ inner join users user1_ on role0_.username=user1_.username where role0_.username=? and role0_.name=?
14:39:38.345 [Test worker] DEBUG org.hibernate.loader.plan.build.internal.spaces.QuerySpacesImpl - Adding QuerySpace : uid = <gen:0> -> org.hibernate.loader.plan.build.internal.spaces.EntityQuerySpaceImpl@5eb905df]
14:39:38.345 [Test worker] DEBUG org.hibernate.loader.plan.build.internal.spaces.QuerySpacesImpl - Adding QuerySpace : uid = <gen:0>-id -> org.hibernate.loader.plan.build.internal.spaces.CompositeQuerySpaceImpl@610d40dd]
14:39:38.345 [Test worker] DEBUG org.hibernate.persister.walking.spi.MetamodelGraphWalker - Visiting attribute path : user
14:39:38.345 [Test worker] DEBUG org.hibernate.loader.plan.build.internal.spaces.QuerySpacesImpl - Adding QuerySpace : uid = <gen:1> -> org.hibernate.loader.plan.build.internal.spaces.EntityQuerySpaceImpl@5039c777]
14:39:38.345 [Test worker] DEBUG org.hibernate.persister.walking.spi.MetamodelGraphWalker - Visiting attribute path : name
14:39:38.345 [Test worker] DEBUG org.hibernate.loader.plan.build.internal.FetchStyleLoadPlanBuildingAssociationVisitationStrategy - Building LoadPlan...
14:39:38.346 [Test worker] DEBUG org.hibernate.loader.plan.exec.internal.LoadQueryJoinAndFetchProcessor - processing queryspace <gen:0>
14:39:38.346 [Test worker] DEBUG org.hibernate.loader.plan.build.spi.LoadPlanTreePrinter - LoadPlan(entity=com.mushopl.models.Role)
    - Returns
       - EntityReturnImpl(entity=com.mushopl.models.Role, querySpaceUid=<gen:0>, path=com.mushopl.models.Role)
          - (entity id) 
             - EntityAttributeFetchImpl(entity=com.mushopl.models.User, querySpaceUid=<gen:1>, path=com.mushopl.models.Role.id.user)
    - QuerySpaces
       - EntityQuerySpaceImpl(uid=<gen:0>, entity=com.mushopl.models.Role)
          - SQL table alias mapping - role0_
          - alias suffix - 0_
          - suffixed key columns - {username2_4_0_, name1_4_0_}
          - JOIN (JoinDefinedByMetadata(id)) : <gen:0> -> <gen:0>-id
             - CompositeQuerySpaceImpl(uid=<gen:0>-id)
                - SQL table alias mapping - role0_

14:39:38.346 [Test worker] DEBUG org.hibernate.loader.entity.plan.EntityLoader - Static select for entity com.mushopl.models.Role [UPGRADE]: select role0_.username as username2_4_0_, role0_.name as name1_4_0_ from roles role0_ where role0_.username=? and role0_.name=? for update
14:39:38.347 [Test worker] DEBUG org.hibernate.loader.plan.build.internal.spaces.QuerySpacesImpl - Adding QuerySpace : uid = <gen:0> -> org.hibernate.loader.plan.build.internal.spaces.EntityQuerySpaceImpl@5b396e05]
14:39:38.347 [Test worker] DEBUG org.hibernate.loader.plan.build.internal.spaces.QuerySpacesImpl - Adding QuerySpace : uid = <gen:0>-id -> org.hibernate.loader.plan.build.internal.spaces.CompositeQuerySpaceImpl@7ece816]
14:39:38.347 [Test worker] DEBUG org.hibernate.persister.walking.spi.MetamodelGraphWalker - Visiting attribute path : user
14:39:38.347 [Test worker] DEBUG org.hibernate.loader.plan.build.internal.spaces.QuerySpacesImpl - Adding QuerySpace : uid = <gen:1> -> org.hibernate.loader.plan.build.internal.spaces.EntityQuerySpaceImpl@abeb844]
14:39:38.347 [Test worker] DEBUG org.hibernate.persister.walking.spi.MetamodelGraphWalker - Visiting attribute path : name
14:39:38.347 [Test worker] DEBUG org.hibernate.loader.plan.build.internal.FetchStyleLoadPlanBuildingAssociationVisitationStrategy - Building LoadPlan...
14:39:38.347 [Test worker] DEBUG org.hibernate.loader.plan.exec.internal.LoadQueryJoinAndFetchProcessor - processing queryspace <gen:0>
14:39:38.347 [Test worker] DEBUG org.hibernate.loader.plan.build.spi.LoadPlanTreePrinter - LoadPlan(entity=com.mushopl.models.Role)
    - Returns
       - EntityReturnImpl(entity=com.mushopl.models.Role, querySpaceUid=<gen:0>, path=com.mushopl.models.Role)
          - (entity id) 
             - EntityAttributeFetchImpl(entity=com.mushopl.models.User, querySpaceUid=<gen:1>, path=com.mushopl.models.Role.id.user)
    - QuerySpaces
       - EntityQuerySpaceImpl(uid=<gen:0>, entity=com.mushopl.models.Role)
          - SQL table alias mapping - role0_
          - alias suffix - 0_
          - suffixed key columns - {username2_4_0_, name1_4_0_}
          - JOIN (JoinDefinedByMetadata(id)) : <gen:0> -> <gen:0>-id
             - CompositeQuerySpaceImpl(uid=<gen:0>-id)
                - SQL table alias mapping - role0_

14:39:38.347 [Test worker] DEBUG org.hibernate.loader.entity.plan.EntityLoader - Static select for entity com.mushopl.models.Role [UPGRADE_NOWAIT]: select role0_.username as username2_4_0_, role0_.name as name1_4_0_ from roles role0_ where role0_.username=? and role0_.name=? for update
14:39:38.347 [Test worker] DEBUG org.hibernate.loader.plan.build.internal.spaces.QuerySpacesImpl - Adding QuerySpace : uid = <gen:0> -> org.hibernate.loader.plan.build.internal.spaces.EntityQuerySpaceImpl@6af24d5d]
14:39:38.347 [Test worker] DEBUG org.hibernate.loader.plan.build.internal.spaces.QuerySpacesImpl - Adding QuerySpace : uid = <gen:0>-id -> org.hibernate.loader.plan.build.internal.spaces.CompositeQuerySpaceImpl@301d5ce6]
14:39:38.348 [Test worker] DEBUG org.hibernate.persister.walking.spi.MetamodelGraphWalker - Visiting attribute path : user
14:39:38.348 [Test worker] DEBUG org.hibernate.loader.plan.build.internal.spaces.QuerySpacesImpl - Adding QuerySpace : uid = <gen:1> -> org.hibernate.loader.plan.build.internal.spaces.EntityQuerySpaceImpl@109c2586]
14:39:38.348 [Test worker] DEBUG org.hibernate.persister.walking.spi.MetamodelGraphWalker - Visiting attribute path : name
14:39:38.348 [Test worker] DEBUG org.hibernate.loader.plan.build.internal.FetchStyleLoadPlanBuildingAssociationVisitationStrategy - Building LoadPlan...
14:39:38.348 [Test worker] DEBUG org.hibernate.loader.plan.exec.internal.LoadQueryJoinAndFetchProcessor - processing queryspace <gen:0>
14:39:38.349 [Test worker] DEBUG org.hibernate.loader.plan.build.spi.LoadPlanTreePrinter - LoadPlan(entity=com.mushopl.models.Role)
    - Returns
       - EntityReturnImpl(entity=com.mushopl.models.Role, querySpaceUid=<gen:0>, path=com.mushopl.models.Role)
          - (entity id) 
             - EntityAttributeFetchImpl(entity=com.mushopl.models.User, querySpaceUid=<gen:1>, path=com.mushopl.models.Role.id.user)
    - QuerySpaces
       - EntityQuerySpaceImpl(uid=<gen:0>, entity=com.mushopl.models.Role)
          - SQL table alias mapping - role0_
          - alias suffix - 0_
          - suffixed key columns - {username2_4_0_, name1_4_0_}
          - JOIN (JoinDefinedByMetadata(id)) : <gen:0> -> <gen:0>-id
             - CompositeQuerySpaceImpl(uid=<gen:0>-id)
                - SQL table alias mapping - role0_

14:39:38.349 [Test worker] DEBUG org.hibernate.loader.entity.plan.EntityLoader - Static select for entity com.mushopl.models.Role [UPGRADE_SKIPLOCKED]: select role0_.username as username2_4_0_, role0_.name as name1_4_0_ from roles role0_ where role0_.username=? and role0_.name=? for update
14:39:38.349 [Test worker] DEBUG org.hibernate.loader.plan.build.internal.spaces.QuerySpacesImpl - Adding QuerySpace : uid = <gen:0> -> org.hibernate.loader.plan.build.internal.spaces.EntityQuerySpaceImpl@4abcb11f]
14:39:38.349 [Test worker] DEBUG org.hibernate.loader.plan.build.internal.spaces.QuerySpacesImpl - Adding QuerySpace : uid = <gen:0>-id -> org.hibernate.loader.plan.build.internal.spaces.CompositeQuerySpaceImpl@22313e69]
14:39:38.349 [Test worker] DEBUG org.hibernate.persister.walking.spi.MetamodelGraphWalker - Visiting attribute path : user
14:39:38.349 [Test worker] DEBUG org.hibernate.loader.plan.build.internal.spaces.QuerySpacesImpl - Adding QuerySpace : uid = <gen:1> -> org.hibernate.loader.plan.build.internal.spaces.EntityQuerySpaceImpl@7434a62e]
14:39:38.349 [Test worker] DEBUG org.hibernate.persister.walking.spi.MetamodelGraphWalker - Visiting attribute path : name
14:39:38.349 [Test worker] DEBUG org.hibernate.loader.plan.build.internal.FetchStyleLoadPlanBuildingAssociationVisitationStrategy - Building LoadPlan...
14:39:38.349 [Test worker] DEBUG org.hibernate.loader.plan.exec.internal.LoadQueryJoinAndFetchProcessor - processing queryspace <gen:0>
14:39:38.350 [Test worker] DEBUG org.hibernate.loader.plan.build.spi.LoadPlanTreePrinter - LoadPlan(entity=com.mushopl.models.Role)
    - Returns
       - EntityReturnImpl(entity=com.mushopl.models.Role, querySpaceUid=<gen:0>, path=com.mushopl.models.Role)
          - (entity id) 
             - EntityAttributeFetchImpl(entity=com.mushopl.models.User, querySpaceUid=<gen:1>, path=com.mushopl.models.Role.id.user)
    - QuerySpaces
       - EntityQuerySpaceImpl(uid=<gen:0>, entity=com.mushopl.models.Role)
          - SQL table alias mapping - role0_
          - alias suffix - 0_
          - suffixed key columns - {username2_4_0_, name1_4_0_}
          - JOIN (JoinDefinedByMetadata(id)) : <gen:0> -> <gen:0>-id
             - CompositeQuerySpaceImpl(uid=<gen:0>-id)
                - SQL table alias mapping - role0_

14:39:38.350 [Test worker] DEBUG org.hibernate.loader.entity.plan.EntityLoader - Static select for entity com.mushopl.models.Role [FORCE]: select role0_.username as username2_4_0_, role0_.name as name1_4_0_ from roles role0_ where role0_.username=? and role0_.name=? for update
14:39:38.350 [Test worker] DEBUG org.hibernate.loader.plan.build.internal.spaces.QuerySpacesImpl - Adding QuerySpace : uid = <gen:0> -> org.hibernate.loader.plan.build.internal.spaces.EntityQuerySpaceImpl@5fdd0cb7]
14:39:38.350 [Test worker] DEBUG org.hibernate.loader.plan.build.internal.spaces.QuerySpacesImpl - Adding QuerySpace : uid = <gen:0>-id -> org.hibernate.loader.plan.build.internal.spaces.CompositeQuerySpaceImpl@6ec07f7]
14:39:38.350 [Test worker] DEBUG org.hibernate.persister.walking.spi.MetamodelGraphWalker - Visiting attribute path : user
14:39:38.350 [Test worker] DEBUG org.hibernate.loader.plan.build.internal.spaces.QuerySpacesImpl - Adding QuerySpace : uid = <gen:1> -> org.hibernate.loader.plan.build.internal.spaces.EntityQuerySpaceImpl@45bdc5ce]
14:39:38.350 [Test worker] DEBUG org.hibernate.persister.walking.spi.MetamodelGraphWalker - Visiting attribute path : name
14:39:38.351 [Test worker] DEBUG org.hibernate.loader.plan.build.internal.FetchStyleLoadPlanBuildingAssociationVisitationStrategy - Building LoadPlan...
14:39:38.351 [Test worker] DEBUG org.hibernate.loader.plan.exec.internal.LoadQueryJoinAndFetchProcessor - processing queryspace <gen:0>
14:39:38.351 [Test worker] DEBUG org.hibernate.loader.plan.build.spi.LoadPlanTreePrinter - LoadPlan(entity=com.mushopl.models.Role)
    - Returns
       - EntityReturnImpl(entity=com.mushopl.models.Role, querySpaceUid=<gen:0>, path=com.mushopl.models.Role)
          - (entity id) 
             - EntityAttributeFetchImpl(entity=com.mushopl.models.User, querySpaceUid=<gen:1>, path=com.mushopl.models.Role.id.user)
    - QuerySpaces
       - EntityQuerySpaceImpl(uid=<gen:0>, entity=com.mushopl.models.Role)
          - SQL table alias mapping - role0_
          - alias suffix - 0_
          - suffixed key columns - {username2_4_0_, name1_4_0_}
          - JOIN (JoinDefinedByMetadata(id)) : <gen:0> -> <gen:0>-id
             - CompositeQuerySpaceImpl(uid=<gen:0>-id)
                - SQL table alias mapping - role0_

14:39:38.351 [Test worker] DEBUG org.hibernate.loader.entity.plan.EntityLoader - Static select for entity com.mushopl.models.Role [PESSIMISTIC_READ]: select role0_.username as username2_4_0_, role0_.name as name1_4_0_ from roles role0_ where role0_.username=? and role0_.name=? for update
14:39:38.351 [Test worker] DEBUG org.hibernate.loader.plan.build.internal.spaces.QuerySpacesImpl - Adding QuerySpace : uid = <gen:0> -> org.hibernate.loader.plan.build.internal.spaces.EntityQuerySpaceImpl@2388a131]
14:39:38.351 [Test worker] DEBUG org.hibernate.loader.plan.build.internal.spaces.QuerySpacesImpl - Adding QuerySpace : uid = <gen:0>-id -> org.hibernate.loader.plan.build.internal.spaces.CompositeQuerySpaceImpl@307dbbb7]
14:39:38.351 [Test worker] DEBUG org.hibernate.persister.walking.spi.MetamodelGraphWalker - Visiting attribute path : user
14:39:38.352 [Test worker] DEBUG org.hibernate.loader.plan.build.internal.spaces.QuerySpacesImpl - Adding QuerySpace : uid = <gen:1> -> org.hibernate.loader.plan.build.internal.spaces.EntityQuerySpaceImpl@19c8a7a8]
14:39:38.352 [Test worker] DEBUG org.hibernate.persister.walking.spi.MetamodelGraphWalker - Visiting attribute path : name
14:39:38.352 [Test worker] DEBUG org.hibernate.loader.plan.build.internal.FetchStyleLoadPlanBuildingAssociationVisitationStrategy - Building LoadPlan...
14:39:38.352 [Test worker] DEBUG org.hibernate.loader.plan.exec.internal.LoadQueryJoinAndFetchProcessor - processing queryspace <gen:0>
14:39:38.352 [Test worker] DEBUG org.hibernate.loader.plan.build.spi.LoadPlanTreePrinter - LoadPlan(entity=com.mushopl.models.Role)
    - Returns
       - EntityReturnImpl(entity=com.mushopl.models.Role, querySpaceUid=<gen:0>, path=com.mushopl.models.Role)
          - (entity id) 
             - EntityAttributeFetchImpl(entity=com.mushopl.models.User, querySpaceUid=<gen:1>, path=com.mushopl.models.Role.id.user)
    - QuerySpaces
       - EntityQuerySpaceImpl(uid=<gen:0>, entity=com.mushopl.models.Role)
          - SQL table alias mapping - role0_
          - alias suffix - 0_
          - suffixed key columns - {username2_4_0_, name1_4_0_}
          - JOIN (JoinDefinedByMetadata(id)) : <gen:0> -> <gen:0>-id
             - CompositeQuerySpaceImpl(uid=<gen:0>-id)
                - SQL table alias mapping - role0_

14:39:38.352 [Test worker] DEBUG org.hibernate.loader.entity.plan.EntityLoader - Static select for entity com.mushopl.models.Role [PESSIMISTIC_WRITE]: select role0_.username as username2_4_0_, role0_.name as name1_4_0_ from roles role0_ where role0_.username=? and role0_.name=? for update
14:39:38.353 [Test worker] DEBUG org.hibernate.loader.plan.build.internal.spaces.QuerySpacesImpl - Adding QuerySpace : uid = <gen:0> -> org.hibernate.loader.plan.build.internal.spaces.EntityQuerySpaceImpl@44350725]
14:39:38.353 [Test worker] DEBUG org.hibernate.loader.plan.build.internal.spaces.QuerySpacesImpl - Adding QuerySpace : uid = <gen:0>-id -> org.hibernate.loader.plan.build.internal.spaces.CompositeQuerySpaceImpl@29aa2153]
14:39:38.354 [Test worker] DEBUG org.hibernate.persister.walking.spi.MetamodelGraphWalker - Visiting attribute path : user
14:39:38.354 [Test worker] DEBUG org.hibernate.loader.plan.build.internal.spaces.QuerySpacesImpl - Adding QuerySpace : uid = <gen:1> -> org.hibernate.loader.plan.build.internal.spaces.EntityQuerySpaceImpl@1e491bcb]
14:39:38.355 [Test worker] DEBUG org.hibernate.persister.walking.spi.MetamodelGraphWalker - Visiting attribute path : name
14:39:38.355 [Test worker] DEBUG org.hibernate.loader.plan.build.internal.FetchStyleLoadPlanBuildingAssociationVisitationStrategy - Building LoadPlan...
14:39:38.355 [Test worker] DEBUG org.hibernate.loader.plan.exec.internal.LoadQueryJoinAndFetchProcessor - processing queryspace <gen:0>
14:39:38.356 [Test worker] DEBUG org.hibernate.loader.plan.build.spi.LoadPlanTreePrinter - LoadPlan(entity=com.mushopl.models.Role)
    - Returns
       - EntityReturnImpl(entity=com.mushopl.models.Role, querySpaceUid=<gen:0>, path=com.mushopl.models.Role)
          - (entity id) 
             - EntityAttributeFetchImpl(entity=com.mushopl.models.User, querySpaceUid=<gen:1>, path=com.mushopl.models.Role.id.user)
    - QuerySpaces
       - EntityQuerySpaceImpl(uid=<gen:0>, entity=com.mushopl.models.Role)
          - SQL table alias mapping - role0_
          - alias suffix - 0_
          - suffixed key columns - {username2_4_0_, name1_4_0_}
          - JOIN (JoinDefinedByMetadata(id)) : <gen:0> -> <gen:0>-id
             - CompositeQuerySpaceImpl(uid=<gen:0>-id)
                - SQL table alias mapping - role0_

14:39:38.356 [Test worker] DEBUG org.hibernate.loader.entity.plan.EntityLoader - Static select for entity com.mushopl.models.Role [PESSIMISTIC_FORCE_INCREMENT]: select role0_.username as username2_4_0_, role0_.name as name1_4_0_ from roles role0_ where role0_.username=? and role0_.name=? for update
14:39:38.356 [Test worker] DEBUG org.hibernate.loader.plan.build.internal.spaces.QuerySpacesImpl - Adding QuerySpace : uid = <gen:0> -> org.hibernate.loader.plan.build.internal.spaces.EntityQuerySpaceImpl@661111e8]
14:39:38.356 [Test worker] DEBUG org.hibernate.loader.plan.build.internal.spaces.QuerySpacesImpl - Adding QuerySpace : uid = <gen:0>-id -> org.hibernate.loader.plan.build.internal.spaces.CompositeQuerySpaceImpl@4936ecc8]
14:39:38.356 [Test worker] DEBUG org.hibernate.persister.walking.spi.MetamodelGraphWalker - Visiting attribute path : user
14:39:38.356 [Test worker] DEBUG org.hibernate.loader.plan.build.internal.spaces.QuerySpacesImpl - Adding QuerySpace : uid = <gen:1> -> org.hibernate.loader.plan.build.internal.spaces.EntityQuerySpaceImpl@4a216f15]
14:39:38.357 [Test worker] DEBUG org.hibernate.persister.walking.spi.MetamodelGraphWalker - Visiting attribute path : name
14:39:38.357 [Test worker] DEBUG org.hibernate.loader.plan.build.internal.FetchStyleLoadPlanBuildingAssociationVisitationStrategy - Building LoadPlan...
14:39:38.357 [Test worker] DEBUG org.hibernate.loader.plan.exec.internal.LoadQueryJoinAndFetchProcessor - processing queryspace <gen:0>
14:39:38.357 [Test worker] DEBUG org.hibernate.loader.plan.build.spi.LoadPlanTreePrinter - LoadPlan(entity=com.mushopl.models.Role)
    - Returns
       - EntityReturnImpl(entity=com.mushopl.models.Role, querySpaceUid=<gen:0>, path=com.mushopl.models.Role)
          - (entity id) 
             - EntityAttributeFetchImpl(entity=com.mushopl.models.User, querySpaceUid=<gen:1>, path=com.mushopl.models.Role.id.user)
    - QuerySpaces
       - EntityQuerySpaceImpl(uid=<gen:0>, entity=com.mushopl.models.Role)
          - SQL table alias mapping - role0_
          - alias suffix - 0_
          - suffixed key columns - {username2_4_0_, name1_4_0_}
          - JOIN (JoinDefinedByMetadata(id)) : <gen:0> -> <gen:0>-id
             - CompositeQuerySpaceImpl(uid=<gen:0>-id)
                - SQL table alias mapping - role0_

14:39:38.357 [Test worker] DEBUG org.hibernate.loader.entity.plan.EntityLoader - Static select for entity com.mushopl.models.Role [OPTIMISTIC]: select role0_.username as username2_4_0_, role0_.name as name1_4_0_ from roles role0_ where role0_.username=? and role0_.name=?
14:39:38.357 [Test worker] DEBUG org.hibernate.loader.plan.build.internal.spaces.QuerySpacesImpl - Adding QuerySpace : uid = <gen:0> -> org.hibernate.loader.plan.build.internal.spaces.EntityQuerySpaceImpl@348f9a35]
14:39:38.357 [Test worker] DEBUG org.hibernate.loader.plan.build.internal.spaces.QuerySpacesImpl - Adding QuerySpace : uid = <gen:0>-id -> org.hibernate.loader.plan.build.internal.spaces.CompositeQuerySpaceImpl@4519e546]
14:39:38.357 [Test worker] DEBUG org.hibernate.persister.walking.spi.MetamodelGraphWalker - Visiting attribute path : user
14:39:38.357 [Test worker] DEBUG org.hibernate.loader.plan.build.internal.spaces.QuerySpacesImpl - Adding QuerySpace : uid = <gen:1> -> org.hibernate.loader.plan.build.internal.spaces.EntityQuerySpaceImpl@654e63b1]
14:39:38.357 [Test worker] DEBUG org.hibernate.persister.walking.spi.MetamodelGraphWalker - Visiting attribute path : name
14:39:38.357 [Test worker] DEBUG org.hibernate.loader.plan.build.internal.FetchStyleLoadPlanBuildingAssociationVisitationStrategy - Building LoadPlan...
14:39:38.357 [Test worker] DEBUG org.hibernate.loader.plan.exec.internal.LoadQueryJoinAndFetchProcessor - processing queryspace <gen:0>
14:39:38.358 [Test worker] DEBUG org.hibernate.loader.plan.build.spi.LoadPlanTreePrinter - LoadPlan(entity=com.mushopl.models.Role)
    - Returns
       - EntityReturnImpl(entity=com.mushopl.models.Role, querySpaceUid=<gen:0>, path=com.mushopl.models.Role)
          - (entity id) 
             - EntityAttributeFetchImpl(entity=com.mushopl.models.User, querySpaceUid=<gen:1>, path=com.mushopl.models.Role.id.user)
    - QuerySpaces
       - EntityQuerySpaceImpl(uid=<gen:0>, entity=com.mushopl.models.Role)
          - SQL table alias mapping - role0_
          - alias suffix - 0_
          - suffixed key columns - {username2_4_0_, name1_4_0_}
          - JOIN (JoinDefinedByMetadata(id)) : <gen:0> -> <gen:0>-id
             - CompositeQuerySpaceImpl(uid=<gen:0>-id)
                - SQL table alias mapping - role0_

14:39:38.358 [Test worker] DEBUG org.hibernate.loader.entity.plan.EntityLoader - Static select for entity com.mushopl.models.Role [OPTIMISTIC_FORCE_INCREMENT]: select role0_.username as username2_4_0_, role0_.name as name1_4_0_ from roles role0_ where role0_.username=? and role0_.name=?
14:39:38.358 [Test worker] DEBUG org.hibernate.loader.Loader - Static select for action ACTION_MERGE on entity com.mushopl.models.Role: select role0_.username as username2_4_0_, role0_.name as name1_4_0_ from roles role0_ where role0_.username=? and role0_.name=?
14:39:38.358 [Test worker] DEBUG org.hibernate.loader.Loader - Static select for action ACTION_REFRESH on entity com.mushopl.models.Role: select role0_.username as username2_4_0_, role0_.name as name1_4_0_ from roles role0_ where role0_.username=? and role0_.name=?
14:39:38.358 [Test worker] DEBUG org.hibernate.persister.entity.AbstractEntityPersister - Static SQL for entity: com.mushopl.models.CartItem
14:39:38.358 [Test worker] DEBUG org.hibernate.persister.entity.AbstractEntityPersister -  Version select: select id from CartItem where id =?
14:39:38.360 [Test worker] DEBUG org.hibernate.persister.entity.AbstractEntityPersister -  Snapshot select: select cartitem_.id, cartitem_.product_id as product_3_1_, cartitem_.typePrice as typePric2_1_ from CartItem cartitem_ where cartitem_.id=?
14:39:38.360 [Test worker] DEBUG org.hibernate.persister.entity.AbstractEntityPersister -  Insert 0: insert into CartItem (product_id, typePrice, id) values (?, ?, ?)
14:39:38.361 [Test worker] DEBUG org.hibernate.persister.entity.AbstractEntityPersister -  Update 0: update CartItem set product_id=?, typePrice=? where id=?
14:39:38.361 [Test worker] DEBUG org.hibernate.persister.entity.AbstractEntityPersister -  Delete 0: delete from CartItem where id=?
14:39:38.361 [Test worker] DEBUG org.hibernate.persister.entity.AbstractEntityPersister -  Identity insert: insert into CartItem (id, product_id, typePrice) values (null, ?, ?)
14:39:38.361 [Test worker] DEBUG org.hibernate.loader.plan.build.internal.spaces.QuerySpacesImpl - Adding QuerySpace : uid = <gen:0> -> org.hibernate.loader.plan.build.internal.spaces.EntityQuerySpaceImpl@6ff7998b]
14:39:38.361 [Test worker] DEBUG org.hibernate.persister.walking.spi.MetamodelGraphWalker - Visiting attribute path : product
14:39:38.361 [Test worker] DEBUG org.hibernate.loader.plan.build.internal.spaces.QuerySpacesImpl - Adding QuerySpace : uid = <gen:1> -> org.hibernate.loader.plan.build.internal.spaces.EntityQuerySpaceImpl@6af0d50e]
14:39:38.361 [Test worker] DEBUG org.hibernate.persister.walking.spi.MetamodelGraphWalker - Visiting attribute path : product.description
14:39:38.361 [Test worker] DEBUG org.hibernate.persister.walking.spi.MetamodelGraphWalker - Visiting attribute path : product.pages
14:39:38.361 [Test worker] DEBUG org.hibernate.persister.walking.spi.MetamodelGraphWalker - Visiting attribute path : product.prices
14:39:38.361 [Test worker] DEBUG org.hibernate.loader.plan.build.internal.spaces.QuerySpacesImpl - Adding QuerySpace : uid = <gen:2> -> org.hibernate.loader.plan.build.internal.spaces.CollectionQuerySpaceImpl@2fdd85c6]
14:39:38.361 [Test worker] DEBUG org.hibernate.loader.plan.build.internal.spaces.QuerySpacesImpl - Adding QuerySpace : uid = <gen:3> -> org.hibernate.loader.plan.build.internal.spaces.CompositeQuerySpaceImpl@11a5e09]
14:39:38.361 [Test worker] DEBUG org.hibernate.persister.walking.spi.MetamodelGraphWalker - Visiting attribute path : product.title
14:39:38.361 [Test worker] DEBUG org.hibernate.persister.walking.spi.MetamodelGraphWalker - Visiting attribute path : typePrice
14:39:38.361 [Test worker] DEBUG org.hibernate.loader.plan.build.internal.FetchStyleLoadPlanBuildingAssociationVisitationStrategy - Building LoadPlan...
14:39:38.361 [Test worker] DEBUG org.hibernate.loader.plan.exec.internal.LoadQueryJoinAndFetchProcessor - processing queryspace <gen:0>
14:39:38.362 [Test worker] DEBUG org.hibernate.loader.plan.build.spi.LoadPlanTreePrinter - LoadPlan(entity=com.mushopl.models.CartItem)
    - Returns
       - EntityReturnImpl(entity=com.mushopl.models.CartItem, querySpaceUid=<gen:0>, path=com.mushopl.models.CartItem)
          - EntityAttributeFetchImpl(entity=com.mushopl.models.Product, querySpaceUid=<gen:1>, path=com.mushopl.models.CartItem.product)
             - CollectionAttributeFetchImpl(collection=com.mushopl.models.Product.prices, querySpaceUid=<gen:2>, path=com.mushopl.models.CartItem.product.prices)
                - (collection element)     - QuerySpaces
       - EntityQuerySpaceImpl(uid=<gen:0>, entity=com.mushopl.models.CartItem)
          - SQL table alias mapping - cartitem0_
          - alias suffix - 0_
          - suffixed key columns - {id1_1_0_}
          - JOIN (JoinDefinedByMetadata(product)) : <gen:0> -> <gen:1>
             - EntityQuerySpaceImpl(uid=<gen:1>, entity=com.mushopl.models.Product)
                - SQL table alias mapping - product1_
                - alias suffix - 1_
                - suffixed key columns - {id1_3_1_}

14:39:38.362 [Test worker] DEBUG org.hibernate.loader.entity.plan.EntityLoader - Static select for entity com.mushopl.models.CartItem [NONE]: select cartitem0_.id as id1_1_0_, cartitem0_.product_id as product_3_1_0_, cartitem0_.typePrice as typePric2_1_0_, product1_.id as id1_3_1_, product1_.description as descript2_3_1_, product1_.pages as pages3_3_1_, product1_.title as title4_3_1_ from CartItem cartitem0_ left outer join products product1_ on cartitem0_.product_id=product1_.id where cartitem0_.id=?
14:39:38.362 [Test worker] DEBUG org.hibernate.loader.plan.build.internal.spaces.QuerySpacesImpl - Adding QuerySpace : uid = <gen:0> -> org.hibernate.loader.plan.build.internal.spaces.EntityQuerySpaceImpl@6d2ea381]
14:39:38.362 [Test worker] DEBUG org.hibernate.persister.walking.spi.MetamodelGraphWalker - Visiting attribute path : product
14:39:38.362 [Test worker] DEBUG org.hibernate.loader.plan.build.internal.spaces.QuerySpacesImpl - Adding QuerySpace : uid = <gen:1> -> org.hibernate.loader.plan.build.internal.spaces.EntityQuerySpaceImpl@79fc6a34]
14:39:38.363 [Test worker] DEBUG org.hibernate.persister.walking.spi.MetamodelGraphWalker - Visiting attribute path : product.description
14:39:38.363 [Test worker] DEBUG org.hibernate.persister.walking.spi.MetamodelGraphWalker - Visiting attribute path : product.pages
14:39:38.363 [Test worker] DEBUG org.hibernate.persister.walking.spi.MetamodelGraphWalker - Visiting attribute path : product.prices
14:39:38.363 [Test worker] DEBUG org.hibernate.loader.plan.build.internal.spaces.QuerySpacesImpl - Adding QuerySpace : uid = <gen:2> -> org.hibernate.loader.plan.build.internal.spaces.CollectionQuerySpaceImpl@32ef1566]
14:39:38.363 [Test worker] DEBUG org.hibernate.loader.plan.build.internal.spaces.QuerySpacesImpl - Adding QuerySpace : uid = <gen:3> -> org.hibernate.loader.plan.build.internal.spaces.CompositeQuerySpaceImpl@69a0cc7e]
14:39:38.363 [Test worker] DEBUG org.hibernate.persister.walking.spi.MetamodelGraphWalker - Visiting attribute path : product.title
14:39:38.363 [Test worker] DEBUG org.hibernate.persister.walking.spi.MetamodelGraphWalker - Visiting attribute path : typePrice
14:39:38.363 [Test worker] DEBUG org.hibernate.loader.plan.build.internal.FetchStyleLoadPlanBuildingAssociationVisitationStrategy - Building LoadPlan...
14:39:38.363 [Test worker] DEBUG org.hibernate.loader.plan.exec.internal.LoadQueryJoinAndFetchProcessor - processing queryspace <gen:0>
14:39:38.363 [Test worker] DEBUG org.hibernate.loader.plan.build.spi.LoadPlanTreePrinter - LoadPlan(entity=com.mushopl.models.CartItem)
    - Returns
       - EntityReturnImpl(entity=com.mushopl.models.CartItem, querySpaceUid=<gen:0>, path=com.mushopl.models.CartItem)
          - EntityAttributeFetchImpl(entity=com.mushopl.models.Product, querySpaceUid=<gen:1>, path=com.mushopl.models.CartItem.product)
             - CollectionAttributeFetchImpl(collection=com.mushopl.models.Product.prices, querySpaceUid=<gen:2>, path=com.mushopl.models.CartItem.product.prices)
                - (collection element)     - QuerySpaces
       - EntityQuerySpaceImpl(uid=<gen:0>, entity=com.mushopl.models.CartItem)
          - SQL table alias mapping - cartitem0_
          - alias suffix - 0_
          - suffixed key columns - {id1_1_0_}
          - JOIN (JoinDefinedByMetadata(product)) : <gen:0> -> <gen:1>
             - EntityQuerySpaceImpl(uid=<gen:1>, entity=com.mushopl.models.Product)
                - SQL table alias mapping - product1_
                - alias suffix - 1_
                - suffixed key columns - {id1_3_1_}

14:39:38.364 [Test worker] DEBUG org.hibernate.loader.entity.plan.EntityLoader - Static select for entity com.mushopl.models.CartItem [READ]: select cartitem0_.id as id1_1_0_, cartitem0_.product_id as product_3_1_0_, cartitem0_.typePrice as typePric2_1_0_, product1_.id as id1_3_1_, product1_.description as descript2_3_1_, product1_.pages as pages3_3_1_, product1_.title as title4_3_1_ from CartItem cartitem0_ left outer join products product1_ on cartitem0_.product_id=product1_.id where cartitem0_.id=?
14:39:38.364 [Test worker] DEBUG org.hibernate.loader.plan.build.internal.spaces.QuerySpacesImpl - Adding QuerySpace : uid = <gen:0> -> org.hibernate.loader.plan.build.internal.spaces.EntityQuerySpaceImpl@7317b6b4]
14:39:38.364 [Test worker] DEBUG org.hibernate.persister.walking.spi.MetamodelGraphWalker - Visiting attribute path : product
14:39:38.364 [Test worker] DEBUG org.hibernate.loader.plan.build.internal.spaces.QuerySpacesImpl - Adding QuerySpace : uid = <gen:1> -> org.hibernate.loader.plan.build.internal.spaces.EntityQuerySpaceImpl@3f92731b]
14:39:38.364 [Test worker] DEBUG org.hibernate.persister.walking.spi.MetamodelGraphWalker - Visiting attribute path : typePrice
14:39:38.364 [Test worker] DEBUG org.hibernate.loader.plan.build.internal.FetchStyleLoadPlanBuildingAssociationVisitationStrategy - Building LoadPlan...
14:39:38.364 [Test worker] DEBUG org.hibernate.loader.plan.exec.internal.LoadQueryJoinAndFetchProcessor - processing queryspace <gen:0>
14:39:38.364 [Test worker] DEBUG org.hibernate.loader.plan.build.spi.LoadPlanTreePrinter - LoadPlan(entity=com.mushopl.models.CartItem)
    - Returns
       - EntityReturnImpl(entity=com.mushopl.models.CartItem, querySpaceUid=<gen:0>, path=com.mushopl.models.CartItem)
          - EntityAttributeFetchImpl(entity=com.mushopl.models.Product, querySpaceUid=<gen:1>, path=com.mushopl.models.CartItem.product)
    - QuerySpaces
       - EntityQuerySpaceImpl(uid=<gen:0>, entity=com.mushopl.models.CartItem)
          - SQL table alias mapping - cartitem0_
          - alias suffix - 0_
          - suffixed key columns - {id1_1_0_}

14:39:38.365 [Test worker] DEBUG org.hibernate.loader.entity.plan.EntityLoader - Static select for entity com.mushopl.models.CartItem [UPGRADE]: select cartitem0_.id as id1_1_0_, cartitem0_.product_id as product_3_1_0_, cartitem0_.typePrice as typePric2_1_0_ from CartItem cartitem0_ where cartitem0_.id=? for update
14:39:38.365 [Test worker] DEBUG org.hibernate.loader.plan.build.internal.spaces.QuerySpacesImpl - Adding QuerySpace : uid = <gen:0> -> org.hibernate.loader.plan.build.internal.spaces.EntityQuerySpaceImpl@50be9bab]
14:39:38.365 [Test worker] DEBUG org.hibernate.persister.walking.spi.MetamodelGraphWalker - Visiting attribute path : product
14:39:38.365 [Test worker] DEBUG org.hibernate.loader.plan.build.internal.spaces.QuerySpacesImpl - Adding QuerySpace : uid = <gen:1> -> org.hibernate.loader.plan.build.internal.spaces.EntityQuerySpaceImpl@bbc896b]
14:39:38.365 [Test worker] DEBUG org.hibernate.persister.walking.spi.MetamodelGraphWalker - Visiting attribute path : typePrice
14:39:38.365 [Test worker] DEBUG org.hibernate.loader.plan.build.internal.FetchStyleLoadPlanBuildingAssociationVisitationStrategy - Building LoadPlan...
14:39:38.365 [Test worker] DEBUG org.hibernate.loader.plan.exec.internal.LoadQueryJoinAndFetchProcessor - processing queryspace <gen:0>
14:39:38.366 [Test worker] DEBUG org.hibernate.loader.plan.build.spi.LoadPlanTreePrinter - LoadPlan(entity=com.mushopl.models.CartItem)
    - Returns
       - EntityReturnImpl(entity=com.mushopl.models.CartItem, querySpaceUid=<gen:0>, path=com.mushopl.models.CartItem)
          - EntityAttributeFetchImpl(entity=com.mushopl.models.Product, querySpaceUid=<gen:1>, path=com.mushopl.models.CartItem.product)
    - QuerySpaces
       - EntityQuerySpaceImpl(uid=<gen:0>, entity=com.mushopl.models.CartItem)
          - SQL table alias mapping - cartitem0_
          - alias suffix - 0_
          - suffixed key columns - {id1_1_0_}

14:39:38.366 [Test worker] DEBUG org.hibernate.loader.entity.plan.EntityLoader - Static select for entity com.mushopl.models.CartItem [UPGRADE_NOWAIT]: select cartitem0_.id as id1_1_0_, cartitem0_.product_id as product_3_1_0_, cartitem0_.typePrice as typePric2_1_0_ from CartItem cartitem0_ where cartitem0_.id=? for update
14:39:38.366 [Test worker] DEBUG org.hibernate.loader.plan.build.internal.spaces.QuerySpacesImpl - Adding QuerySpace : uid = <gen:0> -> org.hibernate.loader.plan.build.internal.spaces.EntityQuerySpaceImpl@279a29ac]
14:39:38.366 [Test worker] DEBUG org.hibernate.persister.walking.spi.MetamodelGraphWalker - Visiting attribute path : product
14:39:38.366 [Test worker] DEBUG org.hibernate.loader.plan.build.internal.spaces.QuerySpacesImpl - Adding QuerySpace : uid = <gen:1> -> org.hibernate.loader.plan.build.internal.spaces.EntityQuerySpaceImpl@ca83297]
14:39:38.366 [Test worker] DEBUG org.hibernate.persister.walking.spi.MetamodelGraphWalker - Visiting attribute path : typePrice
14:39:38.366 [Test worker] DEBUG org.hibernate.loader.plan.build.internal.FetchStyleLoadPlanBuildingAssociationVisitationStrategy - Building LoadPlan...
14:39:38.366 [Test worker] DEBUG org.hibernate.loader.plan.exec.internal.LoadQueryJoinAndFetchProcessor - processing queryspace <gen:0>
14:39:38.366 [Test worker] DEBUG org.hibernate.loader.plan.build.spi.LoadPlanTreePrinter - LoadPlan(entity=com.mushopl.models.CartItem)
    - Returns
       - EntityReturnImpl(entity=com.mushopl.models.CartItem, querySpaceUid=<gen:0>, path=com.mushopl.models.CartItem)
          - EntityAttributeFetchImpl(entity=com.mushopl.models.Product, querySpaceUid=<gen:1>, path=com.mushopl.models.CartItem.product)
    - QuerySpaces
       - EntityQuerySpaceImpl(uid=<gen:0>, entity=com.mushopl.models.CartItem)
          - SQL table alias mapping - cartitem0_
          - alias suffix - 0_
          - suffixed key columns - {id1_1_0_}

14:39:38.367 [Test worker] DEBUG org.hibernate.loader.entity.plan.EntityLoader - Static select for entity com.mushopl.models.CartItem [UPGRADE_SKIPLOCKED]: select cartitem0_.id as id1_1_0_, cartitem0_.product_id as product_3_1_0_, cartitem0_.typePrice as typePric2_1_0_ from CartItem cartitem0_ where cartitem0_.id=? for update
14:39:38.367 [Test worker] DEBUG org.hibernate.loader.plan.build.internal.spaces.QuerySpacesImpl - Adding QuerySpace : uid = <gen:0> -> org.hibernate.loader.plan.build.internal.spaces.EntityQuerySpaceImpl@63b015b8]
14:39:38.367 [Test worker] DEBUG org.hibernate.persister.walking.spi.MetamodelGraphWalker - Visiting attribute path : product
14:39:38.367 [Test worker] DEBUG org.hibernate.loader.plan.build.internal.spaces.QuerySpacesImpl - Adding QuerySpace : uid = <gen:1> -> org.hibernate.loader.plan.build.internal.spaces.EntityQuerySpaceImpl@7aca949b]
14:39:38.367 [Test worker] DEBUG org.hibernate.persister.walking.spi.MetamodelGraphWalker - Visiting attribute path : typePrice
14:39:38.367 [Test worker] DEBUG org.hibernate.loader.plan.build.internal.FetchStyleLoadPlanBuildingAssociationVisitationStrategy - Building LoadPlan...
14:39:38.367 [Test worker] DEBUG org.hibernate.loader.plan.exec.internal.LoadQueryJoinAndFetchProcessor - processing queryspace <gen:0>
14:39:38.367 [Test worker] DEBUG org.hibernate.loader.plan.build.spi.LoadPlanTreePrinter - LoadPlan(entity=com.mushopl.models.CartItem)
    - Returns
       - EntityReturnImpl(entity=com.mushopl.models.CartItem, querySpaceUid=<gen:0>, path=com.mushopl.models.CartItem)
          - EntityAttributeFetchImpl(entity=com.mushopl.models.Product, querySpaceUid=<gen:1>, path=com.mushopl.models.CartItem.product)
    - QuerySpaces
       - EntityQuerySpaceImpl(uid=<gen:0>, entity=com.mushopl.models.CartItem)
          - SQL table alias mapping - cartitem0_
          - alias suffix - 0_
          - suffixed key columns - {id1_1_0_}

14:39:38.368 [Test worker] DEBUG org.hibernate.loader.entity.plan.EntityLoader - Static select for entity com.mushopl.models.CartItem [FORCE]: select cartitem0_.id as id1_1_0_, cartitem0_.product_id as product_3_1_0_, cartitem0_.typePrice as typePric2_1_0_ from CartItem cartitem0_ where cartitem0_.id=? for update
14:39:38.368 [Test worker] DEBUG org.hibernate.loader.plan.build.internal.spaces.QuerySpacesImpl - Adding QuerySpace : uid = <gen:0> -> org.hibernate.loader.plan.build.internal.spaces.EntityQuerySpaceImpl@37bb2ddf]
14:39:38.368 [Test worker] DEBUG org.hibernate.persister.walking.spi.MetamodelGraphWalker - Visiting attribute path : product
14:39:38.368 [Test worker] DEBUG org.hibernate.loader.plan.build.internal.spaces.QuerySpacesImpl - Adding QuerySpace : uid = <gen:1> -> org.hibernate.loader.plan.build.internal.spaces.EntityQuerySpaceImpl@4d740e39]
14:39:38.368 [Test worker] DEBUG org.hibernate.persister.walking.spi.MetamodelGraphWalker - Visiting attribute path : typePrice
14:39:38.368 [Test worker] DEBUG org.hibernate.loader.plan.build.internal.FetchStyleLoadPlanBuildingAssociationVisitationStrategy - Building LoadPlan...
14:39:38.368 [Test worker] DEBUG org.hibernate.loader.plan.exec.internal.LoadQueryJoinAndFetchProcessor - processing queryspace <gen:0>
14:39:38.368 [Test worker] DEBUG org.hibernate.loader.plan.build.spi.LoadPlanTreePrinter - LoadPlan(entity=com.mushopl.models.CartItem)
    - Returns
       - EntityReturnImpl(entity=com.mushopl.models.CartItem, querySpaceUid=<gen:0>, path=com.mushopl.models.CartItem)
          - EntityAttributeFetchImpl(entity=com.mushopl.models.Product, querySpaceUid=<gen:1>, path=com.mushopl.models.CartItem.product)
    - QuerySpaces
       - EntityQuerySpaceImpl(uid=<gen:0>, entity=com.mushopl.models.CartItem)
          - SQL table alias mapping - cartitem0_
          - alias suffix - 0_
          - suffixed key columns - {id1_1_0_}

14:39:38.368 [Test worker] DEBUG org.hibernate.loader.entity.plan.EntityLoader - Static select for entity com.mushopl.models.CartItem [PESSIMISTIC_READ]: select cartitem0_.id as id1_1_0_, cartitem0_.product_id as product_3_1_0_, cartitem0_.typePrice as typePric2_1_0_ from CartItem cartitem0_ where cartitem0_.id=? for update
14:39:38.368 [Test worker] DEBUG org.hibernate.loader.plan.build.internal.spaces.QuerySpacesImpl - Adding QuerySpace : uid = <gen:0> -> org.hibernate.loader.plan.build.internal.spaces.EntityQuerySpaceImpl@63343540]
14:39:38.368 [Test worker] DEBUG org.hibernate.persister.walking.spi.MetamodelGraphWalker - Visiting attribute path : product
14:39:38.368 [Test worker] DEBUG org.hibernate.loader.plan.build.internal.spaces.QuerySpacesImpl - Adding QuerySpace : uid = <gen:1> -> org.hibernate.loader.plan.build.internal.spaces.EntityQuerySpaceImpl@76ab3c03]
14:39:38.369 [Test worker] DEBUG org.hibernate.persister.walking.spi.MetamodelGraphWalker - Visiting attribute path : typePrice
14:39:38.369 [Test worker] DEBUG org.hibernate.loader.plan.build.internal.FetchStyleLoadPlanBuildingAssociationVisitationStrategy - Building LoadPlan...
14:39:38.369 [Test worker] DEBUG org.hibernate.loader.plan.exec.internal.LoadQueryJoinAndFetchProcessor - processing queryspace <gen:0>
14:39:38.369 [Test worker] DEBUG org.hibernate.loader.plan.build.spi.LoadPlanTreePrinter - LoadPlan(entity=com.mushopl.models.CartItem)
    - Returns
       - EntityReturnImpl(entity=com.mushopl.models.CartItem, querySpaceUid=<gen:0>, path=com.mushopl.models.CartItem)
          - EntityAttributeFetchImpl(entity=com.mushopl.models.Product, querySpaceUid=<gen:1>, path=com.mushopl.models.CartItem.product)
    - QuerySpaces
       - EntityQuerySpaceImpl(uid=<gen:0>, entity=com.mushopl.models.CartItem)
          - SQL table alias mapping - cartitem0_
          - alias suffix - 0_
          - suffixed key columns - {id1_1_0_}

14:39:38.369 [Test worker] DEBUG org.hibernate.loader.entity.plan.EntityLoader - Static select for entity com.mushopl.models.CartItem [PESSIMISTIC_WRITE]: select cartitem0_.id as id1_1_0_, cartitem0_.product_id as product_3_1_0_, cartitem0_.typePrice as typePric2_1_0_ from CartItem cartitem0_ where cartitem0_.id=? for update
14:39:38.369 [Test worker] DEBUG org.hibernate.loader.plan.build.internal.spaces.QuerySpacesImpl - Adding QuerySpace : uid = <gen:0> -> org.hibernate.loader.plan.build.internal.spaces.EntityQuerySpaceImpl@1bc3f129]
14:39:38.369 [Test worker] DEBUG org.hibernate.persister.walking.spi.MetamodelGraphWalker - Visiting attribute path : product
14:39:38.369 [Test worker] DEBUG org.hibernate.loader.plan.build.internal.spaces.QuerySpacesImpl - Adding QuerySpace : uid = <gen:1> -> org.hibernate.loader.plan.build.internal.spaces.EntityQuerySpaceImpl@2d2d5d62]
14:39:38.369 [Test worker] DEBUG org.hibernate.persister.walking.spi.MetamodelGraphWalker - Visiting attribute path : typePrice
14:39:38.369 [Test worker] DEBUG org.hibernate.loader.plan.build.internal.FetchStyleLoadPlanBuildingAssociationVisitationStrategy - Building LoadPlan...
14:39:38.379 [Test worker] DEBUG org.hibernate.loader.plan.exec.internal.LoadQueryJoinAndFetchProcessor - processing queryspace <gen:0>
14:39:38.379 [Test worker] DEBUG org.hibernate.loader.plan.build.spi.LoadPlanTreePrinter - LoadPlan(entity=com.mushopl.models.CartItem)
    - Returns
       - EntityReturnImpl(entity=com.mushopl.models.CartItem, querySpaceUid=<gen:0>, path=com.mushopl.models.CartItem)
          - EntityAttributeFetchImpl(entity=com.mushopl.models.Product, querySpaceUid=<gen:1>, path=com.mushopl.models.CartItem.product)
    - QuerySpaces
       - EntityQuerySpaceImpl(uid=<gen:0>, entity=com.mushopl.models.CartItem)
          - SQL table alias mapping - cartitem0_
          - alias suffix - 0_
          - suffixed key columns - {id1_1_0_}

14:39:38.382 [Test worker] DEBUG org.hibernate.loader.entity.plan.EntityLoader - Static select for entity com.mushopl.models.CartItem [PESSIMISTIC_FORCE_INCREMENT]: select cartitem0_.id as id1_1_0_, cartitem0_.product_id as product_3_1_0_, cartitem0_.typePrice as typePric2_1_0_ from CartItem cartitem0_ where cartitem0_.id=? for update
14:39:38.382 [Test worker] DEBUG org.hibernate.loader.plan.build.internal.spaces.QuerySpacesImpl - Adding QuerySpace : uid = <gen:0> -> org.hibernate.loader.plan.build.internal.spaces.EntityQuerySpaceImpl@24937e0]
14:39:38.382 [Test worker] DEBUG org.hibernate.persister.walking.spi.MetamodelGraphWalker - Visiting attribute path : product
14:39:38.383 [Test worker] DEBUG org.hibernate.loader.plan.build.internal.spaces.QuerySpacesImpl - Adding QuerySpace : uid = <gen:1> -> org.hibernate.loader.plan.build.internal.spaces.EntityQuerySpaceImpl@25726ba4]
14:39:38.383 [Test worker] DEBUG org.hibernate.persister.walking.spi.MetamodelGraphWalker - Visiting attribute path : typePrice
14:39:38.383 [Test worker] DEBUG org.hibernate.loader.plan.build.internal.FetchStyleLoadPlanBuildingAssociationVisitationStrategy - Building LoadPlan...
14:39:38.384 [Test worker] DEBUG org.hibernate.loader.plan.exec.internal.LoadQueryJoinAndFetchProcessor - processing queryspace <gen:0>
14:39:38.384 [Test worker] DEBUG org.hibernate.loader.plan.build.spi.LoadPlanTreePrinter - LoadPlan(entity=com.mushopl.models.CartItem)
    - Returns
       - EntityReturnImpl(entity=com.mushopl.models.CartItem, querySpaceUid=<gen:0>, path=com.mushopl.models.CartItem)
          - EntityAttributeFetchImpl(entity=com.mushopl.models.Product, querySpaceUid=<gen:1>, path=com.mushopl.models.CartItem.product)
    - QuerySpaces
       - EntityQuerySpaceImpl(uid=<gen:0>, entity=com.mushopl.models.CartItem)
          - SQL table alias mapping - cartitem0_
          - alias suffix - 0_
          - suffixed key columns - {id1_1_0_}

14:39:38.386 [Test worker] DEBUG org.hibernate.loader.entity.plan.EntityLoader - Static select for entity com.mushopl.models.CartItem [OPTIMISTIC]: select cartitem0_.id as id1_1_0_, cartitem0_.product_id as product_3_1_0_, cartitem0_.typePrice as typePric2_1_0_ from CartItem cartitem0_ where cartitem0_.id=?
14:39:38.386 [Test worker] DEBUG org.hibernate.loader.plan.build.internal.spaces.QuerySpacesImpl - Adding QuerySpace : uid = <gen:0> -> org.hibernate.loader.plan.build.internal.spaces.EntityQuerySpaceImpl@62f3f425]
14:39:38.387 [Test worker] DEBUG org.hibernate.persister.walking.spi.MetamodelGraphWalker - Visiting attribute path : product
14:39:38.387 [Test worker] DEBUG org.hibernate.loader.plan.build.internal.spaces.QuerySpacesImpl - Adding QuerySpace : uid = <gen:1> -> org.hibernate.loader.plan.build.internal.spaces.EntityQuerySpaceImpl@115016b0]
14:39:38.388 [Test worker] DEBUG org.hibernate.persister.walking.spi.MetamodelGraphWalker - Visiting attribute path : typePrice
14:39:38.388 [Test worker] DEBUG org.hibernate.loader.plan.build.internal.FetchStyleLoadPlanBuildingAssociationVisitationStrategy - Building LoadPlan...
14:39:38.388 [Test worker] DEBUG org.hibernate.loader.plan.exec.internal.LoadQueryJoinAndFetchProcessor - processing queryspace <gen:0>
14:39:38.389 [Test worker] DEBUG org.hibernate.loader.plan.build.spi.LoadPlanTreePrinter - LoadPlan(entity=com.mushopl.models.CartItem)
    - Returns
       - EntityReturnImpl(entity=com.mushopl.models.CartItem, querySpaceUid=<gen:0>, path=com.mushopl.models.CartItem)
          - EntityAttributeFetchImpl(entity=com.mushopl.models.Product, querySpaceUid=<gen:1>, path=com.mushopl.models.CartItem.product)
    - QuerySpaces
       - EntityQuerySpaceImpl(uid=<gen:0>, entity=com.mushopl.models.CartItem)
          - SQL table alias mapping - cartitem0_
          - alias suffix - 0_
          - suffixed key columns - {id1_1_0_}

14:39:38.390 [Test worker] DEBUG org.hibernate.loader.entity.plan.EntityLoader - Static select for entity com.mushopl.models.CartItem [OPTIMISTIC_FORCE_INCREMENT]: select cartitem0_.id as id1_1_0_, cartitem0_.product_id as product_3_1_0_, cartitem0_.typePrice as typePric2_1_0_ from CartItem cartitem0_ where cartitem0_.id=?
14:39:38.392 [Test worker] DEBUG org.hibernate.loader.Loader - Static select for action ACTION_MERGE on entity com.mushopl.models.CartItem: select cartitem0_.id as id1_1_0_, cartitem0_.product_id as product_3_1_0_, cartitem0_.typePrice as typePric2_1_0_ from CartItem cartitem0_ where cartitem0_.id=?
14:39:38.393 [Test worker] DEBUG org.hibernate.loader.Loader - Static select for action ACTION_REFRESH on entity com.mushopl.models.CartItem: select cartitem0_.id as id1_1_0_, cartitem0_.product_id as product_3_1_0_, cartitem0_.typePrice as typePric2_1_0_ from CartItem cartitem0_ where cartitem0_.id=?
14:39:38.395 [Test worker] DEBUG org.hibernate.persister.entity.AbstractEntityPersister - Static SQL for entity: com.mushopl.models.BlogPost
14:39:38.396 [Test worker] DEBUG org.hibernate.persister.entity.AbstractEntityPersister -  Version select: select id from blogposts where id =?
14:39:38.396 [Test worker] DEBUG org.hibernate.persister.entity.AbstractEntityPersister -  Snapshot select: select blogpost_.id, blogpost_.date as date2_0_, blogpost_.description as descript3_0_, blogpost_.image as image4_0_, blogpost_.title as title5_0_ from blogposts blogpost_ where blogpost_.id=?
14:39:38.396 [Test worker] DEBUG org.hibernate.persister.entity.AbstractEntityPersister -  Insert 0: insert into blogposts (date, description, image, title, id) values (?, ?, ?, ?, ?)
14:39:38.396 [Test worker] DEBUG org.hibernate.persister.entity.AbstractEntityPersister -  Update 0: update blogposts set date=?, description=?, image=?, title=? where id=?
14:39:38.397 [Test worker] DEBUG org.hibernate.persister.entity.AbstractEntityPersister -  Delete 0: delete from blogposts where id=?
14:39:38.397 [Test worker] DEBUG org.hibernate.persister.entity.AbstractEntityPersister -  Identity insert: insert into blogposts (id, date, description, image, title) values (null, ?, ?, ?, ?)
14:39:38.397 [Test worker] DEBUG org.hibernate.loader.plan.build.internal.spaces.QuerySpacesImpl - Adding QuerySpace : uid = <gen:0> -> org.hibernate.loader.plan.build.internal.spaces.EntityQuerySpaceImpl@27496075]
14:39:38.397 [Test worker] DEBUG org.hibernate.persister.walking.spi.MetamodelGraphWalker - Visiting attribute path : date
14:39:38.397 [Test worker] DEBUG org.hibernate.persister.walking.spi.MetamodelGraphWalker - Visiting attribute path : description
14:39:38.398 [Test worker] DEBUG org.hibernate.persister.walking.spi.MetamodelGraphWalker - Visiting attribute path : image
14:39:38.398 [Test worker] DEBUG org.hibernate.persister.walking.spi.MetamodelGraphWalker - Visiting attribute path : title
14:39:38.398 [Test worker] DEBUG org.hibernate.loader.plan.build.internal.FetchStyleLoadPlanBuildingAssociationVisitationStrategy - Building LoadPlan...
14:39:38.398 [Test worker] DEBUG org.hibernate.loader.plan.exec.internal.LoadQueryJoinAndFetchProcessor - processing queryspace <gen:0>
14:39:38.399 [Test worker] DEBUG org.hibernate.loader.plan.build.spi.LoadPlanTreePrinter - LoadPlan(entity=com.mushopl.models.BlogPost)
    - Returns
       - EntityReturnImpl(entity=com.mushopl.models.BlogPost, querySpaceUid=<gen:0>, path=com.mushopl.models.BlogPost)
    - QuerySpaces
       - EntityQuerySpaceImpl(uid=<gen:0>, entity=com.mushopl.models.BlogPost)
          - SQL table alias mapping - blogpost0_
          - alias suffix - 0_
          - suffixed key columns - {id1_0_0_}

14:39:38.400 [Test worker] DEBUG org.hibernate.loader.entity.plan.EntityLoader - Static select for entity com.mushopl.models.BlogPost [NONE]: select blogpost0_.id as id1_0_0_, blogpost0_.date as date2_0_0_, blogpost0_.description as descript3_0_0_, blogpost0_.image as image4_0_0_, blogpost0_.title as title5_0_0_ from blogposts blogpost0_ where blogpost0_.id=?
14:39:38.400 [Test worker] DEBUG org.hibernate.loader.plan.build.internal.spaces.QuerySpacesImpl - Adding QuerySpace : uid = <gen:0> -> org.hibernate.loader.plan.build.internal.spaces.EntityQuerySpaceImpl@2bdabcc]
14:39:38.401 [Test worker] DEBUG org.hibernate.persister.walking.spi.MetamodelGraphWalker - Visiting attribute path : date
14:39:38.402 [Test worker] DEBUG org.hibernate.persister.walking.spi.MetamodelGraphWalker - Visiting attribute path : description
14:39:38.402 [Test worker] DEBUG org.hibernate.persister.walking.spi.MetamodelGraphWalker - Visiting attribute path : image
14:39:38.402 [Test worker] DEBUG org.hibernate.persister.walking.spi.MetamodelGraphWalker - Visiting attribute path : title
14:39:38.403 [Test worker] DEBUG org.hibernate.loader.plan.build.internal.FetchStyleLoadPlanBuildingAssociationVisitationStrategy - Building LoadPlan...
14:39:38.403 [Test worker] DEBUG org.hibernate.loader.plan.exec.internal.LoadQueryJoinAndFetchProcessor - processing queryspace <gen:0>
14:39:38.403 [Test worker] DEBUG org.hibernate.loader.plan.build.spi.LoadPlanTreePrinter - LoadPlan(entity=com.mushopl.models.BlogPost)
    - Returns
       - EntityReturnImpl(entity=com.mushopl.models.BlogPost, querySpaceUid=<gen:0>, path=com.mushopl.models.BlogPost)
    - QuerySpaces
       - EntityQuerySpaceImpl(uid=<gen:0>, entity=com.mushopl.models.BlogPost)
          - SQL table alias mapping - blogpost0_
          - alias suffix - 0_
          - suffixed key columns - {id1_0_0_}

14:39:38.405 [Test worker] DEBUG org.hibernate.loader.entity.plan.EntityLoader - Static select for entity com.mushopl.models.BlogPost [READ]: select blogpost0_.id as id1_0_0_, blogpost0_.date as date2_0_0_, blogpost0_.description as descript3_0_0_, blogpost0_.image as image4_0_0_, blogpost0_.title as title5_0_0_ from blogposts blogpost0_ where blogpost0_.id=?
14:39:38.405 [Test worker] DEBUG org.hibernate.loader.plan.build.internal.spaces.QuerySpacesImpl - Adding QuerySpace : uid = <gen:0> -> org.hibernate.loader.plan.build.internal.spaces.EntityQuerySpaceImpl@7fef5869]
14:39:38.405 [Test worker] DEBUG org.hibernate.persister.walking.spi.MetamodelGraphWalker - Visiting attribute path : date
14:39:38.405 [Test worker] DEBUG org.hibernate.persister.walking.spi.MetamodelGraphWalker - Visiting attribute path : description
14:39:38.406 [Test worker] DEBUG org.hibernate.persister.walking.spi.MetamodelGraphWalker - Visiting attribute path : image
14:39:38.406 [Test worker] DEBUG org.hibernate.persister.walking.spi.MetamodelGraphWalker - Visiting attribute path : title
14:39:38.406 [Test worker] DEBUG org.hibernate.loader.plan.build.internal.FetchStyleLoadPlanBuildingAssociationVisitationStrategy - Building LoadPlan...
14:39:38.407 [Test worker] DEBUG org.hibernate.loader.plan.exec.internal.LoadQueryJoinAndFetchProcessor - processing queryspace <gen:0>
14:39:38.412 [Test worker] DEBUG org.hibernate.loader.plan.build.spi.LoadPlanTreePrinter - LoadPlan(entity=com.mushopl.models.BlogPost)
    - Returns
       - EntityReturnImpl(entity=com.mushopl.models.BlogPost, querySpaceUid=<gen:0>, path=com.mushopl.models.BlogPost)
    - QuerySpaces
       - EntityQuerySpaceImpl(uid=<gen:0>, entity=com.mushopl.models.BlogPost)
          - SQL table alias mapping - blogpost0_
          - alias suffix - 0_
          - suffixed key columns - {id1_0_0_}

14:39:38.413 [Test worker] DEBUG org.hibernate.loader.entity.plan.EntityLoader - Static select for entity com.mushopl.models.BlogPost [UPGRADE]: select blogpost0_.id as id1_0_0_, blogpost0_.date as date2_0_0_, blogpost0_.description as descript3_0_0_, blogpost0_.image as image4_0_0_, blogpost0_.title as title5_0_0_ from blogposts blogpost0_ where blogpost0_.id=? for update
14:39:38.414 [Test worker] DEBUG org.hibernate.loader.plan.build.internal.spaces.QuerySpacesImpl - Adding QuerySpace : uid = <gen:0> -> org.hibernate.loader.plan.build.internal.spaces.EntityQuerySpaceImpl@7dbb0a72]
14:39:38.414 [Test worker] DEBUG org.hibernate.persister.walking.spi.MetamodelGraphWalker - Visiting attribute path : date
14:39:38.414 [Test worker] DEBUG org.hibernate.persister.walking.spi.MetamodelGraphWalker - Visiting attribute path : description
14:39:38.414 [Test worker] DEBUG org.hibernate.persister.walking.spi.MetamodelGraphWalker - Visiting attribute path : image
14:39:38.414 [Test worker] DEBUG org.hibernate.persister.walking.spi.MetamodelGraphWalker - Visiting attribute path : title
14:39:38.415 [Test worker] DEBUG org.hibernate.loader.plan.build.internal.FetchStyleLoadPlanBuildingAssociationVisitationStrategy - Building LoadPlan...
14:39:38.415 [Test worker] DEBUG org.hibernate.loader.plan.exec.internal.LoadQueryJoinAndFetchProcessor - processing queryspace <gen:0>
14:39:38.416 [Test worker] DEBUG org.hibernate.loader.plan.build.spi.LoadPlanTreePrinter - LoadPlan(entity=com.mushopl.models.BlogPost)
    - Returns
       - EntityReturnImpl(entity=com.mushopl.models.BlogPost, querySpaceUid=<gen:0>, path=com.mushopl.models.BlogPost)
    - QuerySpaces
       - EntityQuerySpaceImpl(uid=<gen:0>, entity=com.mushopl.models.BlogPost)
          - SQL table alias mapping - blogpost0_
          - alias suffix - 0_
          - suffixed key columns - {id1_0_0_}

14:39:38.418 [Test worker] DEBUG org.hibernate.loader.entity.plan.EntityLoader - Static select for entity com.mushopl.models.BlogPost [UPGRADE_NOWAIT]: select blogpost0_.id as id1_0_0_, blogpost0_.date as date2_0_0_, blogpost0_.description as descript3_0_0_, blogpost0_.image as image4_0_0_, blogpost0_.title as title5_0_0_ from blogposts blogpost0_ where blogpost0_.id=? for update
14:39:38.419 [Test worker] DEBUG org.hibernate.loader.plan.build.internal.spaces.QuerySpacesImpl - Adding QuerySpace : uid = <gen:0> -> org.hibernate.loader.plan.build.internal.spaces.EntityQuerySpaceImpl@25c3813c]
14:39:38.419 [Test worker] DEBUG org.hibernate.persister.walking.spi.MetamodelGraphWalker - Visiting attribute path : date
14:39:38.420 [Test worker] DEBUG org.hibernate.persister.walking.spi.MetamodelGraphWalker - Visiting attribute path : description
14:39:38.420 [Test worker] DEBUG org.hibernate.persister.walking.spi.MetamodelGraphWalker - Visiting attribute path : image
14:39:38.420 [Test worker] DEBUG org.hibernate.persister.walking.spi.MetamodelGraphWalker - Visiting attribute path : title
14:39:38.420 [Test worker] DEBUG org.hibernate.loader.plan.build.internal.FetchStyleLoadPlanBuildingAssociationVisitationStrategy - Building LoadPlan...
14:39:38.421 [Test worker] DEBUG org.hibernate.loader.plan.exec.internal.LoadQueryJoinAndFetchProcessor - processing queryspace <gen:0>
14:39:38.422 [Test worker] DEBUG org.hibernate.loader.plan.build.spi.LoadPlanTreePrinter - LoadPlan(entity=com.mushopl.models.BlogPost)
    - Returns
       - EntityReturnImpl(entity=com.mushopl.models.BlogPost, querySpaceUid=<gen:0>, path=com.mushopl.models.BlogPost)
    - QuerySpaces
       - EntityQuerySpaceImpl(uid=<gen:0>, entity=com.mushopl.models.BlogPost)
          - SQL table alias mapping - blogpost0_
          - alias suffix - 0_
          - suffixed key columns - {id1_0_0_}

14:39:38.423 [Test worker] DEBUG org.hibernate.loader.entity.plan.EntityLoader - Static select for entity com.mushopl.models.BlogPost [UPGRADE_SKIPLOCKED]: select blogpost0_.id as id1_0_0_, blogpost0_.date as date2_0_0_, blogpost0_.description as descript3_0_0_, blogpost0_.image as image4_0_0_, blogpost0_.title as title5_0_0_ from blogposts blogpost0_ where blogpost0_.id=? for update
14:39:38.423 [Test worker] DEBUG org.hibernate.loader.plan.build.internal.spaces.QuerySpacesImpl - Adding QuerySpace : uid = <gen:0> -> org.hibernate.loader.plan.build.internal.spaces.EntityQuerySpaceImpl@2b1368ac]
14:39:38.423 [Test worker] DEBUG org.hibernate.persister.walking.spi.MetamodelGraphWalker - Visiting attribute path : date
14:39:38.423 [Test worker] DEBUG org.hibernate.persister.walking.spi.MetamodelGraphWalker - Visiting attribute path : description
14:39:38.424 [Test worker] DEBUG org.hibernate.persister.walking.spi.MetamodelGraphWalker - Visiting attribute path : image
14:39:38.424 [Test worker] DEBUG org.hibernate.persister.walking.spi.MetamodelGraphWalker - Visiting attribute path : title
14:39:38.424 [Test worker] DEBUG org.hibernate.loader.plan.build.internal.FetchStyleLoadPlanBuildingAssociationVisitationStrategy - Building LoadPlan...
14:39:38.424 [Test worker] DEBUG org.hibernate.loader.plan.exec.internal.LoadQueryJoinAndFetchProcessor - processing queryspace <gen:0>
14:39:38.425 [Test worker] DEBUG org.hibernate.loader.plan.build.spi.LoadPlanTreePrinter - LoadPlan(entity=com.mushopl.models.BlogPost)
    - Returns
       - EntityReturnImpl(entity=com.mushopl.models.BlogPost, querySpaceUid=<gen:0>, path=com.mushopl.models.BlogPost)
    - QuerySpaces
       - EntityQuerySpaceImpl(uid=<gen:0>, entity=com.mushopl.models.BlogPost)
          - SQL table alias mapping - blogpost0_
          - alias suffix - 0_
          - suffixed key columns - {id1_0_0_}

14:39:38.431 [Test worker] DEBUG org.hibernate.loader.entity.plan.EntityLoader - Static select for entity com.mushopl.models.BlogPost [FORCE]: select blogpost0_.id as id1_0_0_, blogpost0_.date as date2_0_0_, blogpost0_.description as descript3_0_0_, blogpost0_.image as image4_0_0_, blogpost0_.title as title5_0_0_ from blogposts blogpost0_ where blogpost0_.id=? for update
14:39:38.431 [Test worker] DEBUG org.hibernate.loader.plan.build.internal.spaces.QuerySpacesImpl - Adding QuerySpace : uid = <gen:0> -> org.hibernate.loader.plan.build.internal.spaces.EntityQuerySpaceImpl@673514ea]
14:39:38.431 [Test worker] DEBUG org.hibernate.persister.walking.spi.MetamodelGraphWalker - Visiting attribute path : date
14:39:38.432 [Test worker] DEBUG org.hibernate.persister.walking.spi.MetamodelGraphWalker - Visiting attribute path : description
14:39:38.432 [Test worker] DEBUG org.hibernate.persister.walking.spi.MetamodelGraphWalker - Visiting attribute path : image
14:39:38.432 [Test worker] DEBUG org.hibernate.persister.walking.spi.MetamodelGraphWalker - Visiting attribute path : title
14:39:38.432 [Test worker] DEBUG org.hibernate.loader.plan.build.internal.FetchStyleLoadPlanBuildingAssociationVisitationStrategy - Building LoadPlan...
14:39:38.434 [Test worker] DEBUG org.hibernate.loader.plan.exec.internal.LoadQueryJoinAndFetchProcessor - processing queryspace <gen:0>
14:39:38.434 [Test worker] DEBUG org.hibernate.loader.plan.build.spi.LoadPlanTreePrinter - LoadPlan(entity=com.mushopl.models.BlogPost)
    - Returns
       - EntityReturnImpl(entity=com.mushopl.models.BlogPost, querySpaceUid=<gen:0>, path=com.mushopl.models.BlogPost)
    - QuerySpaces
       - EntityQuerySpaceImpl(uid=<gen:0>, entity=com.mushopl.models.BlogPost)
          - SQL table alias mapping - blogpost0_
          - alias suffix - 0_
          - suffixed key columns - {id1_0_0_}

14:39:38.436 [Test worker] DEBUG org.hibernate.loader.entity.plan.EntityLoader - Static select for entity com.mushopl.models.BlogPost [PESSIMISTIC_READ]: select blogpost0_.id as id1_0_0_, blogpost0_.date as date2_0_0_, blogpost0_.description as descript3_0_0_, blogpost0_.image as image4_0_0_, blogpost0_.title as title5_0_0_ from blogposts blogpost0_ where blogpost0_.id=? for update
14:39:38.436 [Test worker] DEBUG org.hibernate.loader.plan.build.internal.spaces.QuerySpacesImpl - Adding QuerySpace : uid = <gen:0> -> org.hibernate.loader.plan.build.internal.spaces.EntityQuerySpaceImpl@29af34fd]
14:39:38.437 [Test worker] DEBUG org.hibernate.persister.walking.spi.MetamodelGraphWalker - Visiting attribute path : date
14:39:38.437 [Test worker] DEBUG org.hibernate.persister.walking.spi.MetamodelGraphWalker - Visiting attribute path : description
14:39:38.437 [Test worker] DEBUG org.hibernate.persister.walking.spi.MetamodelGraphWalker - Visiting attribute path : image
14:39:38.437 [Test worker] DEBUG org.hibernate.persister.walking.spi.MetamodelGraphWalker - Visiting attribute path : title
14:39:38.438 [Test worker] DEBUG org.hibernate.loader.plan.build.internal.FetchStyleLoadPlanBuildingAssociationVisitationStrategy - Building LoadPlan...
14:39:38.438 [Test worker] DEBUG org.hibernate.loader.plan.exec.internal.LoadQueryJoinAndFetchProcessor - processing queryspace <gen:0>
14:39:38.438 [Test worker] DEBUG org.hibernate.loader.plan.build.spi.LoadPlanTreePrinter - LoadPlan(entity=com.mushopl.models.BlogPost)
    - Returns
       - EntityReturnImpl(entity=com.mushopl.models.BlogPost, querySpaceUid=<gen:0>, path=com.mushopl.models.BlogPost)
    - QuerySpaces
       - EntityQuerySpaceImpl(uid=<gen:0>, entity=com.mushopl.models.BlogPost)
          - SQL table alias mapping - blogpost0_
          - alias suffix - 0_
          - suffixed key columns - {id1_0_0_}

14:39:38.439 [Test worker] DEBUG org.hibernate.loader.entity.plan.EntityLoader - Static select for entity com.mushopl.models.BlogPost [PESSIMISTIC_WRITE]: select blogpost0_.id as id1_0_0_, blogpost0_.date as date2_0_0_, blogpost0_.description as descript3_0_0_, blogpost0_.image as image4_0_0_, blogpost0_.title as title5_0_0_ from blogposts blogpost0_ where blogpost0_.id=? for update
14:39:38.439 [Test worker] DEBUG org.hibernate.loader.plan.build.internal.spaces.QuerySpacesImpl - Adding QuerySpace : uid = <gen:0> -> org.hibernate.loader.plan.build.internal.spaces.EntityQuerySpaceImpl@dfc4691]
14:39:38.439 [Test worker] DEBUG org.hibernate.persister.walking.spi.MetamodelGraphWalker - Visiting attribute path : date
14:39:38.440 [Test worker] DEBUG org.hibernate.persister.walking.spi.MetamodelGraphWalker - Visiting attribute path : description
14:39:38.440 [Test worker] DEBUG org.hibernate.persister.walking.spi.MetamodelGraphWalker - Visiting attribute path : image
14:39:38.440 [Test worker] DEBUG org.hibernate.persister.walking.spi.MetamodelGraphWalker - Visiting attribute path : title
14:39:38.440 [Test worker] DEBUG org.hibernate.loader.plan.build.internal.FetchStyleLoadPlanBuildingAssociationVisitationStrategy - Building LoadPlan...
14:39:38.440 [Test worker] DEBUG org.hibernate.loader.plan.exec.internal.LoadQueryJoinAndFetchProcessor - processing queryspace <gen:0>
14:39:38.441 [Test worker] DEBUG org.hibernate.loader.plan.build.spi.LoadPlanTreePrinter - LoadPlan(entity=com.mushopl.models.BlogPost)
    - Returns
       - EntityReturnImpl(entity=com.mushopl.models.BlogPost, querySpaceUid=<gen:0>, path=com.mushopl.models.BlogPost)
    - QuerySpaces
       - EntityQuerySpaceImpl(uid=<gen:0>, entity=com.mushopl.models.BlogPost)
          - SQL table alias mapping - blogpost0_
          - alias suffix - 0_
          - suffixed key columns - {id1_0_0_}

14:39:38.442 [Test worker] DEBUG org.hibernate.loader.entity.plan.EntityLoader - Static select for entity com.mushopl.models.BlogPost [PESSIMISTIC_FORCE_INCREMENT]: select blogpost0_.id as id1_0_0_, blogpost0_.date as date2_0_0_, blogpost0_.description as descript3_0_0_, blogpost0_.image as image4_0_0_, blogpost0_.title as title5_0_0_ from blogposts blogpost0_ where blogpost0_.id=? for update
14:39:38.442 [Test worker] DEBUG org.hibernate.loader.plan.build.internal.spaces.QuerySpacesImpl - Adding QuerySpace : uid = <gen:0> -> org.hibernate.loader.plan.build.internal.spaces.EntityQuerySpaceImpl@f7473e3]
14:39:38.443 [Test worker] DEBUG org.hibernate.persister.walking.spi.MetamodelGraphWalker - Visiting attribute path : date
14:39:38.443 [Test worker] DEBUG org.hibernate.persister.walking.spi.MetamodelGraphWalker - Visiting attribute path : description
14:39:38.443 [Test worker] DEBUG org.hibernate.persister.walking.spi.MetamodelGraphWalker - Visiting attribute path : image
14:39:38.443 [Test worker] DEBUG org.hibernate.persister.walking.spi.MetamodelGraphWalker - Visiting attribute path : title
14:39:38.443 [Test worker] DEBUG org.hibernate.loader.plan.build.internal.FetchStyleLoadPlanBuildingAssociationVisitationStrategy - Building LoadPlan...
14:39:38.444 [Test worker] DEBUG org.hibernate.loader.plan.exec.internal.LoadQueryJoinAndFetchProcessor - processing queryspace <gen:0>
14:39:38.444 [Test worker] DEBUG org.hibernate.loader.plan.build.spi.LoadPlanTreePrinter - LoadPlan(entity=com.mushopl.models.BlogPost)
    - Returns
       - EntityReturnImpl(entity=com.mushopl.models.BlogPost, querySpaceUid=<gen:0>, path=com.mushopl.models.BlogPost)
    - QuerySpaces
       - EntityQuerySpaceImpl(uid=<gen:0>, entity=com.mushopl.models.BlogPost)
          - SQL table alias mapping - blogpost0_
          - alias suffix - 0_
          - suffixed key columns - {id1_0_0_}

14:39:38.463 [Test worker] DEBUG org.hibernate.loader.entity.plan.EntityLoader - Static select for entity com.mushopl.models.BlogPost [OPTIMISTIC]: select blogpost0_.id as id1_0_0_, blogpost0_.date as date2_0_0_, blogpost0_.description as descript3_0_0_, blogpost0_.image as image4_0_0_, blogpost0_.title as title5_0_0_ from blogposts blogpost0_ where blogpost0_.id=?
14:39:38.464 [Test worker] DEBUG org.hibernate.loader.plan.build.internal.spaces.QuerySpacesImpl - Adding QuerySpace : uid = <gen:0> -> org.hibernate.loader.plan.build.internal.spaces.EntityQuerySpaceImpl@2effded2]
14:39:38.464 [Test worker] DEBUG org.hibernate.persister.walking.spi.MetamodelGraphWalker - Visiting attribute path : date
14:39:38.466 [Test worker] DEBUG org.hibernate.persister.walking.spi.MetamodelGraphWalker - Visiting attribute path : description
14:39:38.469 [Test worker] DEBUG org.hibernate.persister.walking.spi.MetamodelGraphWalker - Visiting attribute path : image
14:39:38.471 [Test worker] DEBUG org.hibernate.persister.walking.spi.MetamodelGraphWalker - Visiting attribute path : title
14:39:38.474 [Test worker] DEBUG org.hibernate.loader.plan.build.internal.FetchStyleLoadPlanBuildingAssociationVisitationStrategy - Building LoadPlan...
14:39:38.480 [Test worker] DEBUG org.hibernate.loader.plan.exec.internal.LoadQueryJoinAndFetchProcessor - processing queryspace <gen:0>
14:39:38.484 [Test worker] DEBUG org.hibernate.loader.plan.build.spi.LoadPlanTreePrinter - LoadPlan(entity=com.mushopl.models.BlogPost)
    - Returns
       - EntityReturnImpl(entity=com.mushopl.models.BlogPost, querySpaceUid=<gen:0>, path=com.mushopl.models.BlogPost)
    - QuerySpaces
       - EntityQuerySpaceImpl(uid=<gen:0>, entity=com.mushopl.models.BlogPost)
          - SQL table alias mapping - blogpost0_
          - alias suffix - 0_
          - suffixed key columns - {id1_0_0_}

14:39:38.486 [Test worker] DEBUG org.hibernate.loader.entity.plan.EntityLoader - Static select for entity com.mushopl.models.BlogPost [OPTIMISTIC_FORCE_INCREMENT]: select blogpost0_.id as id1_0_0_, blogpost0_.date as date2_0_0_, blogpost0_.description as descript3_0_0_, blogpost0_.image as image4_0_0_, blogpost0_.title as title5_0_0_ from blogposts blogpost0_ where blogpost0_.id=?
14:39:38.487 [Test worker] DEBUG org.hibernate.loader.Loader - Static select for action ACTION_MERGE on entity com.mushopl.models.BlogPost: select blogpost0_.id as id1_0_0_, blogpost0_.date as date2_0_0_, blogpost0_.description as descript3_0_0_, blogpost0_.image as image4_0_0_, blogpost0_.title as title5_0_0_ from blogposts blogpost0_ where blogpost0_.id=?
14:39:38.488 [Test worker] DEBUG org.hibernate.loader.Loader - Static select for action ACTION_REFRESH on entity com.mushopl.models.BlogPost: select blogpost0_.id as id1_0_0_, blogpost0_.date as date2_0_0_, blogpost0_.description as descript3_0_0_, blogpost0_.image as image4_0_0_, blogpost0_.title as title5_0_0_ from blogposts blogpost0_ where blogpost0_.id=?
14:39:38.489 [Test worker] DEBUG org.hibernate.persister.entity.AbstractEntityPersister - Static SQL for entity: com.mushopl.models.Product
14:39:38.490 [Test worker] DEBUG org.hibernate.persister.entity.AbstractEntityPersister -  Version select: select id from products where id =?
14:39:38.490 [Test worker] DEBUG org.hibernate.persister.entity.AbstractEntityPersister -  Snapshot select: select product_.id, product_.description as descript2_3_, product_.pages as pages3_3_, product_.title as title4_3_ from products product_ where product_.id=?
14:39:38.490 [Test worker] DEBUG org.hibernate.persister.entity.AbstractEntityPersister -  Insert 0: insert into products (description, pages, title, id) values (?, ?, ?, ?)
14:39:38.490 [Test worker] DEBUG org.hibernate.persister.entity.AbstractEntityPersister -  Update 0: update products set description=?, pages=?, title=? where id=?
14:39:38.490 [Test worker] DEBUG org.hibernate.persister.entity.AbstractEntityPersister -  Delete 0: delete from products where id=?
14:39:38.490 [Test worker] DEBUG org.hibernate.persister.entity.AbstractEntityPersister -  Identity insert: insert into products (id, description, pages, title) values (null, ?, ?, ?)
14:39:38.491 [Test worker] DEBUG org.hibernate.loader.plan.build.internal.spaces.QuerySpacesImpl - Adding QuerySpace : uid = <gen:0> -> org.hibernate.loader.plan.build.internal.spaces.EntityQuerySpaceImpl@384f00b7]
14:39:38.491 [Test worker] DEBUG org.hibernate.persister.walking.spi.MetamodelGraphWalker - Visiting attribute path : description
14:39:38.491 [Test worker] DEBUG org.hibernate.persister.walking.spi.MetamodelGraphWalker - Visiting attribute path : pages
14:39:38.491 [Test worker] DEBUG org.hibernate.persister.walking.spi.MetamodelGraphWalker - Visiting attribute path : prices
14:39:38.491 [Test worker] DEBUG org.hibernate.loader.plan.build.internal.spaces.QuerySpacesImpl - Adding QuerySpace : uid = <gen:1> -> org.hibernate.loader.plan.build.internal.spaces.CollectionQuerySpaceImpl@6f4cea96]
14:39:38.491 [Test worker] DEBUG org.hibernate.loader.plan.build.internal.spaces.QuerySpacesImpl - Adding QuerySpace : uid = <gen:2> -> org.hibernate.loader.plan.build.internal.spaces.CompositeQuerySpaceImpl@3f818823]
14:39:38.491 [Test worker] DEBUG org.hibernate.persister.walking.spi.MetamodelGraphWalker - Visiting attribute path : title
14:39:38.491 [Test worker] DEBUG org.hibernate.loader.plan.build.internal.FetchStyleLoadPlanBuildingAssociationVisitationStrategy - Building LoadPlan...
14:39:38.492 [Test worker] DEBUG org.hibernate.loader.plan.exec.internal.LoadQueryJoinAndFetchProcessor - processing queryspace <gen:0>
14:39:38.492 [Test worker] DEBUG org.hibernate.loader.plan.build.spi.LoadPlanTreePrinter - LoadPlan(entity=com.mushopl.models.Product)
    - Returns
       - EntityReturnImpl(entity=com.mushopl.models.Product, querySpaceUid=<gen:0>, path=com.mushopl.models.Product)
          - CollectionAttributeFetchImpl(collection=com.mushopl.models.Product.prices, querySpaceUid=<gen:1>, path=com.mushopl.models.Product.prices)
             - (collection element)     - QuerySpaces
       - EntityQuerySpaceImpl(uid=<gen:0>, entity=com.mushopl.models.Product)
          - SQL table alias mapping - product0_
          - alias suffix - 0_
          - suffixed key columns - {id1_3_0_}

14:39:38.492 [Test worker] DEBUG org.hibernate.loader.entity.plan.EntityLoader - Static select for entity com.mushopl.models.Product [NONE]: select product0_.id as id1_3_0_, product0_.description as descript2_3_0_, product0_.pages as pages3_3_0_, product0_.title as title4_3_0_ from products product0_ where product0_.id=?
14:39:38.493 [Test worker] DEBUG org.hibernate.loader.plan.build.internal.spaces.QuerySpacesImpl - Adding QuerySpace : uid = <gen:0> -> org.hibernate.loader.plan.build.internal.spaces.EntityQuerySpaceImpl@7f8b7ddc]
14:39:38.493 [Test worker] DEBUG org.hibernate.persister.walking.spi.MetamodelGraphWalker - Visiting attribute path : description
14:39:38.493 [Test worker] DEBUG org.hibernate.persister.walking.spi.MetamodelGraphWalker - Visiting attribute path : pages
14:39:38.493 [Test worker] DEBUG org.hibernate.persister.walking.spi.MetamodelGraphWalker - Visiting attribute path : prices
14:39:38.493 [Test worker] DEBUG org.hibernate.loader.plan.build.internal.spaces.QuerySpacesImpl - Adding QuerySpace : uid = <gen:1> -> org.hibernate.loader.plan.build.internal.spaces.CollectionQuerySpaceImpl@654b8548]
14:39:38.493 [Test worker] DEBUG org.hibernate.loader.plan.build.internal.spaces.QuerySpacesImpl - Adding QuerySpace : uid = <gen:2> -> org.hibernate.loader.plan.build.internal.spaces.CompositeQuerySpaceImpl@56b8c952]
14:39:38.494 [Test worker] DEBUG org.hibernate.persister.walking.spi.MetamodelGraphWalker - Visiting attribute path : title
14:39:38.494 [Test worker] DEBUG org.hibernate.loader.plan.build.internal.FetchStyleLoadPlanBuildingAssociationVisitationStrategy - Building LoadPlan...
14:39:38.494 [Test worker] DEBUG org.hibernate.loader.plan.exec.internal.LoadQueryJoinAndFetchProcessor - processing queryspace <gen:0>
14:39:38.494 [Test worker] DEBUG org.hibernate.loader.plan.build.spi.LoadPlanTreePrinter - LoadPlan(entity=com.mushopl.models.Product)
    - Returns
       - EntityReturnImpl(entity=com.mushopl.models.Product, querySpaceUid=<gen:0>, path=com.mushopl.models.Product)
          - CollectionAttributeFetchImpl(collection=com.mushopl.models.Product.prices, querySpaceUid=<gen:1>, path=com.mushopl.models.Product.prices)
             - (collection element)     - QuerySpaces
       - EntityQuerySpaceImpl(uid=<gen:0>, entity=com.mushopl.models.Product)
          - SQL table alias mapping - product0_
          - alias suffix - 0_
          - suffixed key columns - {id1_3_0_}

14:39:38.500 [Test worker] DEBUG org.hibernate.loader.entity.plan.EntityLoader - Static select for entity com.mushopl.models.Product [READ]: select product0_.id as id1_3_0_, product0_.description as descript2_3_0_, product0_.pages as pages3_3_0_, product0_.title as title4_3_0_ from products product0_ where product0_.id=?
14:39:38.500 [Test worker] DEBUG org.hibernate.loader.plan.build.internal.spaces.QuerySpacesImpl - Adding QuerySpace : uid = <gen:0> -> org.hibernate.loader.plan.build.internal.spaces.EntityQuerySpaceImpl@72f92bc4]
14:39:38.500 [Test worker] DEBUG org.hibernate.persister.walking.spi.MetamodelGraphWalker - Visiting attribute path : description
14:39:38.500 [Test worker] DEBUG org.hibernate.persister.walking.spi.MetamodelGraphWalker - Visiting attribute path : pages
14:39:38.500 [Test worker] DEBUG org.hibernate.persister.walking.spi.MetamodelGraphWalker - Visiting attribute path : prices
14:39:38.500 [Test worker] DEBUG org.hibernate.loader.plan.build.internal.spaces.QuerySpacesImpl - Adding QuerySpace : uid = <gen:1> -> org.hibernate.loader.plan.build.internal.spaces.CollectionQuerySpaceImpl@7898a1b3]
14:39:38.500 [Test worker] DEBUG org.hibernate.loader.plan.build.internal.spaces.QuerySpacesImpl - Adding QuerySpace : uid = <gen:2> -> org.hibernate.loader.plan.build.internal.spaces.CompositeQuerySpaceImpl@687a05ab]
14:39:38.500 [Test worker] DEBUG org.hibernate.persister.walking.spi.MetamodelGraphWalker - Visiting attribute path : title
14:39:38.501 [Test worker] DEBUG org.hibernate.loader.plan.build.internal.FetchStyleLoadPlanBuildingAssociationVisitationStrategy - Building LoadPlan...
14:39:38.501 [Test worker] DEBUG org.hibernate.loader.plan.exec.internal.LoadQueryJoinAndFetchProcessor - processing queryspace <gen:0>
14:39:38.501 [Test worker] DEBUG org.hibernate.loader.plan.build.spi.LoadPlanTreePrinter - LoadPlan(entity=com.mushopl.models.Product)
    - Returns
       - EntityReturnImpl(entity=com.mushopl.models.Product, querySpaceUid=<gen:0>, path=com.mushopl.models.Product)
          - CollectionAttributeFetchImpl(collection=com.mushopl.models.Product.prices, querySpaceUid=<gen:1>, path=com.mushopl.models.Product.prices)
             - (collection element)     - QuerySpaces
       - EntityQuerySpaceImpl(uid=<gen:0>, entity=com.mushopl.models.Product)
          - SQL table alias mapping - product0_
          - alias suffix - 0_
          - suffixed key columns - {id1_3_0_}

14:39:38.501 [Test worker] DEBUG org.hibernate.loader.entity.plan.EntityLoader - Static select for entity com.mushopl.models.Product [UPGRADE]: select product0_.id as id1_3_0_, product0_.description as descript2_3_0_, product0_.pages as pages3_3_0_, product0_.title as title4_3_0_ from products product0_ where product0_.id=? for update
14:39:38.501 [Test worker] DEBUG org.hibernate.loader.plan.build.internal.spaces.QuerySpacesImpl - Adding QuerySpace : uid = <gen:0> -> org.hibernate.loader.plan.build.internal.spaces.EntityQuerySpaceImpl@53e6a46b]
14:39:38.502 [Test worker] DEBUG org.hibernate.persister.walking.spi.MetamodelGraphWalker - Visiting attribute path : description
14:39:38.502 [Test worker] DEBUG org.hibernate.persister.walking.spi.MetamodelGraphWalker - Visiting attribute path : pages
14:39:38.502 [Test worker] DEBUG org.hibernate.persister.walking.spi.MetamodelGraphWalker - Visiting attribute path : prices
14:39:38.502 [Test worker] DEBUG org.hibernate.loader.plan.build.internal.spaces.QuerySpacesImpl - Adding QuerySpace : uid = <gen:1> -> org.hibernate.loader.plan.build.internal.spaces.CollectionQuerySpaceImpl@2fa71577]
14:39:38.502 [Test worker] DEBUG org.hibernate.loader.plan.build.internal.spaces.QuerySpacesImpl - Adding QuerySpace : uid = <gen:2> -> org.hibernate.loader.plan.build.internal.spaces.CompositeQuerySpaceImpl@17481a75]
14:39:38.502 [Test worker] DEBUG org.hibernate.persister.walking.spi.MetamodelGraphWalker - Visiting attribute path : title
14:39:38.502 [Test worker] DEBUG org.hibernate.loader.plan.build.internal.FetchStyleLoadPlanBuildingAssociationVisitationStrategy - Building LoadPlan...
14:39:38.502 [Test worker] DEBUG org.hibernate.loader.plan.exec.internal.LoadQueryJoinAndFetchProcessor - processing queryspace <gen:0>
14:39:38.502 [Test worker] DEBUG org.hibernate.loader.plan.build.spi.LoadPlanTreePrinter - LoadPlan(entity=com.mushopl.models.Product)
    - Returns
       - EntityReturnImpl(entity=com.mushopl.models.Product, querySpaceUid=<gen:0>, path=com.mushopl.models.Product)
          - CollectionAttributeFetchImpl(collection=com.mushopl.models.Product.prices, querySpaceUid=<gen:1>, path=com.mushopl.models.Product.prices)
             - (collection element)     - QuerySpaces
       - EntityQuerySpaceImpl(uid=<gen:0>, entity=com.mushopl.models.Product)
          - SQL table alias mapping - product0_
          - alias suffix - 0_
          - suffixed key columns - {id1_3_0_}

14:39:38.503 [Test worker] DEBUG org.hibernate.loader.entity.plan.EntityLoader - Static select for entity com.mushopl.models.Product [UPGRADE_NOWAIT]: select product0_.id as id1_3_0_, product0_.description as descript2_3_0_, product0_.pages as pages3_3_0_, product0_.title as title4_3_0_ from products product0_ where product0_.id=? for update
14:39:38.503 [Test worker] DEBUG org.hibernate.loader.plan.build.internal.spaces.QuerySpacesImpl - Adding QuerySpace : uid = <gen:0> -> org.hibernate.loader.plan.build.internal.spaces.EntityQuerySpaceImpl@71eb310b]
14:39:38.503 [Test worker] DEBUG org.hibernate.persister.walking.spi.MetamodelGraphWalker - Visiting attribute path : description
14:39:38.503 [Test worker] DEBUG org.hibernate.persister.walking.spi.MetamodelGraphWalker - Visiting attribute path : pages
14:39:38.503 [Test worker] DEBUG org.hibernate.persister.walking.spi.MetamodelGraphWalker - Visiting attribute path : prices
14:39:38.503 [Test worker] DEBUG org.hibernate.loader.plan.build.internal.spaces.QuerySpacesImpl - Adding QuerySpace : uid = <gen:1> -> org.hibernate.loader.plan.build.internal.spaces.CollectionQuerySpaceImpl@9cd9451]
14:39:38.503 [Test worker] DEBUG org.hibernate.loader.plan.build.internal.spaces.QuerySpacesImpl - Adding QuerySpace : uid = <gen:2> -> org.hibernate.loader.plan.build.internal.spaces.CompositeQuerySpaceImpl@5e81bcaf]
14:39:38.503 [Test worker] DEBUG org.hibernate.persister.walking.spi.MetamodelGraphWalker - Visiting attribute path : title
14:39:38.503 [Test worker] DEBUG org.hibernate.loader.plan.build.internal.FetchStyleLoadPlanBuildingAssociationVisitationStrategy - Building LoadPlan...
14:39:38.504 [Test worker] DEBUG org.hibernate.loader.plan.exec.internal.LoadQueryJoinAndFetchProcessor - processing queryspace <gen:0>
14:39:38.504 [Test worker] DEBUG org.hibernate.loader.plan.build.spi.LoadPlanTreePrinter - LoadPlan(entity=com.mushopl.models.Product)
    - Returns
       - EntityReturnImpl(entity=com.mushopl.models.Product, querySpaceUid=<gen:0>, path=com.mushopl.models.Product)
          - CollectionAttributeFetchImpl(collection=com.mushopl.models.Product.prices, querySpaceUid=<gen:1>, path=com.mushopl.models.Product.prices)
             - (collection element)     - QuerySpaces
       - EntityQuerySpaceImpl(uid=<gen:0>, entity=com.mushopl.models.Product)
          - SQL table alias mapping - product0_
          - alias suffix - 0_
          - suffixed key columns - {id1_3_0_}

14:39:38.504 [Test worker] DEBUG org.hibernate.loader.entity.plan.EntityLoader - Static select for entity com.mushopl.models.Product [UPGRADE_SKIPLOCKED]: select product0_.id as id1_3_0_, product0_.description as descript2_3_0_, product0_.pages as pages3_3_0_, product0_.title as title4_3_0_ from products product0_ where product0_.id=? for update
14:39:38.504 [Test worker] DEBUG org.hibernate.loader.plan.build.internal.spaces.QuerySpacesImpl - Adding QuerySpace : uid = <gen:0> -> org.hibernate.loader.plan.build.internal.spaces.EntityQuerySpaceImpl@764aad1d]
14:39:38.505 [Test worker] DEBUG org.hibernate.persister.walking.spi.MetamodelGraphWalker - Visiting attribute path : description
14:39:38.505 [Test worker] DEBUG org.hibernate.persister.walking.spi.MetamodelGraphWalker - Visiting attribute path : pages
14:39:38.505 [Test worker] DEBUG org.hibernate.persister.walking.spi.MetamodelGraphWalker - Visiting attribute path : prices
14:39:38.505 [Test worker] DEBUG org.hibernate.loader.plan.build.internal.spaces.QuerySpacesImpl - Adding QuerySpace : uid = <gen:1> -> org.hibernate.loader.plan.build.internal.spaces.CollectionQuerySpaceImpl@3c8b1146]
14:39:38.505 [Test worker] DEBUG org.hibernate.loader.plan.build.internal.spaces.QuerySpacesImpl - Adding QuerySpace : uid = <gen:2> -> org.hibernate.loader.plan.build.internal.spaces.CompositeQuerySpaceImpl@6f3ca6bc]
14:39:38.505 [Test worker] DEBUG org.hibernate.persister.walking.spi.MetamodelGraphWalker - Visiting attribute path : title
14:39:38.506 [Test worker] DEBUG org.hibernate.loader.plan.build.internal.FetchStyleLoadPlanBuildingAssociationVisitationStrategy - Building LoadPlan...
14:39:38.506 [Test worker] DEBUG org.hibernate.loader.plan.exec.internal.LoadQueryJoinAndFetchProcessor - processing queryspace <gen:0>
14:39:38.506 [Test worker] DEBUG org.hibernate.loader.plan.build.spi.LoadPlanTreePrinter - LoadPlan(entity=com.mushopl.models.Product)
    - Returns
       - EntityReturnImpl(entity=com.mushopl.models.Product, querySpaceUid=<gen:0>, path=com.mushopl.models.Product)
          - CollectionAttributeFetchImpl(collection=com.mushopl.models.Product.prices, querySpaceUid=<gen:1>, path=com.mushopl.models.Product.prices)
             - (collection element)     - QuerySpaces
       - EntityQuerySpaceImpl(uid=<gen:0>, entity=com.mushopl.models.Product)
          - SQL table alias mapping - product0_
          - alias suffix - 0_
          - suffixed key columns - {id1_3_0_}

14:39:38.507 [Test worker] DEBUG org.hibernate.loader.entity.plan.EntityLoader - Static select for entity com.mushopl.models.Product [FORCE]: select product0_.id as id1_3_0_, product0_.description as descript2_3_0_, product0_.pages as pages3_3_0_, product0_.title as title4_3_0_ from products product0_ where product0_.id=? for update
14:39:38.507 [Test worker] DEBUG org.hibernate.loader.plan.build.internal.spaces.QuerySpacesImpl - Adding QuerySpace : uid = <gen:0> -> org.hibernate.loader.plan.build.internal.spaces.EntityQuerySpaceImpl@4c3dcc03]
14:39:38.507 [Test worker] DEBUG org.hibernate.persister.walking.spi.MetamodelGraphWalker - Visiting attribute path : description
14:39:38.508 [Test worker] DEBUG org.hibernate.persister.walking.spi.MetamodelGraphWalker - Visiting attribute path : pages
14:39:38.508 [Test worker] DEBUG org.hibernate.persister.walking.spi.MetamodelGraphWalker - Visiting attribute path : prices
14:39:38.508 [Test worker] DEBUG org.hibernate.loader.plan.build.internal.spaces.QuerySpacesImpl - Adding QuerySpace : uid = <gen:1> -> org.hibernate.loader.plan.build.internal.spaces.CollectionQuerySpaceImpl@7a421fad]
14:39:38.508 [Test worker] DEBUG org.hibernate.loader.plan.build.internal.spaces.QuerySpacesImpl - Adding QuerySpace : uid = <gen:2> -> org.hibernate.loader.plan.build.internal.spaces.CompositeQuerySpaceImpl@70c15f1f]
14:39:38.508 [Test worker] DEBUG org.hibernate.persister.walking.spi.MetamodelGraphWalker - Visiting attribute path : title
14:39:38.509 [Test worker] DEBUG org.hibernate.loader.plan.build.internal.FetchStyleLoadPlanBuildingAssociationVisitationStrategy - Building LoadPlan...
14:39:38.509 [Test worker] DEBUG org.hibernate.loader.plan.exec.internal.LoadQueryJoinAndFetchProcessor - processing queryspace <gen:0>
14:39:38.511 [Test worker] DEBUG org.hibernate.loader.plan.build.spi.LoadPlanTreePrinter - LoadPlan(entity=com.mushopl.models.Product)
    - Returns
       - EntityReturnImpl(entity=com.mushopl.models.Product, querySpaceUid=<gen:0>, path=com.mushopl.models.Product)
          - CollectionAttributeFetchImpl(collection=com.mushopl.models.Product.prices, querySpaceUid=<gen:1>, path=com.mushopl.models.Product.prices)
             - (collection element)     - QuerySpaces
       - EntityQuerySpaceImpl(uid=<gen:0>, entity=com.mushopl.models.Product)
          - SQL table alias mapping - product0_
          - alias suffix - 0_
          - suffixed key columns - {id1_3_0_}

14:39:38.512 [Test worker] DEBUG org.hibernate.loader.entity.plan.EntityLoader - Static select for entity com.mushopl.models.Product [PESSIMISTIC_READ]: select product0_.id as id1_3_0_, product0_.description as descript2_3_0_, product0_.pages as pages3_3_0_, product0_.title as title4_3_0_ from products product0_ where product0_.id=? for update
14:39:38.512 [Test worker] DEBUG org.hibernate.loader.plan.build.internal.spaces.QuerySpacesImpl - Adding QuerySpace : uid = <gen:0> -> org.hibernate.loader.plan.build.internal.spaces.EntityQuerySpaceImpl@523ec8d0]
14:39:38.512 [Test worker] DEBUG org.hibernate.persister.walking.spi.MetamodelGraphWalker - Visiting attribute path : description
14:39:38.512 [Test worker] DEBUG org.hibernate.persister.walking.spi.MetamodelGraphWalker - Visiting attribute path : pages
14:39:38.512 [Test worker] DEBUG org.hibernate.persister.walking.spi.MetamodelGraphWalker - Visiting attribute path : prices
14:39:38.512 [Test worker] DEBUG org.hibernate.loader.plan.build.internal.spaces.QuerySpacesImpl - Adding QuerySpace : uid = <gen:1> -> org.hibernate.loader.plan.build.internal.spaces.CollectionQuerySpaceImpl@1f8b0f24]
14:39:38.513 [Test worker] DEBUG org.hibernate.loader.plan.build.internal.spaces.QuerySpacesImpl - Adding QuerySpace : uid = <gen:2> -> org.hibernate.loader.plan.build.internal.spaces.CompositeQuerySpaceImpl@6548826d]
14:39:38.513 [Test worker] DEBUG org.hibernate.persister.walking.spi.MetamodelGraphWalker - Visiting attribute path : title
14:39:38.513 [Test worker] DEBUG org.hibernate.loader.plan.build.internal.FetchStyleLoadPlanBuildingAssociationVisitationStrategy - Building LoadPlan...
14:39:38.513 [Test worker] DEBUG org.hibernate.loader.plan.exec.internal.LoadQueryJoinAndFetchProcessor - processing queryspace <gen:0>
14:39:38.513 [Test worker] DEBUG org.hibernate.loader.plan.build.spi.LoadPlanTreePrinter - LoadPlan(entity=com.mushopl.models.Product)
    - Returns
       - EntityReturnImpl(entity=com.mushopl.models.Product, querySpaceUid=<gen:0>, path=com.mushopl.models.Product)
          - CollectionAttributeFetchImpl(collection=com.mushopl.models.Product.prices, querySpaceUid=<gen:1>, path=com.mushopl.models.Product.prices)
             - (collection element)     - QuerySpaces
       - EntityQuerySpaceImpl(uid=<gen:0>, entity=com.mushopl.models.Product)
          - SQL table alias mapping - product0_
          - alias suffix - 0_
          - suffixed key columns - {id1_3_0_}

14:39:38.514 [Test worker] DEBUG org.hibernate.loader.entity.plan.EntityLoader - Static select for entity com.mushopl.models.Product [PESSIMISTIC_WRITE]: select product0_.id as id1_3_0_, product0_.description as descript2_3_0_, product0_.pages as pages3_3_0_, product0_.title as title4_3_0_ from products product0_ where product0_.id=? for update
14:39:38.514 [Test worker] DEBUG org.hibernate.loader.plan.build.internal.spaces.QuerySpacesImpl - Adding QuerySpace : uid = <gen:0> -> org.hibernate.loader.plan.build.internal.spaces.EntityQuerySpaceImpl@4194be5c]
14:39:38.514 [Test worker] DEBUG org.hibernate.persister.walking.spi.MetamodelGraphWalker - Visiting attribute path : description
14:39:38.514 [Test worker] DEBUG org.hibernate.persister.walking.spi.MetamodelGraphWalker - Visiting attribute path : pages
14:39:38.514 [Test worker] DEBUG org.hibernate.persister.walking.spi.MetamodelGraphWalker - Visiting attribute path : prices
14:39:38.514 [Test worker] DEBUG org.hibernate.loader.plan.build.internal.spaces.QuerySpacesImpl - Adding QuerySpace : uid = <gen:1> -> org.hibernate.loader.plan.build.internal.spaces.CollectionQuerySpaceImpl@5368601]
14:39:38.514 [Test worker] DEBUG org.hibernate.loader.plan.build.internal.spaces.QuerySpacesImpl - Adding QuerySpace : uid = <gen:2> -> org.hibernate.loader.plan.build.internal.spaces.CompositeQuerySpaceImpl@244c3720]
14:39:38.514 [Test worker] DEBUG org.hibernate.persister.walking.spi.MetamodelGraphWalker - Visiting attribute path : title
14:39:38.514 [Test worker] DEBUG org.hibernate.loader.plan.build.internal.FetchStyleLoadPlanBuildingAssociationVisitationStrategy - Building LoadPlan...
14:39:38.514 [Test worker] DEBUG org.hibernate.loader.plan.exec.internal.LoadQueryJoinAndFetchProcessor - processing queryspace <gen:0>
14:39:38.515 [Test worker] DEBUG org.hibernate.loader.plan.build.spi.LoadPlanTreePrinter - LoadPlan(entity=com.mushopl.models.Product)
    - Returns
       - EntityReturnImpl(entity=com.mushopl.models.Product, querySpaceUid=<gen:0>, path=com.mushopl.models.Product)
          - CollectionAttributeFetchImpl(collection=com.mushopl.models.Product.prices, querySpaceUid=<gen:1>, path=com.mushopl.models.Product.prices)
             - (collection element)     - QuerySpaces
       - EntityQuerySpaceImpl(uid=<gen:0>, entity=com.mushopl.models.Product)
          - SQL table alias mapping - product0_
          - alias suffix - 0_
          - suffixed key columns - {id1_3_0_}

14:39:38.515 [Test worker] DEBUG org.hibernate.loader.entity.plan.EntityLoader - Static select for entity com.mushopl.models.Product [PESSIMISTIC_FORCE_INCREMENT]: select product0_.id as id1_3_0_, product0_.description as descript2_3_0_, product0_.pages as pages3_3_0_, product0_.title as title4_3_0_ from products product0_ where product0_.id=? for update
14:39:38.515 [Test worker] DEBUG org.hibernate.loader.plan.build.internal.spaces.QuerySpacesImpl - Adding QuerySpace : uid = <gen:0> -> org.hibernate.loader.plan.build.internal.spaces.EntityQuerySpaceImpl@404e0bab]
14:39:38.516 [Test worker] DEBUG org.hibernate.persister.walking.spi.MetamodelGraphWalker - Visiting attribute path : description
14:39:38.516 [Test worker] DEBUG org.hibernate.persister.walking.spi.MetamodelGraphWalker - Visiting attribute path : pages
14:39:38.516 [Test worker] DEBUG org.hibernate.persister.walking.spi.MetamodelGraphWalker - Visiting attribute path : prices
14:39:38.516 [Test worker] DEBUG org.hibernate.loader.plan.build.internal.spaces.QuerySpacesImpl - Adding QuerySpace : uid = <gen:1> -> org.hibernate.loader.plan.build.internal.spaces.CollectionQuerySpaceImpl@29389265]
14:39:38.516 [Test worker] DEBUG org.hibernate.loader.plan.build.internal.spaces.QuerySpacesImpl - Adding QuerySpace : uid = <gen:2> -> org.hibernate.loader.plan.build.internal.spaces.CompositeQuerySpaceImpl@6c885555]
14:39:38.516 [Test worker] DEBUG org.hibernate.persister.walking.spi.MetamodelGraphWalker - Visiting attribute path : title
14:39:38.516 [Test worker] DEBUG org.hibernate.loader.plan.build.internal.FetchStyleLoadPlanBuildingAssociationVisitationStrategy - Building LoadPlan...
14:39:38.516 [Test worker] DEBUG org.hibernate.loader.plan.exec.internal.LoadQueryJoinAndFetchProcessor - processing queryspace <gen:0>
14:39:38.516 [Test worker] DEBUG org.hibernate.loader.plan.build.spi.LoadPlanTreePrinter - LoadPlan(entity=com.mushopl.models.Product)
    - Returns
       - EntityReturnImpl(entity=com.mushopl.models.Product, querySpaceUid=<gen:0>, path=com.mushopl.models.Product)
          - CollectionAttributeFetchImpl(collection=com.mushopl.models.Product.prices, querySpaceUid=<gen:1>, path=com.mushopl.models.Product.prices)
             - (collection element)     - QuerySpaces
       - EntityQuerySpaceImpl(uid=<gen:0>, entity=com.mushopl.models.Product)
          - SQL table alias mapping - product0_
          - alias suffix - 0_
          - suffixed key columns - {id1_3_0_}

14:39:38.517 [Test worker] DEBUG org.hibernate.loader.entity.plan.EntityLoader - Static select for entity com.mushopl.models.Product [OPTIMISTIC]: select product0_.id as id1_3_0_, product0_.description as descript2_3_0_, product0_.pages as pages3_3_0_, product0_.title as title4_3_0_ from products product0_ where product0_.id=?
14:39:38.517 [Test worker] DEBUG org.hibernate.loader.plan.build.internal.spaces.QuerySpacesImpl - Adding QuerySpace : uid = <gen:0> -> org.hibernate.loader.plan.build.internal.spaces.EntityQuerySpaceImpl@5cab183c]
14:39:38.517 [Test worker] DEBUG org.hibernate.persister.walking.spi.MetamodelGraphWalker - Visiting attribute path : description
14:39:38.517 [Test worker] DEBUG org.hibernate.persister.walking.spi.MetamodelGraphWalker - Visiting attribute path : pages
14:39:38.517 [Test worker] DEBUG org.hibernate.persister.walking.spi.MetamodelGraphWalker - Visiting attribute path : prices
14:39:38.517 [Test worker] DEBUG org.hibernate.loader.plan.build.internal.spaces.QuerySpacesImpl - Adding QuerySpace : uid = <gen:1> -> org.hibernate.loader.plan.build.internal.spaces.CollectionQuerySpaceImpl@51cd04cd]
14:39:38.517 [Test worker] DEBUG org.hibernate.loader.plan.build.internal.spaces.QuerySpacesImpl - Adding QuerySpace : uid = <gen:2> -> org.hibernate.loader.plan.build.internal.spaces.CompositeQuerySpaceImpl@7fc1d15c]
14:39:38.517 [Test worker] DEBUG org.hibernate.persister.walking.spi.MetamodelGraphWalker - Visiting attribute path : title
14:39:38.517 [Test worker] DEBUG org.hibernate.loader.plan.build.internal.FetchStyleLoadPlanBuildingAssociationVisitationStrategy - Building LoadPlan...
14:39:38.518 [Test worker] DEBUG org.hibernate.loader.plan.exec.internal.LoadQueryJoinAndFetchProcessor - processing queryspace <gen:0>
14:39:38.518 [Test worker] DEBUG org.hibernate.loader.plan.build.spi.LoadPlanTreePrinter - LoadPlan(entity=com.mushopl.models.Product)
    - Returns
       - EntityReturnImpl(entity=com.mushopl.models.Product, querySpaceUid=<gen:0>, path=com.mushopl.models.Product)
          - CollectionAttributeFetchImpl(collection=com.mushopl.models.Product.prices, querySpaceUid=<gen:1>, path=com.mushopl.models.Product.prices)
             - (collection element)     - QuerySpaces
       - EntityQuerySpaceImpl(uid=<gen:0>, entity=com.mushopl.models.Product)
          - SQL table alias mapping - product0_
          - alias suffix - 0_
          - suffixed key columns - {id1_3_0_}

14:39:38.518 [Test worker] DEBUG org.hibernate.loader.entity.plan.EntityLoader - Static select for entity com.mushopl.models.Product [OPTIMISTIC_FORCE_INCREMENT]: select product0_.id as id1_3_0_, product0_.description as descript2_3_0_, product0_.pages as pages3_3_0_, product0_.title as title4_3_0_ from products product0_ where product0_.id=?
14:39:38.518 [Test worker] DEBUG org.hibernate.loader.Loader - Static select for action ACTION_MERGE on entity com.mushopl.models.Product: select product0_.id as id1_3_0_, product0_.description as descript2_3_0_, product0_.pages as pages3_3_0_, product0_.title as title4_3_0_ from products product0_ where product0_.id=?
14:39:38.518 [Test worker] DEBUG org.hibernate.loader.Loader - Static select for action ACTION_REFRESH on entity com.mushopl.models.Product: select product0_.id as id1_3_0_, product0_.description as descript2_3_0_, product0_.pages as pages3_3_0_, product0_.title as title4_3_0_ from products product0_ where product0_.id=?
14:39:38.519 [Test worker] DEBUG org.hibernate.persister.entity.AbstractEntityPersister - Static SQL for entity: com.mushopl.models.User
14:39:38.519 [Test worker] DEBUG org.hibernate.persister.entity.AbstractEntityPersister -  Version select: select username from users where username =?
14:39:38.519 [Test worker] DEBUG org.hibernate.persister.entity.AbstractEntityPersister -  Snapshot select: select user_.username, user_.name as name2_7_, user_.pass as pass3_7_ from users user_ where user_.username=?
14:39:38.519 [Test worker] DEBUG org.hibernate.persister.entity.AbstractEntityPersister -  Insert 0: insert into users (name, pass, username) values (?, ?, ?)
14:39:38.519 [Test worker] DEBUG org.hibernate.persister.entity.AbstractEntityPersister -  Update 0: update users set name=?, pass=? where username=?
14:39:38.519 [Test worker] DEBUG org.hibernate.persister.entity.AbstractEntityPersister -  Delete 0: delete from users where username=?
14:39:38.519 [Test worker] DEBUG org.hibernate.loader.plan.build.internal.spaces.QuerySpacesImpl - Adding QuerySpace : uid = <gen:0> -> org.hibernate.loader.plan.build.internal.spaces.EntityQuerySpaceImpl@7baf4c60]
14:39:38.519 [Test worker] DEBUG org.hibernate.persister.walking.spi.MetamodelGraphWalker - Visiting attribute path : name
14:39:38.520 [Test worker] DEBUG org.hibernate.persister.walking.spi.MetamodelGraphWalker - Visiting attribute path : pass
14:39:38.520 [Test worker] DEBUG org.hibernate.persister.walking.spi.MetamodelGraphWalker - Visiting attribute path : roles
14:39:38.520 [Test worker] DEBUG org.hibernate.loader.plan.build.internal.spaces.QuerySpacesImpl - Adding QuerySpace : uid = <gen:1> -> org.hibernate.loader.plan.build.internal.spaces.CollectionQuerySpaceImpl@260652d7]
14:39:38.520 [Test worker] DEBUG org.hibernate.loader.plan.build.internal.spaces.QuerySpacesImpl - Adding QuerySpace : uid = <gen:2> -> org.hibernate.loader.plan.build.internal.spaces.EntityQuerySpaceImpl@573c3c7a]
14:39:38.520 [Test worker] DEBUG org.hibernate.loader.plan.build.internal.spaces.QuerySpacesImpl - Adding QuerySpace : uid = <gen:2>-id -> org.hibernate.loader.plan.build.internal.spaces.CompositeQuerySpaceImpl@56f1a6b1]
14:39:38.520 [Test worker] DEBUG org.hibernate.persister.walking.spi.MetamodelGraphWalker - Visiting attribute path : roles.user
14:39:38.520 [Test worker] DEBUG org.hibernate.persister.walking.spi.MetamodelGraphWalker - Property path deemed to be circular : roles.user
14:39:38.520 [Test worker] DEBUG org.hibernate.persister.walking.spi.MetamodelGraphWalker - Visiting attribute path : roles.name
14:39:38.521 [Test worker] DEBUG org.hibernate.loader.plan.build.internal.FetchStyleLoadPlanBuildingAssociationVisitationStrategy - Building LoadPlan...
14:39:38.521 [Test worker] DEBUG org.hibernate.loader.plan.exec.internal.LoadQueryJoinAndFetchProcessor - processing queryspace <gen:0>
14:39:38.522 [Test worker] DEBUG org.hibernate.loader.plan.build.spi.LoadPlanTreePrinter - LoadPlan(entity=com.mushopl.models.User)
    - Returns
       - EntityReturnImpl(entity=com.mushopl.models.User, querySpaceUid=<gen:0>, path=com.mushopl.models.User)
          - CollectionAttributeFetchImpl(collection=com.mushopl.models.User.roles, querySpaceUid=<gen:1>, path=com.mushopl.models.User.roles)
             - (collection element) CollectionFetchableElementEntityGraph(entity=com.mushopl.models.Role, querySpaceUid=<gen:2>, path=com.mushopl.models.User.roles.<elements>)
    - QuerySpaces
       - EntityQuerySpaceImpl(uid=<gen:0>, entity=com.mushopl.models.User)
          - SQL table alias mapping - user0_
          - alias suffix - 0_
          - suffixed key columns - {username1_7_0_}
          - JOIN (JoinDefinedByMetadata(roles)) : <gen:0> -> <gen:1>
             - CollectionQuerySpaceImpl(uid=<gen:1>, collection=com.mushopl.models.User.roles)
                - SQL table alias mapping - roles1_
                - alias suffix - 1_
                - suffixed key columns - {username2_4_1_}
                - entity-element alias suffix - 2_
                - 2_entity-element suffixed key columns - username2_4_2_, name1_4_2_
                - JOIN (JoinDefinedByMetadata(elements)) : <gen:1> -> <gen:2>
                   - EntityQuerySpaceImpl(uid=<gen:2>, entity=com.mushopl.models.Role)
                      - SQL table alias mapping - roles1_
                      - alias suffix - 2_
                      - suffixed key columns - {username2_4_2_, name1_4_2_}
                      - JOIN (JoinDefinedByMetadata(id)) : <gen:2> -> <gen:2>-id
                         - CompositeQuerySpaceImpl(uid=<gen:2>-id)
                            - SQL table alias mapping - roles1_

14:39:38.523 [Test worker] DEBUG org.hibernate.loader.entity.plan.EntityLoader - Static select for entity com.mushopl.models.User [NONE]: select user0_.username as username1_7_0_, user0_.name as name2_7_0_, user0_.pass as pass3_7_0_, roles1_.username as username2_4_1_, roles1_.name as name1_4_1_, roles1_.username as username2_4_2_, roles1_.name as name1_4_2_ from users user0_ left outer join roles roles1_ on user0_.username=roles1_.username where user0_.username=?
14:39:38.523 [Test worker] DEBUG org.hibernate.loader.plan.build.internal.spaces.QuerySpacesImpl - Adding QuerySpace : uid = <gen:0> -> org.hibernate.loader.plan.build.internal.spaces.EntityQuerySpaceImpl@165a4249]
14:39:38.524 [Test worker] DEBUG org.hibernate.persister.walking.spi.MetamodelGraphWalker - Visiting attribute path : name
14:39:38.524 [Test worker] DEBUG org.hibernate.persister.walking.spi.MetamodelGraphWalker - Visiting attribute path : pass
14:39:38.524 [Test worker] DEBUG org.hibernate.persister.walking.spi.MetamodelGraphWalker - Visiting attribute path : roles
14:39:38.524 [Test worker] DEBUG org.hibernate.loader.plan.build.internal.spaces.QuerySpacesImpl - Adding QuerySpace : uid = <gen:1> -> org.hibernate.loader.plan.build.internal.spaces.CollectionQuerySpaceImpl@21d7ca3c]
14:39:38.524 [Test worker] DEBUG org.hibernate.loader.plan.build.internal.spaces.QuerySpacesImpl - Adding QuerySpace : uid = <gen:2> -> org.hibernate.loader.plan.build.internal.spaces.EntityQuerySpaceImpl@4179c1b9]
14:39:38.524 [Test worker] DEBUG org.hibernate.loader.plan.build.internal.spaces.QuerySpacesImpl - Adding QuerySpace : uid = <gen:2>-id -> org.hibernate.loader.plan.build.internal.spaces.CompositeQuerySpaceImpl@5f59bd5]
14:39:38.524 [Test worker] DEBUG org.hibernate.persister.walking.spi.MetamodelGraphWalker - Visiting attribute path : roles.user
14:39:38.525 [Test worker] DEBUG org.hibernate.persister.walking.spi.MetamodelGraphWalker - Property path deemed to be circular : roles.user
14:39:38.525 [Test worker] DEBUG org.hibernate.persister.walking.spi.MetamodelGraphWalker - Visiting attribute path : roles.name
14:39:38.526 [Test worker] DEBUG org.hibernate.loader.plan.build.internal.FetchStyleLoadPlanBuildingAssociationVisitationStrategy - Building LoadPlan...
14:39:38.527 [Test worker] DEBUG org.hibernate.loader.plan.exec.internal.LoadQueryJoinAndFetchProcessor - processing queryspace <gen:0>
14:39:38.528 [Test worker] DEBUG org.hibernate.loader.plan.build.spi.LoadPlanTreePrinter - LoadPlan(entity=com.mushopl.models.User)
    - Returns
       - EntityReturnImpl(entity=com.mushopl.models.User, querySpaceUid=<gen:0>, path=com.mushopl.models.User)
          - CollectionAttributeFetchImpl(collection=com.mushopl.models.User.roles, querySpaceUid=<gen:1>, path=com.mushopl.models.User.roles)
             - (collection element) CollectionFetchableElementEntityGraph(entity=com.mushopl.models.Role, querySpaceUid=<gen:2>, path=com.mushopl.models.User.roles.<elements>)
    - QuerySpaces
       - EntityQuerySpaceImpl(uid=<gen:0>, entity=com.mushopl.models.User)
          - SQL table alias mapping - user0_
          - alias suffix - 0_
          - suffixed key columns - {username1_7_0_}
          - JOIN (JoinDefinedByMetadata(roles)) : <gen:0> -> <gen:1>
             - CollectionQuerySpaceImpl(uid=<gen:1>, collection=com.mushopl.models.User.roles)
                - SQL table alias mapping - roles1_
                - alias suffix - 1_
                - suffixed key columns - {username2_4_1_}
                - entity-element alias suffix - 2_
                - 2_entity-element suffixed key columns - username2_4_2_, name1_4_2_
                - JOIN (JoinDefinedByMetadata(elements)) : <gen:1> -> <gen:2>
                   - EntityQuerySpaceImpl(uid=<gen:2>, entity=com.mushopl.models.Role)
                      - SQL table alias mapping - roles1_
                      - alias suffix - 2_
                      - suffixed key columns - {username2_4_2_, name1_4_2_}
                      - JOIN (JoinDefinedByMetadata(id)) : <gen:2> -> <gen:2>-id
                         - CompositeQuerySpaceImpl(uid=<gen:2>-id)
                            - SQL table alias mapping - roles1_

14:39:38.529 [Test worker] DEBUG org.hibernate.loader.entity.plan.EntityLoader - Static select for entity com.mushopl.models.User [READ]: select user0_.username as username1_7_0_, user0_.name as name2_7_0_, user0_.pass as pass3_7_0_, roles1_.username as username2_4_1_, roles1_.name as name1_4_1_, roles1_.username as username2_4_2_, roles1_.name as name1_4_2_ from users user0_ left outer join roles roles1_ on user0_.username=roles1_.username where user0_.username=?
14:39:38.530 [Test worker] DEBUG org.hibernate.loader.plan.build.internal.spaces.QuerySpacesImpl - Adding QuerySpace : uid = <gen:0> -> org.hibernate.loader.plan.build.internal.spaces.EntityQuerySpaceImpl@4120c419]
14:39:38.530 [Test worker] DEBUG org.hibernate.persister.walking.spi.MetamodelGraphWalker - Visiting attribute path : name
14:39:38.530 [Test worker] DEBUG org.hibernate.persister.walking.spi.MetamodelGraphWalker - Visiting attribute path : pass
14:39:38.530 [Test worker] DEBUG org.hibernate.persister.walking.spi.MetamodelGraphWalker - Visiting attribute path : roles
14:39:38.530 [Test worker] DEBUG org.hibernate.loader.plan.build.internal.spaces.QuerySpacesImpl - Adding QuerySpace : uid = <gen:1> -> org.hibernate.loader.plan.build.internal.spaces.CollectionQuerySpaceImpl@13f39940]
14:39:38.530 [Test worker] DEBUG org.hibernate.loader.plan.build.internal.spaces.QuerySpacesImpl - Adding QuerySpace : uid = <gen:2> -> org.hibernate.loader.plan.build.internal.spaces.EntityQuerySpaceImpl@6da0bf4c]
14:39:38.531 [Test worker] DEBUG org.hibernate.loader.plan.build.internal.spaces.QuerySpacesImpl - Adding QuerySpace : uid = <gen:2>-id -> org.hibernate.loader.plan.build.internal.spaces.CompositeQuerySpaceImpl@2ae7beed]
14:39:38.531 [Test worker] DEBUG org.hibernate.loader.plan.build.internal.FetchStyleLoadPlanBuildingAssociationVisitationStrategy - Building LoadPlan...
14:39:38.531 [Test worker] DEBUG org.hibernate.loader.plan.exec.internal.LoadQueryJoinAndFetchProcessor - processing queryspace <gen:0>
14:39:38.531 [Test worker] DEBUG org.hibernate.loader.plan.build.spi.LoadPlanTreePrinter - LoadPlan(entity=com.mushopl.models.User)
    - Returns
       - EntityReturnImpl(entity=com.mushopl.models.User, querySpaceUid=<gen:0>, path=com.mushopl.models.User)
          - CollectionAttributeFetchImpl(collection=com.mushopl.models.User.roles, querySpaceUid=<gen:1>, path=com.mushopl.models.User.roles)
             - (collection element) CollectionFetchableElementEntityGraph(entity=com.mushopl.models.Role, querySpaceUid=<gen:2>, path=com.mushopl.models.User.roles.<elements>)
    - QuerySpaces
       - EntityQuerySpaceImpl(uid=<gen:0>, entity=com.mushopl.models.User)
          - SQL table alias mapping - user0_
          - alias suffix - 0_
          - suffixed key columns - {username1_7_0_}

14:39:38.532 [Test worker] DEBUG org.hibernate.loader.entity.plan.EntityLoader - Static select for entity com.mushopl.models.User [UPGRADE]: select user0_.username as username1_7_0_, user0_.name as name2_7_0_, user0_.pass as pass3_7_0_ from users user0_ where user0_.username=? for update
14:39:38.532 [Test worker] DEBUG org.hibernate.loader.plan.build.internal.spaces.QuerySpacesImpl - Adding QuerySpace : uid = <gen:0> -> org.hibernate.loader.plan.build.internal.spaces.EntityQuerySpaceImpl@3ce7df23]
14:39:38.532 [Test worker] DEBUG org.hibernate.persister.walking.spi.MetamodelGraphWalker - Visiting attribute path : name
14:39:38.532 [Test worker] DEBUG org.hibernate.persister.walking.spi.MetamodelGraphWalker - Visiting attribute path : pass
14:39:38.532 [Test worker] DEBUG org.hibernate.persister.walking.spi.MetamodelGraphWalker - Visiting attribute path : roles
14:39:38.532 [Test worker] DEBUG org.hibernate.loader.plan.build.internal.spaces.QuerySpacesImpl - Adding QuerySpace : uid = <gen:1> -> org.hibernate.loader.plan.build.internal.spaces.CollectionQuerySpaceImpl@5be3fb8f]
14:39:38.532 [Test worker] DEBUG org.hibernate.loader.plan.build.internal.spaces.QuerySpacesImpl - Adding QuerySpace : uid = <gen:2> -> org.hibernate.loader.plan.build.internal.spaces.EntityQuerySpaceImpl@4ce426c8]
14:39:38.532 [Test worker] DEBUG org.hibernate.loader.plan.build.internal.spaces.QuerySpacesImpl - Adding QuerySpace : uid = <gen:2>-id -> org.hibernate.loader.plan.build.internal.spaces.CompositeQuerySpaceImpl@4e78e6b0]
14:39:38.532 [Test worker] DEBUG org.hibernate.loader.plan.build.internal.FetchStyleLoadPlanBuildingAssociationVisitationStrategy - Building LoadPlan...
14:39:38.532 [Test worker] DEBUG org.hibernate.loader.plan.exec.internal.LoadQueryJoinAndFetchProcessor - processing queryspace <gen:0>
14:39:38.532 [Test worker] DEBUG org.hibernate.loader.plan.build.spi.LoadPlanTreePrinter - LoadPlan(entity=com.mushopl.models.User)
    - Returns
       - EntityReturnImpl(entity=com.mushopl.models.User, querySpaceUid=<gen:0>, path=com.mushopl.models.User)
          - CollectionAttributeFetchImpl(collection=com.mushopl.models.User.roles, querySpaceUid=<gen:1>, path=com.mushopl.models.User.roles)
             - (collection element) CollectionFetchableElementEntityGraph(entity=com.mushopl.models.Role, querySpaceUid=<gen:2>, path=com.mushopl.models.User.roles.<elements>)
    - QuerySpaces
       - EntityQuerySpaceImpl(uid=<gen:0>, entity=com.mushopl.models.User)
          - SQL table alias mapping - user0_
          - alias suffix - 0_
          - suffixed key columns - {username1_7_0_}

14:39:38.532 [Test worker] DEBUG org.hibernate.loader.entity.plan.EntityLoader - Static select for entity com.mushopl.models.User [UPGRADE_NOWAIT]: select user0_.username as username1_7_0_, user0_.name as name2_7_0_, user0_.pass as pass3_7_0_ from users user0_ where user0_.username=? for update
14:39:38.532 [Test worker] DEBUG org.hibernate.loader.plan.build.internal.spaces.QuerySpacesImpl - Adding QuerySpace : uid = <gen:0> -> org.hibernate.loader.plan.build.internal.spaces.EntityQuerySpaceImpl@76d22541]
14:39:38.533 [Test worker] DEBUG org.hibernate.persister.walking.spi.MetamodelGraphWalker - Visiting attribute path : name
14:39:38.533 [Test worker] DEBUG org.hibernate.persister.walking.spi.MetamodelGraphWalker - Visiting attribute path : pass
14:39:38.533 [Test worker] DEBUG org.hibernate.persister.walking.spi.MetamodelGraphWalker - Visiting attribute path : roles
14:39:38.533 [Test worker] DEBUG org.hibernate.loader.plan.build.internal.spaces.QuerySpacesImpl - Adding QuerySpace : uid = <gen:1> -> org.hibernate.loader.plan.build.internal.spaces.CollectionQuerySpaceImpl@5f16357c]
14:39:38.533 [Test worker] DEBUG org.hibernate.loader.plan.build.internal.spaces.QuerySpacesImpl - Adding QuerySpace : uid = <gen:2> -> org.hibernate.loader.plan.build.internal.spaces.EntityQuerySpaceImpl@56d21548]
14:39:38.533 [Test worker] DEBUG org.hibernate.loader.plan.build.internal.spaces.QuerySpacesImpl - Adding QuerySpace : uid = <gen:2>-id -> org.hibernate.loader.plan.build.internal.spaces.CompositeQuerySpaceImpl@31cddafe]
14:39:38.533 [Test worker] DEBUG org.hibernate.loader.plan.build.internal.FetchStyleLoadPlanBuildingAssociationVisitationStrategy - Building LoadPlan...
14:39:38.533 [Test worker] DEBUG org.hibernate.loader.plan.exec.internal.LoadQueryJoinAndFetchProcessor - processing queryspace <gen:0>
14:39:38.534 [Test worker] DEBUG org.hibernate.loader.plan.build.spi.LoadPlanTreePrinter - LoadPlan(entity=com.mushopl.models.User)
    - Returns
       - EntityReturnImpl(entity=com.mushopl.models.User, querySpaceUid=<gen:0>, path=com.mushopl.models.User)
          - CollectionAttributeFetchImpl(collection=com.mushopl.models.User.roles, querySpaceUid=<gen:1>, path=com.mushopl.models.User.roles)
             - (collection element) CollectionFetchableElementEntityGraph(entity=com.mushopl.models.Role, querySpaceUid=<gen:2>, path=com.mushopl.models.User.roles.<elements>)
    - QuerySpaces
       - EntityQuerySpaceImpl(uid=<gen:0>, entity=com.mushopl.models.User)
          - SQL table alias mapping - user0_
          - alias suffix - 0_
          - suffixed key columns - {username1_7_0_}

14:39:38.534 [Test worker] DEBUG org.hibernate.loader.entity.plan.EntityLoader - Static select for entity com.mushopl.models.User [UPGRADE_SKIPLOCKED]: select user0_.username as username1_7_0_, user0_.name as name2_7_0_, user0_.pass as pass3_7_0_ from users user0_ where user0_.username=? for update
14:39:38.535 [Test worker] DEBUG org.hibernate.loader.plan.build.internal.spaces.QuerySpacesImpl - Adding QuerySpace : uid = <gen:0> -> org.hibernate.loader.plan.build.internal.spaces.EntityQuerySpaceImpl@4fa6667f]
14:39:38.535 [Test worker] DEBUG org.hibernate.persister.walking.spi.MetamodelGraphWalker - Visiting attribute path : name
14:39:38.535 [Test worker] DEBUG org.hibernate.persister.walking.spi.MetamodelGraphWalker - Visiting attribute path : pass
14:39:38.535 [Test worker] DEBUG org.hibernate.persister.walking.spi.MetamodelGraphWalker - Visiting attribute path : roles
14:39:38.535 [Test worker] DEBUG org.hibernate.loader.plan.build.internal.spaces.QuerySpacesImpl - Adding QuerySpace : uid = <gen:1> -> org.hibernate.loader.plan.build.internal.spaces.CollectionQuerySpaceImpl@67cb3e01]
14:39:38.535 [Test worker] DEBUG org.hibernate.loader.plan.build.internal.spaces.QuerySpacesImpl - Adding QuerySpace : uid = <gen:2> -> org.hibernate.loader.plan.build.internal.spaces.EntityQuerySpaceImpl@388e022c]
14:39:38.535 [Test worker] DEBUG org.hibernate.loader.plan.build.internal.spaces.QuerySpacesImpl - Adding QuerySpace : uid = <gen:2>-id -> org.hibernate.loader.plan.build.internal.spaces.CompositeQuerySpaceImpl@44e70edc]
14:39:38.535 [Test worker] DEBUG org.hibernate.loader.plan.build.internal.FetchStyleLoadPlanBuildingAssociationVisitationStrategy - Building LoadPlan...
14:39:38.536 [Test worker] DEBUG org.hibernate.loader.plan.exec.internal.LoadQueryJoinAndFetchProcessor - processing queryspace <gen:0>
14:39:38.536 [Test worker] DEBUG org.hibernate.loader.plan.build.spi.LoadPlanTreePrinter - LoadPlan(entity=com.mushopl.models.User)
    - Returns
       - EntityReturnImpl(entity=com.mushopl.models.User, querySpaceUid=<gen:0>, path=com.mushopl.models.User)
          - CollectionAttributeFetchImpl(collection=com.mushopl.models.User.roles, querySpaceUid=<gen:1>, path=com.mushopl.models.User.roles)
             - (collection element) CollectionFetchableElementEntityGraph(entity=com.mushopl.models.Role, querySpaceUid=<gen:2>, path=com.mushopl.models.User.roles.<elements>)
    - QuerySpaces
       - EntityQuerySpaceImpl(uid=<gen:0>, entity=com.mushopl.models.User)
          - SQL table alias mapping - user0_
          - alias suffix - 0_
          - suffixed key columns - {username1_7_0_}

14:39:38.536 [Test worker] DEBUG org.hibernate.loader.entity.plan.EntityLoader - Static select for entity com.mushopl.models.User [FORCE]: select user0_.username as username1_7_0_, user0_.name as name2_7_0_, user0_.pass as pass3_7_0_ from users user0_ where user0_.username=? for update
14:39:38.536 [Test worker] DEBUG org.hibernate.loader.plan.build.internal.spaces.QuerySpacesImpl - Adding QuerySpace : uid = <gen:0> -> org.hibernate.loader.plan.build.internal.spaces.EntityQuerySpaceImpl@4d225d65]
14:39:38.536 [Test worker] DEBUG org.hibernate.persister.walking.spi.MetamodelGraphWalker - Visiting attribute path : name
14:39:38.537 [Test worker] DEBUG org.hibernate.persister.walking.spi.MetamodelGraphWalker - Visiting attribute path : pass
14:39:38.537 [Test worker] DEBUG org.hibernate.persister.walking.spi.MetamodelGraphWalker - Visiting attribute path : roles
14:39:38.537 [Test worker] DEBUG org.hibernate.loader.plan.build.internal.spaces.QuerySpacesImpl - Adding QuerySpace : uid = <gen:1> -> org.hibernate.loader.plan.build.internal.spaces.CollectionQuerySpaceImpl@3bf0aadc]
14:39:38.537 [Test worker] DEBUG org.hibernate.loader.plan.build.internal.spaces.QuerySpacesImpl - Adding QuerySpace : uid = <gen:2> -> org.hibernate.loader.plan.build.internal.spaces.EntityQuerySpaceImpl@479dd290]
14:39:38.537 [Test worker] DEBUG org.hibernate.loader.plan.build.internal.spaces.QuerySpacesImpl - Adding QuerySpace : uid = <gen:2>-id -> org.hibernate.loader.plan.build.internal.spaces.CompositeQuerySpaceImpl@180b7673]
14:39:38.537 [Test worker] DEBUG org.hibernate.loader.plan.build.internal.FetchStyleLoadPlanBuildingAssociationVisitationStrategy - Building LoadPlan...
14:39:38.537 [Test worker] DEBUG org.hibernate.loader.plan.exec.internal.LoadQueryJoinAndFetchProcessor - processing queryspace <gen:0>
14:39:38.538 [Test worker] DEBUG org.hibernate.loader.plan.build.spi.LoadPlanTreePrinter - LoadPlan(entity=com.mushopl.models.User)
    - Returns
       - EntityReturnImpl(entity=com.mushopl.models.User, querySpaceUid=<gen:0>, path=com.mushopl.models.User)
          - CollectionAttributeFetchImpl(collection=com.mushopl.models.User.roles, querySpaceUid=<gen:1>, path=com.mushopl.models.User.roles)
             - (collection element) CollectionFetchableElementEntityGraph(entity=com.mushopl.models.Role, querySpaceUid=<gen:2>, path=com.mushopl.models.User.roles.<elements>)
    - QuerySpaces
       - EntityQuerySpaceImpl(uid=<gen:0>, entity=com.mushopl.models.User)
          - SQL table alias mapping - user0_
          - alias suffix - 0_
          - suffixed key columns - {username1_7_0_}

14:39:38.538 [Test worker] DEBUG org.hibernate.loader.entity.plan.EntityLoader - Static select for entity com.mushopl.models.User [PESSIMISTIC_READ]: select user0_.username as username1_7_0_, user0_.name as name2_7_0_, user0_.pass as pass3_7_0_ from users user0_ where user0_.username=? for update
14:39:38.538 [Test worker] DEBUG org.hibernate.loader.plan.build.internal.spaces.QuerySpacesImpl - Adding QuerySpace : uid = <gen:0> -> org.hibernate.loader.plan.build.internal.spaces.EntityQuerySpaceImpl@51aa646d]
14:39:38.538 [Test worker] DEBUG org.hibernate.persister.walking.spi.MetamodelGraphWalker - Visiting attribute path : name
14:39:38.538 [Test worker] DEBUG org.hibernate.persister.walking.spi.MetamodelGraphWalker - Visiting attribute path : pass
14:39:38.538 [Test worker] DEBUG org.hibernate.persister.walking.spi.MetamodelGraphWalker - Visiting attribute path : roles
14:39:38.539 [Test worker] DEBUG org.hibernate.loader.plan.build.internal.spaces.QuerySpacesImpl - Adding QuerySpace : uid = <gen:1> -> org.hibernate.loader.plan.build.internal.spaces.CollectionQuerySpaceImpl@4692c4fa]
14:39:38.539 [Test worker] DEBUG org.hibernate.loader.plan.build.internal.spaces.QuerySpacesImpl - Adding QuerySpace : uid = <gen:2> -> org.hibernate.loader.plan.build.internal.spaces.EntityQuerySpaceImpl@5e99ab5]
14:39:38.539 [Test worker] DEBUG org.hibernate.loader.plan.build.internal.spaces.QuerySpacesImpl - Adding QuerySpace : uid = <gen:2>-id -> org.hibernate.loader.plan.build.internal.spaces.CompositeQuerySpaceImpl@7e20f69]
14:39:38.539 [Test worker] DEBUG org.hibernate.loader.plan.build.internal.FetchStyleLoadPlanBuildingAssociationVisitationStrategy - Building LoadPlan...
14:39:38.539 [Test worker] DEBUG org.hibernate.loader.plan.exec.internal.LoadQueryJoinAndFetchProcessor - processing queryspace <gen:0>
14:39:38.540 [Test worker] DEBUG org.hibernate.loader.plan.build.spi.LoadPlanTreePrinter - LoadPlan(entity=com.mushopl.models.User)
    - Returns
       - EntityReturnImpl(entity=com.mushopl.models.User, querySpaceUid=<gen:0>, path=com.mushopl.models.User)
          - CollectionAttributeFetchImpl(collection=com.mushopl.models.User.roles, querySpaceUid=<gen:1>, path=com.mushopl.models.User.roles)
             - (collection element) CollectionFetchableElementEntityGraph(entity=com.mushopl.models.Role, querySpaceUid=<gen:2>, path=com.mushopl.models.User.roles.<elements>)
    - QuerySpaces
       - EntityQuerySpaceImpl(uid=<gen:0>, entity=com.mushopl.models.User)
          - SQL table alias mapping - user0_
          - alias suffix - 0_
          - suffixed key columns - {username1_7_0_}

14:39:38.540 [Test worker] DEBUG org.hibernate.loader.entity.plan.EntityLoader - Static select for entity com.mushopl.models.User [PESSIMISTIC_WRITE]: select user0_.username as username1_7_0_, user0_.name as name2_7_0_, user0_.pass as pass3_7_0_ from users user0_ where user0_.username=? for update
14:39:38.541 [Test worker] DEBUG org.hibernate.loader.plan.build.internal.spaces.QuerySpacesImpl - Adding QuerySpace : uid = <gen:0> -> org.hibernate.loader.plan.build.internal.spaces.EntityQuerySpaceImpl@7c3dc9b9]
14:39:38.541 [Test worker] DEBUG org.hibernate.persister.walking.spi.MetamodelGraphWalker - Visiting attribute path : name
14:39:38.541 [Test worker] DEBUG org.hibernate.persister.walking.spi.MetamodelGraphWalker - Visiting attribute path : pass
14:39:38.541 [Test worker] DEBUG org.hibernate.persister.walking.spi.MetamodelGraphWalker - Visiting attribute path : roles
14:39:38.541 [Test worker] DEBUG org.hibernate.loader.plan.build.internal.spaces.QuerySpacesImpl - Adding QuerySpace : uid = <gen:1> -> org.hibernate.loader.plan.build.internal.spaces.CollectionQuerySpaceImpl@65ad7cdc]
14:39:38.541 [Test worker] DEBUG org.hibernate.loader.plan.build.internal.spaces.QuerySpacesImpl - Adding QuerySpace : uid = <gen:2> -> org.hibernate.loader.plan.build.internal.spaces.EntityQuerySpaceImpl@7223be47]
14:39:38.541 [Test worker] DEBUG org.hibernate.loader.plan.build.internal.spaces.QuerySpacesImpl - Adding QuerySpace : uid = <gen:2>-id -> org.hibernate.loader.plan.build.internal.spaces.CompositeQuerySpaceImpl@6041d1bb]
14:39:38.542 [Test worker] DEBUG org.hibernate.loader.plan.build.internal.FetchStyleLoadPlanBuildingAssociationVisitationStrategy - Building LoadPlan...
14:39:38.543 [Test worker] DEBUG org.hibernate.loader.plan.exec.internal.LoadQueryJoinAndFetchProcessor - processing queryspace <gen:0>
14:39:38.543 [Test worker] DEBUG org.hibernate.loader.plan.build.spi.LoadPlanTreePrinter - LoadPlan(entity=com.mushopl.models.User)
    - Returns
       - EntityReturnImpl(entity=com.mushopl.models.User, querySpaceUid=<gen:0>, path=com.mushopl.models.User)
          - CollectionAttributeFetchImpl(collection=com.mushopl.models.User.roles, querySpaceUid=<gen:1>, path=com.mushopl.models.User.roles)
             - (collection element) CollectionFetchableElementEntityGraph(entity=com.mushopl.models.Role, querySpaceUid=<gen:2>, path=com.mushopl.models.User.roles.<elements>)
    - QuerySpaces
       - EntityQuerySpaceImpl(uid=<gen:0>, entity=com.mushopl.models.User)
          - SQL table alias mapping - user0_
          - alias suffix - 0_
          - suffixed key columns - {username1_7_0_}

14:39:38.543 [Test worker] DEBUG org.hibernate.loader.entity.plan.EntityLoader - Static select for entity com.mushopl.models.User [PESSIMISTIC_FORCE_INCREMENT]: select user0_.username as username1_7_0_, user0_.name as name2_7_0_, user0_.pass as pass3_7_0_ from users user0_ where user0_.username=? for update
14:39:38.544 [Test worker] DEBUG org.hibernate.loader.plan.build.internal.spaces.QuerySpacesImpl - Adding QuerySpace : uid = <gen:0> -> org.hibernate.loader.plan.build.internal.spaces.EntityQuerySpaceImpl@f48dc94]
14:39:38.544 [Test worker] DEBUG org.hibernate.persister.walking.spi.MetamodelGraphWalker - Visiting attribute path : name
14:39:38.544 [Test worker] DEBUG org.hibernate.persister.walking.spi.MetamodelGraphWalker - Visiting attribute path : pass
14:39:38.544 [Test worker] DEBUG org.hibernate.persister.walking.spi.MetamodelGraphWalker - Visiting attribute path : roles
14:39:38.544 [Test worker] DEBUG org.hibernate.loader.plan.build.internal.spaces.QuerySpacesImpl - Adding QuerySpace : uid = <gen:1> -> org.hibernate.loader.plan.build.internal.spaces.CollectionQuerySpaceImpl@6eb34dcd]
14:39:38.544 [Test worker] DEBUG org.hibernate.loader.plan.build.internal.spaces.QuerySpacesImpl - Adding QuerySpace : uid = <gen:2> -> org.hibernate.loader.plan.build.internal.spaces.EntityQuerySpaceImpl@9185a9]
14:39:38.544 [Test worker] DEBUG org.hibernate.loader.plan.build.internal.spaces.QuerySpacesImpl - Adding QuerySpace : uid = <gen:2>-id -> org.hibernate.loader.plan.build.internal.spaces.CompositeQuerySpaceImpl@49744553]
14:39:38.544 [Test worker] DEBUG org.hibernate.loader.plan.build.internal.FetchStyleLoadPlanBuildingAssociationVisitationStrategy - Building LoadPlan...
14:39:38.545 [Test worker] DEBUG org.hibernate.loader.plan.exec.internal.LoadQueryJoinAndFetchProcessor - processing queryspace <gen:0>
14:39:38.545 [Test worker] DEBUG org.hibernate.loader.plan.build.spi.LoadPlanTreePrinter - LoadPlan(entity=com.mushopl.models.User)
    - Returns
       - EntityReturnImpl(entity=com.mushopl.models.User, querySpaceUid=<gen:0>, path=com.mushopl.models.User)
          - CollectionAttributeFetchImpl(collection=com.mushopl.models.User.roles, querySpaceUid=<gen:1>, path=com.mushopl.models.User.roles)
             - (collection element) CollectionFetchableElementEntityGraph(entity=com.mushopl.models.Role, querySpaceUid=<gen:2>, path=com.mushopl.models.User.roles.<elements>)
    - QuerySpaces
       - EntityQuerySpaceImpl(uid=<gen:0>, entity=com.mushopl.models.User)
          - SQL table alias mapping - user0_
          - alias suffix - 0_
          - suffixed key columns - {username1_7_0_}

14:39:38.545 [Test worker] DEBUG org.hibernate.loader.entity.plan.EntityLoader - Static select for entity com.mushopl.models.User [OPTIMISTIC]: select user0_.username as username1_7_0_, user0_.name as name2_7_0_, user0_.pass as pass3_7_0_ from users user0_ where user0_.username=?
14:39:38.545 [Test worker] DEBUG org.hibernate.loader.plan.build.internal.spaces.QuerySpacesImpl - Adding QuerySpace : uid = <gen:0> -> org.hibernate.loader.plan.build.internal.spaces.EntityQuerySpaceImpl@204162a2]
14:39:38.546 [Test worker] DEBUG org.hibernate.persister.walking.spi.MetamodelGraphWalker - Visiting attribute path : name
14:39:38.546 [Test worker] DEBUG org.hibernate.persister.walking.spi.MetamodelGraphWalker - Visiting attribute path : pass
14:39:38.546 [Test worker] DEBUG org.hibernate.persister.walking.spi.MetamodelGraphWalker - Visiting attribute path : roles
14:39:38.546 [Test worker] DEBUG org.hibernate.loader.plan.build.internal.spaces.QuerySpacesImpl - Adding QuerySpace : uid = <gen:1> -> org.hibernate.loader.plan.build.internal.spaces.CollectionQuerySpaceImpl@58d8f5ab]
14:39:38.546 [Test worker] DEBUG org.hibernate.loader.plan.build.internal.spaces.QuerySpacesImpl - Adding QuerySpace : uid = <gen:2> -> org.hibernate.loader.plan.build.internal.spaces.EntityQuerySpaceImpl@33ed6d3e]
14:39:38.546 [Test worker] DEBUG org.hibernate.loader.plan.build.internal.spaces.QuerySpacesImpl - Adding QuerySpace : uid = <gen:2>-id -> org.hibernate.loader.plan.build.internal.spaces.CompositeQuerySpaceImpl@18925d93]
14:39:38.546 [Test worker] DEBUG org.hibernate.loader.plan.build.internal.FetchStyleLoadPlanBuildingAssociationVisitationStrategy - Building LoadPlan...
14:39:38.546 [Test worker] DEBUG org.hibernate.loader.plan.exec.internal.LoadQueryJoinAndFetchProcessor - processing queryspace <gen:0>
14:39:38.547 [Test worker] DEBUG org.hibernate.loader.plan.build.spi.LoadPlanTreePrinter - LoadPlan(entity=com.mushopl.models.User)
    - Returns
       - EntityReturnImpl(entity=com.mushopl.models.User, querySpaceUid=<gen:0>, path=com.mushopl.models.User)
          - CollectionAttributeFetchImpl(collection=com.mushopl.models.User.roles, querySpaceUid=<gen:1>, path=com.mushopl.models.User.roles)
             - (collection element) CollectionFetchableElementEntityGraph(entity=com.mushopl.models.Role, querySpaceUid=<gen:2>, path=com.mushopl.models.User.roles.<elements>)
    - QuerySpaces
       - EntityQuerySpaceImpl(uid=<gen:0>, entity=com.mushopl.models.User)
          - SQL table alias mapping - user0_
          - alias suffix - 0_
          - suffixed key columns - {username1_7_0_}

14:39:38.547 [Test worker] DEBUG org.hibernate.loader.entity.plan.EntityLoader - Static select for entity com.mushopl.models.User [OPTIMISTIC_FORCE_INCREMENT]: select user0_.username as username1_7_0_, user0_.name as name2_7_0_, user0_.pass as pass3_7_0_ from users user0_ where user0_.username=?
14:39:38.547 [Test worker] DEBUG org.hibernate.loader.Loader - Static select for action ACTION_MERGE on entity com.mushopl.models.User: select user0_.username as username1_7_1_, user0_.name as name2_7_1_, user0_.pass as pass3_7_1_, roles1_.username as username2_4_3_, roles1_.name as name1_4_3_, roles1_.username as username2_4_0_, roles1_.name as name1_4_0_ from users user0_ left outer join roles roles1_ on user0_.username=roles1_.username where user0_.username=?
14:39:38.548 [Test worker] DEBUG org.hibernate.loader.Loader - Static select for action ACTION_REFRESH on entity com.mushopl.models.User: select user0_.username as username1_7_1_, user0_.name as name2_7_1_, user0_.pass as pass3_7_1_, roles1_.username as username2_4_3_, roles1_.name as name1_4_3_, roles1_.username as username2_4_0_, roles1_.name as name1_4_0_ from users user0_ left outer join roles roles1_ on user0_.username=roles1_.username where user0_.username=?
14:39:38.548 [Test worker] DEBUG org.hibernate.persister.entity.AbstractEntityPersister - Static SQL for entity: com.mushopl.models.ShoppingCart
14:39:38.548 [Test worker] DEBUG org.hibernate.persister.entity.AbstractEntityPersister -  Version select: select id from shopping_cart where id =?
14:39:38.548 [Test worker] DEBUG org.hibernate.persister.entity.AbstractEntityPersister -  Snapshot select: select shoppingca_.id, shoppingca_.total as total2_5_, shoppingca_.username as username3_5_ from shopping_cart shoppingca_ where shoppingca_.id=?
14:39:38.548 [Test worker] DEBUG org.hibernate.persister.entity.AbstractEntityPersister -  Insert 0: insert into shopping_cart (total, username, id) values (?, ?, ?)
14:39:38.548 [Test worker] DEBUG org.hibernate.persister.entity.AbstractEntityPersister -  Update 0: update shopping_cart set total=?, username=? where id=?
14:39:38.548 [Test worker] DEBUG org.hibernate.persister.entity.AbstractEntityPersister -  Delete 0: delete from shopping_cart where id=?
14:39:38.548 [Test worker] DEBUG org.hibernate.loader.plan.build.internal.spaces.QuerySpacesImpl - Adding QuerySpace : uid = <gen:0> -> org.hibernate.loader.plan.build.internal.spaces.EntityQuerySpaceImpl@8985a4d]
14:39:38.549 [Test worker] DEBUG org.hibernate.persister.walking.spi.MetamodelGraphWalker - Visiting attribute path : items
14:39:38.549 [Test worker] DEBUG org.hibernate.loader.plan.build.internal.spaces.QuerySpacesImpl - Adding QuerySpace : uid = <gen:1> -> org.hibernate.loader.plan.build.internal.spaces.CollectionQuerySpaceImpl@4fae9805]
14:39:38.549 [Test worker] DEBUG org.hibernate.loader.plan.build.internal.spaces.QuerySpacesImpl - Adding QuerySpace : uid = <gen:2> -> org.hibernate.loader.plan.build.internal.spaces.EntityQuerySpaceImpl@45da3aa6]
14:39:38.549 [Test worker] DEBUG org.hibernate.persister.walking.spi.MetamodelGraphWalker - Visiting attribute path : total
14:39:38.549 [Test worker] DEBUG org.hibernate.persister.walking.spi.MetamodelGraphWalker - Visiting attribute path : user
14:39:38.549 [Test worker] DEBUG org.hibernate.loader.plan.build.internal.spaces.QuerySpacesImpl - Adding QuerySpace : uid = <gen:3> -> org.hibernate.loader.plan.build.internal.spaces.EntityQuerySpaceImpl@f5a5a62]
14:39:38.549 [Test worker] DEBUG org.hibernate.loader.plan.build.internal.FetchStyleLoadPlanBuildingAssociationVisitationStrategy - Building LoadPlan...
14:39:38.549 [Test worker] DEBUG org.hibernate.loader.plan.exec.internal.LoadQueryJoinAndFetchProcessor - processing queryspace <gen:0>
14:39:38.550 [Test worker] DEBUG org.hibernate.loader.plan.build.spi.LoadPlanTreePrinter - LoadPlan(entity=com.mushopl.models.ShoppingCart)
    - Returns
       - EntityReturnImpl(entity=com.mushopl.models.ShoppingCart, querySpaceUid=<gen:0>, path=com.mushopl.models.ShoppingCart)
          - CollectionAttributeFetchImpl(collection=com.mushopl.models.ShoppingCart.items, querySpaceUid=<gen:1>, path=com.mushopl.models.ShoppingCart.items)
             - (collection element) CollectionFetchableElementEntityGraph(entity=com.mushopl.models.CartItem, querySpaceUid=<gen:2>, path=com.mushopl.models.ShoppingCart.items.<elements>)
          - EntityAttributeFetchImpl(entity=com.mushopl.models.User, querySpaceUid=<gen:3>, path=com.mushopl.models.ShoppingCart.user)
    - QuerySpaces
       - EntityQuerySpaceImpl(uid=<gen:0>, entity=com.mushopl.models.ShoppingCart)
          - SQL table alias mapping - shoppingca0_
          - alias suffix - 0_
          - suffixed key columns - {id1_5_0_}

14:39:38.550 [Test worker] DEBUG org.hibernate.loader.entity.plan.EntityLoader - Static select for entity com.mushopl.models.ShoppingCart [NONE]: select shoppingca0_.id as id1_5_0_, shoppingca0_.total as total2_5_0_, shoppingca0_.username as username3_5_0_ from shopping_cart shoppingca0_ where shoppingca0_.id=?
14:39:38.550 [Test worker] DEBUG org.hibernate.loader.plan.build.internal.spaces.QuerySpacesImpl - Adding QuerySpace : uid = <gen:0> -> org.hibernate.loader.plan.build.internal.spaces.EntityQuerySpaceImpl@c31f092]
14:39:38.551 [Test worker] DEBUG org.hibernate.persister.walking.spi.MetamodelGraphWalker - Visiting attribute path : items
14:39:38.551 [Test worker] DEBUG org.hibernate.loader.plan.build.internal.spaces.QuerySpacesImpl - Adding QuerySpace : uid = <gen:1> -> org.hibernate.loader.plan.build.internal.spaces.CollectionQuerySpaceImpl@23ff3cf1]
14:39:38.551 [Test worker] DEBUG org.hibernate.loader.plan.build.internal.spaces.QuerySpacesImpl - Adding QuerySpace : uid = <gen:2> -> org.hibernate.loader.plan.build.internal.spaces.EntityQuerySpaceImpl@7eabfba6]
14:39:38.551 [Test worker] DEBUG org.hibernate.persister.walking.spi.MetamodelGraphWalker - Visiting attribute path : total
14:39:38.551 [Test worker] DEBUG org.hibernate.persister.walking.spi.MetamodelGraphWalker - Visiting attribute path : user
14:39:38.551 [Test worker] DEBUG org.hibernate.loader.plan.build.internal.spaces.QuerySpacesImpl - Adding QuerySpace : uid = <gen:3> -> org.hibernate.loader.plan.build.internal.spaces.EntityQuerySpaceImpl@7d1d3181]
14:39:38.551 [Test worker] DEBUG org.hibernate.loader.plan.build.internal.FetchStyleLoadPlanBuildingAssociationVisitationStrategy - Building LoadPlan...
14:39:38.551 [Test worker] DEBUG org.hibernate.loader.plan.exec.internal.LoadQueryJoinAndFetchProcessor - processing queryspace <gen:0>
14:39:38.552 [Test worker] DEBUG org.hibernate.loader.plan.build.spi.LoadPlanTreePrinter - LoadPlan(entity=com.mushopl.models.ShoppingCart)
    - Returns
       - EntityReturnImpl(entity=com.mushopl.models.ShoppingCart, querySpaceUid=<gen:0>, path=com.mushopl.models.ShoppingCart)
          - CollectionAttributeFetchImpl(collection=com.mushopl.models.ShoppingCart.items, querySpaceUid=<gen:1>, path=com.mushopl.models.ShoppingCart.items)
             - (collection element) CollectionFetchableElementEntityGraph(entity=com.mushopl.models.CartItem, querySpaceUid=<gen:2>, path=com.mushopl.models.ShoppingCart.items.<elements>)
          - EntityAttributeFetchImpl(entity=com.mushopl.models.User, querySpaceUid=<gen:3>, path=com.mushopl.models.ShoppingCart.user)
    - QuerySpaces
       - EntityQuerySpaceImpl(uid=<gen:0>, entity=com.mushopl.models.ShoppingCart)
          - SQL table alias mapping - shoppingca0_
          - alias suffix - 0_
          - suffixed key columns - {id1_5_0_}

14:39:38.552 [Test worker] DEBUG org.hibernate.loader.entity.plan.EntityLoader - Static select for entity com.mushopl.models.ShoppingCart [READ]: select shoppingca0_.id as id1_5_0_, shoppingca0_.total as total2_5_0_, shoppingca0_.username as username3_5_0_ from shopping_cart shoppingca0_ where shoppingca0_.id=?
14:39:38.552 [Test worker] DEBUG org.hibernate.loader.plan.build.internal.spaces.QuerySpacesImpl - Adding QuerySpace : uid = <gen:0> -> org.hibernate.loader.plan.build.internal.spaces.EntityQuerySpaceImpl@6b1200b4]
14:39:38.552 [Test worker] DEBUG org.hibernate.persister.walking.spi.MetamodelGraphWalker - Visiting attribute path : items
14:39:38.553 [Test worker] DEBUG org.hibernate.loader.plan.build.internal.spaces.QuerySpacesImpl - Adding QuerySpace : uid = <gen:1> -> org.hibernate.loader.plan.build.internal.spaces.CollectionQuerySpaceImpl@10070ac4]
14:39:38.553 [Test worker] DEBUG org.hibernate.loader.plan.build.internal.spaces.QuerySpacesImpl - Adding QuerySpace : uid = <gen:2> -> org.hibernate.loader.plan.build.internal.spaces.EntityQuerySpaceImpl@482b07c]
14:39:38.553 [Test worker] DEBUG org.hibernate.persister.walking.spi.MetamodelGraphWalker - Visiting attribute path : total
14:39:38.553 [Test worker] DEBUG org.hibernate.persister.walking.spi.MetamodelGraphWalker - Visiting attribute path : user
14:39:38.553 [Test worker] DEBUG org.hibernate.loader.plan.build.internal.spaces.QuerySpacesImpl - Adding QuerySpace : uid = <gen:3> -> org.hibernate.loader.plan.build.internal.spaces.EntityQuerySpaceImpl@7fee17f8]
14:39:38.553 [Test worker] DEBUG org.hibernate.loader.plan.build.internal.FetchStyleLoadPlanBuildingAssociationVisitationStrategy - Building LoadPlan...
14:39:38.553 [Test worker] DEBUG org.hibernate.loader.plan.exec.internal.LoadQueryJoinAndFetchProcessor - processing queryspace <gen:0>
14:39:38.554 [Test worker] DEBUG org.hibernate.loader.plan.build.spi.LoadPlanTreePrinter - LoadPlan(entity=com.mushopl.models.ShoppingCart)
    - Returns
       - EntityReturnImpl(entity=com.mushopl.models.ShoppingCart, querySpaceUid=<gen:0>, path=com.mushopl.models.ShoppingCart)
          - CollectionAttributeFetchImpl(collection=com.mushopl.models.ShoppingCart.items, querySpaceUid=<gen:1>, path=com.mushopl.models.ShoppingCart.items)
             - (collection element) CollectionFetchableElementEntityGraph(entity=com.mushopl.models.CartItem, querySpaceUid=<gen:2>, path=com.mushopl.models.ShoppingCart.items.<elements>)
          - EntityAttributeFetchImpl(entity=com.mushopl.models.User, querySpaceUid=<gen:3>, path=com.mushopl.models.ShoppingCart.user)
    - QuerySpaces
       - EntityQuerySpaceImpl(uid=<gen:0>, entity=com.mushopl.models.ShoppingCart)
          - SQL table alias mapping - shoppingca0_
          - alias suffix - 0_
          - suffixed key columns - {id1_5_0_}

14:39:38.554 [Test worker] DEBUG org.hibernate.loader.entity.plan.EntityLoader - Static select for entity com.mushopl.models.ShoppingCart [UPGRADE]: select shoppingca0_.id as id1_5_0_, shoppingca0_.total as total2_5_0_, shoppingca0_.username as username3_5_0_ from shopping_cart shoppingca0_ where shoppingca0_.id=? for update
14:39:38.554 [Test worker] DEBUG org.hibernate.loader.plan.build.internal.spaces.QuerySpacesImpl - Adding QuerySpace : uid = <gen:0> -> org.hibernate.loader.plan.build.internal.spaces.EntityQuerySpaceImpl@4b067dbf]
14:39:38.554 [Test worker] DEBUG org.hibernate.persister.walking.spi.MetamodelGraphWalker - Visiting attribute path : items
14:39:38.554 [Test worker] DEBUG org.hibernate.loader.plan.build.internal.spaces.QuerySpacesImpl - Adding QuerySpace : uid = <gen:1> -> org.hibernate.loader.plan.build.internal.spaces.CollectionQuerySpaceImpl@726f4262]
14:39:38.554 [Test worker] DEBUG org.hibernate.loader.plan.build.internal.spaces.QuerySpacesImpl - Adding QuerySpace : uid = <gen:2> -> org.hibernate.loader.plan.build.internal.spaces.EntityQuerySpaceImpl@7db1ca00]
14:39:38.555 [Test worker] DEBUG org.hibernate.persister.walking.spi.MetamodelGraphWalker - Visiting attribute path : total
14:39:38.555 [Test worker] DEBUG org.hibernate.persister.walking.spi.MetamodelGraphWalker - Visiting attribute path : user
14:39:38.556 [Test worker] DEBUG org.hibernate.loader.plan.build.internal.spaces.QuerySpacesImpl - Adding QuerySpace : uid = <gen:3> -> org.hibernate.loader.plan.build.internal.spaces.EntityQuerySpaceImpl@522bb8c]
14:39:38.556 [Test worker] DEBUG org.hibernate.loader.plan.build.internal.FetchStyleLoadPlanBuildingAssociationVisitationStrategy - Building LoadPlan...
14:39:38.557 [Test worker] DEBUG org.hibernate.loader.plan.exec.internal.LoadQueryJoinAndFetchProcessor - processing queryspace <gen:0>
14:39:38.558 [Test worker] DEBUG org.hibernate.loader.plan.build.spi.LoadPlanTreePrinter - LoadPlan(entity=com.mushopl.models.ShoppingCart)
    - Returns
       - EntityReturnImpl(entity=com.mushopl.models.ShoppingCart, querySpaceUid=<gen:0>, path=com.mushopl.models.ShoppingCart)
          - CollectionAttributeFetchImpl(collection=com.mushopl.models.ShoppingCart.items, querySpaceUid=<gen:1>, path=com.mushopl.models.ShoppingCart.items)
             - (collection element) CollectionFetchableElementEntityGraph(entity=com.mushopl.models.CartItem, querySpaceUid=<gen:2>, path=com.mushopl.models.ShoppingCart.items.<elements>)
          - EntityAttributeFetchImpl(entity=com.mushopl.models.User, querySpaceUid=<gen:3>, path=com.mushopl.models.ShoppingCart.user)
    - QuerySpaces
       - EntityQuerySpaceImpl(uid=<gen:0>, entity=com.mushopl.models.ShoppingCart)
          - SQL table alias mapping - shoppingca0_
          - alias suffix - 0_
          - suffixed key columns - {id1_5_0_}

14:39:38.562 [Test worker] DEBUG org.hibernate.loader.entity.plan.EntityLoader - Static select for entity com.mushopl.models.ShoppingCart [UPGRADE_NOWAIT]: select shoppingca0_.id as id1_5_0_, shoppingca0_.total as total2_5_0_, shoppingca0_.username as username3_5_0_ from shopping_cart shoppingca0_ where shoppingca0_.id=? for update
14:39:38.564 [Test worker] DEBUG org.hibernate.loader.plan.build.internal.spaces.QuerySpacesImpl - Adding QuerySpace : uid = <gen:0> -> org.hibernate.loader.plan.build.internal.spaces.EntityQuerySpaceImpl@1ebfaa9e]
14:39:38.566 [Test worker] DEBUG org.hibernate.persister.walking.spi.MetamodelGraphWalker - Visiting attribute path : items
14:39:38.566 [Test worker] DEBUG org.hibernate.loader.plan.build.internal.spaces.QuerySpacesImpl - Adding QuerySpace : uid = <gen:1> -> org.hibernate.loader.plan.build.internal.spaces.CollectionQuerySpaceImpl@6559ae6a]
14:39:38.566 [Test worker] DEBUG org.hibernate.loader.plan.build.internal.spaces.QuerySpacesImpl - Adding QuerySpace : uid = <gen:2> -> org.hibernate.loader.plan.build.internal.spaces.EntityQuerySpaceImpl@75379796]
14:39:38.566 [Test worker] DEBUG org.hibernate.persister.walking.spi.MetamodelGraphWalker - Visiting attribute path : total
14:39:38.566 [Test worker] DEBUG org.hibernate.persister.walking.spi.MetamodelGraphWalker - Visiting attribute path : user
14:39:38.566 [Test worker] DEBUG org.hibernate.loader.plan.build.internal.spaces.QuerySpacesImpl - Adding QuerySpace : uid = <gen:3> -> org.hibernate.loader.plan.build.internal.spaces.EntityQuerySpaceImpl@16bf28f4]
14:39:38.567 [Test worker] DEBUG org.hibernate.loader.plan.build.internal.FetchStyleLoadPlanBuildingAssociationVisitationStrategy - Building LoadPlan...
14:39:38.567 [Test worker] DEBUG org.hibernate.loader.plan.exec.internal.LoadQueryJoinAndFetchProcessor - processing queryspace <gen:0>
14:39:38.567 [Test worker] DEBUG org.hibernate.loader.plan.build.spi.LoadPlanTreePrinter - LoadPlan(entity=com.mushopl.models.ShoppingCart)
    - Returns
       - EntityReturnImpl(entity=com.mushopl.models.ShoppingCart, querySpaceUid=<gen:0>, path=com.mushopl.models.ShoppingCart)
          - CollectionAttributeFetchImpl(collection=com.mushopl.models.ShoppingCart.items, querySpaceUid=<gen:1>, path=com.mushopl.models.ShoppingCart.items)
             - (collection element) CollectionFetchableElementEntityGraph(entity=com.mushopl.models.CartItem, querySpaceUid=<gen:2>, path=com.mushopl.models.ShoppingCart.items.<elements>)
          - EntityAttributeFetchImpl(entity=com.mushopl.models.User, querySpaceUid=<gen:3>, path=com.mushopl.models.ShoppingCart.user)
    - QuerySpaces
       - EntityQuerySpaceImpl(uid=<gen:0>, entity=com.mushopl.models.ShoppingCart)
          - SQL table alias mapping - shoppingca0_
          - alias suffix - 0_
          - suffixed key columns - {id1_5_0_}

14:39:38.568 [Test worker] DEBUG org.hibernate.loader.entity.plan.EntityLoader - Static select for entity com.mushopl.models.ShoppingCart [UPGRADE_SKIPLOCKED]: select shoppingca0_.id as id1_5_0_, shoppingca0_.total as total2_5_0_, shoppingca0_.username as username3_5_0_ from shopping_cart shoppingca0_ where shoppingca0_.id=? for update
14:39:38.568 [Test worker] DEBUG org.hibernate.loader.plan.build.internal.spaces.QuerySpacesImpl - Adding QuerySpace : uid = <gen:0> -> org.hibernate.loader.plan.build.internal.spaces.EntityQuerySpaceImpl@5c050505]
14:39:38.568 [Test worker] DEBUG org.hibernate.persister.walking.spi.MetamodelGraphWalker - Visiting attribute path : items
14:39:38.568 [Test worker] DEBUG org.hibernate.loader.plan.build.internal.spaces.QuerySpacesImpl - Adding QuerySpace : uid = <gen:1> -> org.hibernate.loader.plan.build.internal.spaces.CollectionQuerySpaceImpl@3d457820]
14:39:38.568 [Test worker] DEBUG org.hibernate.loader.plan.build.internal.spaces.QuerySpacesImpl - Adding QuerySpace : uid = <gen:2> -> org.hibernate.loader.plan.build.internal.spaces.EntityQuerySpaceImpl@52520ff4]
14:39:38.568 [Test worker] DEBUG org.hibernate.persister.walking.spi.MetamodelGraphWalker - Visiting attribute path : total
14:39:38.569 [Test worker] DEBUG org.hibernate.persister.walking.spi.MetamodelGraphWalker - Visiting attribute path : user
14:39:38.569 [Test worker] DEBUG org.hibernate.loader.plan.build.internal.spaces.QuerySpacesImpl - Adding QuerySpace : uid = <gen:3> -> org.hibernate.loader.plan.build.internal.spaces.EntityQuerySpaceImpl@268b1596]
14:39:38.569 [Test worker] DEBUG org.hibernate.loader.plan.build.internal.FetchStyleLoadPlanBuildingAssociationVisitationStrategy - Building LoadPlan...
14:39:38.569 [Test worker] DEBUG org.hibernate.loader.plan.exec.internal.LoadQueryJoinAndFetchProcessor - processing queryspace <gen:0>
14:39:38.569 [Test worker] DEBUG org.hibernate.loader.plan.build.spi.LoadPlanTreePrinter - LoadPlan(entity=com.mushopl.models.ShoppingCart)
    - Returns
       - EntityReturnImpl(entity=com.mushopl.models.ShoppingCart, querySpaceUid=<gen:0>, path=com.mushopl.models.ShoppingCart)
          - CollectionAttributeFetchImpl(collection=com.mushopl.models.ShoppingCart.items, querySpaceUid=<gen:1>, path=com.mushopl.models.ShoppingCart.items)
             - (collection element) CollectionFetchableElementEntityGraph(entity=com.mushopl.models.CartItem, querySpaceUid=<gen:2>, path=com.mushopl.models.ShoppingCart.items.<elements>)
          - EntityAttributeFetchImpl(entity=com.mushopl.models.User, querySpaceUid=<gen:3>, path=com.mushopl.models.ShoppingCart.user)
    - QuerySpaces
       - EntityQuerySpaceImpl(uid=<gen:0>, entity=com.mushopl.models.ShoppingCart)
          - SQL table alias mapping - shoppingca0_
          - alias suffix - 0_
          - suffixed key columns - {id1_5_0_}

14:39:38.570 [Test worker] DEBUG org.hibernate.loader.entity.plan.EntityLoader - Static select for entity com.mushopl.models.ShoppingCart [FORCE]: select shoppingca0_.id as id1_5_0_, shoppingca0_.total as total2_5_0_, shoppingca0_.username as username3_5_0_ from shopping_cart shoppingca0_ where shoppingca0_.id=? for update
14:39:38.570 [Test worker] DEBUG org.hibernate.loader.plan.build.internal.spaces.QuerySpacesImpl - Adding QuerySpace : uid = <gen:0> -> org.hibernate.loader.plan.build.internal.spaces.EntityQuerySpaceImpl@6c160414]
14:39:38.570 [Test worker] DEBUG org.hibernate.persister.walking.spi.MetamodelGraphWalker - Visiting attribute path : items
14:39:38.570 [Test worker] DEBUG org.hibernate.loader.plan.build.internal.spaces.QuerySpacesImpl - Adding QuerySpace : uid = <gen:1> -> org.hibernate.loader.plan.build.internal.spaces.CollectionQuerySpaceImpl@38eb78c5]
14:39:38.571 [Test worker] DEBUG org.hibernate.loader.plan.build.internal.spaces.QuerySpacesImpl - Adding QuerySpace : uid = <gen:2> -> org.hibernate.loader.plan.build.internal.spaces.EntityQuerySpaceImpl@46b2edeb]
14:39:38.571 [Test worker] DEBUG org.hibernate.persister.walking.spi.MetamodelGraphWalker - Visiting attribute path : total
14:39:38.571 [Test worker] DEBUG org.hibernate.persister.walking.spi.MetamodelGraphWalker - Visiting attribute path : user
14:39:38.571 [Test worker] DEBUG org.hibernate.loader.plan.build.internal.spaces.QuerySpacesImpl - Adding QuerySpace : uid = <gen:3> -> org.hibernate.loader.plan.build.internal.spaces.EntityQuerySpaceImpl@1ad8678d]
14:39:38.571 [Test worker] DEBUG org.hibernate.loader.plan.build.internal.FetchStyleLoadPlanBuildingAssociationVisitationStrategy - Building LoadPlan...
14:39:38.571 [Test worker] DEBUG org.hibernate.loader.plan.exec.internal.LoadQueryJoinAndFetchProcessor - processing queryspace <gen:0>
14:39:38.572 [Test worker] DEBUG org.hibernate.loader.plan.build.spi.LoadPlanTreePrinter - LoadPlan(entity=com.mushopl.models.ShoppingCart)
    - Returns
       - EntityReturnImpl(entity=com.mushopl.models.ShoppingCart, querySpaceUid=<gen:0>, path=com.mushopl.models.ShoppingCart)
          - CollectionAttributeFetchImpl(collection=com.mushopl.models.ShoppingCart.items, querySpaceUid=<gen:1>, path=com.mushopl.models.ShoppingCart.items)
             - (collection element) CollectionFetchableElementEntityGraph(entity=com.mushopl.models.CartItem, querySpaceUid=<gen:2>, path=com.mushopl.models.ShoppingCart.items.<elements>)
          - EntityAttributeFetchImpl(entity=com.mushopl.models.User, querySpaceUid=<gen:3>, path=com.mushopl.models.ShoppingCart.user)
    - QuerySpaces
       - EntityQuerySpaceImpl(uid=<gen:0>, entity=com.mushopl.models.ShoppingCart)
          - SQL table alias mapping - shoppingca0_
          - alias suffix - 0_
          - suffixed key columns - {id1_5_0_}

14:39:38.572 [Test worker] DEBUG org.hibernate.loader.entity.plan.EntityLoader - Static select for entity com.mushopl.models.ShoppingCart [PESSIMISTIC_READ]: select shoppingca0_.id as id1_5_0_, shoppingca0_.total as total2_5_0_, shoppingca0_.username as username3_5_0_ from shopping_cart shoppingca0_ where shoppingca0_.id=? for update
14:39:38.572 [Test worker] DEBUG org.hibernate.loader.plan.build.internal.spaces.QuerySpacesImpl - Adding QuerySpace : uid = <gen:0> -> org.hibernate.loader.plan.build.internal.spaces.EntityQuerySpaceImpl@47af4b8d]
14:39:38.573 [Test worker] DEBUG org.hibernate.persister.walking.spi.MetamodelGraphWalker - Visiting attribute path : items
14:39:38.573 [Test worker] DEBUG org.hibernate.loader.plan.build.internal.spaces.QuerySpacesImpl - Adding QuerySpace : uid = <gen:1> -> org.hibernate.loader.plan.build.internal.spaces.CollectionQuerySpaceImpl@75ed423f]
14:39:38.573 [Test worker] DEBUG org.hibernate.loader.plan.build.internal.spaces.QuerySpacesImpl - Adding QuerySpace : uid = <gen:2> -> org.hibernate.loader.plan.build.internal.spaces.EntityQuerySpaceImpl@2c50b700]
14:39:38.573 [Test worker] DEBUG org.hibernate.persister.walking.spi.MetamodelGraphWalker - Visiting attribute path : total
14:39:38.573 [Test worker] DEBUG org.hibernate.persister.walking.spi.MetamodelGraphWalker - Visiting attribute path : user
14:39:38.573 [Test worker] DEBUG org.hibernate.loader.plan.build.internal.spaces.QuerySpacesImpl - Adding QuerySpace : uid = <gen:3> -> org.hibernate.loader.plan.build.internal.spaces.EntityQuerySpaceImpl@119e7224]
14:39:38.574 [Test worker] DEBUG org.hibernate.loader.plan.build.internal.FetchStyleLoadPlanBuildingAssociationVisitationStrategy - Building LoadPlan...
14:39:38.574 [Test worker] DEBUG org.hibernate.loader.plan.exec.internal.LoadQueryJoinAndFetchProcessor - processing queryspace <gen:0>
14:39:38.574 [Test worker] DEBUG org.hibernate.loader.plan.build.spi.LoadPlanTreePrinter - LoadPlan(entity=com.mushopl.models.ShoppingCart)
    - Returns
       - EntityReturnImpl(entity=com.mushopl.models.ShoppingCart, querySpaceUid=<gen:0>, path=com.mushopl.models.ShoppingCart)
          - CollectionAttributeFetchImpl(collection=com.mushopl.models.ShoppingCart.items, querySpaceUid=<gen:1>, path=com.mushopl.models.ShoppingCart.items)
             - (collection element) CollectionFetchableElementEntityGraph(entity=com.mushopl.models.CartItem, querySpaceUid=<gen:2>, path=com.mushopl.models.ShoppingCart.items.<elements>)
          - EntityAttributeFetchImpl(entity=com.mushopl.models.User, querySpaceUid=<gen:3>, path=com.mushopl.models.ShoppingCart.user)
    - QuerySpaces
       - EntityQuerySpaceImpl(uid=<gen:0>, entity=com.mushopl.models.ShoppingCart)
          - SQL table alias mapping - shoppingca0_
          - alias suffix - 0_
          - suffixed key columns - {id1_5_0_}

14:39:38.577 [Test worker] DEBUG org.hibernate.loader.entity.plan.EntityLoader - Static select for entity com.mushopl.models.ShoppingCart [PESSIMISTIC_WRITE]: select shoppingca0_.id as id1_5_0_, shoppingca0_.total as total2_5_0_, shoppingca0_.username as username3_5_0_ from shopping_cart shoppingca0_ where shoppingca0_.id=? for update
14:39:38.578 [Test worker] DEBUG org.hibernate.loader.plan.build.internal.spaces.QuerySpacesImpl - Adding QuerySpace : uid = <gen:0> -> org.hibernate.loader.plan.build.internal.spaces.EntityQuerySpaceImpl@3ca5a0ac]
14:39:38.578 [Test worker] DEBUG org.hibernate.persister.walking.spi.MetamodelGraphWalker - Visiting attribute path : items
14:39:38.578 [Test worker] DEBUG org.hibernate.loader.plan.build.internal.spaces.QuerySpacesImpl - Adding QuerySpace : uid = <gen:1> -> org.hibernate.loader.plan.build.internal.spaces.CollectionQuerySpaceImpl@a07aa72]
14:39:38.578 [Test worker] DEBUG org.hibernate.loader.plan.build.internal.spaces.QuerySpacesImpl - Adding QuerySpace : uid = <gen:2> -> org.hibernate.loader.plan.build.internal.spaces.EntityQuerySpaceImpl@686ae644]
14:39:38.578 [Test worker] DEBUG org.hibernate.persister.walking.spi.MetamodelGraphWalker - Visiting attribute path : total
14:39:38.578 [Test worker] DEBUG org.hibernate.persister.walking.spi.MetamodelGraphWalker - Visiting attribute path : user
14:39:38.578 [Test worker] DEBUG org.hibernate.loader.plan.build.internal.spaces.QuerySpacesImpl - Adding QuerySpace : uid = <gen:3> -> org.hibernate.loader.plan.build.internal.spaces.EntityQuerySpaceImpl@79db9b25]
14:39:38.578 [Test worker] DEBUG org.hibernate.loader.plan.build.internal.FetchStyleLoadPlanBuildingAssociationVisitationStrategy - Building LoadPlan...
14:39:38.579 [Test worker] DEBUG org.hibernate.loader.plan.exec.internal.LoadQueryJoinAndFetchProcessor - processing queryspace <gen:0>
14:39:38.579 [Test worker] DEBUG org.hibernate.loader.plan.build.spi.LoadPlanTreePrinter - LoadPlan(entity=com.mushopl.models.ShoppingCart)
    - Returns
       - EntityReturnImpl(entity=com.mushopl.models.ShoppingCart, querySpaceUid=<gen:0>, path=com.mushopl.models.ShoppingCart)
          - CollectionAttributeFetchImpl(collection=com.mushopl.models.ShoppingCart.items, querySpaceUid=<gen:1>, path=com.mushopl.models.ShoppingCart.items)
             - (collection element) CollectionFetchableElementEntityGraph(entity=com.mushopl.models.CartItem, querySpaceUid=<gen:2>, path=com.mushopl.models.ShoppingCart.items.<elements>)
          - EntityAttributeFetchImpl(entity=com.mushopl.models.User, querySpaceUid=<gen:3>, path=com.mushopl.models.ShoppingCart.user)
    - QuerySpaces
       - EntityQuerySpaceImpl(uid=<gen:0>, entity=com.mushopl.models.ShoppingCart)
          - SQL table alias mapping - shoppingca0_
          - alias suffix - 0_
          - suffixed key columns - {id1_5_0_}

14:39:38.580 [Test worker] DEBUG org.hibernate.loader.entity.plan.EntityLoader - Static select for entity com.mushopl.models.ShoppingCart [PESSIMISTIC_FORCE_INCREMENT]: select shoppingca0_.id as id1_5_0_, shoppingca0_.total as total2_5_0_, shoppingca0_.username as username3_5_0_ from shopping_cart shoppingca0_ where shoppingca0_.id=? for update
14:39:38.580 [Test worker] DEBUG org.hibernate.loader.plan.build.internal.spaces.QuerySpacesImpl - Adding QuerySpace : uid = <gen:0> -> org.hibernate.loader.plan.build.internal.spaces.EntityQuerySpaceImpl@6d8446aa]
14:39:38.580 [Test worker] DEBUG org.hibernate.persister.walking.spi.MetamodelGraphWalker - Visiting attribute path : items
14:39:38.580 [Test worker] DEBUG org.hibernate.loader.plan.build.internal.spaces.QuerySpacesImpl - Adding QuerySpace : uid = <gen:1> -> org.hibernate.loader.plan.build.internal.spaces.CollectionQuerySpaceImpl@6580a09c]
14:39:38.580 [Test worker] DEBUG org.hibernate.loader.plan.build.internal.spaces.QuerySpacesImpl - Adding QuerySpace : uid = <gen:2> -> org.hibernate.loader.plan.build.internal.spaces.EntityQuerySpaceImpl@40a71dba]
14:39:38.580 [Test worker] DEBUG org.hibernate.persister.walking.spi.MetamodelGraphWalker - Visiting attribute path : total
14:39:38.580 [Test worker] DEBUG org.hibernate.persister.walking.spi.MetamodelGraphWalker - Visiting attribute path : user
14:39:38.581 [Test worker] DEBUG org.hibernate.loader.plan.build.internal.spaces.QuerySpacesImpl - Adding QuerySpace : uid = <gen:3> -> org.hibernate.loader.plan.build.internal.spaces.EntityQuerySpaceImpl@f59b212]
14:39:38.581 [Test worker] DEBUG org.hibernate.loader.plan.build.internal.FetchStyleLoadPlanBuildingAssociationVisitationStrategy - Building LoadPlan...
14:39:38.581 [Test worker] DEBUG org.hibernate.loader.plan.exec.internal.LoadQueryJoinAndFetchProcessor - processing queryspace <gen:0>
14:39:38.581 [Test worker] DEBUG org.hibernate.loader.plan.build.spi.LoadPlanTreePrinter - LoadPlan(entity=com.mushopl.models.ShoppingCart)
    - Returns
       - EntityReturnImpl(entity=com.mushopl.models.ShoppingCart, querySpaceUid=<gen:0>, path=com.mushopl.models.ShoppingCart)
          - CollectionAttributeFetchImpl(collection=com.mushopl.models.ShoppingCart.items, querySpaceUid=<gen:1>, path=com.mushopl.models.ShoppingCart.items)
             - (collection element) CollectionFetchableElementEntityGraph(entity=com.mushopl.models.CartItem, querySpaceUid=<gen:2>, path=com.mushopl.models.ShoppingCart.items.<elements>)
          - EntityAttributeFetchImpl(entity=com.mushopl.models.User, querySpaceUid=<gen:3>, path=com.mushopl.models.ShoppingCart.user)
    - QuerySpaces
       - EntityQuerySpaceImpl(uid=<gen:0>, entity=com.mushopl.models.ShoppingCart)
          - SQL table alias mapping - shoppingca0_
          - alias suffix - 0_
          - suffixed key columns - {id1_5_0_}

14:39:38.581 [Test worker] DEBUG org.hibernate.loader.entity.plan.EntityLoader - Static select for entity com.mushopl.models.ShoppingCart [OPTIMISTIC]: select shoppingca0_.id as id1_5_0_, shoppingca0_.total as total2_5_0_, shoppingca0_.username as username3_5_0_ from shopping_cart shoppingca0_ where shoppingca0_.id=?
14:39:38.581 [Test worker] DEBUG org.hibernate.loader.plan.build.internal.spaces.QuerySpacesImpl - Adding QuerySpace : uid = <gen:0> -> org.hibernate.loader.plan.build.internal.spaces.EntityQuerySpaceImpl@6cf74b1e]
14:39:38.582 [Test worker] DEBUG org.hibernate.persister.walking.spi.MetamodelGraphWalker - Visiting attribute path : items
14:39:38.582 [Test worker] DEBUG org.hibernate.loader.plan.build.internal.spaces.QuerySpacesImpl - Adding QuerySpace : uid = <gen:1> -> org.hibernate.loader.plan.build.internal.spaces.CollectionQuerySpaceImpl@742104a9]
14:39:38.582 [Test worker] DEBUG org.hibernate.loader.plan.build.internal.spaces.QuerySpacesImpl - Adding QuerySpace : uid = <gen:2> -> org.hibernate.loader.plan.build.internal.spaces.EntityQuerySpaceImpl@362af11d]
14:39:38.582 [Test worker] DEBUG org.hibernate.persister.walking.spi.MetamodelGraphWalker - Visiting attribute path : total
14:39:38.582 [Test worker] DEBUG org.hibernate.persister.walking.spi.MetamodelGraphWalker - Visiting attribute path : user
14:39:38.582 [Test worker] DEBUG org.hibernate.loader.plan.build.internal.spaces.QuerySpacesImpl - Adding QuerySpace : uid = <gen:3> -> org.hibernate.loader.plan.build.internal.spaces.EntityQuerySpaceImpl@60d3e37d]
14:39:38.582 [Test worker] DEBUG org.hibernate.loader.plan.build.internal.FetchStyleLoadPlanBuildingAssociationVisitationStrategy - Building LoadPlan...
14:39:38.582 [Test worker] DEBUG org.hibernate.loader.plan.exec.internal.LoadQueryJoinAndFetchProcessor - processing queryspace <gen:0>
14:39:38.583 [Test worker] DEBUG org.hibernate.loader.plan.build.spi.LoadPlanTreePrinter - LoadPlan(entity=com.mushopl.models.ShoppingCart)
    - Returns
       - EntityReturnImpl(entity=com.mushopl.models.ShoppingCart, querySpaceUid=<gen:0>, path=com.mushopl.models.ShoppingCart)
          - CollectionAttributeFetchImpl(collection=com.mushopl.models.ShoppingCart.items, querySpaceUid=<gen:1>, path=com.mushopl.models.ShoppingCart.items)
             - (collection element) CollectionFetchableElementEntityGraph(entity=com.mushopl.models.CartItem, querySpaceUid=<gen:2>, path=com.mushopl.models.ShoppingCart.items.<elements>)
          - EntityAttributeFetchImpl(entity=com.mushopl.models.User, querySpaceUid=<gen:3>, path=com.mushopl.models.ShoppingCart.user)
    - QuerySpaces
       - EntityQuerySpaceImpl(uid=<gen:0>, entity=com.mushopl.models.ShoppingCart)
          - SQL table alias mapping - shoppingca0_
          - alias suffix - 0_
          - suffixed key columns - {id1_5_0_}

14:39:38.583 [Test worker] DEBUG org.hibernate.loader.entity.plan.EntityLoader - Static select for entity com.mushopl.models.ShoppingCart [OPTIMISTIC_FORCE_INCREMENT]: select shoppingca0_.id as id1_5_0_, shoppingca0_.total as total2_5_0_, shoppingca0_.username as username3_5_0_ from shopping_cart shoppingca0_ where shoppingca0_.id=?
14:39:38.583 [Test worker] DEBUG org.hibernate.loader.Loader - Static select for action ACTION_MERGE on entity com.mushopl.models.ShoppingCart: select shoppingca0_.id as id1_5_1_, shoppingca0_.total as total2_5_1_, shoppingca0_.username as username3_5_1_, items1_.ShoppingCart_id as Shopping1_6_3_, cartitem2_.id as items_id2_6_3_, cartitem2_.id as id1_1_0_, cartitem2_.product_id as product_3_1_0_, cartitem2_.typePrice as typePric2_1_0_ from shopping_cart shoppingca0_ left outer join shopping_cart_CartItem items1_ on shoppingca0_.id=items1_.ShoppingCart_id left outer join CartItem cartitem2_ on items1_.items_id=cartitem2_.id where shoppingca0_.id=?
14:39:38.584 [Test worker] DEBUG org.hibernate.loader.Loader - Static select for action ACTION_REFRESH on entity com.mushopl.models.ShoppingCart: select shoppingca0_.id as id1_5_1_, shoppingca0_.total as total2_5_1_, shoppingca0_.username as username3_5_1_, items1_.ShoppingCart_id as Shopping1_6_3_, cartitem2_.id as items_id2_6_3_, cartitem2_.id as id1_1_0_, cartitem2_.product_id as product_3_1_0_, cartitem2_.typePrice as typePric2_1_0_ from shopping_cart shoppingca0_ left outer join shopping_cart_CartItem items1_ on shoppingca0_.id=items1_.ShoppingCart_id left outer join CartItem cartitem2_ on items1_.items_id=cartitem2_.id where shoppingca0_.id=?
14:39:38.584 [Test worker] DEBUG org.hibernate.loader.plan.build.internal.spaces.QuerySpacesImpl - Adding QuerySpace : uid = <gen:0> -> org.hibernate.loader.plan.build.internal.spaces.CollectionQuerySpaceImpl@70421c49]
14:39:38.584 [Test worker] DEBUG org.hibernate.loader.plan.build.internal.spaces.QuerySpacesImpl - Adding QuerySpace : uid = <gen:1> -> org.hibernate.loader.plan.build.internal.spaces.CompositeQuerySpaceImpl@cba5aa4]
14:39:38.584 [Test worker] DEBUG org.hibernate.persister.walking.spi.MetamodelGraphWalker - Visiting attribute path : type
14:39:38.584 [Test worker] DEBUG org.hibernate.persister.walking.spi.MetamodelGraphWalker - Visiting attribute path : value
14:39:38.584 [Test worker] DEBUG org.hibernate.loader.plan.build.internal.FetchStyleLoadPlanBuildingAssociationVisitationStrategy - Building LoadPlan...
14:39:38.584 [Test worker] DEBUG org.hibernate.loader.plan.exec.internal.LoadQueryJoinAndFetchProcessor - processing queryspace <gen:0>
14:39:38.585 [Test worker] DEBUG org.hibernate.loader.plan.build.spi.LoadPlanTreePrinter - LoadPlan(collection=com.mushopl.models.Product.prices)
    - Returns
       - CollectionReturnImpl(collection=com.mushopl.models.Product.prices, querySpaceUid=<gen:0>, path=[com.mushopl.models.Product.prices])
          - (collection element)     - QuerySpaces
       - CollectionQuerySpaceImpl(uid=<gen:0>, collection=com.mushopl.models.Product.prices)
          - SQL table alias mapping - prices0_
          - alias suffix - 0_
          - suffixed key columns - {Product_1_2_0_}
          - JOIN (JoinDefinedByMetadata(elements)) : <gen:0> -> <gen:1>
             - CompositeQuerySpaceImpl(uid=<gen:1>)
                - SQL table alias mapping - prices0_

14:39:38.585 [Test worker] DEBUG org.hibernate.loader.collection.plan.CollectionLoader - Static select for collection com.mushopl.models.Product.prices: select prices0_.Product_id as Product_1_2_0_, prices0_.type as type2_2_0_, prices0_.value as value3_2_0_ from Product_prices prices0_ where prices0_.Product_id=?
14:39:38.585 [Test worker] DEBUG org.hibernate.loader.plan.build.internal.spaces.QuerySpacesImpl - Adding QuerySpace : uid = <gen:0> -> org.hibernate.loader.plan.build.internal.spaces.CollectionQuerySpaceImpl@728ed8ba]
14:39:38.585 [Test worker] DEBUG org.hibernate.loader.plan.build.internal.spaces.QuerySpacesImpl - Adding QuerySpace : uid = <gen:1> -> org.hibernate.loader.plan.build.internal.spaces.EntityQuerySpaceImpl@2cbfc335]
14:39:38.585 [Test worker] DEBUG org.hibernate.persister.walking.spi.MetamodelGraphWalker - Visiting attribute path : product
14:39:38.586 [Test worker] DEBUG org.hibernate.loader.plan.build.internal.spaces.QuerySpacesImpl - Adding QuerySpace : uid = <gen:2> -> org.hibernate.loader.plan.build.internal.spaces.EntityQuerySpaceImpl@69705eb4]
14:39:38.586 [Test worker] DEBUG org.hibernate.persister.walking.spi.MetamodelGraphWalker - Visiting attribute path : product.description
14:39:38.586 [Test worker] DEBUG org.hibernate.persister.walking.spi.MetamodelGraphWalker - Visiting attribute path : product.pages
14:39:38.586 [Test worker] DEBUG org.hibernate.persister.walking.spi.MetamodelGraphWalker - Visiting attribute path : product.prices
14:39:38.586 [Test worker] DEBUG org.hibernate.loader.plan.build.internal.spaces.QuerySpacesImpl - Adding QuerySpace : uid = <gen:3> -> org.hibernate.loader.plan.build.internal.spaces.CollectionQuerySpaceImpl@1ef2c4e7]
14:39:38.586 [Test worker] DEBUG org.hibernate.loader.plan.build.internal.spaces.QuerySpacesImpl - Adding QuerySpace : uid = <gen:4> -> org.hibernate.loader.plan.build.internal.spaces.CompositeQuerySpaceImpl@bdd7580]
14:39:38.586 [Test worker] DEBUG org.hibernate.persister.walking.spi.MetamodelGraphWalker - Visiting attribute path : product.title
14:39:38.586 [Test worker] DEBUG org.hibernate.persister.walking.spi.MetamodelGraphWalker - Visiting attribute path : typePrice
14:39:38.586 [Test worker] DEBUG org.hibernate.loader.plan.build.internal.FetchStyleLoadPlanBuildingAssociationVisitationStrategy - Building LoadPlan...
14:39:38.586 [Test worker] DEBUG org.hibernate.loader.plan.exec.internal.LoadQueryJoinAndFetchProcessor - processing queryspace <gen:0>
14:39:38.587 [Test worker] DEBUG org.hibernate.loader.plan.build.spi.LoadPlanTreePrinter - LoadPlan(collection=com.mushopl.models.ShoppingCart.items)
    - Returns
       - CollectionReturnImpl(collection=com.mushopl.models.ShoppingCart.items, querySpaceUid=<gen:0>, path=[com.mushopl.models.ShoppingCart.items])
          - (collection element) CollectionFetchableElementEntityGraph(entity=com.mushopl.models.CartItem, querySpaceUid=<gen:1>, path=[com.mushopl.models.ShoppingCart.items].<elements>)
             - EntityAttributeFetchImpl(entity=com.mushopl.models.Product, querySpaceUid=<gen:2>, path=[com.mushopl.models.ShoppingCart.items].<elements>.product)
                - CollectionAttributeFetchImpl(collection=com.mushopl.models.Product.prices, querySpaceUid=<gen:3>, path=[com.mushopl.models.ShoppingCart.items].<elements>.product.prices)
                   - (collection element)     - QuerySpaces
       - CollectionQuerySpaceImpl(uid=<gen:0>, collection=com.mushopl.models.ShoppingCart.items)
          - SQL table alias mapping - items0_
          - alias suffix - 0_
          - suffixed key columns - {Shopping1_6_0_}
          - entity-element alias suffix - 1_
          - 1_entity-element suffixed key columns - id1_1_1_
          - JOIN (JoinDefinedByMetadata(elements)) : <gen:0> -> <gen:1>
             - EntityQuerySpaceImpl(uid=<gen:1>, entity=com.mushopl.models.CartItem)
                - SQL table alias mapping - cartitem1_
                - alias suffix - 1_
                - suffixed key columns - {id1_1_1_}
                - JOIN (JoinDefinedByMetadata(product)) : <gen:1> -> <gen:2>
                   - EntityQuerySpaceImpl(uid=<gen:2>, entity=com.mushopl.models.Product)
                      - SQL table alias mapping - product2_
                      - alias suffix - 2_
                      - suffixed key columns - {id1_3_2_}

14:39:38.587 [Test worker] DEBUG org.hibernate.loader.collection.plan.CollectionLoader - Static select for collection com.mushopl.models.ShoppingCart.items: select items0_.ShoppingCart_id as Shopping1_6_0_, items0_.items_id as items_id2_6_0_, cartitem1_.id as id1_1_1_, cartitem1_.product_id as product_3_1_1_, cartitem1_.typePrice as typePric2_1_1_, product2_.id as id1_3_2_, product2_.description as descript2_3_2_, product2_.pages as pages3_3_2_, product2_.title as title4_3_2_ from shopping_cart_CartItem items0_ inner join CartItem cartitem1_ on items0_.items_id=cartitem1_.id left outer join products product2_ on cartitem1_.product_id=product2_.id where items0_.ShoppingCart_id=?
14:39:38.587 [Test worker] DEBUG org.hibernate.loader.plan.build.internal.spaces.QuerySpacesImpl - Adding QuerySpace : uid = <gen:0> -> org.hibernate.loader.plan.build.internal.spaces.CollectionQuerySpaceImpl@60b30fb1]
14:39:38.587 [Test worker] DEBUG org.hibernate.loader.plan.build.internal.spaces.QuerySpacesImpl - Adding QuerySpace : uid = <gen:1> -> org.hibernate.loader.plan.build.internal.spaces.EntityQuerySpaceImpl@7fde5fdd]
14:39:38.588 [Test worker] DEBUG org.hibernate.loader.plan.build.internal.spaces.QuerySpacesImpl - Adding QuerySpace : uid = <gen:1>-id -> org.hibernate.loader.plan.build.internal.spaces.CompositeQuerySpaceImpl@7703793d]
14:39:38.588 [Test worker] DEBUG org.hibernate.persister.walking.spi.MetamodelGraphWalker - Visiting attribute path : user
14:39:38.588 [Test worker] DEBUG org.hibernate.persister.walking.spi.MetamodelGraphWalker - Property path deemed to be circular : user
14:39:38.588 [Test worker] DEBUG org.hibernate.persister.walking.spi.MetamodelGraphWalker - Visiting attribute path : name
14:39:38.588 [Test worker] DEBUG org.hibernate.loader.plan.build.internal.FetchStyleLoadPlanBuildingAssociationVisitationStrategy - Building LoadPlan...
14:39:38.588 [Test worker] DEBUG org.hibernate.loader.plan.exec.internal.LoadQueryJoinAndFetchProcessor - processing queryspace <gen:0>
14:39:38.589 [Test worker] DEBUG org.hibernate.loader.plan.build.spi.LoadPlanTreePrinter - LoadPlan(collection=com.mushopl.models.User.roles)
    - Returns
       - CollectionReturnImpl(collection=com.mushopl.models.User.roles, querySpaceUid=<gen:0>, path=[com.mushopl.models.User.roles])
          - (collection element) CollectionFetchableElementEntityGraph(entity=com.mushopl.models.Role, querySpaceUid=<gen:1>, path=[com.mushopl.models.User.roles].<elements>)
    - QuerySpaces
       - CollectionQuerySpaceImpl(uid=<gen:0>, collection=com.mushopl.models.User.roles)
          - SQL table alias mapping - roles0_
          - alias suffix - 0_
          - suffixed key columns - {username2_4_0_}
          - entity-element alias suffix - 1_
          - 1_entity-element suffixed key columns - username2_4_1_, name1_4_1_
          - JOIN (JoinDefinedByMetadata(elements)) : <gen:0> -> <gen:1>
             - EntityQuerySpaceImpl(uid=<gen:1>, entity=com.mushopl.models.Role)
                - SQL table alias mapping - roles0_
                - alias suffix - 1_
                - suffixed key columns - {username2_4_1_, name1_4_1_}
                - JOIN (JoinDefinedByMetadata(id)) : <gen:1> -> <gen:1>-id
                   - CompositeQuerySpaceImpl(uid=<gen:1>-id)
                      - SQL table alias mapping - roles0_

14:39:38.589 [Test worker] DEBUG org.hibernate.loader.collection.plan.CollectionLoader - Static select for collection com.mushopl.models.User.roles: select roles0_.username as username2_4_0_, roles0_.name as name1_4_0_, roles0_.username as username2_4_1_, roles0_.name as name1_4_1_ from roles roles0_ where roles0_.username=?
14:39:38.590 [Test worker] DEBUG org.hibernate.internal.SessionFactoryImpl - Instantiated session factory
14:39:38.591 [Test worker] INFO org.hibernate.tool.hbm2ddl.SchemaExport - HHH000227: Running hbm2ddl schema export
14:39:38.592 [Test worker] DEBUG org.hibernate.tool.hbm2ddl.SchemaExport - Import file not found: /import.sql
14:39:38.593 [Test worker] DEBUG org.springframework.jdbc.datasource.DriverManagerDataSource - Creating new JDBC DriverManager Connection to [jdbc:h2:mem:dev;MVCC=TRUE;LOCK_TIMEOUT=10000;DB_CLOSE_DELAY=-1;DATABASE_TO_UPPER=false]
14:39:38.593 [Test worker] DEBUG org.hibernate.SQL - 
    drop table blogposts if exists
Hibernate: 
    drop table blogposts if exists
14:39:38.599 [Test worker] DEBUG org.hibernate.SQL - 
    drop table CartItem if exists
Hibernate: 
    drop table CartItem if exists
14:39:38.602 [Test worker] DEBUG org.hibernate.SQL - 
    drop table Product_prices if exists
Hibernate: 
    drop table Product_prices if exists
14:39:38.603 [Test worker] DEBUG org.hibernate.SQL - 
    drop table products if exists
Hibernate: 
    drop table products if exists
14:39:38.605 [Test worker] DEBUG org.hibernate.SQL - 
    drop table roles if exists
Hibernate: 
    drop table roles if exists
14:39:38.606 [Test worker] DEBUG org.hibernate.SQL - 
    drop table shopping_cart if exists
Hibernate: 
    drop table shopping_cart if exists
14:39:38.609 [Test worker] DEBUG org.hibernate.SQL - 
    drop table shopping_cart_CartItem if exists
Hibernate: 
    drop table shopping_cart_CartItem if exists
14:39:38.610 [Test worker] DEBUG org.hibernate.SQL - 
    drop table users if exists
Hibernate: 
    drop table users if exists
14:39:38.611 [Test worker] DEBUG org.hibernate.SQL - 
    drop sequence if exists hibernate_sequence
Hibernate: 
    drop sequence if exists hibernate_sequence
14:39:38.611 [Test worker] DEBUG org.hibernate.SQL - 
    create sequence hibernate_sequence start with 1 increment by 1
Hibernate: 
    create sequence hibernate_sequence start with 1 increment by 1
14:39:38.612 [Test worker] DEBUG org.hibernate.SQL - 
    create table blogposts (
        id integer generated by default as identity,
        date timestamp,
        description clob,
        image varchar(255),
        title varchar(255),
        primary key (id)
    )
Hibernate: 
    create table blogposts (
        id integer generated by default as identity,
        date timestamp,
        description clob,
        image varchar(255),
        title varchar(255),
        primary key (id)
    )
14:39:38.614 [Test worker] DEBUG org.hibernate.SQL - 
    create table CartItem (
        id bigint generated by default as identity,
        typePrice integer,
        product_id integer,
        primary key (id)
    )
Hibernate: 
    create table CartItem (
        id bigint generated by default as identity,
        typePrice integer,
        product_id integer,
        primary key (id)
    )
14:39:38.615 [Test worker] DEBUG org.hibernate.SQL - 
    create table Product_prices (
        Product_id integer not null,
        type integer,
        value double
    )
Hibernate: 
    create table Product_prices (
        Product_id integer not null,
        type integer,
        value double
    )
14:39:38.616 [Test worker] DEBUG org.hibernate.SQL - 
    create table products (
        id integer generated by default as identity,
        description clob,
        pages integer not null,
        title varchar(255),
        primary key (id)
    )
Hibernate: 
    create table products (
        id integer generated by default as identity,
        description clob,
        pages integer not null,
        title varchar(255),
        primary key (id)
    )
14:39:38.619 [Test worker] DEBUG org.hibernate.SQL - 
    create table roles (
        name varchar(255) not null,
        username varchar(255) not null,
        primary key (username, name)
    )
Hibernate: 
    create table roles (
        name varchar(255) not null,
        username varchar(255) not null,
        primary key (username, name)
    )
14:39:38.620 [Test worker] DEBUG org.hibernate.SQL - 
    create table shopping_cart (
        id integer not null,
        total double,
        username varchar(255) not null,
        primary key (id)
    )
Hibernate: 
    create table shopping_cart (
        id integer not null,
        total double,
        username varchar(255) not null,
        primary key (id)
    )
14:39:38.621 [Test worker] DEBUG org.hibernate.SQL - 
    create table shopping_cart_CartItem (
        ShoppingCart_id integer not null,
        items_id bigint not null
    )
Hibernate: 
    create table shopping_cart_CartItem (
        ShoppingCart_id integer not null,
        items_id bigint not null
    )
14:39:38.622 [Test worker] DEBUG org.hibernate.SQL - 
    create table users (
        username varchar(255) not null,
        name varchar(255),
        pass varchar(255),
        primary key (username)
    )
Hibernate: 
    create table users (
        username varchar(255) not null,
        name varchar(255),
        pass varchar(255),
        primary key (username)
    )
14:39:38.623 [Test worker] DEBUG org.hibernate.SQL - 
    alter table shopping_cart 
        add constraint UKexlvhesg4g2k7kqcx877lwv9n unique (id, username)
Hibernate: 
    alter table shopping_cart 
        add constraint UKexlvhesg4g2k7kqcx877lwv9n unique (id, username)
14:39:38.624 [Test worker] DEBUG org.hibernate.SQL - 
    alter table CartItem 
        add constraint FK99fv34ri9tybnctu5dlpm42xr 
        foreign key (product_id) 
        references products
Hibernate: 
    alter table CartItem 
        add constraint FK99fv34ri9tybnctu5dlpm42xr 
        foreign key (product_id) 
        references products
14:39:38.627 [Test worker] DEBUG org.hibernate.SQL - 
    alter table Product_prices 
        add constraint FKalbdj5nbdf4o2renjb3wdbnb2 
        foreign key (Product_id) 
        references products
Hibernate: 
    alter table Product_prices 
        add constraint FKalbdj5nbdf4o2renjb3wdbnb2 
        foreign key (Product_id) 
        references products
14:39:38.630 [Test worker] DEBUG org.hibernate.SQL - 
    alter table roles 
        add constraint FKqmykg2mabwkk1vhpc4526g44k 
        foreign key (username) 
        references users
Hibernate: 
    alter table roles 
        add constraint FKqmykg2mabwkk1vhpc4526g44k 
        foreign key (username) 
        references users
14:39:38.631 [Test worker] DEBUG org.hibernate.SQL - 
    alter table shopping_cart 
        add constraint FKn4woiaa2xg43abug7frxdap9b 
        foreign key (username) 
        references users
Hibernate: 
    alter table shopping_cart 
        add constraint FKn4woiaa2xg43abug7frxdap9b 
        foreign key (username) 
        references users
14:39:38.633 [Test worker] DEBUG org.hibernate.SQL - 
    alter table shopping_cart_CartItem 
        add constraint FKt8sd2wll1oko5rs5a7aw3llul 
        foreign key (items_id) 
        references CartItem
Hibernate: 
    alter table shopping_cart_CartItem 
        add constraint FKt8sd2wll1oko5rs5a7aw3llul 
        foreign key (items_id) 
        references CartItem
14:39:38.636 [Test worker] DEBUG org.hibernate.SQL - 
    alter table shopping_cart_CartItem 
        add constraint FKkkilh847oul3nk2joo9bktces 
        foreign key (ShoppingCart_id) 
        references shopping_cart
Hibernate: 
    alter table shopping_cart_CartItem 
        add constraint FKkkilh847oul3nk2joo9bktces 
        foreign key (ShoppingCart_id) 
        references shopping_cart
14:39:38.638 [Test worker] INFO org.hibernate.tool.hbm2ddl.SchemaExport - HHH000230: Schema export complete
14:39:38.638 [Test worker] DEBUG org.hibernate.engine.transaction.jta.platform.internal.JtaPlatformInitiator - No JtaPlatform was specified, checking resolver
14:39:38.638 [Test worker] DEBUG org.hibernate.engine.transaction.jta.platform.internal.JtaPlatformResolverInitiator - No JtaPlatformResolver was specified, using default [org.hibernate.engine.transaction.jta.platform.internal.StandardJtaPlatformResolver]
14:39:38.643 [Test worker] DEBUG org.hibernate.engine.transaction.jta.platform.internal.StandardJtaPlatformResolver - Could not resolve JtaPlatform, using default [org.hibernate.engine.transaction.jta.platform.internal.NoJtaPlatform]
14:39:38.643 [Test worker] DEBUG org.hibernate.internal.NamedQueryRepository - Checking 0 named HQL queries
14:39:38.643 [Test worker] DEBUG org.hibernate.internal.NamedQueryRepository - Checking 0 named SQL queries
14:39:38.643 [Test worker] DEBUG org.hibernate.internal.SessionFactoryRegistry - Registering SessionFactory: 9bc6de85-b14e-4e53-939e-1ad6e2a319ab (<unnamed>)
14:39:38.643 [Test worker] DEBUG org.hibernate.internal.SessionFactoryRegistry - Not binding SessionFactory to JNDI, no JNDI name configured
14:39:38.643 [Test worker] DEBUG org.hibernate.jpa.internal.schemagen.JpaSchemaGenerator - No actions specified; doing nothing
14:39:38.649 [Test worker] DEBUG org.hibernate.jpa.internal.EntityManagerFactoryRegistry - Registering EntityManagerFactory: default 
14:39:38.649 [Test worker] WARN org.hibernate.jpa.internal.EntityManagerFactoryRegistry - HHH000436: Entity manager factory name (default) is already registered.  If entity manager will be clustered or passivated, specify a unique value for property 'hibernate.ejb.entitymanager_factory_name'
14:39:38.649 [Test worker] INFO org.springframework.orm.jpa.LocalContainerEntityManagerFactoryBean - Initialized JPA EntityManagerFactory for persistence unit 'default'
14:39:38.649 [Test worker] DEBUG org.springframework.beans.factory.support.DefaultListableBeanFactory - Returning cached instance of singleton bean 'org.springframework.transaction.config.internalTransactionAdvisor'
14:39:38.649 [Test worker] DEBUG org.springframework.beans.factory.support.DefaultListableBeanFactory - Finished creating instance of bean 'entityManagerFactory'
14:39:38.649 [Test worker] DEBUG org.springframework.beans.factory.support.DefaultListableBeanFactory - Pre-instantiating singletons in org.springframework.beans.factory.support.DefaultListableBeanFactory@68897ed6: defining beans [org.springframework.context.annotation.internalConfigurationAnnotationProcessor,org.springframework.context.annotation.internalAutowiredAnnotationProcessor,org.springframework.context.annotation.internalRequiredAnnotationProcessor,org.springframework.context.annotation.internalCommonAnnotationProcessor,org.springframework.context.annotation.internalPersistenceAnnotationProcessor,org.springframework.context.event.internalEventListenerProcessor,org.springframework.context.event.internalEventListenerFactory,JPAConfiguration,productDAO,dataSourceConfigurationTest,org.springframework.transaction.annotation.ProxyTransactionManagementConfiguration,org.springframework.transaction.config.internalTransactionAdvisor,transactionAttributeSource,transactionInterceptor,org.springframework.transaction.config.internalTransactionalEventListenerFactory,entityManagerFactory,transactionManager,org.springframework.aop.config.internalAutoProxyCreator,dataSource]; root of factory hierarchy
14:39:38.649 [Test worker] DEBUG org.springframework.beans.factory.support.DefaultListableBeanFactory - Returning cached instance of singleton bean 'org.springframework.context.annotation.internalConfigurationAnnotationProcessor'
14:39:38.649 [Test worker] DEBUG org.springframework.beans.factory.support.DefaultListableBeanFactory - Returning cached instance of singleton bean 'org.springframework.context.annotation.internalAutowiredAnnotationProcessor'
14:39:38.649 [Test worker] DEBUG org.springframework.beans.factory.support.DefaultListableBeanFactory - Returning cached instance of singleton bean 'org.springframework.context.annotation.internalRequiredAnnotationProcessor'
14:39:38.649 [Test worker] DEBUG org.springframework.beans.factory.support.DefaultListableBeanFactory - Returning cached instance of singleton bean 'org.springframework.context.annotation.internalCommonAnnotationProcessor'
14:39:38.649 [Test worker] DEBUG org.springframework.beans.factory.support.DefaultListableBeanFactory - Returning cached instance of singleton bean 'org.springframework.context.annotation.internalPersistenceAnnotationProcessor'
14:39:38.650 [Test worker] DEBUG org.springframework.beans.factory.support.DefaultListableBeanFactory - Creating shared instance of singleton bean 'org.springframework.context.event.internalEventListenerProcessor'
14:39:38.650 [Test worker] DEBUG org.springframework.beans.factory.support.DefaultListableBeanFactory - Creating instance of bean 'org.springframework.context.event.internalEventListenerProcessor'
14:39:38.650 [Test worker] DEBUG org.springframework.beans.factory.support.DefaultListableBeanFactory - Eagerly caching bean 'org.springframework.context.event.internalEventListenerProcessor' to allow for resolving potential circular references
14:39:38.651 [Test worker] DEBUG org.springframework.beans.factory.support.DefaultListableBeanFactory - Returning cached instance of singleton bean 'org.springframework.transaction.config.internalTransactionAdvisor'
14:39:38.651 [Test worker] DEBUG org.springframework.beans.factory.support.DefaultListableBeanFactory - Finished creating instance of bean 'org.springframework.context.event.internalEventListenerProcessor'
14:39:38.651 [Test worker] DEBUG org.springframework.beans.factory.support.DefaultListableBeanFactory - Creating shared instance of singleton bean 'org.springframework.context.event.internalEventListenerFactory'
14:39:38.651 [Test worker] DEBUG org.springframework.beans.factory.support.DefaultListableBeanFactory - Creating instance of bean 'org.springframework.context.event.internalEventListenerFactory'
14:39:38.651 [Test worker] DEBUG org.springframework.beans.factory.support.DefaultListableBeanFactory - Eagerly caching bean 'org.springframework.context.event.internalEventListenerFactory' to allow for resolving potential circular references
14:39:38.653 [Test worker] DEBUG org.springframework.beans.factory.support.DefaultListableBeanFactory - Returning cached instance of singleton bean 'org.springframework.transaction.config.internalTransactionAdvisor'
14:39:38.653 [Test worker] DEBUG org.springframework.beans.factory.support.DefaultListableBeanFactory - Finished creating instance of bean 'org.springframework.context.event.internalEventListenerFactory'
14:39:38.653 [Test worker] DEBUG org.springframework.beans.factory.support.DefaultListableBeanFactory - Returning cached instance of singleton bean 'JPAConfiguration'
14:39:38.653 [Test worker] DEBUG org.springframework.beans.factory.support.DefaultListableBeanFactory - Creating shared instance of singleton bean 'productDAO'
14:39:38.653 [Test worker] DEBUG org.springframework.beans.factory.support.DefaultListableBeanFactory - Creating instance of bean 'productDAO'
14:39:38.653 [Test worker] DEBUG org.springframework.beans.factory.annotation.InjectionMetadata - Registered injected element on class [com.mushopl.daos.ProductDAO]: PersistenceElement for private javax.persistence.EntityManager com.mushopl.daos.ProductDAO.manager
14:39:38.654 [Test worker] DEBUG org.springframework.beans.factory.support.DefaultListableBeanFactory - Eagerly caching bean 'productDAO' to allow for resolving potential circular references
14:39:38.654 [Test worker] DEBUG org.springframework.beans.factory.annotation.InjectionMetadata - Processing injected element of bean 'productDAO': PersistenceElement for private javax.persistence.EntityManager com.mushopl.daos.ProductDAO.manager
14:39:38.654 [Test worker] DEBUG org.springframework.beans.factory.support.DefaultListableBeanFactory - Returning cached instance of singleton bean 'entityManagerFactory'
14:39:38.654 [Test worker] DEBUG org.springframework.beans.factory.support.DefaultListableBeanFactory - Returning cached instance of singleton bean 'org.springframework.transaction.config.internalTransactionAdvisor'
14:39:38.654 [Test worker] DEBUG org.springframework.beans.factory.support.DefaultListableBeanFactory - Returning cached instance of singleton bean 'org.springframework.transaction.config.internalTransactionAdvisor'
14:39:38.654 [Test worker] DEBUG org.springframework.transaction.annotation.AnnotationTransactionAttributeSource - Adding transactional method 'com.mushopl.daos.ProductDAO.find' with attribute: PROPAGATION_REQUIRED,ISOLATION_DEFAULT; ''
14:39:38.655 [Test worker] DEBUG org.springframework.aop.framework.autoproxy.InfrastructureAdvisorAutoProxyCreator - Creating implicit proxy for bean 'productDAO' with 0 common interceptors and 1 specific interceptors
14:39:38.655 [Test worker] DEBUG org.springframework.aop.framework.CglibAopProxy - Creating CGLIB proxy: target source is SingletonTargetSource for target object [com.mushopl.daos.ProductDAO@16e67dbd]
14:39:38.655 [Test worker] DEBUG org.springframework.beans.factory.support.DefaultListableBeanFactory - Finished creating instance of bean 'productDAO'
14:39:38.655 [Test worker] DEBUG org.springframework.beans.factory.support.DefaultListableBeanFactory - Returning cached instance of singleton bean 'dataSourceConfigurationTest'
14:39:38.655 [Test worker] DEBUG org.springframework.beans.factory.support.DefaultListableBeanFactory - Returning cached instance of singleton bean 'org.springframework.transaction.annotation.ProxyTransactionManagementConfiguration'
14:39:38.655 [Test worker] DEBUG org.springframework.beans.factory.support.DefaultListableBeanFactory - Returning cached instance of singleton bean 'org.springframework.transaction.config.internalTransactionAdvisor'
14:39:38.655 [Test worker] DEBUG org.springframework.beans.factory.support.DefaultListableBeanFactory - Returning cached instance of singleton bean 'transactionAttributeSource'
14:39:38.655 [Test worker] DEBUG org.springframework.beans.factory.support.DefaultListableBeanFactory - Returning cached instance of singleton bean 'transactionInterceptor'
14:39:38.656 [Test worker] DEBUG org.springframework.beans.factory.support.DefaultListableBeanFactory - Creating shared instance of singleton bean 'org.springframework.transaction.config.internalTransactionalEventListenerFactory'
14:39:38.656 [Test worker] DEBUG org.springframework.beans.factory.support.DefaultListableBeanFactory - Creating instance of bean 'org.springframework.transaction.config.internalTransactionalEventListenerFactory'
14:39:38.656 [Test worker] DEBUG org.springframework.beans.factory.support.DefaultListableBeanFactory - Returning cached instance of singleton bean 'org.springframework.transaction.annotation.ProxyTransactionManagementConfiguration'
14:39:38.656 [Test worker] DEBUG org.springframework.beans.factory.support.DefaultListableBeanFactory - Eagerly caching bean 'org.springframework.transaction.config.internalTransactionalEventListenerFactory' to allow for resolving potential circular references
14:39:38.657 [Test worker] DEBUG org.springframework.beans.factory.support.DefaultListableBeanFactory - Returning cached instance of singleton bean 'org.springframework.transaction.config.internalTransactionAdvisor'
14:39:38.658 [Test worker] DEBUG org.springframework.beans.factory.support.DefaultListableBeanFactory - Finished creating instance of bean 'org.springframework.transaction.config.internalTransactionalEventListenerFactory'
14:39:38.658 [Test worker] DEBUG org.springframework.beans.factory.support.DefaultListableBeanFactory - Returning cached instance of singleton bean 'entityManagerFactory'
14:39:38.658 [Test worker] DEBUG org.springframework.beans.factory.support.DefaultListableBeanFactory - Creating shared instance of singleton bean 'transactionManager'
14:39:38.658 [Test worker] DEBUG org.springframework.beans.factory.support.DefaultListableBeanFactory - Creating instance of bean 'transactionManager'
14:39:38.658 [Test worker] DEBUG org.springframework.beans.factory.support.DefaultListableBeanFactory - Returning cached instance of singleton bean 'JPAConfiguration'
14:39:38.658 [Test worker] DEBUG org.springframework.beans.factory.support.DefaultListableBeanFactory - Returning cached instance of singleton bean 'entityManagerFactory'
14:39:38.658 [Test worker] DEBUG org.springframework.beans.factory.support.DefaultListableBeanFactory - Autowiring by type from bean name 'transactionManager' via factory method to bean named 'entityManagerFactory'
14:39:38.659 [Test worker] DEBUG org.springframework.beans.factory.support.DefaultListableBeanFactory - Eagerly caching bean 'transactionManager' to allow for resolving potential circular references
14:39:38.665 [Test worker] DEBUG org.springframework.beans.factory.support.DefaultListableBeanFactory - Invoking afterPropertiesSet() on bean with name 'transactionManager'
14:39:38.666 [Test worker] DEBUG org.springframework.beans.factory.support.DefaultListableBeanFactory - Returning cached instance of singleton bean 'org.springframework.transaction.config.internalTransactionAdvisor'
14:39:38.666 [Test worker] DEBUG org.springframework.beans.factory.support.DefaultListableBeanFactory - Finished creating instance of bean 'transactionManager'
14:39:38.666 [Test worker] DEBUG org.springframework.beans.factory.support.DefaultListableBeanFactory - Returning cached instance of singleton bean 'org.springframework.aop.config.internalAutoProxyCreator'
14:39:38.666 [Test worker] DEBUG org.springframework.beans.factory.support.DefaultListableBeanFactory - Returning cached instance of singleton bean 'dataSource'
14:39:38.666 [Test worker] DEBUG org.springframework.beans.factory.support.DefaultListableBeanFactory - Returning cached instance of singleton bean 'org.springframework.context.event.internalEventListenerFactory'
14:39:38.666 [Test worker] DEBUG org.springframework.beans.factory.support.DefaultListableBeanFactory - Returning cached instance of singleton bean 'org.springframework.transaction.config.internalTransactionalEventListenerFactory'
14:39:38.672 [Test worker] DEBUG org.springframework.context.support.GenericApplicationContext - Unable to locate LifecycleProcessor with name 'lifecycleProcessor': using default [org.springframework.context.support.DefaultLifecycleProcessor@26f2ab68]
14:39:38.673 [Test worker] DEBUG org.springframework.beans.factory.support.DefaultListableBeanFactory - Returning cached instance of singleton bean 'lifecycleProcessor'
14:39:38.673 [Test worker] DEBUG org.springframework.core.env.PropertySourcesPropertyResolver - Could not find key 'spring.liveBeansView.mbeanDomain' in any property source
14:39:38.673 [Test worker] DEBUG org.springframework.test.context.DefaultCacheAwareContextLoaderDelegate - Storing ApplicationContext in cache under key [[MergedContextConfiguration@1f8bff2d testClass = ProductDAOTest, locations = '{}', classes = '{class com.mushopl.config.JPAConfiguration, class com.mushopl.daos.ProductDAO, class com.mushopl.conf.DataSourceConfigurationTest}', contextInitializerClasses = '[]', activeProfiles = '{test}', propertySourceLocations = '{}', propertySourceProperties = '{}', contextLoader = 'org.springframework.test.context.support.DelegatingSmartContextLoader', parent = [null]]].
14:39:38.676 [Test worker] DEBUG org.springframework.beans.factory.annotation.InjectionMetadata - Processing injected element of bean 'com.mushopl.daos.ProductDAOTest': AutowiredFieldElement for private com.mushopl.daos.ProductDAO com.mushopl.daos.ProductDAOTest.productDao
14:39:38.677 [Test worker] DEBUG org.springframework.beans.factory.support.DefaultListableBeanFactory - Returning cached instance of singleton bean 'productDAO'
14:39:38.677 [Test worker] DEBUG org.springframework.beans.factory.annotation.AutowiredAnnotationBeanPostProcessor - Autowiring by type from bean name 'com.mushopl.daos.ProductDAOTest' to bean named 'productDAO'
14:39:38.677 [Test worker] DEBUG org.springframework.beans.factory.support.DefaultListableBeanFactory - Returning cached instance of singleton bean 'org.springframework.transaction.config.internalTransactionAdvisor'
14:39:38.678 [Test worker] DEBUG org.springframework.transaction.annotation.AnnotationTransactionAttributeSource - Adding transactional method 'com.mushopl.daos.ProductDAOTest.shouldSumEveryPriceByBookType' with attribute: PROPAGATION_REQUIRED,ISOLATION_DEFAULT; ''
14:39:38.678 [Test worker] DEBUG org.springframework.aop.framework.autoproxy.InfrastructureAdvisorAutoProxyCreator - Creating implicit proxy for bean 'com.mushopl.daos.ProductDAOTest' with 0 common interceptors and 1 specific interceptors
14:39:38.678 [Test worker] DEBUG org.springframework.aop.framework.CglibAopProxy - Creating CGLIB proxy: target source is SingletonTargetSource for target object [com.mushopl.daos.ProductDAOTest@134c72ae]
14:39:38.678 [Test worker] DEBUG org.springframework.aop.framework.CglibAopProxy - Unable to apply any optimizations to advised method: public void com.mushopl.daos.ProductDAOTest.shouldSumEveryPriceByBookType()
14:39:38.678 [Test worker] DEBUG org.springframework.aop.framework.CglibAopProxy - Found 'equals' method: public boolean java.lang.Object.equals(java.lang.Object)
14:39:38.678 [Test worker] DEBUG org.springframework.aop.framework.CglibAopProxy - Unable to apply any optimizations to advised method: public java.lang.String java.lang.Object.toString()
14:39:38.678 [Test worker] DEBUG org.springframework.aop.framework.CglibAopProxy - Found 'hashCode' method: public native int java.lang.Object.hashCode()
14:39:38.678 [Test worker] DEBUG org.springframework.aop.framework.CglibAopProxy - Unable to apply any optimizations to advised method: protected native java.lang.Object java.lang.Object.clone() throws java.lang.CloneNotSupportedException
14:39:38.678 [Test worker] DEBUG org.springframework.aop.framework.CglibAopProxy - Method is declared on Advised interface: public abstract int org.springframework.aop.framework.Advised.indexOf(org.springframework.aop.Advisor)
14:39:38.678 [Test worker] DEBUG org.springframework.aop.framework.CglibAopProxy - Method is declared on Advised interface: public abstract int org.springframework.aop.framework.Advised.indexOf(org.aopalliance.aop.Advice)
14:39:38.678 [Test worker] DEBUG org.springframework.aop.framework.CglibAopProxy - Method is declared on Advised interface: public abstract boolean org.springframework.aop.framework.Advised.isFrozen()
14:39:38.678 [Test worker] DEBUG org.springframework.aop.framework.CglibAopProxy - Method is declared on Advised interface: public abstract void org.springframework.aop.framework.Advised.setPreFiltered(boolean)
14:39:38.678 [Test worker] DEBUG org.springframework.aop.framework.CglibAopProxy - Method is declared on Advised interface: public abstract org.springframework.aop.TargetSource org.springframework.aop.framework.Advised.getTargetSource()
14:39:38.678 [Test worker] DEBUG org.springframework.aop.framework.CglibAopProxy - Method is declared on Advised interface: public abstract void org.springframework.aop.framework.Advised.addAdvisor(org.springframework.aop.Advisor) throws org.springframework.aop.framework.AopConfigException
14:39:38.678 [Test worker] DEBUG org.springframework.aop.framework.CglibAopProxy - Method is declared on Advised interface: public abstract void org.springframework.aop.framework.Advised.addAdvisor(int,org.springframework.aop.Advisor) throws org.springframework.aop.framework.AopConfigException
14:39:38.678 [Test worker] DEBUG org.springframework.aop.framework.CglibAopProxy - Method is declared on Advised interface: public abstract boolean org.springframework.aop.framework.Advised.isExposeProxy()
14:39:38.678 [Test worker] DEBUG org.springframework.aop.framework.CglibAopProxy - Method is declared on Advised interface: public abstract void org.springframework.aop.framework.Advised.setExposeProxy(boolean)
14:39:38.678 [Test worker] DEBUG org.springframework.aop.framework.CglibAopProxy - Method is declared on Advised interface: public abstract void org.springframework.aop.framework.Advised.addAdvice(int,org.aopalliance.aop.Advice) throws org.springframework.aop.framework.AopConfigException
14:39:38.678 [Test worker] DEBUG org.springframework.aop.framework.CglibAopProxy - Method is declared on Advised interface: public abstract void org.springframework.aop.framework.Advised.addAdvice(org.aopalliance.aop.Advice) throws org.springframework.aop.framework.AopConfigException
14:39:38.678 [Test worker] DEBUG org.springframework.aop.framework.CglibAopProxy - Method is declared on Advised interface: public abstract boolean org.springframework.aop.framework.Advised.isProxyTargetClass()
14:39:38.678 [Test worker] DEBUG org.springframework.aop.framework.CglibAopProxy - Method is declared on Advised interface: public abstract void org.springframework.aop.framework.Advised.setTargetSource(org.springframework.aop.TargetSource)
14:39:38.679 [Test worker] DEBUG org.springframework.aop.framework.CglibAopProxy - Method is declared on Advised interface: public abstract boolean org.springframework.aop.framework.Advised.isInterfaceProxied(java.lang.Class)
14:39:38.679 [Test worker] DEBUG org.springframework.aop.framework.CglibAopProxy - Method is declared on Advised interface: public abstract java.lang.String org.springframework.aop.framework.Advised.toProxyConfigString()
14:39:38.679 [Test worker] DEBUG org.springframework.aop.framework.CglibAopProxy - Method is declared on Advised interface: public abstract java.lang.Class[] org.springframework.aop.framework.Advised.getProxiedInterfaces()
14:39:38.679 [Test worker] DEBUG org.springframework.aop.framework.CglibAopProxy - Method is declared on Advised interface: public abstract org.springframework.aop.Advisor[] org.springframework.aop.framework.Advised.getAdvisors()
14:39:38.679 [Test worker] DEBUG org.springframework.aop.framework.CglibAopProxy - Method is declared on Advised interface: public abstract void org.springframework.aop.framework.Advised.removeAdvisor(int) throws org.springframework.aop.framework.AopConfigException
14:39:38.679 [Test worker] DEBUG org.springframework.aop.framework.CglibAopProxy - Method is declared on Advised interface: public abstract boolean org.springframework.aop.framework.Advised.removeAdvisor(org.springframework.aop.Advisor)
14:39:38.679 [Test worker] DEBUG org.springframework.aop.framework.CglibAopProxy - Method is declared on Advised interface: public abstract boolean org.springframework.aop.framework.Advised.isPreFiltered()
14:39:38.679 [Test worker] DEBUG org.springframework.aop.framework.CglibAopProxy - Method is declared on Advised interface: public abstract boolean org.springframework.aop.framework.Advised.replaceAdvisor(org.springframework.aop.Advisor,org.springframework.aop.Advisor) throws org.springframework.aop.framework.AopConfigException
14:39:38.679 [Test worker] DEBUG org.springframework.aop.framework.CglibAopProxy - Method is declared on Advised interface: public abstract boolean org.springframework.aop.framework.Advised.removeAdvice(org.aopalliance.aop.Advice)
14:39:38.679 [Test worker] DEBUG org.springframework.aop.framework.CglibAopProxy - Method is declared on Advised interface: public abstract java.lang.Class org.springframework.aop.TargetClassAware.getTargetClass()
14:39:38.685 [Test worker] DEBUG org.springframework.transaction.annotation.AnnotationTransactionAttributeSource - Adding transactional method 'com.mushopl.daos.ProductDAOTest.shouldSumEveryPriceByBookType' with attribute: PROPAGATION_REQUIRED,ISOLATION_DEFAULT; ''
14:39:38.687 [Test worker] DEBUG org.springframework.test.context.transaction.TransactionalTestExecutionListener - Explicit transaction definition [PROPAGATION_REQUIRED,ISOLATION_DEFAULT; ''] found for test context [DefaultTestContext@24a63b43 testClass = ProductDAOTest, testInstance = com.mushopl.daos.ProductDAOTest@134c72ae, testMethod = shouldSumEveryPriceByBookType@ProductDAOTest, testException = [null], mergedContextConfiguration = [MergedContextConfiguration@1f8bff2d testClass = ProductDAOTest, locations = '{}', classes = '{class com.mushopl.config.JPAConfiguration, class com.mushopl.daos.ProductDAO, class com.mushopl.conf.DataSourceConfigurationTest}', contextInitializerClasses = '[]', activeProfiles = '{test}', propertySourceLocations = '{}', propertySourceProperties = '{}', contextLoader = 'org.springframework.test.context.support.DelegatingSmartContextLoader', parent = [null]]]
14:39:38.687 [Test worker] DEBUG org.springframework.test.context.transaction.TransactionalTestExecutionListener - Retrieved @TransactionConfiguration attributes [null] for test class [class com.mushopl.daos.ProductDAOTest].
14:39:38.688 [Test worker] DEBUG org.springframework.test.context.transaction.TransactionalTestExecutionListener - Retrieved TransactionConfigurationAttributes [TransactionConfigurationAttributes@4d77c1ab transactionManagerName = '', defaultRollback = true] for class [class com.mushopl.daos.ProductDAOTest].
14:39:38.688 [Test worker] DEBUG org.springframework.test.context.DefaultCacheAwareContextLoaderDelegate - Retrieved ApplicationContext from cache with key [[MergedContextConfiguration@1f8bff2d testClass = ProductDAOTest, locations = '{}', classes = '{class com.mushopl.config.JPAConfiguration, class com.mushopl.daos.ProductDAO, class com.mushopl.conf.DataSourceConfigurationTest}', contextInitializerClasses = '[]', activeProfiles = '{test}', propertySourceLocations = '{}', propertySourceProperties = '{}', contextLoader = 'org.springframework.test.context.support.DelegatingSmartContextLoader', parent = [null]]].
14:39:38.689 [Test worker] DEBUG org.springframework.beans.factory.support.DefaultListableBeanFactory - Returning cached instance of singleton bean 'transactionManager'
14:39:38.690 [Test worker] DEBUG org.springframework.test.context.transaction.TransactionalTestExecutionListener - No method-level @Rollback override: using default rollback [true] for test context [DefaultTestContext@24a63b43 testClass = ProductDAOTest, testInstance = com.mushopl.daos.ProductDAOTest@134c72ae, testMethod = shouldSumEveryPriceByBookType@ProductDAOTest, testException = [null], mergedContextConfiguration = [MergedContextConfiguration@1f8bff2d testClass = ProductDAOTest, locations = '{}', classes = '{class com.mushopl.config.JPAConfiguration, class com.mushopl.daos.ProductDAO, class com.mushopl.conf.DataSourceConfigurationTest}', contextInitializerClasses = '[]', activeProfiles = '{test}', propertySourceLocations = '{}', propertySourceProperties = '{}', contextLoader = 'org.springframework.test.context.support.DelegatingSmartContextLoader', parent = [null]]].
14:39:38.691 [Test worker] DEBUG org.springframework.orm.jpa.JpaTransactionManager - Creating new transaction with name [com.mushopl.daos.ProductDAOTest.shouldSumEveryPriceByBookType]: PROPAGATION_REQUIRED,ISOLATION_DEFAULT; ''
14:39:38.691 [Test worker] DEBUG org.hibernate.stat.internal.StatisticsInitiator - Statistics initialized [enabled=false]
14:39:38.691 [Test worker] DEBUG org.springframework.orm.jpa.JpaTransactionManager - Opened new EntityManager [org.hibernate.jpa.internal.EntityManagerImpl@94fa182] for JPA transaction
14:39:38.691 [Test worker] DEBUG org.hibernate.engine.transaction.internal.TransactionImpl - begin
14:39:38.691 [Test worker] DEBUG org.springframework.jdbc.datasource.DriverManagerDataSource - Creating new JDBC DriverManager Connection to [jdbc:h2:mem:dev;MVCC=TRUE;LOCK_TIMEOUT=10000;DB_CLOSE_DELAY=-1;DATABASE_TO_UPPER=false]
14:39:38.692 [Test worker] DEBUG org.springframework.orm.jpa.JpaTransactionManager - Exposing JPA transaction as JDBC transaction [org.springframework.orm.jpa.vendor.HibernateJpaDialect$HibernateConnectionHandle@2ced631e]
14:39:38.693 [Test worker] INFO org.springframework.test.context.transaction.TransactionContext - Began transaction (1) for test context [DefaultTestContext@24a63b43 testClass = ProductDAOTest, testInstance = com.mushopl.daos.ProductDAOTest@134c72ae, testMethod = shouldSumEveryPriceByBookType@ProductDAOTest, testException = [null], mergedContextConfiguration = [MergedContextConfiguration@1f8bff2d testClass = ProductDAOTest, locations = '{}', classes = '{class com.mushopl.config.JPAConfiguration, class com.mushopl.daos.ProductDAO, class com.mushopl.conf.DataSourceConfigurationTest}', contextInitializerClasses = '[]', activeProfiles = '{test}', propertySourceLocations = '{}', propertySourceProperties = '{}', contextLoader = 'org.springframework.test.context.support.DelegatingSmartContextLoader', parent = [null]]]; transaction manager [org.springframework.orm.jpa.JpaTransactionManager@29ca00bf]; rollback [true]
14:39:38.695 [Test worker] DEBUG org.springframework.test.context.DefaultCacheAwareContextLoaderDelegate - Retrieved ApplicationContext from cache with key [[MergedContextConfiguration@1f8bff2d testClass = ProductDAOTest, locations = '{}', classes = '{class com.mushopl.config.JPAConfiguration, class com.mushopl.daos.ProductDAO, class com.mushopl.conf.DataSourceConfigurationTest}', contextInitializerClasses = '[]', activeProfiles = '{test}', propertySourceLocations = '{}', propertySourceProperties = '{}', contextLoader = 'org.springframework.test.context.support.DelegatingSmartContextLoader', parent = [null]]].
14:39:38.696 [Test worker] DEBUG org.springframework.test.context.DefaultCacheAwareContextLoaderDelegate - Retrieved ApplicationContext from cache with key [[MergedContextConfiguration@1f8bff2d testClass = ProductDAOTest, locations = '{}', classes = '{class com.mushopl.config.JPAConfiguration, class com.mushopl.daos.ProductDAO, class com.mushopl.conf.DataSourceConfigurationTest}', contextInitializerClasses = '[]', activeProfiles = '{test}', propertySourceLocations = '{}', propertySourceProperties = '{}', contextLoader = 'org.springframework.test.context.support.DelegatingSmartContextLoader', parent = [null]]].
14:39:39.329 [Test worker] DEBUG org.springframework.transaction.annotation.AnnotationTransactionAttributeSource - Adding transactional method 'com.mushopl.daos.ProductDAO.save' with attribute: PROPAGATION_REQUIRED,ISOLATION_DEFAULT; ''
14:39:39.329 [Test worker] DEBUG org.springframework.beans.factory.support.DefaultListableBeanFactory - Returning cached instance of singleton bean 'transactionManager'
14:39:39.329 [Test worker] DEBUG org.springframework.orm.jpa.JpaTransactionManager - Found thread-bound EntityManager [org.hibernate.jpa.internal.EntityManagerImpl@94fa182] for JPA transaction
14:39:39.329 [Test worker] DEBUG org.springframework.orm.jpa.JpaTransactionManager - Participating in existing transaction
14:39:39.343 [Test worker] DEBUG org.hibernate.engine.spi.ActionQueue - Executing identity-insert immediately
14:39:39.352 [Test worker] DEBUG org.hibernate.SQL - 
    insert 
    into
        products
        (id, description, pages, title) 
    values
        (null, ?, ?, ?)
Hibernate: 
    insert 
    into
        products
        (id, description, pages, title) 
    values
        (null, ?, ?, ?)
14:39:39.361 [Test worker] DEBUG org.hibernate.id.IdentifierGeneratorHelper - Natively generated identity: 1
14:39:39.361 [Test worker] DEBUG org.hibernate.resource.jdbc.internal.ResourceRegistryStandardImpl - HHH000387: ResultSet's statement was not registered
14:39:39.364 [Test worker] DEBUG org.springframework.orm.jpa.JpaTransactionManager - Found thread-bound EntityManager [org.hibernate.jpa.internal.EntityManagerImpl@94fa182] for JPA transaction
14:39:39.364 [Test worker] DEBUG org.springframework.orm.jpa.JpaTransactionManager - Participating in existing transaction
14:39:39.365 [Test worker] DEBUG org.hibernate.engine.spi.ActionQueue - Executing identity-insert immediately
14:39:39.365 [Test worker] DEBUG org.hibernate.SQL - 
    insert 
    into
        products
        (id, description, pages, title) 
    values
        (null, ?, ?, ?)
Hibernate: 
    insert 
    into
        products
        (id, description, pages, title) 
    values
        (null, ?, ?, ?)
14:39:39.367 [Test worker] DEBUG org.hibernate.id.IdentifierGeneratorHelper - Natively generated identity: 2
14:39:39.367 [Test worker] DEBUG org.hibernate.resource.jdbc.internal.ResourceRegistryStandardImpl - HHH000387: ResultSet's statement was not registered
14:39:39.367 [Test worker] DEBUG org.springframework.orm.jpa.JpaTransactionManager - Found thread-bound EntityManager [org.hibernate.jpa.internal.EntityManagerImpl@94fa182] for JPA transaction
14:39:39.367 [Test worker] DEBUG org.springframework.orm.jpa.JpaTransactionManager - Participating in existing transaction
14:39:39.367 [Test worker] DEBUG org.hibernate.engine.spi.ActionQueue - Executing identity-insert immediately
14:39:39.368 [Test worker] DEBUG org.hibernate.SQL - 
    insert 
    into
        products
        (id, description, pages, title) 
    values
        (null, ?, ?, ?)
Hibernate: 
    insert 
    into
        products
        (id, description, pages, title) 
    values
        (null, ?, ?, ?)
14:39:39.369 [Test worker] DEBUG org.hibernate.id.IdentifierGeneratorHelper - Natively generated identity: 3
14:39:39.369 [Test worker] DEBUG org.hibernate.resource.jdbc.internal.ResourceRegistryStandardImpl - HHH000387: ResultSet's statement was not registered
14:39:39.369 [Test worker] DEBUG org.springframework.orm.jpa.JpaTransactionManager - Found thread-bound EntityManager [org.hibernate.jpa.internal.EntityManagerImpl@94fa182] for JPA transaction
14:39:39.369 [Test worker] DEBUG org.springframework.orm.jpa.JpaTransactionManager - Participating in existing transaction
14:39:39.370 [Test worker] DEBUG org.hibernate.engine.spi.ActionQueue - Executing identity-insert immediately
14:39:39.371 [Test worker] DEBUG org.hibernate.SQL - 
    insert 
    into
        products
        (id, description, pages, title) 
    values
        (null, ?, ?, ?)
Hibernate: 
    insert 
    into
        products
        (id, description, pages, title) 
    values
        (null, ?, ?, ?)
14:39:39.372 [Test worker] DEBUG org.hibernate.id.IdentifierGeneratorHelper - Natively generated identity: 4
14:39:39.372 [Test worker] DEBUG org.hibernate.resource.jdbc.internal.ResourceRegistryStandardImpl - HHH000387: ResultSet's statement was not registered
14:39:39.373 [Test worker] DEBUG org.springframework.orm.jpa.JpaTransactionManager - Found thread-bound EntityManager [org.hibernate.jpa.internal.EntityManagerImpl@94fa182] for JPA transaction
14:39:39.373 [Test worker] DEBUG org.springframework.orm.jpa.JpaTransactionManager - Participating in existing transaction
14:39:39.373 [Test worker] DEBUG org.hibernate.engine.spi.ActionQueue - Executing identity-insert immediately
14:39:39.374 [Test worker] DEBUG org.hibernate.SQL - 
    insert 
    into
        products
        (id, description, pages, title) 
    values
        (null, ?, ?, ?)
Hibernate: 
    insert 
    into
        products
        (id, description, pages, title) 
    values
        (null, ?, ?, ?)
14:39:39.375 [Test worker] DEBUG org.hibernate.id.IdentifierGeneratorHelper - Natively generated identity: 5
14:39:39.375 [Test worker] DEBUG org.hibernate.resource.jdbc.internal.ResourceRegistryStandardImpl - HHH000387: ResultSet's statement was not registered
14:39:39.375 [Test worker] DEBUG org.springframework.orm.jpa.JpaTransactionManager - Found thread-bound EntityManager [org.hibernate.jpa.internal.EntityManagerImpl@94fa182] for JPA transaction
14:39:39.376 [Test worker] DEBUG org.springframework.orm.jpa.JpaTransactionManager - Participating in existing transaction
14:39:39.376 [Test worker] DEBUG org.hibernate.engine.spi.ActionQueue - Executing identity-insert immediately
14:39:39.378 [Test worker] DEBUG org.hibernate.SQL - 
    insert 
    into
        products
        (id, description, pages, title) 
    values
        (null, ?, ?, ?)
Hibernate: 
    insert 
    into
        products
        (id, description, pages, title) 
    values
        (null, ?, ?, ?)
14:39:39.382 [Test worker] DEBUG org.hibernate.id.IdentifierGeneratorHelper - Natively generated identity: 6
14:39:39.382 [Test worker] DEBUG org.hibernate.resource.jdbc.internal.ResourceRegistryStandardImpl - HHH000387: ResultSet's statement was not registered
14:39:39.382 [Test worker] DEBUG org.springframework.orm.jpa.JpaTransactionManager - Found thread-bound EntityManager [org.hibernate.jpa.internal.EntityManagerImpl@94fa182] for JPA transaction
14:39:39.383 [Test worker] DEBUG org.springframework.orm.jpa.JpaTransactionManager - Participating in existing transaction
14:39:39.383 [Test worker] DEBUG org.hibernate.engine.spi.ActionQueue - Executing identity-insert immediately
14:39:39.383 [Test worker] DEBUG org.hibernate.SQL - 
    insert 
    into
        products
        (id, description, pages, title) 
    values
        (null, ?, ?, ?)
Hibernate: 
    insert 
    into
        products
        (id, description, pages, title) 
    values
        (null, ?, ?, ?)
14:39:39.384 [Test worker] DEBUG org.hibernate.id.IdentifierGeneratorHelper - Natively generated identity: 7
14:39:39.384 [Test worker] DEBUG org.hibernate.resource.jdbc.internal.ResourceRegistryStandardImpl - HHH000387: ResultSet's statement was not registered
14:39:39.384 [Test worker] DEBUG org.springframework.orm.jpa.JpaTransactionManager - Found thread-bound EntityManager [org.hibernate.jpa.internal.EntityManagerImpl@94fa182] for JPA transaction
14:39:39.384 [Test worker] DEBUG org.springframework.orm.jpa.JpaTransactionManager - Participating in existing transaction
14:39:39.385 [Test worker] DEBUG org.hibernate.engine.spi.ActionQueue - Executing identity-insert immediately
14:39:39.385 [Test worker] DEBUG org.hibernate.SQL - 
    insert 
    into
        products
        (id, description, pages, title) 
    values
        (null, ?, ?, ?)
Hibernate: 
    insert 
    into
        products
        (id, description, pages, title) 
    values
        (null, ?, ?, ?)
14:39:39.386 [Test worker] DEBUG org.hibernate.id.IdentifierGeneratorHelper - Natively generated identity: 8
14:39:39.386 [Test worker] DEBUG org.hibernate.resource.jdbc.internal.ResourceRegistryStandardImpl - HHH000387: ResultSet's statement was not registered
14:39:39.387 [Test worker] DEBUG org.springframework.transaction.annotation.AnnotationTransactionAttributeSource - Adding transactional method 'com.mushopl.daos.ProductDAO.sumPricesByPriceType' with attribute: PROPAGATION_REQUIRED,ISOLATION_DEFAULT; ''
14:39:39.387 [Test worker] DEBUG org.springframework.orm.jpa.JpaTransactionManager - Found thread-bound EntityManager [org.hibernate.jpa.internal.EntityManagerImpl@94fa182] for JPA transaction
14:39:39.387 [Test worker] DEBUG org.springframework.orm.jpa.JpaTransactionManager - Participating in existing transaction
14:39:39.387 [Test worker] DEBUG org.hibernate.hql.internal.QueryTranslatorFactoryInitiator - QueryTranslatorFactory : org.hibernate.hql.internal.ast.ASTQueryTranslatorFactory@3a948567
14:39:39.387 [Test worker] INFO org.hibernate.hql.internal.QueryTranslatorFactoryInitiator - HHH000397: Using ASTQueryTranslatorFactory
14:39:39.387 [Test worker] DEBUG org.hibernate.hql.internal.ast.QueryTranslatorImpl - parse() - HQL: select sum(price.value) from com.mushopl.models.Product p  join p.prices price where price.type = :typePrice
14:39:39.391 [Test worker] DEBUG org.hibernate.hql.internal.ast.QueryTranslatorImpl - --- HQL AST ---
 \-[QUERY] Node: 'query'
    +-[SELECT_FROM] Node: 'SELECT_FROM'
    |  +-[FROM] Node: 'from'
    |  |  +-[RANGE] Node: 'RANGE'
    |  |  |  +-[DOT] Node: '.'
    |  |  |  |  +-[DOT] Node: '.'
    |  |  |  |  |  +-[DOT] Node: '.'
    |  |  |  |  |  |  +-[IDENT] Node: 'com'
    |  |  |  |  |  |  \-[IDENT] Node: 'mushopl'
    |  |  |  |  |  \-[IDENT] Node: 'models'
    |  |  |  |  \-[IDENT] Node: 'Product'
    |  |  |  \-[ALIAS] Node: 'p'
    |  |  \-[JOIN] Node: 'join'
    |  |     +-[DOT] Node: '.'
    |  |     |  +-[IDENT] Node: 'p'
    |  |     |  \-[IDENT] Node: 'prices'
    |  |     \-[ALIAS] Node: 'price'
    |  \-[SELECT] Node: 'select'
    |     \-[AGGREGATE] Node: 'sum'
    |        \-[DOT] Node: '.'
    |           +-[IDENT] Node: 'price'
    |           \-[IDENT] Node: 'value'
    \-[WHERE] Node: 'where'
       \-[EQ] Node: '='
          +-[DOT] Node: '.'
          |  +-[IDENT] Node: 'price'
          |  \-[IDENT] Node: 'type'
          \-[COLON] Node: ':'
             \-[IDENT] Node: 'typePrice'

14:39:39.391 [Test worker] DEBUG org.hibernate.hql.internal.ast.ErrorCounter - throwQueryException() : no errors
14:39:39.391 [Test worker] DEBUG org.hibernate.hql.internal.antlr.HqlSqlBaseWalker - select << begin [level=1, statement=select]
14:39:39.392 [Test worker] DEBUG org.hibernate.hql.internal.ast.tree.FromElement - FromClause{level=1} : com.mushopl.models.Product (p) -> product0_
14:39:39.394 [Test worker] DEBUG org.hibernate.hql.internal.ast.tree.FromReferenceNode - Resolved : p -> product0_.id
14:39:39.394 [Test worker] DEBUG org.hibernate.hql.internal.ast.tree.DotNode - getDataType() : prices -> org.hibernate.type.BagType(com.mushopl.models.Product.prices)
14:39:39.395 [Test worker] DEBUG org.hibernate.hql.internal.ast.tree.FromElement - FromClause{level=1} : null (price) -> prices1_
14:39:39.395 [Test worker] DEBUG org.hibernate.hql.internal.ast.tree.FromClause - addCollectionJoinFromElementByPath() : p.prices -> Product_prices
14:39:39.395 [Test worker] DEBUG org.hibernate.hql.internal.ast.tree.DotNode - dereferenceCollection() : Created new FROM element for p.prices : Product_prices prices1_
14:39:39.395 [Test worker] DEBUG org.hibernate.hql.internal.ast.tree.FromReferenceNode - Resolved : p.prices -> .
14:39:39.395 [Test worker] DEBUG org.hibernate.hql.internal.ast.HqlSqlWalker - createFromJoinElement() : -- join tree --
 \-[JOIN_FRAGMENT] FromElement: 'Product_prices prices1_' FromElement{explicit,collection join,not a fetch join,fetch non-lazy properties,classAlias=price,role=com.mushopl.models.Product.prices,tableName={none},tableAlias=prices1_,origin=null,columns={,className=null}}

14:39:39.397 [Test worker] DEBUG org.hibernate.hql.internal.ast.tree.FromReferenceNode - Resolved : price -> prices1_.id
14:39:39.398 [Test worker] DEBUG org.hibernate.hql.internal.ast.tree.DotNode - getDataType() : value -> org.hibernate.type.DoubleType@55dfdc5c
14:39:39.398 [Test worker] DEBUG org.hibernate.hql.internal.ast.tree.FromReferenceNode - Resolved : price.value -> prices1_.value
14:39:39.398 [Test worker] DEBUG org.hibernate.hql.internal.ast.tree.FromReferenceNode - Resolved : price -> prices1_.id
14:39:39.398 [Test worker] DEBUG org.hibernate.hql.internal.ast.tree.DotNode - getDataType() : type -> org.hibernate.type.CustomType@bdcdbd7
14:39:39.398 [Test worker] DEBUG org.hibernate.hql.internal.ast.tree.FromReferenceNode - Resolved : price.type -> prices1_.type
14:39:39.398 [Test worker] DEBUG org.hibernate.hql.internal.antlr.HqlSqlBaseWalker - select : finishing up [level=1, statement=select]
14:39:39.399 [Test worker] DEBUG org.hibernate.hql.internal.ast.HqlSqlWalker - processQuery() :  ( SELECT ( {select clause} ( sum ( prices1_.value prices1_.id value ) ) ) ( FromClause{level=1} (  Product_prices prices1_ ) ) ( where ( = ( prices1_.type prices1_.id type ) ? ) ) )
14:39:39.399 [Test worker] DEBUG org.hibernate.hql.internal.ast.util.JoinProcessor - Using FROM fragment [products product0_]
14:39:39.399 [Test worker] DEBUG org.hibernate.hql.internal.ast.util.JoinProcessor - Using FROM fragment [inner join Product_prices prices1_ on product0_.id=prices1_.Product_id]
14:39:39.400 [Test worker] DEBUG org.hibernate.hql.internal.antlr.HqlSqlBaseWalker - select >> end [level=1, statement=select]
14:39:39.400 [Test worker] DEBUG org.hibernate.hql.internal.ast.QueryTranslatorImpl - --- SQL AST ---
 \-[SELECT] QueryNode: 'SELECT'  querySpaces (Product_prices,products)
    +-[SELECT_CLAUSE] SelectClause: '{select clause}'
    |  +-[AGGREGATE] AggregateNode: 'sum'
    |  |  \-[DOT] DotNode: 'prices1_.value' {propertyName=value,dereferenceType=PRIMITIVE,getPropertyPath=value,path=price.value,tableAlias=prices1_,className=null,classAlias=price}
    |  |     +-[ALIAS_REF] IdentNode: 'prices1_.id' {alias=price, className=null, tableAlias=prices1_}
    |  |     \-[IDENT] IdentNode: 'value' {originalText=value}
    |  \-[SELECT_COLUMNS] SqlNode: ' as col_0_0_'
    +-[FROM] FromClause: 'from' FromClause{level=1, fromElementCounter=1, fromElements=2, fromElementByClassAlias=[p, price], fromElementByTableAlias=[product0_, prices1_], fromElementsByPath=[], collectionJoinFromElementsByPath=[p.prices], impliedElements=[]}
    |  \-[FROM_FRAGMENT] FromElement: 'products product0_' FromElement{explicit,collection join,not a fetch join,fetch non-lazy properties,classAlias=p,role=null,tableName=products,tableAlias=product0_,origin=null,columns={,className=com.mushopl.models.Product}}
    |     \-[JOIN_FRAGMENT] FromElement: 'inner join Product_prices prices1_ on product0_.id=prices1_.Product_id' FromElement{explicit,collection join,not a fetch join,fetch non-lazy properties,classAlias=price,role=com.mushopl.models.Product.prices,tableName={none},tableAlias=prices1_,origin=products product0_,columns={,className=null}}
    \-[WHERE] SqlNode: 'where'
       \-[EQ] BinaryLogicOperatorNode: '='
          +-[DOT] DotNode: 'prices1_.type' {propertyName=type,dereferenceType=PRIMITIVE,getPropertyPath=type,path=price.type,tableAlias=prices1_,className=null,classAlias=price}
          |  +-[ALIAS_REF] IdentNode: 'prices1_.id' {alias=price, className=null, tableAlias=prices1_}
          |  \-[IDENT] IdentNode: 'type' {originalText=type}
          \-[NAMED_PARAM] ParameterNode: '?' {name=typePrice, expectedType=org.hibernate.type.CustomType@bdcdbd7}

14:39:39.400 [Test worker] DEBUG org.hibernate.hql.internal.ast.ErrorCounter - throwQueryException() : no errors
14:39:39.401 [Test worker] DEBUG org.hibernate.hql.internal.ast.QueryTranslatorImpl - HQL: select sum(price.value) from com.mushopl.models.Product p  join p.prices price where price.type = :typePrice
14:39:39.401 [Test worker] DEBUG org.hibernate.hql.internal.ast.QueryTranslatorImpl - SQL: select sum(prices1_.value) as col_0_0_ from products product0_ inner join Product_prices prices1_ on product0_.id=prices1_.Product_id where prices1_.type=?
14:39:39.401 [Test worker] DEBUG org.hibernate.hql.internal.ast.ErrorCounter - throwQueryException() : no errors
14:39:39.402 [Test worker] DEBUG org.hibernate.event.internal.AbstractFlushingEventListener - Processing flush-time cascades
14:39:39.402 [Test worker] DEBUG org.hibernate.event.internal.AbstractFlushingEventListener - Dirty checking collections
14:39:39.402 [Test worker] DEBUG org.hibernate.engine.internal.Collections - Collection found: [com.mushopl.models.Product.prices#1], was: [<unreferenced>] (initialized)
14:39:39.403 [Test worker] DEBUG org.hibernate.engine.internal.Collections - Collection found: [com.mushopl.models.Product.prices#2], was: [<unreferenced>] (initialized)
14:39:39.403 [Test worker] DEBUG org.hibernate.engine.internal.Collections - Collection found: [com.mushopl.models.Product.prices#3], was: [<unreferenced>] (initialized)
14:39:39.403 [Test worker] DEBUG org.hibernate.engine.internal.Collections - Collection found: [com.mushopl.models.Product.prices#4], was: [<unreferenced>] (initialized)
14:39:39.403 [Test worker] DEBUG org.hibernate.engine.internal.Collections - Collection found: [com.mushopl.models.Product.prices#5], was: [<unreferenced>] (initialized)
14:39:39.404 [Test worker] DEBUG org.hibernate.engine.internal.Collections - Collection found: [com.mushopl.models.Product.prices#6], was: [<unreferenced>] (initialized)
14:39:39.404 [Test worker] DEBUG org.hibernate.engine.internal.Collections - Collection found: [com.mushopl.models.Product.prices#7], was: [<unreferenced>] (initialized)
14:39:39.404 [Test worker] DEBUG org.hibernate.engine.internal.Collections - Collection found: [com.mushopl.models.Product.prices#8], was: [<unreferenced>] (initialized)
14:39:39.406 [Test worker] DEBUG org.hibernate.event.internal.AbstractFlushingEventListener - Flushed: 0 insertions, 0 updates, 0 deletions to 8 objects
14:39:39.406 [Test worker] DEBUG org.hibernate.event.internal.AbstractFlushingEventListener - Flushed: 8 (re)creations, 0 updates, 0 removals to 8 collections
14:39:39.406 [Test worker] DEBUG org.hibernate.internal.util.EntityPrinter - Listing entities:
14:39:39.407 [Test worker] DEBUG org.hibernate.internal.util.EntityPrinter - com.mushopl.models.Product{pages=150, description=Development Book, id=1, prices=[component[type,value]{type=1, value=10.0}], title=Book 1}
14:39:39.407 [Test worker] DEBUG org.hibernate.internal.util.EntityPrinter - com.mushopl.models.Product{pages=150, description=Development Book, id=2, prices=[component[type,value]{type=1, value=10.0}], title=Book 0}
14:39:39.407 [Test worker] DEBUG org.hibernate.internal.util.EntityPrinter - com.mushopl.models.Product{pages=150, description=Development Book, id=3, prices=[component[type,value]{type=1, value=10.0}], title=Book 1}
14:39:39.407 [Test worker] DEBUG org.hibernate.internal.util.EntityPrinter - com.mushopl.models.Product{pages=150, description=Development Book, id=4, prices=[component[type,value]{type=1, value=10.0}], title=Book 2}
14:39:39.407 [Test worker] DEBUG org.hibernate.internal.util.EntityPrinter - com.mushopl.models.Product{pages=150, description=Development Book, id=5, prices=[component[type,value]{type=0, value=10.0}], title=Book 1}
14:39:39.407 [Test worker] DEBUG org.hibernate.internal.util.EntityPrinter - com.mushopl.models.Product{pages=150, description=Development Book, id=6, prices=[component[type,value]{type=0, value=10.0}], title=Book 0}
14:39:39.407 [Test worker] DEBUG org.hibernate.internal.util.EntityPrinter - com.mushopl.models.Product{pages=150, description=Development Book, id=7, prices=[component[type,value]{type=0, value=10.0}], title=Book 1}
14:39:39.407 [Test worker] DEBUG org.hibernate.internal.util.EntityPrinter - com.mushopl.models.Product{pages=150, description=Development Book, id=8, prices=[component[type,value]{type=0, value=10.0}], title=Book 2}
14:39:39.408 [Test worker] DEBUG org.hibernate.engine.spi.ActionQueue - Changes must be flushed to space: Product_prices
14:39:39.408 [Test worker] DEBUG org.hibernate.persister.collection.AbstractCollectionPersister - Inserting collection: [com.mushopl.models.Product.prices#1]
14:39:39.417 [Test worker] DEBUG org.hibernate.SQL - 
    insert 
    into
        Product_prices
        (Product_id, type, value) 
    values
        (?, ?, ?)
Hibernate: 
    insert 
    into
        Product_prices
        (Product_id, type, value) 
    values
        (?, ?, ?)
14:39:39.420 [Test worker] DEBUG org.hibernate.persister.collection.AbstractCollectionPersister - Done inserting collection: 1 rows inserted
14:39:39.420 [Test worker] DEBUG org.hibernate.persister.collection.AbstractCollectionPersister - Inserting collection: [com.mushopl.models.Product.prices#2]
14:39:39.420 [Test worker] DEBUG org.hibernate.SQL - 
    insert 
    into
        Product_prices
        (Product_id, type, value) 
    values
        (?, ?, ?)
Hibernate: 
    insert 
    into
        Product_prices
        (Product_id, type, value) 
    values
        (?, ?, ?)
14:39:39.421 [Test worker] DEBUG org.hibernate.persister.collection.AbstractCollectionPersister - Done inserting collection: 1 rows inserted
14:39:39.421 [Test worker] DEBUG org.hibernate.persister.collection.AbstractCollectionPersister - Inserting collection: [com.mushopl.models.Product.prices#3]
14:39:39.422 [Test worker] DEBUG org.hibernate.SQL - 
    insert 
    into
        Product_prices
        (Product_id, type, value) 
    values
        (?, ?, ?)
Hibernate: 
    insert 
    into
        Product_prices
        (Product_id, type, value) 
    values
        (?, ?, ?)
14:39:39.422 [Test worker] DEBUG org.hibernate.persister.collection.AbstractCollectionPersister - Done inserting collection: 1 rows inserted
14:39:39.422 [Test worker] DEBUG org.hibernate.persister.collection.AbstractCollectionPersister - Inserting collection: [com.mushopl.models.Product.prices#4]
14:39:39.423 [Test worker] DEBUG org.hibernate.SQL - 
    insert 
    into
        Product_prices
        (Product_id, type, value) 
    values
        (?, ?, ?)
Hibernate: 
    insert 
    into
        Product_prices
        (Product_id, type, value) 
    values
        (?, ?, ?)
14:39:39.423 [Test worker] DEBUG org.hibernate.persister.collection.AbstractCollectionPersister - Done inserting collection: 1 rows inserted
14:39:39.423 [Test worker] DEBUG org.hibernate.persister.collection.AbstractCollectionPersister - Inserting collection: [com.mushopl.models.Product.prices#5]
14:39:39.423 [Test worker] DEBUG org.hibernate.SQL - 
    insert 
    into
        Product_prices
        (Product_id, type, value) 
    values
        (?, ?, ?)
Hibernate: 
    insert 
    into
        Product_prices
        (Product_id, type, value) 
    values
        (?, ?, ?)
14:39:39.424 [Test worker] DEBUG org.hibernate.persister.collection.AbstractCollectionPersister - Done inserting collection: 1 rows inserted
14:39:39.424 [Test worker] DEBUG org.hibernate.persister.collection.AbstractCollectionPersister - Inserting collection: [com.mushopl.models.Product.prices#6]
14:39:39.424 [Test worker] DEBUG org.hibernate.SQL - 
    insert 
    into
        Product_prices
        (Product_id, type, value) 
    values
        (?, ?, ?)
Hibernate: 
    insert 
    into
        Product_prices
        (Product_id, type, value) 
    values
        (?, ?, ?)
14:39:39.427 [Test worker] DEBUG org.hibernate.persister.collection.AbstractCollectionPersister - Done inserting collection: 1 rows inserted
14:39:39.427 [Test worker] DEBUG org.hibernate.persister.collection.AbstractCollectionPersister - Inserting collection: [com.mushopl.models.Product.prices#7]
14:39:39.428 [Test worker] DEBUG org.hibernate.SQL - 
    insert 
    into
        Product_prices
        (Product_id, type, value) 
    values
        (?, ?, ?)
Hibernate: 
    insert 
    into
        Product_prices
        (Product_id, type, value) 
    values
        (?, ?, ?)
14:39:39.428 [Test worker] DEBUG org.hibernate.persister.collection.AbstractCollectionPersister - Done inserting collection: 1 rows inserted
14:39:39.428 [Test worker] DEBUG org.hibernate.persister.collection.AbstractCollectionPersister - Inserting collection: [com.mushopl.models.Product.prices#8]
14:39:39.429 [Test worker] DEBUG org.hibernate.SQL - 
    insert 
    into
        Product_prices
        (Product_id, type, value) 
    values
        (?, ?, ?)
Hibernate: 
    insert 
    into
        Product_prices
        (Product_id, type, value) 
    values
        (?, ?, ?)
14:39:39.429 [Test worker] DEBUG org.hibernate.persister.collection.AbstractCollectionPersister - Done inserting collection: 1 rows inserted
14:39:39.430 [Test worker] DEBUG org.hibernate.SQL - 
    select
        sum(prices1_.value) as col_0_0_ 
    from
        products product0_ 
    inner join
        Product_prices prices1_ 
            on product0_.id=prices1_.Product_id 
    where
        prices1_.type=?
Hibernate: 
    select
        sum(prices1_.value) as col_0_0_ 
    from
        products product0_ 
    inner join
        Product_prices prices1_ 
            on product0_.id=prices1_.Product_id 
    where
        prices1_.type=?
14:39:39.436 [Test worker] DEBUG org.hibernate.loader.Loader - Result set row: 0
14:39:39.436 [Test worker] DEBUG org.hibernate.loader.Loader - Result row: 
14:39:39.436 [Test worker] DEBUG org.springframework.test.context.DefaultCacheAwareContextLoaderDelegate - Retrieved ApplicationContext from cache with key [[MergedContextConfiguration@1f8bff2d testClass = ProductDAOTest, locations = '{}', classes = '{class com.mushopl.config.JPAConfiguration, class com.mushopl.daos.ProductDAO, class com.mushopl.conf.DataSourceConfigurationTest}', contextInitializerClasses = '[]', activeProfiles = '{test}', propertySourceLocations = '{}', propertySourceProperties = '{}', contextLoader = 'org.springframework.test.context.support.DelegatingSmartContextLoader', parent = [null]]].
14:39:39.437 [Test worker] DEBUG org.springframework.test.context.DefaultCacheAwareContextLoaderDelegate - Retrieved ApplicationContext from cache with key [[MergedContextConfiguration@1f8bff2d testClass = ProductDAOTest, locations = '{}', classes = '{class com.mushopl.config.JPAConfiguration, class com.mushopl.daos.ProductDAO, class com.mushopl.conf.DataSourceConfigurationTest}', contextInitializerClasses = '[]', activeProfiles = '{test}', propertySourceLocations = '{}', propertySourceProperties = '{}', contextLoader = 'org.springframework.test.context.support.DelegatingSmartContextLoader', parent = [null]]].
14:39:39.438 [Test worker] DEBUG org.springframework.test.context.DefaultCacheAwareContextLoaderDelegate - Retrieved ApplicationContext from cache with key [[MergedContextConfiguration@1f8bff2d testClass = ProductDAOTest, locations = '{}', classes = '{class com.mushopl.config.JPAConfiguration, class com.mushopl.daos.ProductDAO, class com.mushopl.conf.DataSourceConfigurationTest}', contextInitializerClasses = '[]', activeProfiles = '{test}', propertySourceLocations = '{}', propertySourceProperties = '{}', contextLoader = 'org.springframework.test.context.support.DelegatingSmartContextLoader', parent = [null]]].
14:39:39.438 [Test worker] DEBUG org.springframework.orm.jpa.JpaTransactionManager - Initiating transaction rollback
14:39:39.438 [Test worker] DEBUG org.springframework.orm.jpa.JpaTransactionManager - Rolling back JPA transaction on EntityManager [org.hibernate.jpa.internal.EntityManagerImpl@94fa182]
14:39:39.438 [Test worker] DEBUG org.hibernate.engine.transaction.internal.TransactionImpl - rolling back
14:39:39.444 [Test worker] DEBUG org.springframework.orm.jpa.JpaTransactionManager - Closing JPA EntityManager [org.hibernate.jpa.internal.EntityManagerImpl@94fa182] after transaction
14:39:39.444 [Test worker] DEBUG org.springframework.orm.jpa.EntityManagerFactoryUtils - Closing JPA EntityManager
14:39:39.445 [Test worker] DEBUG org.hibernate.engine.jdbc.internal.JdbcCoordinatorImpl - HHH000420: Closing un-released batch
14:39:39.445 [Test worker] INFO org.springframework.test.context.transaction.TransactionContext - Rolled back transaction for test context [DefaultTestContext@24a63b43 testClass = ProductDAOTest, testInstance = com.mushopl.daos.ProductDAOTest@134c72ae, testMethod = shouldSumEveryPriceByBookType@ProductDAOTest, testException = [null], mergedContextConfiguration = [MergedContextConfiguration@1f8bff2d testClass = ProductDAOTest, locations = '{}', classes = '{class com.mushopl.config.JPAConfiguration, class com.mushopl.daos.ProductDAO, class com.mushopl.conf.DataSourceConfigurationTest}', contextInitializerClasses = '[]', activeProfiles = '{test}', propertySourceLocations = '{}', propertySourceProperties = '{}', contextLoader = 'org.springframework.test.context.support.DelegatingSmartContextLoader', parent = [null]]].
14:39:39.446 [Test worker] DEBUG org.springframework.test.context.support.DirtiesContextTestExecutionListener - After test method: context [DefaultTestContext@24a63b43 testClass = ProductDAOTest, testInstance = com.mushopl.daos.ProductDAOTest@134c72ae, testMethod = shouldSumEveryPriceByBookType@ProductDAOTest, testException = [null], mergedContextConfiguration = [MergedContextConfiguration@1f8bff2d testClass = ProductDAOTest, locations = '{}', classes = '{class com.mushopl.config.JPAConfiguration, class com.mushopl.daos.ProductDAO, class com.mushopl.conf.DataSourceConfigurationTest}', contextInitializerClasses = '[]', activeProfiles = '{test}', propertySourceLocations = '{}', propertySourceProperties = '{}', contextLoader = 'org.springframework.test.context.support.DelegatingSmartContextLoader', parent = [null]]], class dirties context [false], class mode [null], method dirties context [false].
14:39:39.446 [Test worker] DEBUG org.springframework.test.context.support.DirtiesContextTestExecutionListener - After test class: context [DefaultTestContext@24a63b43 testClass = ProductDAOTest, testInstance = [null], testMethod = [null], testException = [null], mergedContextConfiguration = [MergedContextConfiguration@1f8bff2d testClass = ProductDAOTest, locations = '{}', classes = '{class com.mushopl.config.JPAConfiguration, class com.mushopl.daos.ProductDAO, class com.mushopl.conf.DataSourceConfigurationTest}', contextInitializerClasses = '[]', activeProfiles = '{test}', propertySourceLocations = '{}', propertySourceProperties = '{}', contextLoader = 'org.springframework.test.context.support.DelegatingSmartContextLoader', parent = [null]]], dirtiesContext [false].
]]></system-out>
  <system-err><![CDATA[]]></system-err>
</testsuite>
